FORM by J.Vermaseren,version 3.3(Jul  9 2009) Run at: Tue Jan 10 00:07:31 2017
    *==========================================================================
    *   This file is part of the demos for 
    *    "Generalization of the explicit expression for the Deprit generator 
    *       to  Hamiltonians nonlinearly dependent on small parameter"
    *     Andrey Nikolaev, ICPT, RDTeX, Russia, 2016, Andrey.Nikolaev@rdtex.ru
    *==========================================================================
    *	Comparison of the normal forms, generators, and the Gustavson integrals
    *       for the Deprit triangular and the explicit algorithms.
    *       Toda2d System.
    *       Deprit A (1969), Celestial Mech 1:12–30
    *==========================================================================
    *          MAXORDER - maximum order in alpha,
    *          NDIM - number of dimensions
    *-------------------- 
    #define MAXORDER	"10"
    #define NDIM    	"2"
    CFunctions sqrt,qurt,asqrt,aqurt,exp; 
    Symbols l,m,n,k,alpha(:{'MAXORDER'}),z
    *-------------------- 
    *			The following are the canonical variables:
    *-------------------- 
    #do j=1,'NDIM'
    	zeta'j',eta'j',P'j',Q'j',p'j',q'j'
    #enddo
    ;
    Off statistics;
    .global
    *-------------------- 
    *	1. The Hamiltonian in P,Q and eta,zeta variables is:
    *-------------------- 
    #define NAME "Toda2d"
    Global HPQ=1/2*(P1^2 + P2^2)+ 1/24*(exp(2*Q2+2*sqrt(3)*Q1)+exp(2*Q2-2*sqrt(3)*Q1
    )+exp(-4*Q2))-1/8;
    B alpha;
    Print;
    .sort

   HPQ =
       - 1/8 + 1/2*P2^2 + 1/2*P1^2 + 1/24*exp( - 4*Q2) + 1/24*exp(2*Q2 - 2*
         sqrt(3)*Q1) + 1/24*exp(2*Q2 + 2*sqrt(3)*Q1);

    id exp(m?)=sum_(n,0,{'MAXORDER'+2},m^n*invfac_(n));
    #call eidentities()
    B alpha;
    Print;
    .store

   HPQ =
       + 1/2*Q2^2 - 1/3*Q2^3 + 1/2*Q2^4 - 1/3*Q2^5 + 11/45*Q2^6 - 2/15*Q2^7 + 
         43/630*Q2^8 - 17/567*Q2^9 + 19/1575*Q2^10 - 62/14175*Q2^11 + 683/
         467775*Q2^12 + 1/2*P2^2 + 1/2*Q1^2 + Q1^2*Q2 + Q1^2*Q2^2 + 2/3*Q1^2*
         Q2^3 + 1/3*Q1^2*Q2^4 + 2/15*Q1^2*Q2^5 + 2/45*Q1^2*Q2^6 + 4/315*Q1^2*
         Q2^7 + 1/315*Q1^2*Q2^8 + 2/2835*Q1^2*Q2^9 + 2/14175*Q1^2*Q2^10 + 1/2*
         Q1^4 + Q1^4*Q2 + Q1^4*Q2^2 + 2/3*Q1^4*Q2^3 + 1/3*Q1^4*Q2^4 + 2/15*
         Q1^4*Q2^5 + 2/45*Q1^4*Q2^6 + 4/315*Q1^4*Q2^7 + 1/315*Q1^4*Q2^8 + 1/5*
         Q1^6 + 2/5*Q1^6*Q2 + 2/5*Q1^6*Q2^2 + 4/15*Q1^6*Q2^3 + 2/15*Q1^6*Q2^4
          + 4/75*Q1^6*Q2^5 + 4/225*Q1^6*Q2^6 + 3/70*Q1^8 + 3/35*Q1^8*Q2 + 3/35
         *Q1^8*Q2^2 + 2/35*Q1^8*Q2^3 + 1/35*Q1^8*Q2^4 + 1/175*Q1^10 + 2/175*
         Q1^10*Q2 + 2/175*Q1^10*Q2^2 + 1/1925*Q1^12 + 1/2*P1^2;

    *-------------------- 
    *	2. A scaling transform introduces a small parameter:
    *-------------------- 
    G H=HPQ/alpha^2;
    #do j=1,'NDIM'
    id P'j'=alpha*p'j';
    id Q'j'=alpha*q'j';
    #enddo
    .sort
    #call eidentities()
    B alpha;
    Print;
    .store

   H =
       + alpha * (  - 1/3*q2^3 + q1^2*q2 )

       + alpha^2 * ( 1/2*q2^4 + q1^2*q2^2 + 1/2*q1^4 )

       + alpha^3 * (  - 1/3*q2^5 + 2/3*q1^2*q2^3 + q1^4*q2 )

       + alpha^4 * ( 11/45*q2^6 + 1/3*q1^2*q2^4 + q1^4*q2^2 + 1/5*q1^6 )

       + alpha^5 * (  - 2/15*q2^7 + 2/15*q1^2*q2^5 + 2/3*q1^4*q2^3 + 2/5*q1^6*
         q2 )

       + alpha^6 * ( 43/630*q2^8 + 2/45*q1^2*q2^6 + 1/3*q1^4*q2^4 + 2/5*q1^6*
         q2^2 + 3/70*q1^8 )

       + alpha^7 * (  - 17/567*q2^9 + 4/315*q1^2*q2^7 + 2/15*q1^4*q2^5 + 4/15*
         q1^6*q2^3 + 3/35*q1^8*q2 )

       + alpha^8 * ( 19/1575*q2^10 + 1/315*q1^2*q2^8 + 2/45*q1^4*q2^6 + 2/15*
         q1^6*q2^4 + 3/35*q1^8*q2^2 + 1/175*q1^10 )

       + alpha^9 * (  - 62/14175*q2^11 + 2/2835*q1^2*q2^9 + 4/315*q1^4*q2^7 + 
         4/75*q1^6*q2^5 + 2/35*q1^8*q2^3 + 2/175*q1^10*q2 )

       + alpha^10 * ( 683/467775*q2^12 + 2/14175*q1^2*q2^10 + 1/315*q1^4*q2^8
          + 4/225*q1^6*q2^6 + 1/35*q1^8*q2^4 + 2/175*q1^10*q2^2 + 1/1925*q1^12
          )

       + 1/2*q2^2 + 1/2*p2^2 + 1/2*q1^2 + 1/2*p1^2;

    #call frequencies()

   Omega1 =
      1;


   Omega2 =
      1;

    Global Hetazeta = H;
    #call pqtoetazeta()
    B alpha;
    Print;
    .store

   Hetazeta =
       + alpha * ( 1/4*sqrt(2)*zeta2*eta2^2 - 1/12*sqrt(2)*zeta2^3 - 1/4*sqrt(
         2)*eta1^2*zeta2 - 1/2*sqrt(2)*zeta1*eta1*eta2 + 1/4*sqrt(2)*zeta1^2*
         zeta2 + 1/12*sqrt(2)*i_*eta2^3 - 1/4*sqrt(2)*i_*zeta2^2*eta2 - 1/4*
         sqrt(2)*i_*eta1^2*eta2 + 1/2*sqrt(2)*i_*zeta1*eta1*zeta2 + 1/4*sqrt(2
         )*i_*zeta1^2*eta2 )

       + alpha^2 * ( 1/8*eta2^4 - 3/4*zeta2^2*eta2^2 + 1/8*zeta2^4 + 1/4*
         eta1^2*eta2^2 - 1/4*eta1^2*zeta2^2 + 1/8*eta1^4 - zeta1*eta1*zeta2*
         eta2 - 1/4*zeta1^2*eta2^2 + 1/4*zeta1^2*zeta2^2 - 3/4*zeta1^2*eta1^2
          + 1/8*zeta1^4 - 1/2*i_*zeta2*eta2^3 + 1/2*i_*zeta2^3*eta2 - 1/2*i_*
         eta1^2*zeta2*eta2 - 1/2*i_*zeta1*eta1*eta2^2 + 1/2*i_*zeta1*eta1*
         zeta2^2 - 1/2*i_*zeta1*eta1^3 + 1/2*i_*zeta1^2*zeta2*eta2 + 1/2*i_*
         zeta1^3*eta1 )

       + alpha^3 * (  - 5/24*sqrt(2)*zeta2*eta2^4 + 5/12*sqrt(2)*zeta2^3*
         eta2^2 - 1/24*sqrt(2)*zeta2^5 + 1/4*sqrt(2)*eta1^2*zeta2*eta2^2 - 1/
         12*sqrt(2)*eta1^2*zeta2^3 + 1/8*sqrt(2)*eta1^4*zeta2 + 1/6*sqrt(2)*
         zeta1*eta1*eta2^3 - 1/2*sqrt(2)*zeta1*eta1*zeta2^2*eta2 + 1/2*sqrt(2)
         *zeta1*eta1^3*eta2 - 1/4*sqrt(2)*zeta1^2*zeta2*eta2^2 + 1/12*sqrt(2)*
         zeta1^2*zeta2^3 - 3/4*sqrt(2)*zeta1^2*eta1^2*zeta2 - 1/2*sqrt(2)*
         zeta1^3*eta1*eta2 + 1/8*sqrt(2)*zeta1^4*zeta2 - 1/24*sqrt(2)*i_*
         eta2^5 + 5/12*sqrt(2)*i_*zeta2^2*eta2^3 - 5/24*sqrt(2)*i_*zeta2^4*
         eta2 + 1/12*sqrt(2)*i_*eta1^2*eta2^3 - 1/4*sqrt(2)*i_*eta1^2*zeta2^2*
         eta2 + 1/8*sqrt(2)*i_*eta1^4*eta2 - 1/2*sqrt(2)*i_*zeta1*eta1*zeta2*
         eta2^2 + 1/6*sqrt(2)*i_*zeta1*eta1*zeta2^3 - 1/2*sqrt(2)*i_*zeta1*
         eta1^3*zeta2 - 1/12*sqrt(2)*i_*zeta1^2*eta2^3 + 1/4*sqrt(2)*i_*
         zeta1^2*zeta2^2*eta2 - 3/4*sqrt(2)*i_*zeta1^2*eta1^2*eta2 + 1/2*sqrt(
         2)*i_*zeta1^3*eta1*zeta2 + 1/8*sqrt(2)*i_*zeta1^4*eta2 )

       + alpha^4 * (  - 11/360*eta2^6 + 11/24*zeta2^2*eta2^4 - 11/24*zeta2^4*
         eta2^2 + 11/360*zeta2^6 - 1/24*eta1^2*eta2^4 + 1/4*eta1^2*zeta2^2*
         eta2^2 - 1/24*eta1^2*zeta2^4 - 1/8*eta1^4*eta2^2 + 1/8*eta1^4*zeta2^2
          - 1/40*eta1^6 + 1/3*zeta1*eta1*zeta2*eta2^3 - 1/3*zeta1*eta1*zeta2^3
         *eta2 + zeta1*eta1^3*zeta2*eta2 + 1/24*zeta1^2*eta2^4 - 1/4*zeta1^2*
         zeta2^2*eta2^2 + 1/24*zeta1^2*zeta2^4 + 3/4*zeta1^2*eta1^2*eta2^2 - 3/
         4*zeta1^2*eta1^2*zeta2^2 + 3/8*zeta1^2*eta1^4 - zeta1^3*eta1*zeta2*
         eta2 - 1/8*zeta1^4*eta2^2 + 1/8*zeta1^4*zeta2^2 - 3/8*zeta1^4*eta1^2
          + 1/40*zeta1^6 + 11/60*i_*zeta2*eta2^5 - 11/18*i_*zeta2^3*eta2^3 + 
         11/60*i_*zeta2^5*eta2 + 1/6*i_*eta1^2*zeta2*eta2^3 - 1/6*i_*eta1^2*
         zeta2^3*eta2 + 1/4*i_*eta1^4*zeta2*eta2 + 1/12*i_*zeta1*eta1*eta2^4
          - 1/2*i_*zeta1*eta1*zeta2^2*eta2^2 + 1/12*i_*zeta1*eta1*zeta2^4 + 1/
         2*i_*zeta1*eta1^3*eta2^2 - 1/2*i_*zeta1*eta1^3*zeta2^2 + 3/20*i_*
         zeta1*eta1^5 - 1/6*i_*zeta1^2*zeta2*eta2^3 + 1/6*i_*zeta1^2*zeta2^3*
         eta2 - 3/2*i_*zeta1^2*eta1^2*zeta2*eta2 - 1/2*i_*zeta1^3*eta1*eta2^2
          + 1/2*i_*zeta1^3*eta1*zeta2^2 - 1/2*i_*zeta1^3*eta1^3 + 1/4*i_*
         zeta1^4*zeta2*eta2 + 3/20*i_*zeta1^5*eta1 )

       + alpha^5 * ( 7/120*sqrt(2)*zeta2*eta2^6 - 7/24*sqrt(2)*zeta2^3*eta2^4
          + 7/40*sqrt(2)*zeta2^5*eta2^2 - 1/120*sqrt(2)*zeta2^7 - 1/24*sqrt(2)
         *eta1^2*zeta2*eta2^4 + 1/12*sqrt(2)*eta1^2*zeta2^3*eta2^2 - 1/120*
         sqrt(2)*eta1^2*zeta2^5 - 1/8*sqrt(2)*eta1^4*zeta2*eta2^2 + 1/24*sqrt(
         2)*eta1^4*zeta2^3 - 1/40*sqrt(2)*eta1^6*zeta2 - 1/60*sqrt(2)*zeta1*
         eta1*eta2^5 + 1/6*sqrt(2)*zeta1*eta1*zeta2^2*eta2^3 - 1/12*sqrt(2)*
         zeta1*eta1*zeta2^4*eta2 - 1/6*sqrt(2)*zeta1*eta1^3*eta2^3 + 1/2*sqrt(
         2)*zeta1*eta1^3*zeta2^2*eta2 - 3/20*sqrt(2)*zeta1*eta1^5*eta2 + 1/24*
         sqrt(2)*zeta1^2*zeta2*eta2^4 - 1/12*sqrt(2)*zeta1^2*zeta2^3*eta2^2 + 
         1/120*sqrt(2)*zeta1^2*zeta2^5 + 3/4*sqrt(2)*zeta1^2*eta1^2*zeta2*
         eta2^2 - 1/4*sqrt(2)*zeta1^2*eta1^2*zeta2^3 + 3/8*sqrt(2)*zeta1^2*
         eta1^4*zeta2 + 1/6*sqrt(2)*zeta1^3*eta1*eta2^3 - 1/2*sqrt(2)*zeta1^3*
         eta1*zeta2^2*eta2 + 1/2*sqrt(2)*zeta1^3*eta1^3*eta2 - 1/8*sqrt(2)*
         zeta1^4*zeta2*eta2^2 + 1/24*sqrt(2)*zeta1^4*zeta2^3 - 3/8*sqrt(2)*
         zeta1^4*eta1^2*zeta2 - 3/20*sqrt(2)*zeta1^5*eta1*eta2 + 1/40*sqrt(2)*
         zeta1^6*zeta2 + 1/120*sqrt(2)*i_*eta2^7 - 7/40*sqrt(2)*i_*zeta2^2*
         eta2^5 + 7/24*sqrt(2)*i_*zeta2^4*eta2^3 - 7/120*sqrt(2)*i_*zeta2^6*
         eta2 - 1/120*sqrt(2)*i_*eta1^2*eta2^5 + 1/12*sqrt(2)*i_*eta1^2*
         zeta2^2*eta2^3 - 1/24*sqrt(2)*i_*eta1^2*zeta2^4*eta2 - 1/24*sqrt(2)*
         i_*eta1^4*eta2^3 + 1/8*sqrt(2)*i_*eta1^4*zeta2^2*eta2 - 1/40*sqrt(2)*
         i_*eta1^6*eta2 + 1/12*sqrt(2)*i_*zeta1*eta1*zeta2*eta2^4 - 1/6*sqrt(2
         )*i_*zeta1*eta1*zeta2^3*eta2^2 + 1/60*sqrt(2)*i_*zeta1*eta1*zeta2^5
          + 1/2*sqrt(2)*i_*zeta1*eta1^3*zeta2*eta2^2 - 1/6*sqrt(2)*i_*zeta1*
         eta1^3*zeta2^3 + 3/20*sqrt(2)*i_*zeta1*eta1^5*zeta2 + 1/120*sqrt(2)*
         i_*zeta1^2*eta2^5 - 1/12*sqrt(2)*i_*zeta1^2*zeta2^2*eta2^3 + 1/24*
         sqrt(2)*i_*zeta1^2*zeta2^4*eta2 + 1/4*sqrt(2)*i_*zeta1^2*eta1^2*
         eta2^3 - 3/4*sqrt(2)*i_*zeta1^2*eta1^2*zeta2^2*eta2 + 3/8*sqrt(2)*i_*
         zeta1^2*eta1^4*eta2 - 1/2*sqrt(2)*i_*zeta1^3*eta1*zeta2*eta2^2 + 1/6*
         sqrt(2)*i_*zeta1^3*eta1*zeta2^3 - 1/2*sqrt(2)*i_*zeta1^3*eta1^3*zeta2
          - 1/24*sqrt(2)*i_*zeta1^4*eta2^3 + 1/8*sqrt(2)*i_*zeta1^4*zeta2^2*
         eta2 - 3/8*sqrt(2)*i_*zeta1^4*eta1^2*eta2 + 3/20*sqrt(2)*i_*zeta1^5*
         eta1*zeta2 + 1/40*sqrt(2)*i_*zeta1^6*eta2 )

       + alpha^6 * ( 43/10080*eta2^8 - 43/360*zeta2^2*eta2^6 + 43/144*zeta2^4*
         eta2^4 - 43/360*zeta2^6*eta2^2 + 43/10080*zeta2^8 + 1/360*eta1^2*
         eta2^6 - 1/24*eta1^2*zeta2^2*eta2^4 + 1/24*eta1^2*zeta2^4*eta2^2 - 1/
         360*eta1^2*zeta2^6 + 1/48*eta1^4*eta2^4 - 1/8*eta1^4*zeta2^2*eta2^2
          + 1/48*eta1^4*zeta2^4 + 1/40*eta1^6*eta2^2 - 1/40*eta1^6*zeta2^2 + 3/
         1120*eta1^8 - 1/30*zeta1*eta1*zeta2*eta2^5 + 1/9*zeta1*eta1*zeta2^3*
         eta2^3 - 1/30*zeta1*eta1*zeta2^5*eta2 - 1/3*zeta1*eta1^3*zeta2*eta2^3
          + 1/3*zeta1*eta1^3*zeta2^3*eta2 - 3/10*zeta1*eta1^5*zeta2*eta2 - 1/
         360*zeta1^2*eta2^6 + 1/24*zeta1^2*zeta2^2*eta2^4 - 1/24*zeta1^2*
         zeta2^4*eta2^2 + 1/360*zeta1^2*zeta2^6 - 1/8*zeta1^2*eta1^2*eta2^4 + 
         3/4*zeta1^2*eta1^2*zeta2^2*eta2^2 - 1/8*zeta1^2*eta1^2*zeta2^4 - 3/8*
         zeta1^2*eta1^4*eta2^2 + 3/8*zeta1^2*eta1^4*zeta2^2 - 3/40*zeta1^2*
         eta1^6 + 1/3*zeta1^3*eta1*zeta2*eta2^3 - 1/3*zeta1^3*eta1*zeta2^3*
         eta2 + zeta1^3*eta1^3*zeta2*eta2 + 1/48*zeta1^4*eta2^4 - 1/8*zeta1^4*
         zeta2^2*eta2^2 + 1/48*zeta1^4*zeta2^4 + 3/8*zeta1^4*eta1^2*eta2^2 - 3/
         8*zeta1^4*eta1^2*zeta2^2 + 3/16*zeta1^4*eta1^4 - 3/10*zeta1^5*eta1*
         zeta2*eta2 - 1/40*zeta1^6*eta2^2 + 1/40*zeta1^6*zeta2^2 - 3/40*
         zeta1^6*eta1^2 + 3/1120*zeta1^8 - 43/1260*i_*zeta2*eta2^7 + 43/180*i_
         *zeta2^3*eta2^5 - 43/180*i_*zeta2^5*eta2^3 + 43/1260*i_*zeta2^7*eta2
          - 1/60*i_*eta1^2*zeta2*eta2^5 + 1/18*i_*eta1^2*zeta2^3*eta2^3 - 1/60
         *i_*eta1^2*zeta2^5*eta2 - 1/12*i_*eta1^4*zeta2*eta2^3 + 1/12*i_*
         eta1^4*zeta2^3*eta2 - 1/20*i_*eta1^6*zeta2*eta2 - 1/180*i_*zeta1*eta1
         *eta2^6 + 1/12*i_*zeta1*eta1*zeta2^2*eta2^4 - 1/12*i_*zeta1*eta1*
         zeta2^4*eta2^2 + 1/180*i_*zeta1*eta1*zeta2^6 - 1/12*i_*zeta1*eta1^3*
         eta2^4 + 1/2*i_*zeta1*eta1^3*zeta2^2*eta2^2 - 1/12*i_*zeta1*eta1^3*
         zeta2^4 - 3/20*i_*zeta1*eta1^5*eta2^2 + 3/20*i_*zeta1*eta1^5*zeta2^2
          - 3/140*i_*zeta1*eta1^7 + 1/60*i_*zeta1^2*zeta2*eta2^5 - 1/18*i_*
         zeta1^2*zeta2^3*eta2^3 + 1/60*i_*zeta1^2*zeta2^5*eta2 + 1/2*i_*
         zeta1^2*eta1^2*zeta2*eta2^3 - 1/2*i_*zeta1^2*eta1^2*zeta2^3*eta2 + 3/
         4*i_*zeta1^2*eta1^4*zeta2*eta2 + 1/12*i_*zeta1^3*eta1*eta2^4 - 1/2*i_
         *zeta1^3*eta1*zeta2^2*eta2^2 + 1/12*i_*zeta1^3*eta1*zeta2^4 + 1/2*i_*
         zeta1^3*eta1^3*eta2^2 - 1/2*i_*zeta1^3*eta1^3*zeta2^2 + 3/20*i_*
         zeta1^3*eta1^5 - 1/12*i_*zeta1^4*zeta2*eta2^3 + 1/12*i_*zeta1^4*
         zeta2^3*eta2 - 3/4*i_*zeta1^4*eta1^2*zeta2*eta2 - 3/20*i_*zeta1^5*
         eta1*eta2^2 + 3/20*i_*zeta1^5*eta1*zeta2^2 - 3/20*i_*zeta1^5*eta1^3
          + 1/20*i_*zeta1^6*zeta2*eta2 + 3/140*i_*zeta1^7*eta1 )

       + alpha^7 * (  - 17/2016*sqrt(2)*zeta2*eta2^8 + 17/216*sqrt(2)*zeta2^3*
         eta2^6 - 17/144*sqrt(2)*zeta2^5*eta2^4 + 17/504*sqrt(2)*zeta2^7*
         eta2^2 - 17/18144*sqrt(2)*zeta2^9 + 1/360*sqrt(2)*eta1^2*zeta2*eta2^6
          - 1/72*sqrt(2)*eta1^2*zeta2^3*eta2^4 + 1/120*sqrt(2)*eta1^2*zeta2^5*
         eta2^2 - 1/2520*sqrt(2)*eta1^2*zeta2^7 + 1/48*sqrt(2)*eta1^4*zeta2*
         eta2^4 - 1/24*sqrt(2)*eta1^4*zeta2^3*eta2^2 + 1/240*sqrt(2)*eta1^4*
         zeta2^5 + 1/40*sqrt(2)*eta1^6*zeta2*eta2^2 - 1/120*sqrt(2)*eta1^6*
         zeta2^3 + 3/1120*sqrt(2)*eta1^8*zeta2 + 1/1260*sqrt(2)*zeta1*eta1*
         eta2^7 - 1/60*sqrt(2)*zeta1*eta1*zeta2^2*eta2^5 + 1/36*sqrt(2)*zeta1*
         eta1*zeta2^4*eta2^3 - 1/180*sqrt(2)*zeta1*eta1*zeta2^6*eta2 + 1/60*
         sqrt(2)*zeta1*eta1^3*eta2^5 - 1/6*sqrt(2)*zeta1*eta1^3*zeta2^2*eta2^3
          + 1/12*sqrt(2)*zeta1*eta1^3*zeta2^4*eta2 + 1/20*sqrt(2)*zeta1*eta1^5
         *eta2^3 - 3/20*sqrt(2)*zeta1*eta1^5*zeta2^2*eta2 + 3/140*sqrt(2)*
         zeta1*eta1^7*eta2 - 1/360*sqrt(2)*zeta1^2*zeta2*eta2^6 + 1/72*sqrt(2)
         *zeta1^2*zeta2^3*eta2^4 - 1/120*sqrt(2)*zeta1^2*zeta2^5*eta2^2 + 1/
         2520*sqrt(2)*zeta1^2*zeta2^7 - 1/8*sqrt(2)*zeta1^2*eta1^2*zeta2*
         eta2^4 + 1/4*sqrt(2)*zeta1^2*eta1^2*zeta2^3*eta2^2 - 1/40*sqrt(2)*
         zeta1^2*eta1^2*zeta2^5 - 3/8*sqrt(2)*zeta1^2*eta1^4*zeta2*eta2^2 + 1/
         8*sqrt(2)*zeta1^2*eta1^4*zeta2^3 - 3/40*sqrt(2)*zeta1^2*eta1^6*zeta2
          - 1/60*sqrt(2)*zeta1^3*eta1*eta2^5 + 1/6*sqrt(2)*zeta1^3*eta1*
         zeta2^2*eta2^3 - 1/12*sqrt(2)*zeta1^3*eta1*zeta2^4*eta2 - 1/6*sqrt(2)
         *zeta1^3*eta1^3*eta2^3 + 1/2*sqrt(2)*zeta1^3*eta1^3*zeta2^2*eta2 - 3/
         20*sqrt(2)*zeta1^3*eta1^5*eta2 + 1/48*sqrt(2)*zeta1^4*zeta2*eta2^4 - 
         1/24*sqrt(2)*zeta1^4*zeta2^3*eta2^2 + 1/240*sqrt(2)*zeta1^4*zeta2^5
          + 3/8*sqrt(2)*zeta1^4*eta1^2*zeta2*eta2^2 - 1/8*sqrt(2)*zeta1^4*
         eta1^2*zeta2^3 + 3/16*sqrt(2)*zeta1^4*eta1^4*zeta2 + 1/20*sqrt(2)*
         zeta1^5*eta1*eta2^3 - 3/20*sqrt(2)*zeta1^5*eta1*zeta2^2*eta2 + 3/20*
         sqrt(2)*zeta1^5*eta1^3*eta2 - 1/40*sqrt(2)*zeta1^6*zeta2*eta2^2 + 1/
         120*sqrt(2)*zeta1^6*zeta2^3 - 3/40*sqrt(2)*zeta1^6*eta1^2*zeta2 - 3/
         140*sqrt(2)*zeta1^7*eta1*eta2 + 3/1120*sqrt(2)*zeta1^8*zeta2 - 17/
         18144*sqrt(2)*i_*eta2^9 + 17/504*sqrt(2)*i_*zeta2^2*eta2^7 - 17/144*
         sqrt(2)*i_*zeta2^4*eta2^5 + 17/216*sqrt(2)*i_*zeta2^6*eta2^3 - 17/
         2016*sqrt(2)*i_*zeta2^8*eta2 + 1/2520*sqrt(2)*i_*eta1^2*eta2^7 - 1/
         120*sqrt(2)*i_*eta1^2*zeta2^2*eta2^5 + 1/72*sqrt(2)*i_*eta1^2*zeta2^4
         *eta2^3 - 1/360*sqrt(2)*i_*eta1^2*zeta2^6*eta2 + 1/240*sqrt(2)*i_*
         eta1^4*eta2^5 - 1/24*sqrt(2)*i_*eta1^4*zeta2^2*eta2^3 + 1/48*sqrt(2)*
         i_*eta1^4*zeta2^4*eta2 + 1/120*sqrt(2)*i_*eta1^6*eta2^3 - 1/40*sqrt(2
         )*i_*eta1^6*zeta2^2*eta2 + 3/1120*sqrt(2)*i_*eta1^8*eta2 - 1/180*
         sqrt(2)*i_*zeta1*eta1*zeta2*eta2^6 + 1/36*sqrt(2)*i_*zeta1*eta1*
         zeta2^3*eta2^4 - 1/60*sqrt(2)*i_*zeta1*eta1*zeta2^5*eta2^2 + 1/1260*
         sqrt(2)*i_*zeta1*eta1*zeta2^7 - 1/12*sqrt(2)*i_*zeta1*eta1^3*zeta2*
         eta2^4 + 1/6*sqrt(2)*i_*zeta1*eta1^3*zeta2^3*eta2^2 - 1/60*sqrt(2)*i_
         *zeta1*eta1^3*zeta2^5 - 3/20*sqrt(2)*i_*zeta1*eta1^5*zeta2*eta2^2 + 1/
         20*sqrt(2)*i_*zeta1*eta1^5*zeta2^3 - 3/140*sqrt(2)*i_*zeta1*eta1^7*
         zeta2 - 1/2520*sqrt(2)*i_*zeta1^2*eta2^7 + 1/120*sqrt(2)*i_*zeta1^2*
         zeta2^2*eta2^5 - 1/72*sqrt(2)*i_*zeta1^2*zeta2^4*eta2^3 + 1/360*sqrt(
         2)*i_*zeta1^2*zeta2^6*eta2 - 1/40*sqrt(2)*i_*zeta1^2*eta1^2*eta2^5 + 
         1/4*sqrt(2)*i_*zeta1^2*eta1^2*zeta2^2*eta2^3 - 1/8*sqrt(2)*i_*zeta1^2
         *eta1^2*zeta2^4*eta2 - 1/8*sqrt(2)*i_*zeta1^2*eta1^4*eta2^3 + 3/8*
         sqrt(2)*i_*zeta1^2*eta1^4*zeta2^2*eta2 - 3/40*sqrt(2)*i_*zeta1^2*
         eta1^6*eta2 + 1/12*sqrt(2)*i_*zeta1^3*eta1*zeta2*eta2^4 - 1/6*sqrt(2)
         *i_*zeta1^3*eta1*zeta2^3*eta2^2 + 1/60*sqrt(2)*i_*zeta1^3*eta1*
         zeta2^5 + 1/2*sqrt(2)*i_*zeta1^3*eta1^3*zeta2*eta2^2 - 1/6*sqrt(2)*i_
         *zeta1^3*eta1^3*zeta2^3 + 3/20*sqrt(2)*i_*zeta1^3*eta1^5*zeta2 + 1/
         240*sqrt(2)*i_*zeta1^4*eta2^5 - 1/24*sqrt(2)*i_*zeta1^4*zeta2^2*
         eta2^3 + 1/48*sqrt(2)*i_*zeta1^4*zeta2^4*eta2 + 1/8*sqrt(2)*i_*
         zeta1^4*eta1^2*eta2^3 - 3/8*sqrt(2)*i_*zeta1^4*eta1^2*zeta2^2*eta2 + 
         3/16*sqrt(2)*i_*zeta1^4*eta1^4*eta2 - 3/20*sqrt(2)*i_*zeta1^5*eta1*
         zeta2*eta2^2 + 1/20*sqrt(2)*i_*zeta1^5*eta1*zeta2^3 - 3/20*sqrt(2)*i_
         *zeta1^5*eta1^3*zeta2 - 1/120*sqrt(2)*i_*zeta1^6*eta2^3 + 1/40*sqrt(2
         )*i_*zeta1^6*zeta2^2*eta2 - 3/40*sqrt(2)*i_*zeta1^6*eta1^2*eta2 + 3/
         140*sqrt(2)*i_*zeta1^7*eta1*zeta2 + 3/1120*sqrt(2)*i_*zeta1^8*eta2 )

       + alpha^8 * (  - 19/50400*eta2^10 + 19/1120*zeta2^2*eta2^8 - 19/240*
         zeta2^4*eta2^6 + 19/240*zeta2^6*eta2^4 - 19/1120*zeta2^8*eta2^2 + 19/
         50400*zeta2^10 - 1/10080*eta1^2*eta2^8 + 1/360*eta1^2*zeta2^2*eta2^6
          - 1/144*eta1^2*zeta2^4*eta2^4 + 1/360*eta1^2*zeta2^6*eta2^2 - 1/
         10080*eta1^2*zeta2^8 - 1/720*eta1^4*eta2^6 + 1/48*eta1^4*zeta2^2*
         eta2^4 - 1/48*eta1^4*zeta2^4*eta2^2 + 1/720*eta1^4*zeta2^6 - 1/240*
         eta1^6*eta2^4 + 1/40*eta1^6*zeta2^2*eta2^2 - 1/240*eta1^6*zeta2^4 - 3/
         1120*eta1^8*eta2^2 + 3/1120*eta1^8*zeta2^2 - 1/5600*eta1^10 + 1/630*
         zeta1*eta1*zeta2*eta2^7 - 1/90*zeta1*eta1*zeta2^3*eta2^5 + 1/90*zeta1
         *eta1*zeta2^5*eta2^3 - 1/630*zeta1*eta1*zeta2^7*eta2 + 1/30*zeta1*
         eta1^3*zeta2*eta2^5 - 1/9*zeta1*eta1^3*zeta2^3*eta2^3 + 1/30*zeta1*
         eta1^3*zeta2^5*eta2 + 1/10*zeta1*eta1^5*zeta2*eta2^3 - 1/10*zeta1*
         eta1^5*zeta2^3*eta2 + 3/70*zeta1*eta1^7*zeta2*eta2 + 1/10080*zeta1^2*
         eta2^8 - 1/360*zeta1^2*zeta2^2*eta2^6 + 1/144*zeta1^2*zeta2^4*eta2^4
          - 1/360*zeta1^2*zeta2^6*eta2^2 + 1/10080*zeta1^2*zeta2^8 + 1/120*
         zeta1^2*eta1^2*eta2^6 - 1/8*zeta1^2*eta1^2*zeta2^2*eta2^4 + 1/8*
         zeta1^2*eta1^2*zeta2^4*eta2^2 - 1/120*zeta1^2*eta1^2*zeta2^6 + 1/16*
         zeta1^2*eta1^4*eta2^4 - 3/8*zeta1^2*eta1^4*zeta2^2*eta2^2 + 1/16*
         zeta1^2*eta1^4*zeta2^4 + 3/40*zeta1^2*eta1^6*eta2^2 - 3/40*zeta1^2*
         eta1^6*zeta2^2 + 9/1120*zeta1^2*eta1^8 - 1/30*zeta1^3*eta1*zeta2*
         eta2^5 + 1/9*zeta1^3*eta1*zeta2^3*eta2^3 - 1/30*zeta1^3*eta1*zeta2^5*
         eta2 - 1/3*zeta1^3*eta1^3*zeta2*eta2^3 + 1/3*zeta1^3*eta1^3*zeta2^3*
         eta2 - 3/10*zeta1^3*eta1^5*zeta2*eta2 - 1/720*zeta1^4*eta2^6 + 1/48*
         zeta1^4*zeta2^2*eta2^4 - 1/48*zeta1^4*zeta2^4*eta2^2 + 1/720*zeta1^4*
         zeta2^6 - 1/16*zeta1^4*eta1^2*eta2^4 + 3/8*zeta1^4*eta1^2*zeta2^2*
         eta2^2 - 1/16*zeta1^4*eta1^2*zeta2^4 - 3/16*zeta1^4*eta1^4*eta2^2 + 3/
         16*zeta1^4*eta1^4*zeta2^2 - 3/80*zeta1^4*eta1^6 + 1/10*zeta1^5*eta1*
         zeta2*eta2^3 - 1/10*zeta1^5*eta1*zeta2^3*eta2 + 3/10*zeta1^5*eta1^3*
         zeta2*eta2 + 1/240*zeta1^6*eta2^4 - 1/40*zeta1^6*zeta2^2*eta2^2 + 1/
         240*zeta1^6*zeta2^4 + 3/40*zeta1^6*eta1^2*eta2^2 - 3/40*zeta1^6*
         eta1^2*zeta2^2 + 3/80*zeta1^6*eta1^4 - 3/70*zeta1^7*eta1*zeta2*eta2
          - 3/1120*zeta1^8*eta2^2 + 3/1120*zeta1^8*zeta2^2 - 9/1120*zeta1^8*
         eta1^2 + 1/5600*zeta1^10 + 19/5040*i_*zeta2*eta2^9 - 19/420*i_*
         zeta2^3*eta2^7 + 19/200*i_*zeta2^5*eta2^5 - 19/420*i_*zeta2^7*eta2^3
          + 19/5040*i_*zeta2^9*eta2 + 1/1260*i_*eta1^2*zeta2*eta2^7 - 1/180*i_
         *eta1^2*zeta2^3*eta2^5 + 1/180*i_*eta1^2*zeta2^5*eta2^3 - 1/1260*i_*
         eta1^2*zeta2^7*eta2 + 1/120*i_*eta1^4*zeta2*eta2^5 - 1/36*i_*eta1^4*
         zeta2^3*eta2^3 + 1/120*i_*eta1^4*zeta2^5*eta2 + 1/60*i_*eta1^6*zeta2*
         eta2^3 - 1/60*i_*eta1^6*zeta2^3*eta2 + 3/560*i_*eta1^8*zeta2*eta2 + 1/
         5040*i_*zeta1*eta1*eta2^8 - 1/180*i_*zeta1*eta1*zeta2^2*eta2^6 + 1/72
         *i_*zeta1*eta1*zeta2^4*eta2^4 - 1/180*i_*zeta1*eta1*zeta2^6*eta2^2 + 
         1/5040*i_*zeta1*eta1*zeta2^8 + 1/180*i_*zeta1*eta1^3*eta2^6 - 1/12*i_
         *zeta1*eta1^3*zeta2^2*eta2^4 + 1/12*i_*zeta1*eta1^3*zeta2^4*eta2^2 - 
         1/180*i_*zeta1*eta1^3*zeta2^6 + 1/40*i_*zeta1*eta1^5*eta2^4 - 3/20*i_
         *zeta1*eta1^5*zeta2^2*eta2^2 + 1/40*i_*zeta1*eta1^5*zeta2^4 + 3/140*
         i_*zeta1*eta1^7*eta2^2 - 3/140*i_*zeta1*eta1^7*zeta2^2 + 1/560*i_*
         zeta1*eta1^9 - 1/1260*i_*zeta1^2*zeta2*eta2^7 + 1/180*i_*zeta1^2*
         zeta2^3*eta2^5 - 1/180*i_*zeta1^2*zeta2^5*eta2^3 + 1/1260*i_*zeta1^2*
         zeta2^7*eta2 - 1/20*i_*zeta1^2*eta1^2*zeta2*eta2^5 + 1/6*i_*zeta1^2*
         eta1^2*zeta2^3*eta2^3 - 1/20*i_*zeta1^2*eta1^2*zeta2^5*eta2 - 1/4*i_*
         zeta1^2*eta1^4*zeta2*eta2^3 + 1/4*i_*zeta1^2*eta1^4*zeta2^3*eta2 - 3/
         20*i_*zeta1^2*eta1^6*zeta2*eta2 - 1/180*i_*zeta1^3*eta1*eta2^6 + 1/12
         *i_*zeta1^3*eta1*zeta2^2*eta2^4 - 1/12*i_*zeta1^3*eta1*zeta2^4*eta2^2
          + 1/180*i_*zeta1^3*eta1*zeta2^6 - 1/12*i_*zeta1^3*eta1^3*eta2^4 + 1/
         2*i_*zeta1^3*eta1^3*zeta2^2*eta2^2 - 1/12*i_*zeta1^3*eta1^3*zeta2^4
          - 3/20*i_*zeta1^3*eta1^5*eta2^2 + 3/20*i_*zeta1^3*eta1^5*zeta2^2 - 3/
         140*i_*zeta1^3*eta1^7 + 1/120*i_*zeta1^4*zeta2*eta2^5 - 1/36*i_*
         zeta1^4*zeta2^3*eta2^3 + 1/120*i_*zeta1^4*zeta2^5*eta2 + 1/4*i_*
         zeta1^4*eta1^2*zeta2*eta2^3 - 1/4*i_*zeta1^4*eta1^2*zeta2^3*eta2 + 3/
         8*i_*zeta1^4*eta1^4*zeta2*eta2 + 1/40*i_*zeta1^5*eta1*eta2^4 - 3/20*
         i_*zeta1^5*eta1*zeta2^2*eta2^2 + 1/40*i_*zeta1^5*eta1*zeta2^4 + 3/20*
         i_*zeta1^5*eta1^3*eta2^2 - 3/20*i_*zeta1^5*eta1^3*zeta2^2 + 9/200*i_*
         zeta1^5*eta1^5 - 1/60*i_*zeta1^6*zeta2*eta2^3 + 1/60*i_*zeta1^6*
         zeta2^3*eta2 - 3/20*i_*zeta1^6*eta1^2*zeta2*eta2 - 3/140*i_*zeta1^7*
         eta1*eta2^2 + 3/140*i_*zeta1^7*eta1*zeta2^2 - 3/140*i_*zeta1^7*eta1^3
          + 3/560*i_*zeta1^8*zeta2*eta2 + 1/560*i_*zeta1^9*eta1 )

       + alpha^9 * ( 341/453600*sqrt(2)*zeta2*eta2^10 - 341/30240*sqrt(2)*
         zeta2^3*eta2^8 + 341/10800*sqrt(2)*zeta2^5*eta2^6 - 341/15120*sqrt(2)
         *zeta2^7*eta2^4 + 341/90720*sqrt(2)*zeta2^9*eta2^2 - 31/453600*sqrt(2
         )*zeta2^11 - 1/10080*sqrt(2)*eta1^2*zeta2*eta2^8 + 1/1080*sqrt(2)*
         eta1^2*zeta2^3*eta2^6 - 1/720*sqrt(2)*eta1^2*zeta2^5*eta2^4 + 1/2520*
         sqrt(2)*eta1^2*zeta2^7*eta2^2 - 1/90720*sqrt(2)*eta1^2*zeta2^9 - 1/
         720*sqrt(2)*eta1^4*zeta2*eta2^6 + 1/144*sqrt(2)*eta1^4*zeta2^3*eta2^4
          - 1/240*sqrt(2)*eta1^4*zeta2^5*eta2^2 + 1/5040*sqrt(2)*eta1^4*
         zeta2^7 - 1/240*sqrt(2)*eta1^6*zeta2*eta2^4 + 1/120*sqrt(2)*eta1^6*
         zeta2^3*eta2^2 - 1/1200*sqrt(2)*eta1^6*zeta2^5 - 3/1120*sqrt(2)*
         eta1^8*zeta2*eta2^2 + 1/1120*sqrt(2)*eta1^8*zeta2^3 - 1/5600*sqrt(2)*
         eta1^10*zeta2 - 1/45360*sqrt(2)*zeta1*eta1*eta2^9 + 1/1260*sqrt(2)*
         zeta1*eta1*zeta2^2*eta2^7 - 1/360*sqrt(2)*zeta1*eta1*zeta2^4*eta2^5
          + 1/540*sqrt(2)*zeta1*eta1*zeta2^6*eta2^3 - 1/5040*sqrt(2)*zeta1*
         eta1*zeta2^8*eta2 - 1/1260*sqrt(2)*zeta1*eta1^3*eta2^7 + 1/60*sqrt(2)
         *zeta1*eta1^3*zeta2^2*eta2^5 - 1/36*sqrt(2)*zeta1*eta1^3*zeta2^4*
         eta2^3 + 1/180*sqrt(2)*zeta1*eta1^3*zeta2^6*eta2 - 1/200*sqrt(2)*
         zeta1*eta1^5*eta2^5 + 1/20*sqrt(2)*zeta1*eta1^5*zeta2^2*eta2^3 - 1/40
         *sqrt(2)*zeta1*eta1^5*zeta2^4*eta2 - 1/140*sqrt(2)*zeta1*eta1^7*
         eta2^3 + 3/140*sqrt(2)*zeta1*eta1^7*zeta2^2*eta2 - 1/560*sqrt(2)*
         zeta1*eta1^9*eta2 + 1/10080*sqrt(2)*zeta1^2*zeta2*eta2^8 - 1/1080*
         sqrt(2)*zeta1^2*zeta2^3*eta2^6 + 1/720*sqrt(2)*zeta1^2*zeta2^5*eta2^4
          - 1/2520*sqrt(2)*zeta1^2*zeta2^7*eta2^2 + 1/90720*sqrt(2)*zeta1^2*
         zeta2^9 + 1/120*sqrt(2)*zeta1^2*eta1^2*zeta2*eta2^6 - 1/24*sqrt(2)*
         zeta1^2*eta1^2*zeta2^3*eta2^4 + 1/40*sqrt(2)*zeta1^2*eta1^2*zeta2^5*
         eta2^2 - 1/840*sqrt(2)*zeta1^2*eta1^2*zeta2^7 + 1/16*sqrt(2)*zeta1^2*
         eta1^4*zeta2*eta2^4 - 1/8*sqrt(2)*zeta1^2*eta1^4*zeta2^3*eta2^2 + 1/
         80*sqrt(2)*zeta1^2*eta1^4*zeta2^5 + 3/40*sqrt(2)*zeta1^2*eta1^6*zeta2
         *eta2^2 - 1/40*sqrt(2)*zeta1^2*eta1^6*zeta2^3 + 9/1120*sqrt(2)*
         zeta1^2*eta1^8*zeta2 + 1/1260*sqrt(2)*zeta1^3*eta1*eta2^7 - 1/60*
         sqrt(2)*zeta1^3*eta1*zeta2^2*eta2^5 + 1/36*sqrt(2)*zeta1^3*eta1*
         zeta2^4*eta2^3 - 1/180*sqrt(2)*zeta1^3*eta1*zeta2^6*eta2 + 1/60*sqrt(
         2)*zeta1^3*eta1^3*eta2^5 - 1/6*sqrt(2)*zeta1^3*eta1^3*zeta2^2*eta2^3
          + 1/12*sqrt(2)*zeta1^3*eta1^3*zeta2^4*eta2 + 1/20*sqrt(2)*zeta1^3*
         eta1^5*eta2^3 - 3/20*sqrt(2)*zeta1^3*eta1^5*zeta2^2*eta2 + 3/140*
         sqrt(2)*zeta1^3*eta1^7*eta2 - 1/720*sqrt(2)*zeta1^4*zeta2*eta2^6 + 1/
         144*sqrt(2)*zeta1^4*zeta2^3*eta2^4 - 1/240*sqrt(2)*zeta1^4*zeta2^5*
         eta2^2 + 1/5040*sqrt(2)*zeta1^4*zeta2^7 - 1/16*sqrt(2)*zeta1^4*eta1^2
         *zeta2*eta2^4 + 1/8*sqrt(2)*zeta1^4*eta1^2*zeta2^3*eta2^2 - 1/80*
         sqrt(2)*zeta1^4*eta1^2*zeta2^5 - 3/16*sqrt(2)*zeta1^4*eta1^4*zeta2*
         eta2^2 + 1/16*sqrt(2)*zeta1^4*eta1^4*zeta2^3 - 3/80*sqrt(2)*zeta1^4*
         eta1^6*zeta2 - 1/200*sqrt(2)*zeta1^5*eta1*eta2^5 + 1/20*sqrt(2)*
         zeta1^5*eta1*zeta2^2*eta2^3 - 1/40*sqrt(2)*zeta1^5*eta1*zeta2^4*eta2
          - 1/20*sqrt(2)*zeta1^5*eta1^3*eta2^3 + 3/20*sqrt(2)*zeta1^5*eta1^3*
         zeta2^2*eta2 - 9/200*sqrt(2)*zeta1^5*eta1^5*eta2 + 1/240*sqrt(2)*
         zeta1^6*zeta2*eta2^4 - 1/120*sqrt(2)*zeta1^6*zeta2^3*eta2^2 + 1/1200*
         sqrt(2)*zeta1^6*zeta2^5 + 3/40*sqrt(2)*zeta1^6*eta1^2*zeta2*eta2^2 - 
         1/40*sqrt(2)*zeta1^6*eta1^2*zeta2^3 + 3/80*sqrt(2)*zeta1^6*eta1^4*
         zeta2 + 1/140*sqrt(2)*zeta1^7*eta1*eta2^3 - 3/140*sqrt(2)*zeta1^7*
         eta1*zeta2^2*eta2 + 3/140*sqrt(2)*zeta1^7*eta1^3*eta2 - 3/1120*sqrt(2
         )*zeta1^8*zeta2*eta2^2 + 1/1120*sqrt(2)*zeta1^8*zeta2^3 - 9/1120*
         sqrt(2)*zeta1^8*eta1^2*zeta2 - 1/560*sqrt(2)*zeta1^9*eta1*eta2 + 1/
         5600*sqrt(2)*zeta1^10*zeta2 + 31/453600*sqrt(2)*i_*eta2^11 - 341/
         90720*sqrt(2)*i_*zeta2^2*eta2^9 + 341/15120*sqrt(2)*i_*zeta2^4*eta2^7
          - 341/10800*sqrt(2)*i_*zeta2^6*eta2^5 + 341/30240*sqrt(2)*i_*zeta2^8
         *eta2^3 - 341/453600*sqrt(2)*i_*zeta2^10*eta2 - 1/90720*sqrt(2)*i_*
         eta1^2*eta2^9 + 1/2520*sqrt(2)*i_*eta1^2*zeta2^2*eta2^7 - 1/720*sqrt(
         2)*i_*eta1^2*zeta2^4*eta2^5 + 1/1080*sqrt(2)*i_*eta1^2*zeta2^6*eta2^3
          - 1/10080*sqrt(2)*i_*eta1^2*zeta2^8*eta2 - 1/5040*sqrt(2)*i_*eta1^4*
         eta2^7 + 1/240*sqrt(2)*i_*eta1^4*zeta2^2*eta2^5 - 1/144*sqrt(2)*i_*
         eta1^4*zeta2^4*eta2^3 + 1/720*sqrt(2)*i_*eta1^4*zeta2^6*eta2 - 1/1200
         *sqrt(2)*i_*eta1^6*eta2^5 + 1/120*sqrt(2)*i_*eta1^6*zeta2^2*eta2^3 - 
         1/240*sqrt(2)*i_*eta1^6*zeta2^4*eta2 - 1/1120*sqrt(2)*i_*eta1^8*
         eta2^3 + 3/1120*sqrt(2)*i_*eta1^8*zeta2^2*eta2 - 1/5600*sqrt(2)*i_*
         eta1^10*eta2 + 1/5040*sqrt(2)*i_*zeta1*eta1*zeta2*eta2^8 - 1/540*
         sqrt(2)*i_*zeta1*eta1*zeta2^3*eta2^6 + 1/360*sqrt(2)*i_*zeta1*eta1*
         zeta2^5*eta2^4 - 1/1260*sqrt(2)*i_*zeta1*eta1*zeta2^7*eta2^2 + 1/
         45360*sqrt(2)*i_*zeta1*eta1*zeta2^9 + 1/180*sqrt(2)*i_*zeta1*eta1^3*
         zeta2*eta2^6 - 1/36*sqrt(2)*i_*zeta1*eta1^3*zeta2^3*eta2^4 + 1/60*
         sqrt(2)*i_*zeta1*eta1^3*zeta2^5*eta2^2 - 1/1260*sqrt(2)*i_*zeta1*
         eta1^3*zeta2^7 + 1/40*sqrt(2)*i_*zeta1*eta1^5*zeta2*eta2^4 - 1/20*
         sqrt(2)*i_*zeta1*eta1^5*zeta2^3*eta2^2 + 1/200*sqrt(2)*i_*zeta1*
         eta1^5*zeta2^5 + 3/140*sqrt(2)*i_*zeta1*eta1^7*zeta2*eta2^2 - 1/140*
         sqrt(2)*i_*zeta1*eta1^7*zeta2^3 + 1/560*sqrt(2)*i_*zeta1*eta1^9*zeta2
          + 1/90720*sqrt(2)*i_*zeta1^2*eta2^9 - 1/2520*sqrt(2)*i_*zeta1^2*
         zeta2^2*eta2^7 + 1/720*sqrt(2)*i_*zeta1^2*zeta2^4*eta2^5 - 1/1080*
         sqrt(2)*i_*zeta1^2*zeta2^6*eta2^3 + 1/10080*sqrt(2)*i_*zeta1^2*
         zeta2^8*eta2 + 1/840*sqrt(2)*i_*zeta1^2*eta1^2*eta2^7 - 1/40*sqrt(2)*
         i_*zeta1^2*eta1^2*zeta2^2*eta2^5 + 1/24*sqrt(2)*i_*zeta1^2*eta1^2*
         zeta2^4*eta2^3 - 1/120*sqrt(2)*i_*zeta1^2*eta1^2*zeta2^6*eta2 + 1/80*
         sqrt(2)*i_*zeta1^2*eta1^4*eta2^5 - 1/8*sqrt(2)*i_*zeta1^2*eta1^4*
         zeta2^2*eta2^3 + 1/16*sqrt(2)*i_*zeta1^2*eta1^4*zeta2^4*eta2 + 1/40*
         sqrt(2)*i_*zeta1^2*eta1^6*eta2^3 - 3/40*sqrt(2)*i_*zeta1^2*eta1^6*
         zeta2^2*eta2 + 9/1120*sqrt(2)*i_*zeta1^2*eta1^8*eta2 - 1/180*sqrt(2)*
         i_*zeta1^3*eta1*zeta2*eta2^6 + 1/36*sqrt(2)*i_*zeta1^3*eta1*zeta2^3*
         eta2^4 - 1/60*sqrt(2)*i_*zeta1^3*eta1*zeta2^5*eta2^2 + 1/1260*sqrt(2)
         *i_*zeta1^3*eta1*zeta2^7 - 1/12*sqrt(2)*i_*zeta1^3*eta1^3*zeta2*
         eta2^4 + 1/6*sqrt(2)*i_*zeta1^3*eta1^3*zeta2^3*eta2^2 - 1/60*sqrt(2)*
         i_*zeta1^3*eta1^3*zeta2^5 - 3/20*sqrt(2)*i_*zeta1^3*eta1^5*zeta2*
         eta2^2 + 1/20*sqrt(2)*i_*zeta1^3*eta1^5*zeta2^3 - 3/140*sqrt(2)*i_*
         zeta1^3*eta1^7*zeta2 - 1/5040*sqrt(2)*i_*zeta1^4*eta2^7 + 1/240*sqrt(
         2)*i_*zeta1^4*zeta2^2*eta2^5 - 1/144*sqrt(2)*i_*zeta1^4*zeta2^4*
         eta2^3 + 1/720*sqrt(2)*i_*zeta1^4*zeta2^6*eta2 - 1/80*sqrt(2)*i_*
         zeta1^4*eta1^2*eta2^5 + 1/8*sqrt(2)*i_*zeta1^4*eta1^2*zeta2^2*eta2^3
          - 1/16*sqrt(2)*i_*zeta1^4*eta1^2*zeta2^4*eta2 - 1/16*sqrt(2)*i_*
         zeta1^4*eta1^4*eta2^3 + 3/16*sqrt(2)*i_*zeta1^4*eta1^4*zeta2^2*eta2
          - 3/80*sqrt(2)*i_*zeta1^4*eta1^6*eta2 + 1/40*sqrt(2)*i_*zeta1^5*eta1
         *zeta2*eta2^4 - 1/20*sqrt(2)*i_*zeta1^5*eta1*zeta2^3*eta2^2 + 1/200*
         sqrt(2)*i_*zeta1^5*eta1*zeta2^5 + 3/20*sqrt(2)*i_*zeta1^5*eta1^3*
         zeta2*eta2^2 - 1/20*sqrt(2)*i_*zeta1^5*eta1^3*zeta2^3 + 9/200*sqrt(2)
         *i_*zeta1^5*eta1^5*zeta2 + 1/1200*sqrt(2)*i_*zeta1^6*eta2^5 - 1/120*
         sqrt(2)*i_*zeta1^6*zeta2^2*eta2^3 + 1/240*sqrt(2)*i_*zeta1^6*zeta2^4*
         eta2 + 1/40*sqrt(2)*i_*zeta1^6*eta1^2*eta2^3 - 3/40*sqrt(2)*i_*
         zeta1^6*eta1^2*zeta2^2*eta2 + 3/80*sqrt(2)*i_*zeta1^6*eta1^4*eta2 - 3/
         140*sqrt(2)*i_*zeta1^7*eta1*zeta2*eta2^2 + 1/140*sqrt(2)*i_*zeta1^7*
         eta1*zeta2^3 - 3/140*sqrt(2)*i_*zeta1^7*eta1^3*zeta2 - 1/1120*sqrt(2)
         *i_*zeta1^8*eta2^3 + 3/1120*sqrt(2)*i_*zeta1^8*zeta2^2*eta2 - 9/1120*
         sqrt(2)*i_*zeta1^8*eta1^2*eta2 + 1/560*sqrt(2)*i_*zeta1^9*eta1*zeta2
          + 1/5600*sqrt(2)*i_*zeta1^10*eta2 )

       + alpha^10 * ( 683/29937600*eta2^12 - 683/453600*zeta2^2*eta2^10 + 683/
         60480*zeta2^4*eta2^8 - 683/32400*zeta2^6*eta2^6 + 683/60480*zeta2^8*
         eta2^4 - 683/453600*zeta2^10*eta2^2 + 683/29937600*zeta2^12 + 1/
         453600*eta1^2*eta2^10 - 1/10080*eta1^2*zeta2^2*eta2^8 + 1/2160*eta1^2
         *zeta2^4*eta2^6 - 1/2160*eta1^2*zeta2^6*eta2^4 + 1/10080*eta1^2*
         zeta2^8*eta2^2 - 1/453600*eta1^2*zeta2^10 + 1/20160*eta1^4*eta2^8 - 1/
         720*eta1^4*zeta2^2*eta2^6 + 1/288*eta1^4*zeta2^4*eta2^4 - 1/720*
         eta1^4*zeta2^6*eta2^2 + 1/20160*eta1^4*zeta2^8 + 1/3600*eta1^6*eta2^6
          - 1/240*eta1^6*zeta2^2*eta2^4 + 1/240*eta1^6*zeta2^4*eta2^2 - 1/3600
         *eta1^6*zeta2^6 + 1/2240*eta1^8*eta2^4 - 3/1120*eta1^8*zeta2^2*eta2^2
          + 1/2240*eta1^8*zeta2^4 + 1/5600*eta1^10*eta2^2 - 1/5600*eta1^10*
         zeta2^2 + 1/123200*eta1^12 - 1/22680*zeta1*eta1*zeta2*eta2^9 + 1/1890
         *zeta1*eta1*zeta2^3*eta2^7 - 1/900*zeta1*eta1*zeta2^5*eta2^5 + 1/1890
         *zeta1*eta1*zeta2^7*eta2^3 - 1/22680*zeta1*eta1*zeta2^9*eta2 - 1/630*
         zeta1*eta1^3*zeta2*eta2^7 + 1/90*zeta1*eta1^3*zeta2^3*eta2^5 - 1/90*
         zeta1*eta1^3*zeta2^5*eta2^3 + 1/630*zeta1*eta1^3*zeta2^7*eta2 - 1/100
         *zeta1*eta1^5*zeta2*eta2^5 + 1/30*zeta1*eta1^5*zeta2^3*eta2^3 - 1/100
         *zeta1*eta1^5*zeta2^5*eta2 - 1/70*zeta1*eta1^7*zeta2*eta2^3 + 1/70*
         zeta1*eta1^7*zeta2^3*eta2 - 1/280*zeta1*eta1^9*zeta2*eta2 - 1/453600*
         zeta1^2*eta2^10 + 1/10080*zeta1^2*zeta2^2*eta2^8 - 1/2160*zeta1^2*
         zeta2^4*eta2^6 + 1/2160*zeta1^2*zeta2^6*eta2^4 - 1/10080*zeta1^2*
         zeta2^8*eta2^2 + 1/453600*zeta1^2*zeta2^10 - 1/3360*zeta1^2*eta1^2*
         eta2^8 + 1/120*zeta1^2*eta1^2*zeta2^2*eta2^6 - 1/48*zeta1^2*eta1^2*
         zeta2^4*eta2^4 + 1/120*zeta1^2*eta1^2*zeta2^6*eta2^2 - 1/3360*zeta1^2
         *eta1^2*zeta2^8 - 1/240*zeta1^2*eta1^4*eta2^6 + 1/16*zeta1^2*eta1^4*
         zeta2^2*eta2^4 - 1/16*zeta1^2*eta1^4*zeta2^4*eta2^2 + 1/240*zeta1^2*
         eta1^4*zeta2^6 - 1/80*zeta1^2*eta1^6*eta2^4 + 3/40*zeta1^2*eta1^6*
         zeta2^2*eta2^2 - 1/80*zeta1^2*eta1^6*zeta2^4 - 9/1120*zeta1^2*eta1^8*
         eta2^2 + 9/1120*zeta1^2*eta1^8*zeta2^2 - 3/5600*zeta1^2*eta1^10 + 1/
         630*zeta1^3*eta1*zeta2*eta2^7 - 1/90*zeta1^3*eta1*zeta2^3*eta2^5 + 1/
         90*zeta1^3*eta1*zeta2^5*eta2^3 - 1/630*zeta1^3*eta1*zeta2^7*eta2 + 1/
         30*zeta1^3*eta1^3*zeta2*eta2^5 - 1/9*zeta1^3*eta1^3*zeta2^3*eta2^3 + 
         1/30*zeta1^3*eta1^3*zeta2^5*eta2 + 1/10*zeta1^3*eta1^5*zeta2*eta2^3
          - 1/10*zeta1^3*eta1^5*zeta2^3*eta2 + 3/70*zeta1^3*eta1^7*zeta2*eta2
          + 1/20160*zeta1^4*eta2^8 - 1/720*zeta1^4*zeta2^2*eta2^6 + 1/288*
         zeta1^4*zeta2^4*eta2^4 - 1/720*zeta1^4*zeta2^6*eta2^2 + 1/20160*
         zeta1^4*zeta2^8 + 1/240*zeta1^4*eta1^2*eta2^6 - 1/16*zeta1^4*eta1^2*
         zeta2^2*eta2^4 + 1/16*zeta1^4*eta1^2*zeta2^4*eta2^2 - 1/240*zeta1^4*
         eta1^2*zeta2^6 + 1/32*zeta1^4*eta1^4*eta2^4 - 3/16*zeta1^4*eta1^4*
         zeta2^2*eta2^2 + 1/32*zeta1^4*eta1^4*zeta2^4 + 3/80*zeta1^4*eta1^6*
         eta2^2 - 3/80*zeta1^4*eta1^6*zeta2^2 + 9/2240*zeta1^4*eta1^8 - 1/100*
         zeta1^5*eta1*zeta2*eta2^5 + 1/30*zeta1^5*eta1*zeta2^3*eta2^3 - 1/100*
         zeta1^5*eta1*zeta2^5*eta2 - 1/10*zeta1^5*eta1^3*zeta2*eta2^3 + 1/10*
         zeta1^5*eta1^3*zeta2^3*eta2 - 9/100*zeta1^5*eta1^5*zeta2*eta2 - 1/
         3600*zeta1^6*eta2^6 + 1/240*zeta1^6*zeta2^2*eta2^4 - 1/240*zeta1^6*
         zeta2^4*eta2^2 + 1/3600*zeta1^6*zeta2^6 - 1/80*zeta1^6*eta1^2*eta2^4
          + 3/40*zeta1^6*eta1^2*zeta2^2*eta2^2 - 1/80*zeta1^6*eta1^2*zeta2^4
          - 3/80*zeta1^6*eta1^4*eta2^2 + 3/80*zeta1^6*eta1^4*zeta2^2 - 3/400*
         zeta1^6*eta1^6 + 1/70*zeta1^7*eta1*zeta2*eta2^3 - 1/70*zeta1^7*eta1*
         zeta2^3*eta2 + 3/70*zeta1^7*eta1^3*zeta2*eta2 + 1/2240*zeta1^8*eta2^4
          - 3/1120*zeta1^8*zeta2^2*eta2^2 + 1/2240*zeta1^8*zeta2^4 + 9/1120*
         zeta1^8*eta1^2*eta2^2 - 9/1120*zeta1^8*eta1^2*zeta2^2 + 9/2240*
         zeta1^8*eta1^4 - 1/280*zeta1^9*eta1*zeta2*eta2 - 1/5600*zeta1^10*
         eta2^2 + 1/5600*zeta1^10*zeta2^2 - 3/5600*zeta1^10*eta1^2 + 1/123200*
         zeta1^12 - 683/2494800*i_*zeta2*eta2^11 + 683/136080*i_*zeta2^3*
         eta2^9 - 683/37800*i_*zeta2^5*eta2^7 + 683/37800*i_*zeta2^7*eta2^5 - 
         683/136080*i_*zeta2^9*eta2^3 + 683/2494800*i_*zeta2^11*eta2 - 1/45360
         *i_*eta1^2*zeta2*eta2^9 + 1/3780*i_*eta1^2*zeta2^3*eta2^7 - 1/1800*i_
         *eta1^2*zeta2^5*eta2^5 + 1/3780*i_*eta1^2*zeta2^7*eta2^3 - 1/45360*i_
         *eta1^2*zeta2^9*eta2 - 1/2520*i_*eta1^4*zeta2*eta2^7 + 1/360*i_*
         eta1^4*zeta2^3*eta2^5 - 1/360*i_*eta1^4*zeta2^5*eta2^3 + 1/2520*i_*
         eta1^4*zeta2^7*eta2 - 1/600*i_*eta1^6*zeta2*eta2^5 + 1/180*i_*eta1^6*
         zeta2^3*eta2^3 - 1/600*i_*eta1^6*zeta2^5*eta2 - 1/560*i_*eta1^8*zeta2
         *eta2^3 + 1/560*i_*eta1^8*zeta2^3*eta2 - 1/2800*i_*eta1^10*zeta2*eta2
          - 1/226800*i_*zeta1*eta1*eta2^10 + 1/5040*i_*zeta1*eta1*zeta2^2*
         eta2^8 - 1/1080*i_*zeta1*eta1*zeta2^4*eta2^6 + 1/1080*i_*zeta1*eta1*
         zeta2^6*eta2^4 - 1/5040*i_*zeta1*eta1*zeta2^8*eta2^2 + 1/226800*i_*
         zeta1*eta1*zeta2^10 - 1/5040*i_*zeta1*eta1^3*eta2^8 + 1/180*i_*zeta1*
         eta1^3*zeta2^2*eta2^6 - 1/72*i_*zeta1*eta1^3*zeta2^4*eta2^4 + 1/180*
         i_*zeta1*eta1^3*zeta2^6*eta2^2 - 1/5040*i_*zeta1*eta1^3*zeta2^8 - 1/
         600*i_*zeta1*eta1^5*eta2^6 + 1/40*i_*zeta1*eta1^5*zeta2^2*eta2^4 - 1/
         40*i_*zeta1*eta1^5*zeta2^4*eta2^2 + 1/600*i_*zeta1*eta1^5*zeta2^6 - 1/
         280*i_*zeta1*eta1^7*eta2^4 + 3/140*i_*zeta1*eta1^7*zeta2^2*eta2^2 - 1/
         280*i_*zeta1*eta1^7*zeta2^4 - 1/560*i_*zeta1*eta1^9*eta2^2 + 1/560*i_
         *zeta1*eta1^9*zeta2^2 - 3/30800*i_*zeta1*eta1^11 + 1/45360*i_*zeta1^2
         *zeta2*eta2^9 - 1/3780*i_*zeta1^2*zeta2^3*eta2^7 + 1/1800*i_*zeta1^2*
         zeta2^5*eta2^5 - 1/3780*i_*zeta1^2*zeta2^7*eta2^3 + 1/45360*i_*
         zeta1^2*zeta2^9*eta2 + 1/420*i_*zeta1^2*eta1^2*zeta2*eta2^7 - 1/60*i_
         *zeta1^2*eta1^2*zeta2^3*eta2^5 + 1/60*i_*zeta1^2*eta1^2*zeta2^5*
         eta2^3 - 1/420*i_*zeta1^2*eta1^2*zeta2^7*eta2 + 1/40*i_*zeta1^2*
         eta1^4*zeta2*eta2^5 - 1/12*i_*zeta1^2*eta1^4*zeta2^3*eta2^3 + 1/40*i_
         *zeta1^2*eta1^4*zeta2^5*eta2 + 1/20*i_*zeta1^2*eta1^6*zeta2*eta2^3 - 
         1/20*i_*zeta1^2*eta1^6*zeta2^3*eta2 + 9/560*i_*zeta1^2*eta1^8*zeta2*
         eta2 + 1/5040*i_*zeta1^3*eta1*eta2^8 - 1/180*i_*zeta1^3*eta1*zeta2^2*
         eta2^6 + 1/72*i_*zeta1^3*eta1*zeta2^4*eta2^4 - 1/180*i_*zeta1^3*eta1*
         zeta2^6*eta2^2 + 1/5040*i_*zeta1^3*eta1*zeta2^8 + 1/180*i_*zeta1^3*
         eta1^3*eta2^6 - 1/12*i_*zeta1^3*eta1^3*zeta2^2*eta2^4 + 1/12*i_*
         zeta1^3*eta1^3*zeta2^4*eta2^2 - 1/180*i_*zeta1^3*eta1^3*zeta2^6 + 1/
         40*i_*zeta1^3*eta1^5*eta2^4 - 3/20*i_*zeta1^3*eta1^5*zeta2^2*eta2^2
          + 1/40*i_*zeta1^3*eta1^5*zeta2^4 + 3/140*i_*zeta1^3*eta1^7*eta2^2 - 
         3/140*i_*zeta1^3*eta1^7*zeta2^2 + 1/560*i_*zeta1^3*eta1^9 - 1/2520*i_
         *zeta1^4*zeta2*eta2^7 + 1/360*i_*zeta1^4*zeta2^3*eta2^5 - 1/360*i_*
         zeta1^4*zeta2^5*eta2^3 + 1/2520*i_*zeta1^4*zeta2^7*eta2 - 1/40*i_*
         zeta1^4*eta1^2*zeta2*eta2^5 + 1/12*i_*zeta1^4*eta1^2*zeta2^3*eta2^3
          - 1/40*i_*zeta1^4*eta1^2*zeta2^5*eta2 - 1/8*i_*zeta1^4*eta1^4*zeta2*
         eta2^3 + 1/8*i_*zeta1^4*eta1^4*zeta2^3*eta2 - 3/40*i_*zeta1^4*eta1^6*
         zeta2*eta2 - 1/600*i_*zeta1^5*eta1*eta2^6 + 1/40*i_*zeta1^5*eta1*
         zeta2^2*eta2^4 - 1/40*i_*zeta1^5*eta1*zeta2^4*eta2^2 + 1/600*i_*
         zeta1^5*eta1*zeta2^6 - 1/40*i_*zeta1^5*eta1^3*eta2^4 + 3/20*i_*
         zeta1^5*eta1^3*zeta2^2*eta2^2 - 1/40*i_*zeta1^5*eta1^3*zeta2^4 - 9/
         200*i_*zeta1^5*eta1^5*eta2^2 + 9/200*i_*zeta1^5*eta1^5*zeta2^2 - 9/
         1400*i_*zeta1^5*eta1^7 + 1/600*i_*zeta1^6*zeta2*eta2^5 - 1/180*i_*
         zeta1^6*zeta2^3*eta2^3 + 1/600*i_*zeta1^6*zeta2^5*eta2 + 1/20*i_*
         zeta1^6*eta1^2*zeta2*eta2^3 - 1/20*i_*zeta1^6*eta1^2*zeta2^3*eta2 + 3/
         40*i_*zeta1^6*eta1^4*zeta2*eta2 + 1/280*i_*zeta1^7*eta1*eta2^4 - 3/
         140*i_*zeta1^7*eta1*zeta2^2*eta2^2 + 1/280*i_*zeta1^7*eta1*zeta2^4 + 
         3/140*i_*zeta1^7*eta1^3*eta2^2 - 3/140*i_*zeta1^7*eta1^3*zeta2^2 + 9/
         1400*i_*zeta1^7*eta1^5 - 1/560*i_*zeta1^8*zeta2*eta2^3 + 1/560*i_*
         zeta1^8*zeta2^3*eta2 - 9/560*i_*zeta1^8*eta1^2*zeta2*eta2 - 1/560*i_*
         zeta1^9*eta1*eta2^2 + 1/560*i_*zeta1^9*eta1*zeta2^2 - 1/560*i_*
         zeta1^9*eta1^3 + 1/2800*i_*zeta1^10*zeta2*eta2 + 3/30800*i_*zeta1^11*
         eta1 )

       + i_*zeta2*eta2 + i_*zeta1*eta1;

    *-------------------- 
    *	The unperturbed part is as follows:
    *-------------------- 
    Global H0 = Hetazeta[alpha^0];
    Print;
    .store

   H0 =
      i_*zeta2*eta2 + i_*zeta1*eta1;

    *------------------------------------------------------------------------------ 
    *     3. The Deprit triangular normalisation 
    *        and the corresponding Gustavson-Hori integral: 
    *------------------------------------------------------------------------------ 
    #call Deprit3Normalization(dt)

Time =       1.18 sec    Generated terms =        846
             dtW         Terms in output =        846
                         Bytes used      =      20218

Time =       1.18 sec    Generated terms =         71
          dtHt10         Terms in output =         71
                         Bytes used      =       1800
    Global W3=dtW;
    Global d3Ht=dtHt'MAXORDER';
    .store
    #call Deprit3Inverse(dtW,H0,dti)

Time =       1.73 sec    Generated terms =        917
       dtiUinv10         Terms in output =        917
                         Bytes used      =      21486
    Global d3IGH0=dtiUinv'MAXORDER'; 
    .store
    *------------------------------------------------------------------------------ 
    *     4. The explicit expression for the generator: 
    *------------------------------------------------------------------------------ 
    #call W(e)

Time =      17.84 sec    Generated terms =       6776
             eSH         Terms in output =        884
                         Bytes used      =      20974
    Global W = eSH;
    .store
    *--------------------
    *    The transformed Hamiltonian U_W H:
    *--------------------
    #call U(W,Hetazeta,e)

Time =      18.54 sec    Generated terms =         71
            eU10         Terms in output =         71
                         Bytes used      =       1772
    .store
    Global eHt=eU'MAXORDER';
    .store
    *--------------------
    *  The Gustavson-Hori integral U_G^-1 H0 :
    *--------------------
    #call Uinverse(W,H0,ei)

Time =      18.87 sec    Generated terms =        917
        eiUinv10         Terms in output =        917
                         Bytes used      =      21486
    G eIGH0= eiUinv'MAXORDER';
    .store
    *------------------------------------------------------------------------------ 
    *   5. The comparison between nonsecular and natural uniqueness conditions. 
    *     1) The Gustavson integrals are identical:
    *------------------------------------------------------------------------------ 
    write statistics;
    L deltaGustavsonIntegrals=eIGH0-d3IGH0;
    B alpha;
    Print;
    .store

Time =      18.87 sec    Generated terms =       1834
stavsonIntegrals         Terms in output =          0
                         Bytes used      =          2

   deltaGustavsonIntegrals = 0;

    *-------------------- 
    *     2) The generators differ starting from the 5th order:
    *-------------------- 
    write statistics;
    G deltaGenerators=W-W3;
    B alpha;
    Print;
    .store

Time =      18.87 sec    Generated terms =       1730
 deltaGenerators         Terms in output =        520
                         Bytes used      =      12136

   deltaGenerators =
       + alpha^5 * ( 1283/108*i_*eta1^2*zeta2^4*eta2^2 - 1283/324*i_*eta1^4*
         zeta2^4 - 2566/81*i_*zeta1*eta1^3*zeta2^3*eta2 - 1283/108*i_*zeta1^2*
         zeta2^2*eta2^4 + 1283/108*i_*zeta1^2*eta1^4*zeta2^2 + 2566/81*i_*
         zeta1^3*eta1*zeta2*eta2^3 + 1283/324*i_*zeta1^4*eta2^4 - 1283/108*i_*
         zeta1^4*eta1^2*eta2^2 )

       + alpha^6 * ( 6415/216*sqrt(2)*eta1^2*zeta2^4*eta2^3 - 1283/648*sqrt(2)
         *eta1^2*zeta2^6*eta2 + 1283/216*sqrt(2)*eta1^4*zeta2^4*eta2 + 1283/
         108*sqrt(2)*zeta1*eta1*zeta2^3*eta2^4 + 1283/324*sqrt(2)*zeta1*eta1*
         zeta2^5*eta2^2 - 2566/27*sqrt(2)*zeta1*eta1^3*zeta2^3*eta2^2 - 1283/
         108*sqrt(2)*zeta1*eta1^5*zeta2^3 + 1283/108*sqrt(2)*zeta1^2*zeta2^2*
         eta2^5 + 1283/324*sqrt(2)*zeta1^2*zeta2^4*eta2^3 - 6415/108*sqrt(2)*
         zeta1^2*eta1^2*zeta2^2*eta2^3 - 8981/648*sqrt(2)*zeta1^2*eta1^2*
         zeta2^4*eta2 + 1283/18*sqrt(2)*zeta1^2*eta1^4*zeta2^2*eta2 - 1283/36*
         sqrt(2)*zeta1^3*eta1*zeta2*eta2^4 - 1283/162*sqrt(2)*zeta1^3*eta1*
         zeta2^3*eta2^2 + 1283/27*sqrt(2)*zeta1^3*eta1^3*zeta2*eta2^2 + 1283/
         243*sqrt(2)*zeta1^3*eta1^3*zeta2^3 - 1283/108*sqrt(2)*zeta1^3*eta1^5*
         zeta2 - 1283/108*sqrt(2)*zeta1^4*eta2^5 + 1283/216*sqrt(2)*zeta1^4*
         eta1^2*eta2^3 + 1283/648*sqrt(2)*zeta1^4*eta1^2*zeta2^2*eta2 - 1283/
         216*sqrt(2)*zeta1^4*eta1^4*eta2 + 1283/324*sqrt(2)*zeta1^5*eta1*zeta2
         *eta2^2 + 1283/972*sqrt(2)*zeta1^6*eta2^3 - 1283/648*sqrt(2)*zeta1^6*
         eta1^2*eta2 + 1283/324*sqrt(2)*i_*eta1^2*zeta2^3*eta2^4 + 1283/108*
         sqrt(2)*i_*eta1^2*zeta2^5*eta2^2 - 1283/108*sqrt(2)*i_*eta1^4*zeta2^5
          + 1283/972*sqrt(2)*i_*eta1^6*zeta2^3 + 1283/324*sqrt(2)*i_*zeta1*
         eta1*zeta2^2*eta2^5 + 1283/108*sqrt(2)*i_*zeta1*eta1*zeta2^4*eta2^3
          - 1283/162*sqrt(2)*i_*zeta1*eta1^3*zeta2^2*eta2^3 - 1283/36*sqrt(2)*
         i_*zeta1*eta1^3*zeta2^4*eta2 + 1283/324*sqrt(2)*i_*zeta1*eta1^5*
         zeta2^2*eta2 - 1283/648*sqrt(2)*i_*zeta1^2*zeta2*eta2^6 + 6415/216*
         sqrt(2)*i_*zeta1^2*zeta2^3*eta2^4 - 8981/648*sqrt(2)*i_*zeta1^2*
         eta1^2*zeta2*eta2^4 - 6415/108*sqrt(2)*i_*zeta1^2*eta1^2*zeta2^3*
         eta2^2 + 1283/648*sqrt(2)*i_*zeta1^2*eta1^4*zeta2*eta2^2 + 1283/216*
         sqrt(2)*i_*zeta1^2*eta1^4*zeta2^3 - 1283/648*sqrt(2)*i_*zeta1^2*
         eta1^6*zeta2 - 2566/27*sqrt(2)*i_*zeta1^3*eta1*zeta2^2*eta2^3 + 1283/
         243*sqrt(2)*i_*zeta1^3*eta1^3*eta2^3 + 1283/27*sqrt(2)*i_*zeta1^3*
         eta1^3*zeta2^2*eta2 + 1283/216*sqrt(2)*i_*zeta1^4*zeta2*eta2^4 + 1283/
         18*sqrt(2)*i_*zeta1^4*eta1^2*zeta2*eta2^2 - 1283/216*sqrt(2)*i_*
         zeta1^4*eta1^4*zeta2 - 1283/108*sqrt(2)*i_*zeta1^5*eta1*eta2^3 - 1283/
         108*sqrt(2)*i_*zeta1^5*eta1^3*eta2 )

       + alpha^7 * ( 6415/324*eta1^2*zeta2^3*eta2^5 + 84346/405*eta1^2*zeta2^5
         *eta2^3 - 1283/648*eta1^2*zeta2^7*eta2 + 1283/81*eta1^4*zeta2^3*
         eta2^3 - 84346/1215*eta1^4*zeta2^5*eta2 - 1283/324*eta1^6*zeta2^3*
         eta2 - 1283/324*zeta1*eta1*zeta2^2*eta2^6 + 1283/324*zeta1*eta1*
         zeta2^6*eta2^2 - 1283/54*zeta1*eta1^3*zeta2^2*eta2^4 - 84346/243*
         zeta1*eta1^3*zeta2^4*eta2^2 - 8981/648*zeta1*eta1^3*zeta2^6 - 1283/
         108*zeta1*eta1^5*zeta2^2*eta2^2 - 84346/1215*zeta1*eta1^5*zeta2^4 + 
         1283/162*zeta1*eta1^7*zeta2^2 + 1283/648*zeta1^2*zeta2*eta2^7 - 84346/
         405*zeta1^2*zeta2^3*eta2^5 - 6415/324*zeta1^2*zeta2^5*eta2^3 + 1283/
         72*zeta1^2*eta1^2*zeta2*eta2^5 - 1283/72*zeta1^2*eta1^2*zeta2^5*eta2
          + 1283/216*zeta1^2*eta1^4*zeta2*eta2^3 - 84346/243*zeta1^2*eta1^4*
         zeta2^3*eta2 - 6415/648*zeta1^2*eta1^6*zeta2*eta2 + 8981/648*zeta1^3*
         eta1*eta2^6 + 84346/243*zeta1^3*eta1*zeta2^2*eta2^4 + 1283/54*zeta1^3
         *eta1*zeta2^4*eta2^2 + 1283/216*zeta1^3*eta1^3*eta2^4 - 1283/216*
         zeta1^3*eta1^3*zeta2^4 - 1283/216*zeta1^3*eta1^5*eta2^2 + 84346/405*
         zeta1^3*eta1^5*zeta2^2 + 1283/648*zeta1^3*eta1^7 + 84346/1215*zeta1^4
         *zeta2*eta2^5 - 1283/81*zeta1^4*zeta2^3*eta2^3 + 84346/243*zeta1^4*
         eta1^2*zeta2*eta2^3 - 1283/216*zeta1^4*eta1^2*zeta2^3*eta2 + 84346/
         1215*zeta1^5*eta1*eta2^4 + 1283/108*zeta1^5*eta1*zeta2^2*eta2^2 - 
         84346/405*zeta1^5*eta1^3*eta2^2 + 1283/216*zeta1^5*eta1^3*zeta2^2 + 
         1283/324*zeta1^6*zeta2*eta2^3 + 6415/648*zeta1^6*eta1^2*zeta2*eta2 - 
         1283/162*zeta1^7*eta1*eta2^2 - 1283/648*zeta1^7*eta1^3 + 1283/3888*i_
         *eta1^2*zeta2^2*eta2^6 - 193733/2592*i_*eta1^2*zeta2^4*eta2^4 + 6415/
         162*i_*eta1^2*zeta2^6*eta2^2 - 1283/7776*i_*eta1^2*zeta2^8 + 1283/
         3888*i_*eta1^4*zeta2^2*eta2^4 - 1283/16*i_*eta1^4*zeta2^4*eta2^2 - 
         24377/648*i_*eta1^4*zeta2^6 - 1283/3888*i_*eta1^6*zeta2^2*eta2^2 + 
         6415/2592*i_*eta1^6*zeta2^4 - 1283/3888*i_*eta1^8*zeta2^2 + 1283/972*
         i_*zeta1*eta1*zeta2*eta2^7 + 1283/324*i_*zeta1*eta1*zeta2^3*eta2^5 + 
         1283/324*i_*zeta1*eta1*zeta2^5*eta2^3 + 1283/972*i_*zeta1*eta1*
         zeta2^7*eta2 + 1283/486*i_*zeta1*eta1^3*zeta2*eta2^5 + 16679/81*i_*
         zeta1*eta1^3*zeta2^3*eta2^3 - 37207/324*i_*zeta1*eta1^3*zeta2^5*eta2
          + 1283/972*i_*zeta1*eta1^5*zeta2*eta2^3 + 21811/108*i_*zeta1*eta1^5*
         zeta2^3*eta2 - 1283/7776*i_*zeta1^2*eta2^8 + 6415/162*i_*zeta1^2*
         zeta2^2*eta2^6 - 193733/2592*i_*zeta1^2*zeta2^4*eta2^4 + 1283/3888*i_
         *zeta1^2*zeta2^6*eta2^2 - 1283/1296*i_*zeta1^2*eta1^2*eta2^6 - 6415/
         432*i_*zeta1^2*eta1^2*zeta2^2*eta2^4 - 6415/432*i_*zeta1^2*eta1^2*
         zeta2^4*eta2^2 - 1283/1296*i_*zeta1^2*eta1^2*zeta2^6 - 1283/972*i_*
         zeta1^2*eta1^4*eta2^4 - 29509/216*i_*zeta1^2*eta1^4*zeta2^2*eta2^2 + 
         47471/2592*i_*zeta1^2*eta1^4*zeta2^4 - 1283/3888*i_*zeta1^2*eta1^6*
         eta2^2 - 85961/1296*i_*zeta1^2*eta1^6*zeta2^2 + 1283/7776*i_*zeta1^2*
         eta1^8 - 37207/324*i_*zeta1^3*eta1*zeta2*eta2^5 + 16679/81*i_*zeta1^3
         *eta1*zeta2^3*eta2^3 + 1283/486*i_*zeta1^3*eta1*zeta2^5*eta2 - 6415/
         81*i_*zeta1^3*eta1^3*zeta2*eta2^3 - 6415/81*i_*zeta1^3*eta1^3*zeta2^3
         *eta2 + 1283/36*i_*zeta1^3*eta1^5*zeta2*eta2 - 24377/648*i_*zeta1^4*
         eta2^6 - 1283/16*i_*zeta1^4*zeta2^2*eta2^4 + 1283/3888*i_*zeta1^4*
         zeta2^4*eta2^2 + 47471/2592*i_*zeta1^4*eta1^2*eta2^4 - 29509/216*i_*
         zeta1^4*eta1^2*zeta2^2*eta2^2 - 1283/972*i_*zeta1^4*eta1^2*zeta2^4 + 
         6415/144*i_*zeta1^4*eta1^4*eta2^2 + 6415/144*i_*zeta1^4*eta1^4*
         zeta2^2 - 8981/2592*i_*zeta1^4*eta1^6 + 21811/108*i_*zeta1^5*eta1*
         zeta2*eta2^3 + 1283/972*i_*zeta1^5*eta1*zeta2^3*eta2 + 1283/36*i_*
         zeta1^5*eta1^3*zeta2*eta2 + 6415/2592*i_*zeta1^6*eta2^4 - 1283/3888*
         i_*zeta1^6*zeta2^2*eta2^2 - 85961/1296*i_*zeta1^6*eta1^2*eta2^2 - 
         1283/3888*i_*zeta1^6*eta1^2*zeta2^2 - 8981/2592*i_*zeta1^6*eta1^4 - 
         1283/3888*i_*zeta1^8*eta2^2 + 1283/7776*i_*zeta1^8*eta1^2 )

       + alpha^8 * ( 8981/2592*sqrt(2)*eta1^2*zeta2^2*eta2^7 + 14023/7776*
         sqrt(2)*eta1^2*zeta2^4*eta2^5 + 1467617/6480*sqrt(2)*eta1^2*zeta2^6*
         eta2^3 - 1283/432*sqrt(2)*eta1^2*zeta2^8*eta2 + 14113/7776*sqrt(2)*
         eta1^4*zeta2^2*eta2^5 - 130700/729*sqrt(2)*eta1^4*zeta2^4*eta2^3 - 
         2298247/9720*sqrt(2)*eta1^4*zeta2^6*eta2 - 1283/864*sqrt(2)*eta1^6*
         zeta2^2*eta2^3 - 2249729/116640*sqrt(2)*eta1^6*zeta2^4*eta2 + 1283/
         7776*sqrt(2)*eta1^8*zeta2^2*eta2 - 1283/2592*sqrt(2)*zeta1*eta1*zeta2
         *eta2^8 + 1099351/19440*sqrt(2)*zeta1*eta1*zeta2^3*eta2^6 + 537517/
         2160*sqrt(2)*zeta1*eta1*zeta2^5*eta2^4 + 16679/1296*sqrt(2)*zeta1*
         eta1*zeta2^7*eta2^2 - 1283/23328*sqrt(2)*zeta1*eta1*zeta2^9 - 24377/
         3888*sqrt(2)*zeta1*eta1^3*zeta2*eta2^6 + 1641137/11664*sqrt(2)*zeta1*
         eta1^3*zeta2^3*eta2^4 - 756925/1944*sqrt(2)*zeta1*eta1^3*zeta2^5*
         eta2^2 - 32075/1296*sqrt(2)*zeta1*eta1^3*zeta2^7 - 1283/972*sqrt(2)*
         zeta1*eta1^5*zeta2*eta2^4 + 9713053/19440*sqrt(2)*zeta1*eta1^5*
         zeta2^3*eta2^2 - 3587921/19440*sqrt(2)*zeta1*eta1^5*zeta2^5 + 14113/
         3888*sqrt(2)*zeta1*eta1^7*zeta2*eta2^2 + 3973271/58320*sqrt(2)*zeta1*
         eta1^7*zeta2^3 - 6415/7776*sqrt(2)*zeta1*eta1^9*zeta2 - 2415619/38880
         *sqrt(2)*zeta1^2*zeta2^2*eta2^7 + 215914/405*sqrt(2)*zeta1^2*zeta2^4*
         eta2^5 + 24377/648*sqrt(2)*zeta1^2*zeta2^6*eta2^3 + 1283/23328*sqrt(2
         )*zeta1^2*zeta2^8*eta2 - 8981/2592*sqrt(2)*zeta1^2*eta1^2*eta2^7 - 
         311699/4320*sqrt(2)*zeta1^2*eta1^2*zeta2^2*eta2^5 - 1280299/1296*
         sqrt(2)*zeta1^2*eta1^2*zeta2^4*eta2^3 - 16679/324*sqrt(2)*zeta1^2*
         eta1^2*zeta2^6*eta2 - 14113/7776*sqrt(2)*zeta1^2*eta1^4*eta2^5 - 
         1915429/7776*sqrt(2)*zeta1^2*eta1^4*zeta2^2*eta2^3 - 1175003/1944*
         sqrt(2)*zeta1^2*eta1^4*zeta2^4*eta2 + 1283/864*sqrt(2)*zeta1^2*eta1^6
         *eta2^3 - 2754571/12960*sqrt(2)*zeta1^2*eta1^6*zeta2^2*eta2 - 1283/
         7776*sqrt(2)*zeta1^2*eta1^8*eta2 + 514151/7290*sqrt(2)*zeta1^3*eta1*
         zeta2*eta2^6 - 2287229/1944*sqrt(2)*zeta1^3*eta1*zeta2^3*eta2^4 - 
         347693/3888*sqrt(2)*zeta1^3*eta1*zeta2^5*eta2^2 - 1283/8748*sqrt(2)*
         zeta1^3*eta1*zeta2^7 - 1287907/5832*sqrt(2)*zeta1^3*eta1^3*zeta2*
         eta2^4 - 117991/972*sqrt(2)*zeta1^3*eta1^3*zeta2^3*eta2^2 - 6415/3888
         *sqrt(2)*zeta1^3*eta1^3*zeta2^5 + 9781/405*sqrt(2)*zeta1^3*eta1^5*
         zeta2*eta2^2 + 398923/3240*sqrt(2)*zeta1^3*eta1^5*zeta2^3 - 4997/
         29160*sqrt(2)*zeta1^3*eta1^7*zeta2 + 5864503/116640*sqrt(2)*zeta1^4*
         eta2^7 + 1964183/19440*sqrt(2)*zeta1^4*zeta2^2*eta2^5 + 75697/1944*
         sqrt(2)*zeta1^4*zeta2^4*eta2^3 + 1283/8748*sqrt(2)*zeta1^4*zeta2^6*
         eta2 - 47441/6480*sqrt(2)*zeta1^4*eta1^2*eta2^5 - 2050189/3888*sqrt(2
         )*zeta1^4*eta1^2*zeta2^2*eta2^3 - 8981/1944*sqrt(2)*zeta1^4*eta1^2*
         zeta2^4*eta2 + 2648945/23328*sqrt(2)*zeta1^4*eta1^4*eta2^3 + 325837/
         432*sqrt(2)*zeta1^4*eta1^4*zeta2^2*eta2 + 16679/11664*sqrt(2)*zeta1^4
         *eta1^6*eta2 - 2826629/19440*sqrt(2)*zeta1^5*eta1*zeta2*eta2^4 - 
         260449/3888*sqrt(2)*zeta1^5*eta1*zeta2^3*eta2^2 - 1283/11664*sqrt(2)*
         zeta1^5*eta1*zeta2^5 + 1211017/1080*sqrt(2)*zeta1^5*eta1^3*zeta2*
         eta2^2 + 8981/432*sqrt(2)*zeta1^5*eta1^3*zeta2^3 - 770993/6480*sqrt(2
         )*zeta1^5*eta1^5*zeta2 + 279649/19440*sqrt(2)*zeta1^6*eta2^5 - 1283/
         1944*sqrt(2)*zeta1^6*zeta2^2*eta2^3 + 1283/11664*sqrt(2)*zeta1^6*
         zeta2^4*eta2 - 266819/1296*sqrt(2)*zeta1^6*eta1^2*eta2^3 + 29509/972*
         sqrt(2)*zeta1^6*eta1^2*zeta2^2*eta2 - 1407271/6480*sqrt(2)*zeta1^6*
         eta1^4*eta2 + 137281/3888*sqrt(2)*zeta1^7*eta1*zeta2*eta2^2 - 8981/
         3888*sqrt(2)*zeta1^7*eta1^3*zeta2 - 1283/648*sqrt(2)*zeta1^8*eta2^3
          - 52603/3888*sqrt(2)*zeta1^8*eta1^2*eta2 + 1283/69984*sqrt(2)*
         zeta1^9*eta1*zeta2 - 1283/69984*sqrt(2)*zeta1^10*eta2 - 1283/23328*
         sqrt(2)*i_*eta1^2*zeta2*eta2^8 - 24377/648*sqrt(2)*i_*eta1^2*zeta2^3*
         eta2^6 - 215914/405*sqrt(2)*i_*eta1^2*zeta2^5*eta2^4 + 2415619/38880*
         sqrt(2)*i_*eta1^2*zeta2^7*eta2^2 - 1283/8748*sqrt(2)*i_*eta1^4*zeta2*
         eta2^6 - 75697/1944*sqrt(2)*i_*eta1^4*zeta2^3*eta2^4 - 1964183/19440*
         sqrt(2)*i_*eta1^4*zeta2^5*eta2^2 - 5864503/116640*sqrt(2)*i_*eta1^4*
         zeta2^7 - 1283/11664*sqrt(2)*i_*eta1^6*zeta2*eta2^4 + 1283/1944*sqrt(
         2)*i_*eta1^6*zeta2^3*eta2^2 - 279649/19440*sqrt(2)*i_*eta1^6*zeta2^5
          + 1283/648*sqrt(2)*i_*eta1^8*zeta2^3 + 1283/69984*sqrt(2)*i_*eta1^10
         *zeta2 + 1283/23328*sqrt(2)*i_*zeta1*eta1*eta2^9 - 16679/1296*sqrt(2)
         *i_*zeta1*eta1*zeta2^2*eta2^7 - 537517/2160*sqrt(2)*i_*zeta1*eta1*
         zeta2^4*eta2^5 - 1099351/19440*sqrt(2)*i_*zeta1*eta1*zeta2^6*eta2^3
          + 1283/2592*sqrt(2)*i_*zeta1*eta1*zeta2^8*eta2 + 1283/8748*sqrt(2)*
         i_*zeta1*eta1^3*eta2^7 + 347693/3888*sqrt(2)*i_*zeta1*eta1^3*zeta2^2*
         eta2^5 + 2287229/1944*sqrt(2)*i_*zeta1*eta1^3*zeta2^4*eta2^3 - 514151/
         7290*sqrt(2)*i_*zeta1*eta1^3*zeta2^6*eta2 + 1283/11664*sqrt(2)*i_*
         zeta1*eta1^5*eta2^5 + 260449/3888*sqrt(2)*i_*zeta1*eta1^5*zeta2^2*
         eta2^3 + 2826629/19440*sqrt(2)*i_*zeta1*eta1^5*zeta2^4*eta2 - 137281/
         3888*sqrt(2)*i_*zeta1*eta1^7*zeta2^2*eta2 - 1283/69984*sqrt(2)*i_*
         zeta1*eta1^9*eta2 + 1283/432*sqrt(2)*i_*zeta1^2*zeta2*eta2^8 - 
         1467617/6480*sqrt(2)*i_*zeta1^2*zeta2^3*eta2^6 - 14023/7776*sqrt(2)*
         i_*zeta1^2*zeta2^5*eta2^4 - 8981/2592*sqrt(2)*i_*zeta1^2*zeta2^7*
         eta2^2 + 16679/324*sqrt(2)*i_*zeta1^2*eta1^2*zeta2*eta2^6 + 1280299/
         1296*sqrt(2)*i_*zeta1^2*eta1^2*zeta2^3*eta2^4 + 311699/4320*sqrt(2)*
         i_*zeta1^2*eta1^2*zeta2^5*eta2^2 + 8981/2592*sqrt(2)*i_*zeta1^2*
         eta1^2*zeta2^7 + 8981/1944*sqrt(2)*i_*zeta1^2*eta1^4*zeta2*eta2^4 + 
         2050189/3888*sqrt(2)*i_*zeta1^2*eta1^4*zeta2^3*eta2^2 + 47441/6480*
         sqrt(2)*i_*zeta1^2*eta1^4*zeta2^5 - 29509/972*sqrt(2)*i_*zeta1^2*
         eta1^6*zeta2*eta2^2 + 266819/1296*sqrt(2)*i_*zeta1^2*eta1^6*zeta2^3
          + 52603/3888*sqrt(2)*i_*zeta1^2*eta1^8*zeta2 + 32075/1296*sqrt(2)*i_
         *zeta1^3*eta1*eta2^7 + 756925/1944*sqrt(2)*i_*zeta1^3*eta1*zeta2^2*
         eta2^5 - 1641137/11664*sqrt(2)*i_*zeta1^3*eta1*zeta2^4*eta2^3 + 24377/
         3888*sqrt(2)*i_*zeta1^3*eta1*zeta2^6*eta2 + 6415/3888*sqrt(2)*i_*
         zeta1^3*eta1^3*eta2^5 + 117991/972*sqrt(2)*i_*zeta1^3*eta1^3*zeta2^2*
         eta2^3 + 1287907/5832*sqrt(2)*i_*zeta1^3*eta1^3*zeta2^4*eta2 - 8981/
         432*sqrt(2)*i_*zeta1^3*eta1^5*eta2^3 - 1211017/1080*sqrt(2)*i_*
         zeta1^3*eta1^5*zeta2^2*eta2 + 8981/3888*sqrt(2)*i_*zeta1^3*eta1^7*
         eta2 + 2298247/9720*sqrt(2)*i_*zeta1^4*zeta2*eta2^6 + 130700/729*
         sqrt(2)*i_*zeta1^4*zeta2^3*eta2^4 - 14113/7776*sqrt(2)*i_*zeta1^4*
         zeta2^5*eta2^2 + 1175003/1944*sqrt(2)*i_*zeta1^4*eta1^2*zeta2*eta2^4
          + 1915429/7776*sqrt(2)*i_*zeta1^4*eta1^2*zeta2^3*eta2^2 + 14113/7776
         *sqrt(2)*i_*zeta1^4*eta1^2*zeta2^5 - 325837/432*sqrt(2)*i_*zeta1^4*
         eta1^4*zeta2*eta2^2 - 2648945/23328*sqrt(2)*i_*zeta1^4*eta1^4*zeta2^3
          + 1407271/6480*sqrt(2)*i_*zeta1^4*eta1^6*zeta2 + 3587921/19440*sqrt(
         2)*i_*zeta1^5*eta1*eta2^5 - 9713053/19440*sqrt(2)*i_*zeta1^5*eta1*
         zeta2^2*eta2^3 + 1283/972*sqrt(2)*i_*zeta1^5*eta1*zeta2^4*eta2 - 
         398923/3240*sqrt(2)*i_*zeta1^5*eta1^3*eta2^3 - 9781/405*sqrt(2)*i_*
         zeta1^5*eta1^3*zeta2^2*eta2 + 770993/6480*sqrt(2)*i_*zeta1^5*eta1^5*
         eta2 + 2249729/116640*sqrt(2)*i_*zeta1^6*zeta2*eta2^4 + 1283/864*
         sqrt(2)*i_*zeta1^6*zeta2^3*eta2^2 + 2754571/12960*sqrt(2)*i_*zeta1^6*
         eta1^2*zeta2*eta2^2 - 1283/864*sqrt(2)*i_*zeta1^6*eta1^2*zeta2^3 - 
         16679/11664*sqrt(2)*i_*zeta1^6*eta1^4*zeta2 - 3973271/58320*sqrt(2)*
         i_*zeta1^7*eta1*eta2^3 - 14113/3888*sqrt(2)*i_*zeta1^7*eta1*zeta2^2*
         eta2 + 4997/29160*sqrt(2)*i_*zeta1^7*eta1^3*eta2 - 1283/7776*sqrt(2)*
         i_*zeta1^8*zeta2*eta2^2 + 1283/7776*sqrt(2)*i_*zeta1^8*eta1^2*zeta2
          + 6415/7776*sqrt(2)*i_*zeta1^9*eta1*eta2 )

       + alpha^9 * ( 1283/2592*eta1^2*zeta2*eta2^9 - 4895489/87480*eta1^2*
         zeta2^3*eta2^7 - 114750829/77760*eta1^2*zeta2^5*eta2^5 + 30417073/
         38880*eta1^2*zeta2^7*eta2^3 - 5263339/699840*eta1^2*zeta2^9*eta2 + 
         1283/1944*eta1^4*zeta2*eta2^7 - 30257597/174960*eta1^4*zeta2^3*eta2^5
          - 67274513/38880*eta1^4*zeta2^5*eta2^3 - 11267569/12960*eta1^4*
         zeta2^7*eta2 - 1283/11664*eta1^6*zeta2*eta2^5 - 537494/10935*eta1^6*
         zeta2^3*eta2^3 - 16510159/233280*eta1^6*zeta2^5*eta2 - 1283/5832*
         eta1^8*zeta2*eta2^3 + 1157401/58320*eta1^8*zeta2^3*eta2 + 1283/23328*
         eta1^10*zeta2*eta2 + 469367/10935*zeta1*eta1*zeta2^2*eta2^8 - 85297/
         4860*zeta1*eta1*zeta2^4*eta2^6 - 85297/4860*zeta1*eta1*zeta2^6*eta2^4
          + 469367/10935*zeta1*eta1*zeta2^8*eta2^2 + 1283/2592*zeta1*eta1^3*
         eta2^8 + 22775951/174960*zeta1*eta1^3*zeta2^2*eta2^6 + 42137257/15552
         *zeta1*eta1^3*zeta2^4*eta2^4 - 58828051/38880*zeta1*eta1^3*zeta2^6*
         eta2^2 - 1825699/25920*zeta1*eta1^3*zeta2^8 + 1283/1944*zeta1*eta1^5*
         eta2^6 + 26965453/87480*zeta1*eta1^5*zeta2^2*eta2^4 + 17981741/7776*
         zeta1*eta1^5*zeta2^4*eta2^2 - 27001007/38880*zeta1*eta1^5*zeta2^6 - 
         1283/11664*zeta1*eta1^7*eta2^4 - 464341/19440*zeta1*eta1^7*zeta2^2*
         eta2^2 + 29507807/233280*zeta1*eta1^7*zeta2^4 - 1283/5832*zeta1*
         eta1^9*eta2^2 - 164381/4374*zeta1*eta1^9*zeta2^2 + 1283/23328*zeta1*
         eta1^11 - 5263339/699840*zeta1^2*zeta2*eta2^9 + 30417073/38880*
         zeta1^2*zeta2^3*eta2^7 - 114750829/77760*zeta1^2*zeta2^5*eta2^5 - 
         4895489/87480*zeta1^2*zeta2^7*eta2^3 + 1283/2592*zeta1^2*zeta2^9*eta2
          - 14512891/174960*zeta1^2*eta1^2*zeta2*eta2^7 + 3375517/9720*zeta1^2
         *eta1^2*zeta2^3*eta2^5 + 3375517/9720*zeta1^2*eta1^2*zeta2^5*eta2^3
          - 14512891/174960*zeta1^2*eta1^2*zeta2^7*eta2 - 2019563/69984*
         zeta1^2*eta1^4*zeta2*eta2^5 + 11038729/7776*zeta1^2*eta1^4*zeta2^3*
         eta2^3 - 30585079/15552*zeta1^2*eta1^4*zeta2^5*eta2 - 8041709/174960*
         zeta1^2*eta1^6*zeta2*eta2^3 + 171267319/58320*zeta1^2*eta1^6*zeta2^3*
         eta2 + 11991571/233280*zeta1^2*eta1^8*zeta2*eta2 - 1825699/25920*
         zeta1^3*eta1*eta2^8 - 58828051/38880*zeta1^3*eta1*zeta2^2*eta2^6 + 
         42137257/15552*zeta1^3*eta1*zeta2^4*eta2^4 + 22775951/174960*zeta1^3*
         eta1*zeta2^6*eta2^2 + 1283/2592*zeta1^3*eta1*zeta2^8 - 3641939/65610*
         zeta1^3*eta1^3*eta2^6 - 30253637/11664*zeta1^3*eta1^3*zeta2^2*eta2^4
          - 30253637/11664*zeta1^3*eta1^3*zeta2^4*eta2^2 - 3641939/65610*
         zeta1^3*eta1^3*zeta2^6 - 12273787/349920*zeta1^3*eta1^5*eta2^4 - 
         30389641/12960*zeta1^3*eta1^5*zeta2^2*eta2^2 + 109961053/233280*
         zeta1^3*eta1^5*zeta2^4 + 36407/2430*zeta1^3*eta1^7*eta2^2 - 6671651/
         4860*zeta1^3*eta1^7*zeta2^2 - 8636683/2099520*zeta1^3*eta1^9 - 
         11267569/12960*zeta1^4*zeta2*eta2^7 - 67274513/38880*zeta1^4*zeta2^3*
         eta2^5 - 30257597/174960*zeta1^4*zeta2^5*eta2^3 + 1283/1944*zeta1^4*
         zeta2^7*eta2 - 30585079/15552*zeta1^4*eta1^2*zeta2*eta2^5 + 11038729/
         7776*zeta1^4*eta1^2*zeta2^3*eta2^3 - 2019563/69984*zeta1^4*eta1^2*
         zeta2^5*eta2 - 3661097/11664*zeta1^4*eta1^4*zeta2*eta2^3 - 3661097/
         11664*zeta1^4*eta1^4*zeta2^3*eta2 + 56690977/77760*zeta1^4*eta1^6*
         zeta2*eta2 - 27001007/38880*zeta1^5*eta1*eta2^6 + 17981741/7776*
         zeta1^5*eta1*zeta2^2*eta2^4 + 26965453/87480*zeta1^5*eta1*zeta2^4*
         eta2^2 + 1283/1944*zeta1^5*eta1*zeta2^6 + 109961053/233280*zeta1^5*
         eta1^3*eta2^4 - 30389641/12960*zeta1^5*eta1^3*zeta2^2*eta2^2 - 
         12273787/349920*zeta1^5*eta1^3*zeta2^4 + 3846181/4860*zeta1^5*eta1^5*
         eta2^2 + 3846181/4860*zeta1^5*eta1^5*zeta2^2 - 5563741/77760*zeta1^5*
         eta1^7 - 16510159/233280*zeta1^6*zeta2*eta2^5 - 537494/10935*zeta1^6*
         zeta2^3*eta2^3 - 1283/11664*zeta1^6*zeta2^5*eta2 + 171267319/58320*
         zeta1^6*eta1^2*zeta2*eta2^3 - 8041709/174960*zeta1^6*eta1^2*zeta2^3*
         eta2 + 56690977/77760*zeta1^6*eta1^4*zeta2*eta2 + 29507807/233280*
         zeta1^7*eta1*eta2^4 - 464341/19440*zeta1^7*eta1*zeta2^2*eta2^2 - 1283/
         11664*zeta1^7*eta1*zeta2^4 - 6671651/4860*zeta1^7*eta1^3*eta2^2 + 
         36407/2430*zeta1^7*eta1^3*zeta2^2 - 5563741/77760*zeta1^7*eta1^5 + 
         1157401/58320*zeta1^8*zeta2*eta2^3 - 1283/5832*zeta1^8*zeta2^3*eta2
          + 11991571/233280*zeta1^8*eta1^2*zeta2*eta2 - 164381/4374*zeta1^9*
         eta1*eta2^2 - 1283/5832*zeta1^9*eta1*zeta2^2 - 8636683/2099520*
         zeta1^9*eta1^3 + 1283/23328*zeta1^10*zeta2*eta2 + 1283/23328*zeta1^11
         *eta1 - 1283/186624*i_*eta1^2*eta2^10 - 914779/93312*i_*eta1^2*
         zeta2^2*eta2^8 - 5540137/17280*i_*eta1^2*zeta2^4*eta2^6 - 22355825/
         11664*i_*eta1^2*zeta2^6*eta2^4 + 2438863/34560*i_*eta1^2*zeta2^8*
         eta2^2 - 8981/93312*i_*eta1^2*zeta2^10 - 8981/559872*i_*eta1^4*eta2^8
          - 437503/23328*i_*eta1^4*zeta2^2*eta2^6 + 7891913/31104*i_*eta1^4*
         zeta2^4*eta2^4 + 117699457/87480*i_*eta1^4*zeta2^6*eta2^2 - 34961953/
         311040*i_*eta1^4*zeta2^8 - 6415/839808*i_*eta1^6*eta2^6 - 55169/46656
         *i_*eta1^6*zeta2^2*eta2^4 + 136916743/466560*i_*eta1^6*zeta2^4*eta2^2
          - 123619789/524880*i_*eta1^6*zeta2^6 + 1283/279936*i_*eta1^8*eta2^4
          + 52603/7776*i_*eta1^8*zeta2^2*eta2^2 + 4093801/93312*i_*eta1^8*
         zeta2^4 + 1283/559872*i_*eta1^10*eta2^2 - 93659/93312*i_*eta1^10*
         zeta2^2 - 1283/1679616*i_*eta1^12 - 14113/5832*i_*zeta1*eta1*zeta2*
         eta2^9 - 6415/324*i_*zeta1*eta1*zeta2^3*eta2^7 + 6415/324*i_*zeta1*
         eta1*zeta2^7*eta2^3 + 14113/5832*i_*zeta1*eta1*zeta2^9*eta2 + 6415/
         2916*i_*zeta1*eta1^3*zeta2*eta2^7 + 3253171/19440*i_*zeta1*eta1^3*
         zeta2^3*eta2^5 - 493361/3645*i_*zeta1*eta1^3*zeta2^5*eta2^3 + 1106989/
         6480*i_*zeta1*eta1^3*zeta2^7*eta2 - 1283/486*i_*zeta1*eta1^5*zeta2*
         eta2^5 - 15455221/9720*i_*zeta1*eta1^5*zeta2^3*eta2^3 - 493361/3645*
         i_*zeta1*eta1^5*zeta2^5*eta2 - 16679/2916*i_*zeta1*eta1^7*zeta2*
         eta2^3 - 26502571/58320*i_*zeta1*eta1^7*zeta2^3*eta2 + 8981/5832*i_*
         zeta1*eta1^9*zeta2*eta2 + 8981/93312*i_*zeta1^2*eta2^10 - 2438863/
         34560*i_*zeta1^2*zeta2^2*eta2^8 + 22355825/11664*i_*zeta1^2*zeta2^4*
         eta2^6 + 5540137/17280*i_*zeta1^2*zeta2^6*eta2^4 + 914779/93312*i_*
         zeta1^2*zeta2^8*eta2^2 + 1283/186624*i_*zeta1^2*zeta2^10 - 547841/
         46656*i_*zeta1^2*eta1^2*eta2^8 + 443873/1296*i_*zeta1^2*eta1^2*
         zeta2^2*eta2^6 - 443873/1296*i_*zeta1^2*eta1^2*zeta2^6*eta2^2 + 
         547841/46656*i_*zeta1^2*eta1^2*zeta2^8 - 16679/1728*i_*zeta1^2*eta1^4
         *eta2^6 - 2353991/31104*i_*zeta1^2*eta1^4*zeta2^2*eta2^4 + 115726013/
         11664*i_*zeta1^2*eta1^4*zeta2^4*eta2^2 + 262105/1152*i_*zeta1^2*
         eta1^4*zeta2^6 + 5132/729*i_*zeta1^2*eta1^6*eta2^4 + 55626673/38880*
         i_*zeta1^2*eta1^6*zeta2^2*eta2^2 + 117699457/87480*i_*zeta1^2*eta1^6*
         zeta2^4 + 109055/31104*i_*zeta1^2*eta1^8*eta2^2 - 5472041/103680*i_*
         zeta1^2*eta1^8*zeta2^2 - 62867/46656*i_*zeta1^2*eta1^10 - 1106989/
         6480*i_*zeta1^3*eta1*zeta2*eta2^7 + 493361/3645*i_*zeta1^3*eta1*
         zeta2^3*eta2^5 - 3253171/19440*i_*zeta1^3*eta1*zeta2^5*eta2^3 - 6415/
         2916*i_*zeta1^3*eta1*zeta2^7*eta2 - 31365593/29160*i_*zeta1^3*eta1^3*
         zeta2*eta2^5 + 31365593/29160*i_*zeta1^3*eta1^3*zeta2^5*eta2 + 
         18755143/58320*i_*zeta1^3*eta1^5*zeta2*eta2^3 - 493361/3645*i_*
         zeta1^3*eta1^5*zeta2^3*eta2 - 78263/972*i_*zeta1^3*eta1^7*zeta2*eta2
          + 34961953/311040*i_*zeta1^4*eta2^8 - 117699457/87480*i_*zeta1^4*
         zeta2^2*eta2^6 - 7891913/31104*i_*zeta1^4*zeta2^4*eta2^4 + 437503/
         23328*i_*zeta1^4*zeta2^6*eta2^2 + 8981/559872*i_*zeta1^4*zeta2^8 - 
         262105/1152*i_*zeta1^4*eta1^2*eta2^6 - 115726013/11664*i_*zeta1^4*
         eta1^2*zeta2^2*eta2^4 + 2353991/31104*i_*zeta1^4*eta1^2*zeta2^4*
         eta2^2 + 16679/1728*i_*zeta1^4*eta1^2*zeta2^6 + 242729/5832*i_*
         zeta1^4*eta1^4*eta2^4 - 242729/5832*i_*zeta1^4*eta1^4*zeta2^4 + 
         3694703/155520*i_*zeta1^4*eta1^6*eta2^2 - 22355825/11664*i_*zeta1^4*
         eta1^6*zeta2^2 - 7813313/311040*i_*zeta1^4*eta1^8 + 493361/3645*i_*
         zeta1^5*eta1*zeta2*eta2^5 + 15455221/9720*i_*zeta1^5*eta1*zeta2^3*
         eta2^3 + 1283/486*i_*zeta1^5*eta1*zeta2^5*eta2 + 493361/3645*i_*
         zeta1^5*eta1^3*zeta2*eta2^3 - 18755143/58320*i_*zeta1^5*eta1^3*
         zeta2^3*eta2 + 123619789/524880*i_*zeta1^6*eta2^6 - 136916743/466560*
         i_*zeta1^6*zeta2^2*eta2^4 + 55169/46656*i_*zeta1^6*zeta2^4*eta2^2 + 
         6415/839808*i_*zeta1^6*zeta2^6 - 117699457/87480*i_*zeta1^6*eta1^2*
         eta2^4 - 55626673/38880*i_*zeta1^6*eta1^2*zeta2^2*eta2^2 - 5132/729*
         i_*zeta1^6*eta1^2*zeta2^4 + 22355825/11664*i_*zeta1^6*eta1^4*eta2^2
          - 3694703/155520*i_*zeta1^6*eta1^4*zeta2^2 + 26502571/58320*i_*
         zeta1^7*eta1*zeta2*eta2^3 + 16679/2916*i_*zeta1^7*eta1*zeta2^3*eta2
          + 78263/972*i_*zeta1^7*eta1^3*zeta2*eta2 - 4093801/93312*i_*zeta1^8*
         eta2^4 - 52603/7776*i_*zeta1^8*zeta2^2*eta2^2 - 1283/279936*i_*
         zeta1^8*zeta2^4 + 5472041/103680*i_*zeta1^8*eta1^2*eta2^2 - 109055/
         31104*i_*zeta1^8*eta1^2*zeta2^2 + 7813313/311040*i_*zeta1^8*eta1^4 - 
         8981/5832*i_*zeta1^9*eta1*zeta2*eta2 + 93659/93312*i_*zeta1^10*eta2^2
          - 1283/559872*i_*zeta1^10*zeta2^2 + 62867/46656*i_*zeta1^10*eta1^2
          + 1283/1679616*i_*zeta1^12 );

    *-------------------- 
    *     3) The normalised Hamiltonians differ starting from the 8th order:
    *-------------------- 
    L deltaHt=eHt-d3Ht;
    B alpha;
    Print;
    .store

   deltaHt =
       + alpha^8 * (  - 1283/486*i_*eta1^2*zeta2^5*eta2^3 + 1283/162*i_*eta1^4
         *zeta2^5*eta2 + 1283/243*i_*zeta1*eta1*zeta2^4*eta2^4 + 1283/162*i_*
         zeta1*eta1^3*zeta2^4*eta2^2 - 1283/162*i_*zeta1*eta1^5*zeta2^4 - 1283/
         486*i_*zeta1^2*zeta2^3*eta2^5 - 2566/81*i_*zeta1^2*eta1^2*zeta2^3*
         eta2^3 - 1283/162*i_*zeta1^2*eta1^4*zeta2^3*eta2 + 1283/162*i_*
         zeta1^3*eta1*zeta2^2*eta2^4 + 2566/81*i_*zeta1^3*eta1^3*zeta2^2*
         eta2^2 + 1283/486*i_*zeta1^3*eta1^5*zeta2^2 + 1283/162*i_*zeta1^4*
         zeta2*eta2^5 - 1283/162*i_*zeta1^4*eta1^2*zeta2*eta2^3 - 1283/243*i_*
         zeta1^4*eta1^4*zeta2*eta2 - 1283/162*i_*zeta1^5*eta1*eta2^4 + 1283/
         486*i_*zeta1^5*eta1^3*eta2^2 )

       + alpha^10 * (  - 1979399/58320*eta1^2*zeta2^6*eta2^4 + 1979399/19440*
         eta1^4*zeta2^6*eta2^2 + 1979399/29160*zeta1*eta1*zeta2^5*eta2^5 + 
         1979399/29160*zeta1*eta1^3*zeta2^5*eta2^3 - 1979399/58320*zeta1^2*
         zeta2^4*eta2^6 - 1979399/5832*zeta1^2*eta1^2*zeta2^4*eta2^4 - 1979399/
         19440*zeta1^2*eta1^6*zeta2^4 + 1979399/29160*zeta1^3*eta1*zeta2^3*
         eta2^5 - 1979399/29160*zeta1^3*eta1^5*zeta2^3*eta2 + 1979399/19440*
         zeta1^4*zeta2^2*eta2^6 + 1979399/5832*zeta1^4*eta1^4*zeta2^2*eta2^2
          + 1979399/58320*zeta1^4*eta1^6*zeta2^2 - 1979399/29160*zeta1^5*
         eta1^3*zeta2*eta2^3 - 1979399/29160*zeta1^5*eta1^5*zeta2*eta2 - 
         1979399/19440*zeta1^6*eta1^2*eta2^4 + 1979399/58320*zeta1^6*eta1^4*
         eta2^2 );

    *-------------------- 
    *    4) The normalized Hamiltonians are connected by the Deprit transform
    *    with the generator:
    *
    *    W_21=U_W deltaGenerators
    *-------------------- 
    #call U(W,deltaGenerators,dw)

Time =      19.09 sec    Generated terms =        304
           dwU10         Terms in output =        304
                         Bytes used      =       8128
    Global W21=dwU'MAXORDER';
    id alpha^'MAXORDER'=0;
    B alpha;
    Print;
    .store

   W21 =
       + alpha^5 * ( 1283/108*i_*eta1^2*zeta2^4*eta2^2 - 1283/324*i_*eta1^4*
         zeta2^4 - 2566/81*i_*zeta1*eta1^3*zeta2^3*eta2 - 1283/108*i_*zeta1^2*
         zeta2^2*eta2^4 + 1283/108*i_*zeta1^2*eta1^4*zeta2^2 + 2566/81*i_*
         zeta1^3*eta1*zeta2*eta2^3 + 1283/324*i_*zeta1^4*eta2^4 - 1283/108*i_*
         zeta1^4*eta1^2*eta2^2 )

       + alpha^7 * ( 540053/3240*eta1^2*zeta2^5*eta2^3 - 540053/9720*eta1^4*
         zeta2^5*eta2 - 540053/1944*zeta1*eta1^3*zeta2^4*eta2^2 - 540053/9720*
         zeta1*eta1^5*zeta2^4 - 540053/3240*zeta1^2*zeta2^3*eta2^5 - 540053/
         1944*zeta1^2*eta1^4*zeta2^3*eta2 + 540053/1944*zeta1^3*eta1*zeta2^2*
         eta2^4 + 540053/3240*zeta1^3*eta1^5*zeta2^2 + 540053/9720*zeta1^4*
         zeta2*eta2^5 + 540053/1944*zeta1^4*eta1^2*zeta2*eta2^3 + 540053/9720*
         zeta1^5*eta1*eta2^4 - 540053/3240*zeta1^5*eta1^3*eta2^2 )

       + alpha^9 * (  - 71056501/58320*i_*eta1^2*zeta2^6*eta2^4 + 63473797/
         87480*i_*eta1^4*zeta2^6*eta2^2 - 55891093/524880*i_*eta1^6*zeta2^6 + 
         631892/3645*i_*zeta1*eta1^3*zeta2^5*eta2^3 + 631892/3645*i_*zeta1*
         eta1^5*zeta2^5*eta2 + 71056501/58320*i_*zeta1^2*zeta2^4*eta2^6 + 
         2444495/432*i_*zeta1^2*eta1^4*zeta2^4*eta2^2 + 63473797/87480*i_*
         zeta1^2*eta1^6*zeta2^4 - 631892/3645*i_*zeta1^3*eta1*zeta2^3*eta2^5
          + 631892/3645*i_*zeta1^3*eta1^5*zeta2^3*eta2 - 63473797/87480*i_*
         zeta1^4*zeta2^2*eta2^6 - 2444495/432*i_*zeta1^4*eta1^2*zeta2^2*eta2^4
          - 71056501/58320*i_*zeta1^4*eta1^6*zeta2^2 - 631892/3645*i_*zeta1^5*
         eta1*zeta2*eta2^5 - 631892/3645*i_*zeta1^5*eta1^3*zeta2*eta2^3 + 
         55891093/524880*i_*zeta1^6*eta2^6 - 63473797/87480*i_*zeta1^6*eta1^2*
         eta2^4 + 71056501/58320*i_*zeta1^6*eta1^4*eta2^2 );

    *--------------------
    *    This generator W_21 is secular (1-P_H0)W_21=0 :
    *-------------------- 
    Local PH0W21=W21;
    #call PH0()
    .sort
    Drop PH0W21;
    Local delta=W21-PH0W21;
    B alpha;
    Print;
    .store

   delta = 0;

    *-------------------- 
    *    The normalised Hamiltonians are connected by 
    *    the Deprit exponent with the generator W_21:
    *-------------------- 
    #call Uinverse(W21,eHt,h21)

Time =      19.18 sec    Generated terms =        119
       h21Uinv10         Terms in output =         71
                         Bytes used      =       1800
    write statistics;
    L delta=d3Ht-h21Uinv'MAXORDER';
    B alpha;
    Print;
    .end

Time =      19.18 sec    Generated terms =        142
           delta         Terms in output =          0
                         Bytes used      =          2

   delta = 0;

  19.18 sec out of 20.77 sec
