FORM by J.Vermaseren,version 3.3(Jul  9 2009) Run at: Tue Jan 10 14:26:56 2017
    #:TermsInSmall   200000
    *==========================================================================
    *   This file is part of the demos for 
    *    "Generalization of the explicit expression for the Deprit generator 
    *       to  Hamiltonians nonlinearly dependent on small parameter"
    *     Andrey Nikolaev, ICPT, RDTeX, Russia, 2016, Andrey.Nikolaev@rdtex.ru
    *==========================================================================
    *	The normal form and the Gustavson integral
    *       for the Toda2d Hamiltonian (Ford 1973),
    *       using the Hori approach.
    *       Hori G (1966), Publ Astron Soc Japan 18:287
    *       Algorithm by Mersman W.A., Celest. Mech. 3 (1970) 81–89.
    *       Normalisation in p,q variables.
    *===================================================================
    *          MAXORDER - maximum order in alpha,
    *          NDIM - number of dimensions
    *-------------------- 
    #define MAXORDER	"10"
    #define NDIM    	"2"
    CFunctions sqrt,qurt,asqrt,aqurt,exp; 
    Symbols l,m,n,k,alpha(:{'MAXORDER'}),
    *-------------------- 
    *			The following are the canonical variables:
    *-------------------- 
    #do j=1,'NDIM'
    	zeta'j',eta'j',P'j',Q'j',p'j',q'j'
    #enddo
    ;
    Off statistics;
    .global
    *-------------------- 
    *	1. The Hamiltonian in P,Q and eta,zeta variables is:
    *-------------------- 
    #define NAME "Toda2d"
    Global HPQ=1/2*(P1^2 + P2^2)+ 1/24*(exp(2*Q2+2*sqrt(3)*Q1)+exp(2*Q2-2*sqrt(3)*Q1
    )+exp(-4*Q2))-1/8;
    B alpha;
    Print;
    .sort

   HPQ =
       - 1/8 + 1/2*P2^2 + 1/2*P1^2 + 1/24*exp( - 4*Q2) + 1/24*exp(2*Q2 - 2*
         sqrt(3)*Q1) + 1/24*exp(2*Q2 + 2*sqrt(3)*Q1);

    id exp(m?)=sum_(n,0,{'MAXORDER'+2},m^n*invfac_(n));
    #call eidentities()
    B alpha;
    Print;
    .store

   HPQ =
       + 1/2*Q2^2 - 1/3*Q2^3 + 1/2*Q2^4 - 1/3*Q2^5 + 11/45*Q2^6 - 2/15*Q2^7 + 
         43/630*Q2^8 - 17/567*Q2^9 + 19/1575*Q2^10 - 62/14175*Q2^11 + 683/
         467775*Q2^12 + 1/2*P2^2 + 1/2*Q1^2 + Q1^2*Q2 + Q1^2*Q2^2 + 2/3*Q1^2*
         Q2^3 + 1/3*Q1^2*Q2^4 + 2/15*Q1^2*Q2^5 + 2/45*Q1^2*Q2^6 + 4/315*Q1^2*
         Q2^7 + 1/315*Q1^2*Q2^8 + 2/2835*Q1^2*Q2^9 + 2/14175*Q1^2*Q2^10 + 1/2*
         Q1^4 + Q1^4*Q2 + Q1^4*Q2^2 + 2/3*Q1^4*Q2^3 + 1/3*Q1^4*Q2^4 + 2/15*
         Q1^4*Q2^5 + 2/45*Q1^4*Q2^6 + 4/315*Q1^4*Q2^7 + 1/315*Q1^4*Q2^8 + 1/5*
         Q1^6 + 2/5*Q1^6*Q2 + 2/5*Q1^6*Q2^2 + 4/15*Q1^6*Q2^3 + 2/15*Q1^6*Q2^4
          + 4/75*Q1^6*Q2^5 + 4/225*Q1^6*Q2^6 + 3/70*Q1^8 + 3/35*Q1^8*Q2 + 3/35
         *Q1^8*Q2^2 + 2/35*Q1^8*Q2^3 + 1/35*Q1^8*Q2^4 + 1/175*Q1^10 + 2/175*
         Q1^10*Q2 + 2/175*Q1^10*Q2^2 + 1/1925*Q1^12 + 1/2*P1^2;

    *-------------------- 
    *	2. A scaling transform introduces a small parameter:
    *-------------------- 
    G H=HPQ/alpha^2;
    #do j=1,'NDIM'
    id P'j'=alpha*p'j';
    id Q'j'=alpha*q'j';
    #enddo
    .sort
    #call eidentities()
    B alpha;
    Print;
    .store

   H =
       + alpha * (  - 1/3*q2^3 + q1^2*q2 )

       + alpha^2 * ( 1/2*q2^4 + q1^2*q2^2 + 1/2*q1^4 )

       + alpha^3 * (  - 1/3*q2^5 + 2/3*q1^2*q2^3 + q1^4*q2 )

       + alpha^4 * ( 11/45*q2^6 + 1/3*q1^2*q2^4 + q1^4*q2^2 + 1/5*q1^6 )

       + alpha^5 * (  - 2/15*q2^7 + 2/15*q1^2*q2^5 + 2/3*q1^4*q2^3 + 2/5*q1^6*
         q2 )

       + alpha^6 * ( 43/630*q2^8 + 2/45*q1^2*q2^6 + 1/3*q1^4*q2^4 + 2/5*q1^6*
         q2^2 + 3/70*q1^8 )

       + alpha^7 * (  - 17/567*q2^9 + 4/315*q1^2*q2^7 + 2/15*q1^4*q2^5 + 4/15*
         q1^6*q2^3 + 3/35*q1^8*q2 )

       + alpha^8 * ( 19/1575*q2^10 + 1/315*q1^2*q2^8 + 2/45*q1^4*q2^6 + 2/15*
         q1^6*q2^4 + 3/35*q1^8*q2^2 + 1/175*q1^10 )

       + alpha^9 * (  - 62/14175*q2^11 + 2/2835*q1^2*q2^9 + 4/315*q1^4*q2^7 + 
         4/75*q1^6*q2^5 + 2/35*q1^8*q2^3 + 2/175*q1^10*q2 )

       + alpha^10 * ( 683/467775*q2^12 + 2/14175*q1^2*q2^10 + 1/315*q1^4*q2^8
          + 4/225*q1^6*q2^6 + 1/35*q1^8*q2^4 + 2/175*q1^10*q2^2 + 1/1925*q1^12
          )

       + 1/2*q2^2 + 1/2*p2^2 + 1/2*q1^2 + 1/2*p1^2;

    #call frequencies()

   Omega1 =
      1;


   Omega2 =
      1;

    Global Hpq = H;
    B alpha;
    .store
    *-------------------- 
    *	The unperturbed part is as follows:
    *-------------------- 
    Global H0 = Hpq[alpha^0];
    Print;
    .store

   H0 =
      1/2*q2^2 + 1/2*p2^2 + 1/2*q1^2 + 1/2*p1^2;

    *-------------------- 
    *   3. Hori-Mersman algorithm:
    *--------------------
    #call HoriMersmanNormalizationpq(hm)
    .store
    on statistics;
    G G=hmG'MAXORDER';
    .store

Time =       2.40 sec    Generated terms =        445
               G         Terms in output =        445
                         Bytes used      =      11934
    G Htpq=hmHt'MAXORDER';
    B alpha;
    Print;
    .store

   Htpq =
       + alpha^2 * ( 1/12*q2^4 + 1/6*p2^2*q2^2 + 1/12*p2^4 + 1/6*q1^2*q2^2 + 1/
         2*q1^2*p2^2 + 1/12*q1^4 - 2/3*p1*q1*p2*q2 + 1/2*p1^2*q2^2 + 1/6*p1^2*
         p2^2 + 1/6*p1^2*q1^2 + 1/12*p1^4 )

       + alpha^4 * ( 5/216*q2^6 + 5/72*p2^2*q2^4 + 5/72*p2^4*q2^2 + 5/216*p2^6
          + 5/72*q1^2*q2^4 - 1/4*q1^2*p2^2*q2^2 - 23/72*q1^2*p2^4 + 5/72*q1^4*
         q2^2 - 23/72*q1^4*p2^2 + 5/216*q1^6 + 7/9*p1*q1*p2*q2^3 + 7/9*p1*q1*
         p2^3*q2 + 7/9*p1*q1^3*p2*q2 - 23/72*p1^2*q2^4 - 1/4*p1^2*p2^2*q2^2 + 
         5/72*p1^2*p2^4 - 1/4*p1^2*q1^2*q2^2 - 1/4*p1^2*q1^2*p2^2 + 5/72*p1^2*
         q1^4 + 7/9*p1^3*q1*p2*q2 - 23/72*p1^4*q2^2 + 5/72*p1^4*p2^2 + 5/72*
         p1^4*q1^2 + 5/216*p1^6 )

       + alpha^6 * (  - 515/7776*q2^8 - 515/1944*p2^2*q2^6 - 515/1296*p2^4*
         q2^4 - 515/1944*p2^6*q2^2 - 515/7776*p2^8 - 515/1944*q1^2*q2^6 - 71/
         216*q1^2*p2^2*q2^4 + 89/648*q1^2*p2^4*q2^2 + 391/1944*q1^2*p2^6 - 515/
         1296*q1^4*q2^4 + 89/648*q1^4*p2^2*q2^2 + 4583/3888*q1^4*p2^4 - 515/
         1944*q1^6*q2^2 + 391/1944*q1^6*p2^2 - 515/7776*q1^8 - 151/162*p1*q1*
         p2*q2^5 - 151/81*p1*q1*p2^3*q2^3 - 151/162*p1*q1*p2^5*q2 - 151/81*p1*
         q1^3*p2*q2^3 - 1079/243*p1*q1^3*p2^3*q2 - 151/162*p1*q1^5*p2*q2 + 391/
         1944*p1^2*q2^6 + 89/648*p1^2*p2^2*q2^4 - 71/216*p1^2*p2^4*q2^2 - 515/
         1944*p1^2*p2^6 + 89/648*p1^2*q1^2*q2^4 + 149/36*p1^2*q1^2*p2^2*q2^2
          + 89/648*p1^2*q1^2*p2^4 - 71/216*p1^2*q1^4*q2^2 + 89/648*p1^2*q1^4*
         p2^2 - 515/1944*p1^2*q1^6 - 1079/243*p1^3*q1*p2*q2^3 - 151/81*p1^3*q1
         *p2^3*q2 - 151/81*p1^3*q1^3*p2*q2 + 4583/3888*p1^4*q2^4 + 89/648*p1^4
         *p2^2*q2^2 - 515/1296*p1^4*p2^4 + 89/648*p1^4*q1^2*q2^2 - 71/216*p1^4
         *q1^2*p2^2 - 515/1296*p1^4*q1^4 - 151/162*p1^5*q1*p2*q2 + 391/1944*
         p1^6*q2^2 - 515/1944*p1^6*p2^2 - 515/1944*p1^6*q1^2 - 515/7776*p1^8 )

       + alpha^8 * ( 10759/93312*q2^10 + 53795/93312*p2^2*q2^8 + 53795/46656*
         p2^4*q2^6 + 53795/46656*p2^6*q2^4 + 53795/93312*p2^8*q2^2 + 10759/
         93312*p2^10 + 53795/93312*q1^2*q2^8 + 144623/77760*q1^2*p2^2*q2^6 + 
         82447/38880*q1^2*p2^4*q2^4 + 225707/233280*q1^2*p2^6*q2^2 + 6757/
         51840*q1^2*p2^8 + 53795/46656*q1^4*q2^6 + 21607/3888*q1^4*p2^2*q2^4
          + 485783/233280*q1^4*p2^4*q2^2 - 90277/38880*q1^4*p2^6 + 53795/46656
         *q1^6*q2^4 - 61757/46656*q1^6*p2^2*q2^2 - 67409/19440*q1^6*p2^4 + 
         53795/93312*q1^8*q2^2 + 8851/17280*q1^8*p2^2 + 10759/93312*q1^10 + 
         104081/116640*p1*q1*p2*q2^7 + 104081/38880*p1*q1*p2^3*q2^5 + 104081/
         38880*p1*q1*p2^5*q2^3 + 104081/116640*p1*q1*p2^7*q2 - 32633/7776*p1*
         q1^3*p2*q2^5 + 810637/58320*p1*q1^3*p2^3*q2^3 + 2110769/116640*p1*
         q1^3*p2^5*q2 + 56449/7776*p1*q1^5*p2*q2^3 + 1309031/116640*p1*q1^5*
         p2^3*q2 + 14999/116640*p1*q1^7*p2*q2 + 6757/51840*p1^2*q2^8 + 225707/
         233280*p1^2*p2^2*q2^6 + 82447/38880*p1^2*p2^4*q2^4 + 144623/77760*
         p1^2*p2^6*q2^2 + 53795/93312*p1^2*p2^8 + 205489/46656*p1^2*q1^2*q2^6
          - 524273/25920*p1^2*q1^2*p2^2*q2^4 - 524273/25920*p1^2*q1^2*p2^4*
         q2^2 + 205489/46656*p1^2*q1^2*p2^6 - 1327/7776*p1^2*q1^4*q2^4 - 
         257027/25920*p1^2*q1^4*p2^2*q2^2 - 1117693/233280*p1^2*q1^4*p2^4 + 
         174317/77760*p1^2*q1^6*q2^2 + 492953/233280*p1^2*q1^6*p2^2 + 53795/
         93312*p1^2*q1^8 + 2110769/116640*p1^3*q1*p2*q2^5 + 810637/58320*p1^3*
         q1*p2^3*q2^3 - 32633/7776*p1^3*q1*p2^5*q2 + 1077883/58320*p1^3*q1^3*
         p2*q2^3 + 1077883/58320*p1^3*q1^3*p2^3*q2 + 14999/38880*p1^3*q1^5*p2*
         q2 - 90277/38880*p1^4*q2^6 + 485783/233280*p1^4*p2^2*q2^4 + 21607/
         3888*p1^4*p2^4*q2^2 + 53795/46656*p1^4*p2^6 - 1117693/233280*p1^4*
         q1^2*q2^4 - 257027/25920*p1^4*q1^2*p2^2*q2^2 - 1327/7776*p1^4*q1^2*
         p2^4 + 31747/9720*p1^4*q1^4*q2^2 + 31747/9720*p1^4*q1^4*p2^2 + 53795/
         46656*p1^4*q1^6 + 1309031/116640*p1^5*q1*p2*q2^3 + 56449/7776*p1^5*q1
         *p2^3*q2 + 14999/38880*p1^5*q1^3*p2*q2 - 67409/19440*p1^6*q2^4 - 
         61757/46656*p1^6*p2^2*q2^2 + 53795/46656*p1^6*p2^4 + 492953/233280*
         p1^6*q1^2*q2^2 + 174317/77760*p1^6*q1^2*p2^2 + 53795/46656*p1^6*q1^4
          + 14999/116640*p1^7*q1*p2*q2 + 8851/17280*p1^8*q2^2 + 53795/93312*
         p1^8*p2^2 + 53795/93312*p1^8*q1^2 + 10759/93312*p1^10 )

       + alpha^10 * (  - 144683/839808*q2^12 - 144683/139968*p2^2*q2^10 - 
         723415/279936*p2^4*q2^8 - 723415/209952*p2^6*q2^6 - 723415/279936*
         p2^8*q2^4 - 144683/139968*p2^10*q2^2 - 144683/839808*p2^12 - 144683/
         139968*q1^2*q2^10 - 63072481/13063680*q1^2*p2^2*q2^8 - 87939343/
         9797760*q1^2*p2^4*q2^6 - 162539929/19595520*q1^2*p2^6*q2^4 - 4144477/
         1088640*q1^2*p2^8*q2^2 - 27172483/39191040*q1^2*p2^10 - 723415/279936
         *q1^4*q2^8 - 82920797/2799360*q1^4*p2^2*q2^6 - 195915707/3919104*q1^4
         *p2^4*q2^4 - 140125511/6531840*q1^4*p2^6*q2^2 + 9798491/6531840*q1^4*
         p2^8 - 723415/209952*q1^6*q2^6 - 1062127/69984*q1^6*p2^2*q2^4 - 18821/
         23328*q1^6*p2^4*q2^2 + 1137827/69984*q1^6*p2^6 - 723415/279936*q1^8*
         q2^4 + 794491/103680*q1^8*p2^2*q2^2 + 39766409/6531840*q1^8*p2^4 - 
         144683/139968*q1^10*q2^2 - 117076237/39191040*q1^10*p2^2 - 144683/
         839808*q1^12 - 13338757/19595520*p1*q1*p2*q2^9 - 13338757/4898880*p1*
         q1*p2^3*q2^7 - 13338757/3265920*p1*q1*p2^5*q2^5 - 13338757/4898880*p1
         *q1*p2^7*q2^3 - 13338757/19595520*p1*q1*p2^9*q2 + 53984197/1399680*p1
         *q1^3*p2*q2^7 + 217820333/9797760*p1*q1^3*p2^3*q2^5 - 698027471/
         9797760*p1*q1^3*p2^5*q2^3 - 35863895/653184*p1*q1^3*p2^7*q2 + 14113/
         1458*p1*q1^5*p2*q2^5 - 125708/2187*p1*q1^5*p2^3*q2^3 - 144581/1458*p1
         *q1^5*p2^5*q2 - 35919557/1399680*p1*q1^7*p2*q2^3 - 5895977/653184*p1*
         q1^7*p2^3*q2 + 76564997/19595520*p1*q1^9*p2*q2 - 27172483/39191040*
         p1^2*q2^10 - 4144477/1088640*p1^2*p2^2*q2^8 - 162539929/19595520*p1^2
         *p2^4*q2^6 - 87939343/9797760*p1^2*p2^6*q2^4 - 63072481/13063680*p1^2
         *p2^8*q2^2 - 144683/139968*p1^2*p2^10 - 7605833/311040*p1^2*q1^2*q2^8
          + 34619729/816480*p1^2*q1^2*p2^2*q2^6 + 87336065/653184*p1^2*q1^2*
         p2^4*q2^4 + 34619729/816480*p1^2*q1^2*p2^6*q2^2 - 7605833/311040*p1^2
         *q1^2*p2^8 - 1062127/69984*p1^2*q1^4*q2^6 + 1513721/23328*p1^2*q1^4*
         p2^2*q2^4 + 1238483/7776*p1^2*q1^4*p2^4*q2^2 - 18821/23328*p1^2*q1^4*
         p2^6 + 6982957/2799360*p1^2*q1^6*q2^4 + 4651811/816480*p1^2*q1^6*p2^2
         *q2^2 + 129585751/6531840*p1^2*q1^6*p2^4 - 93040399/13063680*p1^2*
         q1^8*q2^2 - 4711261/362880*p1^2*q1^8*p2^2 - 144683/139968*p1^2*q1^10
          - 35863895/653184*p1^3*q1*p2*q2^7 - 698027471/9797760*p1^3*q1*p2^3*
         q2^5 + 217820333/9797760*p1^3*q1*p2^5*q2^3 + 53984197/1399680*p1^3*q1
         *p2^7*q2 - 125708/2187*p1^3*q1^3*p2*q2^5 - 1454188/6561*p1^3*q1^3*
         p2^3*q2^3 - 125708/2187*p1^3*q1^3*p2^5*q2 - 591313453/9797760*p1^3*
         q1^5*p2*q2^3 - 428316209/9797760*p1^3*q1^5*p2^3*q2 + 76564997/4898880
         *p1^3*q1^7*p2*q2 + 9798491/6531840*p1^4*q2^8 - 140125511/6531840*p1^4
         *p2^2*q2^6 - 195915707/3919104*p1^4*p2^4*q2^4 - 82920797/2799360*p1^4
         *p2^6*q2^2 - 723415/279936*p1^4*p2^8 - 18821/23328*p1^4*q1^2*q2^6 + 
         1238483/7776*p1^4*q1^2*p2^2*q2^4 + 1513721/23328*p1^4*q1^2*p2^4*q2^2
          - 1062127/69984*p1^4*q1^2*p2^6 + 73795555/3919104*p1^4*q1^4*q2^4 - 
         2567689/653184*p1^4*q1^4*p2^2*q2^2 + 73795555/3919104*p1^4*q1^4*p2^4
          - 177843097/9797760*p1^4*q1^6*q2^2 - 432251191/19595520*p1^4*q1^6*
         p2^2 - 723415/279936*p1^4*q1^8 - 144581/1458*p1^5*q1*p2*q2^5 - 125708/
         2187*p1^5*q1*p2^3*q2^3 + 14113/1458*p1^5*q1*p2^5*q2 - 428316209/
         9797760*p1^5*q1^3*p2*q2^3 - 591313453/9797760*p1^5*q1^3*p2^3*q2 + 
         76564997/3265920*p1^5*q1^5*p2*q2 + 1137827/69984*p1^6*q2^6 - 18821/
         23328*p1^6*p2^2*q2^4 - 1062127/69984*p1^6*p2^4*q2^2 - 723415/209952*
         p1^6*p2^6 + 129585751/6531840*p1^6*q1^2*q2^4 + 4651811/816480*p1^6*
         q1^2*p2^2*q2^2 + 6982957/2799360*p1^6*q1^2*p2^4 - 432251191/19595520*
         p1^6*q1^4*q2^2 - 177843097/9797760*p1^6*q1^4*p2^2 - 723415/209952*
         p1^6*q1^6 - 5895977/653184*p1^7*q1*p2*q2^3 - 35919557/1399680*p1^7*q1
         *p2^3*q2 + 76564997/4898880*p1^7*q1^3*p2*q2 + 39766409/6531840*p1^8*
         q2^4 + 794491/103680*p1^8*p2^2*q2^2 - 723415/279936*p1^8*p2^4 - 
         4711261/362880*p1^8*q1^2*q2^2 - 93040399/13063680*p1^8*q1^2*p2^2 - 
         723415/279936*p1^8*q1^4 + 76564997/19595520*p1^9*q1*p2*q2 - 117076237/
         39191040*p1^10*q2^2 - 144683/139968*p1^10*p2^2 - 144683/139968*p1^10*
         q1^2 - 144683/839808*p1^12 )

       + 1/2*q2^2 + 1/2*p2^2 + 1/2*q1^2 + 1/2*p1^2;

    *--------------------
    *   5. The  transformed Hamiltonian
    *      in eta,zeta variables is as follows:
    *--------------------
    G Htetazeta=Htpq;
    #call pqtoetazeta()
    B alpha;
    Print;
    .store

   Htetazeta =
       + alpha^2 * (  - 1/3*zeta2^2*eta2^2 + 1/3*eta1^2*zeta2^2 - 4/3*zeta1*
         eta1*zeta2*eta2 + 1/3*zeta1^2*eta2^2 - 1/3*zeta1^2*eta1^2 )

       + alpha^4 * (  - 5/27*i_*zeta2^3*eta2^3 - 7/9*i_*eta1^2*zeta2^3*eta2 + 
         i_*zeta1*eta1*zeta2^2*eta2^2 - 7/9*i_*zeta1*eta1^3*zeta2^2 - 7/9*i_*
         zeta1^2*zeta2*eta2^3 + i_*zeta1^2*eta1^2*zeta2*eta2 - 7/9*i_*zeta1^3*
         eta1*eta2^2 - 5/27*i_*zeta1^3*eta1^3 )

       + alpha^6 * (  - 515/486*zeta2^4*eta2^4 - 151/81*eta1^2*zeta2^4*eta2^2
          + 313/486*eta1^4*zeta2^4 - 124/243*zeta1*eta1*zeta2^3*eta2^3 - 1532/
         243*zeta1*eta1^3*zeta2^3*eta2 - 151/81*zeta1^2*zeta2^2*eta2^4 + 134/
         27*zeta1^2*eta1^2*zeta2^2*eta2^2 - 151/81*zeta1^2*eta1^4*zeta2^2 - 
         1532/243*zeta1^3*eta1*zeta2*eta2^3 - 124/243*zeta1^3*eta1^3*zeta2*
         eta2 + 313/486*zeta1^4*eta2^4 - 151/81*zeta1^4*eta1^2*eta2^2 - 515/
         486*zeta1^4*eta1^4 )

       + alpha^8 * ( 10759/2916*i_*zeta2^5*eta2^5 + 104081/29160*i_*eta1^2*
         zeta2^5*eta2^3 - 325033/29160*i_*eta1^4*zeta2^5*eta2 + 82447/7290*i_*
         zeta1*eta1*zeta2^4*eta2^4 + 810637/29160*i_*zeta1*eta1^3*zeta2^4*
         eta2^2 - 57787/29160*i_*zeta1*eta1^5*zeta2^4 + 104081/29160*i_*
         zeta1^2*zeta2^3*eta2^5 + 26173/7290*i_*zeta1^2*eta1^2*zeta2^3*eta2^3
          + 1077883/29160*i_*zeta1^2*eta1^4*zeta2^3*eta2 + 810637/29160*i_*
         zeta1^3*eta1*zeta2^2*eta2^4 - 241073/7290*i_*zeta1^3*eta1^3*zeta2^2*
         eta2^2 + 14999/29160*i_*zeta1^3*eta1^5*zeta2^2 - 325033/29160*i_*
         zeta1^4*zeta2*eta2^5 + 1077883/29160*i_*zeta1^4*eta1^2*zeta2*eta2^3
          + 63494/3645*i_*zeta1^4*eta1^4*zeta2*eta2 - 57787/29160*i_*zeta1^5*
         eta1*eta2^4 + 14999/29160*i_*zeta1^5*eta1^3*eta2^2 + 10759/2916*i_*
         zeta1^5*eta1^5 )

       + alpha^10 * ( 144683/13122*zeta2^6*eta2^6 + 13338757/2449440*eta1^2*
         zeta2^6*eta2^4 - 228961951/2449440*eta1^4*zeta2^6*eta2^2 + 34997/6561
         *eta1^6*zeta2^6 + 22561241/408240*zeta1*eta1*zeta2^5*eta2^5 + 
         80034523/1224720*zeta1*eta1^3*zeta2^5*eta2^3 - 26449/243*zeta1*eta1^5
         *zeta2^5*eta2 + 13338757/2449440*zeta1^2*zeta2^4*eta2^6 + 18096607/
         81648*zeta1^2*eta1^2*zeta2^4*eta2^4 + 75313/243*zeta1^2*eta1^4*
         zeta2^4*eta2^2 + 40749311/2449440*zeta1^2*eta1^6*zeta2^4 + 80034523/
         1224720*zeta1^3*eta1*zeta2^3*eta2^5 - 1261820/6561*zeta1^3*eta1^3*
         zeta2^3*eta2^3 + 169938277/1224720*zeta1^3*eta1^5*zeta2^3*eta2 - 
         228961951/2449440*zeta1^4*zeta2^2*eta2^6 + 75313/243*zeta1^4*eta1^2*
         zeta2^2*eta2^4 - 11871311/81648*zeta1^4*eta1^4*zeta2^2*eta2^2 - 
         76564997/2449440*zeta1^4*eta1^6*zeta2^2 - 26449/243*zeta1^5*eta1*
         zeta2*eta2^5 + 169938277/1224720*zeta1^5*eta1^3*zeta2*eta2^3 + 
         52529159/408240*zeta1^5*eta1^5*zeta2*eta2 + 34997/6561*zeta1^6*eta2^6
          + 40749311/2449440*zeta1^6*eta1^2*eta2^4 - 76564997/2449440*zeta1^6*
         eta1^4*eta2^2 + 144683/13122*zeta1^6*eta1^6 )

       + i_*zeta2*eta2 + i_*zeta1*eta1;

    *--------------------
    *   6. The normalized Hamiltonian is commutative with H0
    *--------------------
    #call Lpq(H0,Htpq)
    Drop Pb'NDIM';
    L delta=Pb'NDIM';
    B alpha;
    Print;
    .store

   delta = 0;

    *--------------------
    *  7. The Gustavson-Hori first integral I_G=U_G^-1 H0
    *--------------------
    G IGH=H0;
    B alpha;
    *Print;
    .store
    #call HoriMersmanInversepq(hmG'MAXORDER',IGH,h)

Time =       4.19 sec    Generated terms =        467
        hHMinv10         Terms in output =        467
                         Bytes used      =      10388
    G IGH0= hHMinv'MAXORDER';
    B alpha;
    Print;
    .store

   IGH0 =
       + alpha * (  - 1/3*q2^3 + q1^2*q2 )

       + alpha^2 * ( 5/12*q2^4 - 1/6*p2^2*q2^2 - 1/12*p2^4 + 5/6*q1^2*q2^2 - 1/
         2*q1^2*p2^2 + 5/12*q1^4 + 2/3*p1*q1*p2*q2 - 1/2*p1^2*q2^2 - 1/6*p1^2*
         p2^2 - 1/6*p1^2*q1^2 - 1/12*p1^4 )

       + alpha^3 * (  - 2/9*q2^5 + 1/9*p2^2*q2^3 + 4/9*q1^2*q2^3 - 5/3*q1^2*
         p2^2*q2 + 2/3*q1^4*q2 + 2/3*p1*q1*p2*q2^2 - 4/3*p1*q1*p2^3 + 2/3*p1*
         q1^3*p2 + 7/9*p1^2*q2^3 + 4/3*p1^2*p2^2*q2 - p1^2*q1^2*q2 + 4/9*p1^3*
         q1*p2 - 4/9*p1^4*q2 )

       + alpha^4 * ( 49/1080*q2^6 - 11/72*p2^2*q2^4 + 1/72*p2^4*q2^2 + 1/216*
         p2^6 + 5/72*q1^2*q2^4 - 19/12*q1^2*p2^2*q2^2 + 101/72*q1^2*p2^4 + 13/
         72*q1^4*q2^2 - 7/72*q1^4*p2^2 + 41/1080*q1^6 - 13/9*p1*q1*p2*q2^3 - 
         49/9*p1*q1*p2^3*q2 + 11/9*p1*q1^3*p2*q2 - 31/72*p1^2*q2^4 + 1/12*p1^2
         *p2^2*q2^2 - 95/72*p1^2*p2^4 + 5/12*p1^2*q1^2*q2^2 + 11/4*p1^2*q1^2*
         p2^2 - 35/72*p1^2*q1^4 - 17/9*p1^3*q1*p2*q2 + 133/72*p1^4*q2^2 + 65/
         72*p1^4*p2^2 - 31/72*p1^4*q1^2 - 31/216*p1^6 )

       + alpha^5 * ( 43/540*q2^7 + 5/54*p2^2*q2^5 - 1/108*p2^4*q2^3 - 43/540*
         q1^2*q2^5 + 8/9*q1^2*p2^2*q2^3 + 67/12*q1^2*p2^4*q2 - 43/108*q1^4*
         q2^3 + 49/18*q1^4*p2^2*q2 - 43/180*q1^6*q2 + 5/27*p1*q1*p2*q2^4 + 1/9
         *p1*q1*p2^3*q2^2 + 50/9*p1*q1*p2^5 - 40/9*p1*q1^3*p2*q2^2 + 1/9*p1*
         q1^3*p2^3 - 7/9*p1*q1^5*p2 - 7/6*p1^2*q2^5 - 307/54*p1^2*p2^2*q2^3 - 
         50/9*p1^2*p2^4*q2 + 34/27*p1^2*q1^2*q2^3 + 11/2*p1^2*q1^2*p2^2*q2 + 1/
         2*p1^2*q1^4*q2 - 101/27*p1^3*q1*p2*q2^2 + 100/27*p1^3*q1*p2^3 - 101/
         27*p1^3*q1^3*p2 - 197/108*p1^4*q2^3 - 100/27*p1^4*p2^2*q2 + 407/108*
         p1^4*q1^2*q2 - 50/27*p1^5*q1*p2 + 50/27*p1^6*q2 )

       + alpha^6 * (  - 4171/54432*q2^8 + 2413/9720*p2^2*q2^6 + 593/1296*p2^4*
         q2^4 + 575/1944*p2^6*q2^2 + 575/7776*p2^8 + 407/1944*q1^2*q2^6 + 493/
         216*q1^2*p2^2*q2^4 + 2893/648*q1^2*p2^4*q2^2 - 6775/1944*q1^2*p2^6 - 
         373/1296*q1^4*q2^4 + 8437/648*q1^4*p2^2*q2^2 - 15821/3888*q1^4*p2^4
          - 1153/1944*q1^6*q2^2 + 12511/9720*q1^6*p2^2 - 1051/54432*q1^8 + 
         1667/810*p1*q1*p2*q2^5 + 1231/81*p1*q1*p2^3*q2^3 + 3025/162*p1*q1*
         p2^5*q2 - 533/81*p1*q1^3*p2*q2^3 + 6179/243*p1*q1^3*p2^3*q2 - 6997/
         810*p1*q1^5*p2*q2 + 31399/9720*p1^2*q2^6 + 4753/648*p1^2*p2^2*q2^4 + 
         1775/216*p1^2*p2^4*q2^2 + 11375/1944*p1^2*p2^6 - 1787/648*p1^2*q1^2*
         q2^4 - 827/36*p1^2*q1^2*p2^2*q2^2 - 4325/648*p1^2*q1^2*p2^4 + 1013/
         216*p1^2*q1^4*q2^2 - 2543/648*p1^2*q1^4*p2^2 + 9517/9720*p1^2*q1^6 + 
         4319/243*p1^3*q1*p2*q2^3 + 1825/81*p1^3*q1*p2^3*q2 - 581/81*p1^3*q1^3
         *p2*q2 - 19541/3888*p1^4*q2^4 - 4325/648*p1^4*p2^2*q2^2 + 2975/1296*
         p1^4*p2^4 - 683/648*p1^4*q1^2*q2^2 - 2225/216*p1^4*q1^2*p2^2 + 4217/
         1296*p1^4*q1^4 + 625/162*p1^5*q1*p2*q2 - 9175/1944*p1^6*q2^2 - 5425/
         1944*p1^6*p2^2 + 5375/1944*p1^6*q1^2 + 5375/7776*p1^8 )

       + alpha^7 * (  - 79/1701*q2^9 - 2839/4860*p2^2*q2^7 - 146/243*p2^4*q2^5
          - 575/2916*p2^6*q2^3 - 181/2835*q1^2*q2^7 - 11/36*q1^2*p2^2*q2^5 - 
         2233/243*q1^2*p2^4*q2^3 - 14125/972*q1^2*p2^6*q2 + 623/1215*q1^4*q2^5
          + 16415/972*q1^4*p2^2*q2^3 - 10087/243*q1^4*p2^4*q2 + 863/3645*q1^6*
         q2^3 + 167/36*q1^6*p2^2*q2 + 1366/8505*q1^8*q2 - 9113/2430*p1*q1*p2*
         q2^6 - 1541/243*p1*q1*p2^3*q2^4 - 625/54*p1*q1*p2^5*q2^2 - 1225/81*p1
         *q1*p2^7 + 3761/486*p1*q1^3*p2*q2^4 + 25054/243*p1*q1^3*p2^3*q2^2 - 
         15425/486*p1*q1^3*p2^5 - 11017/810*p1*q1^5*p2*q2^2 + 20431/1215*p1*
         q1^5*p2^3 - 931/810*p1*q1^7*p2 - 13013/4860*p1^2*q2^7 + 2222/405*p1^2
         *p2^2*q2^5 + 21775/972*p1^2*p2^4*q2^3 + 1225/81*p1^2*p2^6*q2 + 5779/
         1620*p1^2*q1^2*q2^5 - 926/27*p1^2*q1^2*p2^2*q2^3 + 17725/324*p1^2*
         q1^2*p2^4*q2 - 563/972*p1^2*q1^4*q2^3 - 5392/81*p1^2*q1^4*p2^2*q2 + 
         2779/540*p1^2*q1^6*q2 - 601/81*p1^3*q1*p2*q2^4 - 14125/243*p1^3*q1*
         p2^3*q2^2 - 6125/243*p1^3*q1*p2^5 + 13682/243*p1^3*q1^3*p2*q2^2 + 
         6625/729*p1^3*q1^3*p2^3 + 8273/1215*p1^3*q1^5*p2 + 8326/405*p1^4*q2^5
          + 16175/324*p1^4*p2^2*q2^3 + 6125/243*p1^4*p2^4*q2 - 1859/81*p1^4*
         q1^2*q2^3 - 4675/108*p1^4*q1^2*p2^2*q2 - 403/243*p1^4*q1^4*q2 + 5525/
         162*p1^5*q1*p2*q2^2 - 1225/243*p1^5*q1*p2^3 + 6775/486*p1^5*q1^3*p2
          - 5975/972*p1^6*q2^3 + 1225/243*p1^6*p2^2*q2 - 3925/324*p1^6*q1^2*q2
          + 1225/243*p1^7*q1*p2 - 1225/243*p1^8*q2 )

       + alpha^8 * ( 1017409/5443200*q2^10 + 133067/362880*p2^2*q2^8 - 60097/
         77760*p2^4*q2^6 - 73175/46656*p2^6*q2^4 - 86975/93312*p2^8*q2^2 - 
         17395/93312*p2^10 - 57811/217728*q1^2*q2^8 - 103771/38880*q1^2*p2^2*
         q2^6 - 220531/15552*q1^2*p2^4*q2^4 - 242225/23328*q1^2*p2^6*q2^2 + 
         23275/3456*q1^2*p2^8 + 6973/25920*q1^4*q2^6 - 44521/5184*q1^4*p2^2*
         q2^4 - 6171829/46656*q1^4*p2^4*q2^2 + 493375/15552*q1^4*p2^6 + 99649/
         46656*q1^6*q2^4 - 1808317/116640*q1^6*p2^2*q2^2 - 127493/77760*q1^6*
         p2^4 + 4794179/3265920*q1^8*q2^2 - 682589/362880*q1^8*p2^2 + 874787/
         16329600*q1^10 + 170543/68040*p1*q1*p2*q2^7 - 57727/3240*p1*q1*p2^3*
         q2^5 - 124025/1944*p1*q1*p2^5*q2^3 - 265825/5832*p1*q1*p2^7*q2 + 
         53579/9720*p1*q1^3*p2*q2^5 + 139507/2916*p1*q1^3*p2^3*q2^3 - 1878175/
         5832*p1*q1^3*p2^5*q2 + 269387/9720*p1*q1^5*p2*q2^3 + 1914613/29160*p1
         *q1^5*p2^3*q2 + 1749133/204120*p1*q1^7*p2*q2 - 3851959/1088640*p1^2*
         q2^8 - 393277/12960*p1^2*p2^2*q2^6 - 798275/15552*p1^2*p2^4*q2^4 - 
         322175/7776*p1^2*p2^6*q2^2 - 1498175/93312*p1^2*p2^8 - 1649/2592*p1^2
         *q1^2*q2^6 + 8551/96*p1^2*q1^2*p2^2*q2^4 + 307375/864*p1^2*q1^2*p2^4*
         q2^2 - 1314425/23328*p1^2*q1^2*p2^6 - 113755/15552*p1^2*q1^4*q2^4 - 
         119473/864*p1^2*q1^4*p2^2*q2^2 + 5052875/46656*p1^2*q1^4*p2^4 - 18623/
         7776*p1^2*q1^6*q2^2 - 2708821/116640*p1^2*q1^6*p2^2 - 162137/653184*
         p1^2*q1^8 - 210691/3240*p1^3*q1*p2*q2^5 - 180175/972*p1^3*q1*p2^3*
         q2^3 + 15925/648*p1^3*q1*p2^5*q2 + 26977/972*p1^3*q1^3*p2*q2^3 - 
         727325/2916*p1^3*q1^3*p2^3*q2 + 901843/9720*p1^3*q1^5*p2*q2 - 655847/
         25920*p1^4*q2^6 - 30325/576*p1^4*p2^2*q2^4 - 1218875/15552*p1^4*p2^4*
         q2^2 - 1027775/46656*p1^4*p2^6 + 268387/5184*p1^4*q1^2*q2^4 + 550525/
         2592*p1^4*q1^2*p2^2*q2^2 + 1133125/15552*p1^4*q1^2*p2^4 - 9107/192*
         p1^4*q1^4*q2^2 - 26675/15552*p1^4*q1^4*p2^2 - 1696051/233280*p1^4*
         q1^6 - 78775/648*p1^5*q1*p2*q2^3 - 265825/1944*p1^5*q1*p2^3*q2 + 
         141175/1944*p1^5*q1^3*p2*q2 + 944975/15552*p1^6*q2^4 + 184975/2592*
         p1^6*p2^2*q2^2 + 23275/15552*p1^6*p2^4 - 205675/7776*p1^6*q1^2*q2^2
          + 148225/7776*p1^6*q1^2*p2^2 - 227725/15552*p1^6*q1^4 + 15925/1944*
         p1^7*q1*p2*q2 + 52675/31104*p1^8*q2^2 + 60025/10368*p1^8*p2^2 - 96775/
         10368*p1^8*q1^2 - 19355/10368*p1^10 )

       + alpha^9 * (  - 13234013/73483200*q2^11 + 439615/734832*p2^2*q2^9 + 
         296443/116640*p2^4*q2^7 + 80075/34992*p2^6*q2^5 + 86975/139968*p2^8*
         q2^3 + 7666823/14696640*q1^2*q2^9 - 2461/22680*q1^2*p2^2*q2^7 + 
         595957/116640*q1^2*p2^4*q2^5 + 138925/4374*q1^2*p2^6*q2^3 + 1343825/
         46656*q1^2*p2^8*q2 - 645677/816480*q1^4*q2^7 - 251909/7290*q1^4*p2^2*
         q2^5 - 7688729/69984*q1^4*p2^4*q2^3 + 3195575/11664*q1^4*p2^6*q2 + 
         2501407/1749600*q1^6*q2^5 - 8908591/87480*q1^6*p2^2*q2^3 + 9088871/
         116640*q1^6*p2^4*q2 + 15816721/4898880*q1^8*q2^3 - 9875099/408240*
         q1^8*p2^2*q2 + 2501407/8164800*q1^10*q2 + 198059/40824*p1*q1*p2*q2^8
          + 923519/29160*p1*q1*p2^3*q2^6 + 248225/5832*p1*q1*p2^5*q2^4 + 
         270725/5832*p1*q1*p2^7*q2^2 + 89425/2916*p1*q1*p2^9 - 6427/2916*p1*
         q1^3*p2*q2^6 - 4658629/17496*p1*q1^3*p2^3*q2^4 - 424075/486*p1*q1^3*
         p2^5*q2^2 + 1456525/5832*p1*q1^3*p2^7 + 49639/729*p1*q1^5*p2*q2^4 - 
         7600987/29160*p1*q1^5*p2^3*q2^2 - 202445/5832*p1*q1^5*p2^5 + 1628821/
         20412*p1*q1^7*p2*q2^2 - 7527487/204120*p1*q1^7*p2^3 + 189821/40824*p1
         *q1^9*p2 + 1351309/104976*p1^2*q2^9 + 15881267/408240*p1^2*p2^2*q2^7
          + 205/432*p1^2*p2^4*q2^5 - 1904875/34992*p1^2*p2^6*q2^3 - 89425/2916
         *p1^2*p2^8*q2 - 2492219/204120*p1^2*q1^2*q2^7 + 340627/6480*p1^2*q1^2
         *p2^2*q2^5 + 70825/2916*p1^2*q1^2*p2^4*q2^3 - 1133125/1296*p1^2*q1^2*
         p2^6*q2 - 1787/1620*p1^2*q1^4*q2^5 + 4173043/11664*p1^2*q1^4*p2^2*
         q2^3 + 7695325/11664*p1^2*q1^4*p2^4*q2 - 2793721/87480*p1^2*q1^6*q2^3
          + 2189929/58320*p1^2*q1^6*p2^2*q2 - 1648873/136080*p1^2*q1^8*q2 + 
         12445081/87480*p1^3*q1*p2*q2^6 + 1618075/2916*p1^3*q1*p2^3*q2^4 + 
         4594975/5832*p1^3*q1*p2^5*q2^2 + 2450/2187*p1^3*q1*p2^7 - 1838419/
         5832*p1^3*q1^3*p2*q2^4 - 2001100/2187*p1^3*q1^3*p2^3*q2^2 + 5484325/
         17496*p1^3*q1^3*p2^5 + 1265729/29160*p1^3*q1^5*p2*q2^2 - 2020345/8748
         *p1^3*q1^5*p2^3 + 11024687/612360*p1^3*q1^7*p2 - 70998829/2449440*
         p1^4*q2^7 - 2188885/11664*p1^4*p2^2*q2^5 - 5151125/23328*p1^4*p2^4*
         q2^3 - 2450/2187*p1^4*p2^6*q2 - 1067767/116640*p1^4*q1^2*q2^5 + 80575/
         243*p1^4*q1^2*p2^2*q2^3 - 8458625/23328*p1^4*q1^2*p2^4*q2 + 1352833/
         23328*p1^4*q1^4*q2^3 + 6248525/11664*p1^4*q1^4*p2^2*q2 - 17498903/
         349920*p1^4*q1^6*q2 - 344075/5832*p1^5*q1*p2*q2^4 + 64925/216*p1^5*q1
         *p2^3*q2^2 + 207025/1458*p1^5*q1*p2^5 - 68575/162*p1^5*q1^3*p2*q2^2
          - 3041675/17496*p1^5*q1^3*p2^3 - 33785/5832*p1^5*q1^5*p2 - 4459985/
         34992*p1^6*q2^5 - 10200575/34992*p1^6*p2^2*q2^3 - 207025/1458*p1^6*
         p2^4*q2 + 1944475/8748*p1^6*q1^2*q2^3 + 439775/1296*p1^6*q1^2*p2^2*q2
          - 294425/11664*p1^6*q1^4*q2 - 1316875/5832*p1^7*q1*p2*q2^2 - 19600/
         729*p1^7*q1*p2^3 - 131075/5832*p1^7*q1^3*p2 + 12503575/139968*p1^8*
         q2^3 + 19600/729*p1^8*p2^2*q2 + 648025/46656*p1^8*q1^2*q2 - 189875/
         26244*p1^9*q1*p2 + 189875/26244*p1^10*q2 )

       + alpha^10 * (  - 18227027/277136640*q2^12 - 81139307/48988800*p2^2*
         q2^10 - 33941723/19595520*p2^4*q2^8 + 987065/419904*p2^6*q2^6 + 
         2317945/559872*p2^8*q2^4 + 567959/279936*p2^10*q2^2 + 567959/1679616*
         p2^12 - 9604039/29393280*q1^2*q2^10 + 1086053/362880*q1^2*p2^2*q2^8
          + 16942739/699840*q1^2*p2^4*q2^6 + 8026115/139968*q1^2*p2^6*q2^4 + 
         2622235/93312*q1^2*p2^8*q2^2 - 2337251/279936*q1^2*p2^10 + 6310903/
         19595520*q1^4*q2^8 - 4095169/699840*q1^4*p2^2*q2^6 + 67826317/279936*
         q1^4*p2^4*q2^4 + 12281005/15552*q1^4*p2^6*q2^2 - 27971405/186624*q1^4
         *p2^8 - 5823239/2099520*q1^6*q2^6 - 110550307/699840*q1^6*p2^2*q2^4
          + 55143139/77760*q1^6*p2^4*q2^2 - 12529547/139968*q1^6*p2^6 - 
         5192153/19595520*q1^8*q2^4 - 254413921/3265920*q1^8*p2^2*q2^2 + 
         233153351/6531840*q1^8*p2^4 - 5757581/9797760*q1^10*q2^2 - 3726503/
         6998400*q1^10*p2^2 - 28470439/646652160*q1^12 - 39121333/2449440*p1*
         q1*p2*q2^9 - 3427723/87480*p1*q1*p2^3*q2^7 + 592295/11664*p1*q1*p2^5*
         q2^5 + 2709455/17496*p1*q1*p2^7*q2^3 + 5745005/69984*p1*q1*p2^9*q2 + 
         105803/612360*p1*q1^3*p2*q2^7 - 19498283/87480*p1*q1^3*p2^3*q2^5 + 
         2521285/17496*p1*q1^3*p2^5*q2^3 + 1355095/648*p1*q1^3*p2^7*q2 - 
         1236197/97200*p1*q1^5*p2*q2^5 - 138996949/87480*p1*q1^5*p2^3*q2^3 + 
         10084831/11664*p1*q1^5*p2^5*q2 + 86090827/612360*p1*q1^7*p2*q2^3 - 
         16468007/29160*p1*q1^7*p2^3*q2 + 71662027/2449440*p1*q1^9*p2*q2 - 
         658647601/48988800*p1^2*q2^10 + 6458191/362880*p1^2*p2^2*q2^8 + 
         20960435/139968*p1^2*p2^4*q2^6 + 28450625/139968*p1^2*p2^6*q2^4 + 
         11424595/93312*p1^2*p2^8*q2^2 + 9152759/279936*p1^2*p2^10 + 101519279/
         3265920*p1^2*q1^2*q2^8 - 8595421/38880*p1^2*q1^2*p2^2*q2^6 - 9171775/
         5184*p1^2*q1^2*p2^4*q2^4 - 58945285/23328*p1^2*q1^2*p2^6*q2^2 + 
         59714585/93312*p1^2*q1^2*p2^8 + 665437/699840*p1^2*q1^4*q2^6 + 
         41559311/46656*p1^2*q1^4*p2^2*q2^4 - 16783075/15552*p1^2*q1^4*p2^4*
         q2^2 - 25742885/46656*p1^2*q1^4*p2^6 - 12175889/699840*p1^2*q1^6*q2^4
          + 133934033/116640*p1^2*q1^6*p2^2*q2^2 - 2910715/15552*p1^2*q1^6*
         p2^4 - 151243667/3265920*p1^2*q1^8*q2^2 + 301729399/3265920*p1^2*q1^8
         *p2^2 - 16745581/6998400*p1^2*q1^10 - 11413663/612360*p1^3*q1*p2*q2^7
          + 5284045/17496*p1^3*q1*p2^3*q2^5 - 1353625/17496*p1^3*q1*p2^5*q2^3
          - 19852595/17496*p1^3*q1*p2^7*q2 + 21790511/87480*p1^3*q1^3*p2*q2^5
          + 58773775/26244*p1^3*q1^3*p2^3*q2^3 + 55466285/17496*p1^3*q1^3*p2^5
         *q2 - 74714567/87480*p1^3*q1^5*p2*q2^3 - 11082875/17496*p1^3*q1^5*
         p2^3*q2 - 112075801/612360*p1^3*q1^7*p2*q2 + 456124451/2799360*p1^4*
         q2^8 + 90855125/139968*p1^4*p2^2*q2^6 + 286585075/279936*p1^4*p2^4*
         q2^4 + 99733375/139968*p1^4*p2^6*q2^2 + 20322995/559872*p1^4*p2^8 - 
         137927309/699840*p1^4*q1^2*q2^6 - 30108275/15552*p1^4*q1^2*p2^2*q2^4
          - 51750125/15552*p1^4*q1^2*p2^4*q2^2 + 39596165/139968*p1^4*q1^2*
         p2^6 + 44392573/279936*p1^4*q1^4*q2^4 + 54635425/46656*p1^4*q1^4*p2^2
         *q2^2 - 265350925/279936*p1^4*q1^4*p2^4 + 59525819/699840*p1^4*q1^6*
         q2^2 + 44759795/139968*p1^4*q1^6*p2^2 - 20220443/19595520*p1^4*q1^8
          + 3975557/3888*p1^5*q1*p2*q2^5 + 34793185/17496*p1^5*q1*p2^3*q2^3 + 
         21805/11664*p1^5*q1*p2^5*q2 - 8320115/17496*p1^5*q1^3*p2*q2^3 + 
         24219475/17496*p1^5*q1^3*p2^3*q2 - 941905/1296*p1^5*q1^5*p2*q2 - 
         22226161/419904*p1^6*q2^6 - 3232285/46656*p1^6*p2^2*q2^4 + 39596165/
         139968*p1^6*p2^4*q2^2 + 39726995/419904*p1^6*p2^6 - 45870355/139968*
         p1^6*q1^2*q2^4 - 2885365/2592*p1^6*q1^2*p2^2*q2^2 - 73138625/139968*
         p1^6*q1^2*p2^4 + 57694115/139968*p1^6*q1^4*q2^2 + 35457625/139968*
         p1^6*q1^4*p2^2 + 9828545/419904*p1^6*q1^6 + 2812355/5832*p1^7*q1*p2*
         q2^3 + 12369805/17496*p1^7*q1*p2^3*q2 - 10025645/17496*p1^7*q1^3*p2*
         q2 - 21599935/62208*p1^8*q2^4 - 13624205/31104*p1^8*p2^2*q2^2 - 
         23659405/559872*p1^8*p2^4 + 28435435/93312*p1^8*q1^2*q2^2 + 1665265/
         31104*p1^8*q1^2*p2^2 + 21035945/559872*p1^8*q1^4 - 27139385/209952*
         p1^9*q1*p2*q2 + 52415447/839808*p1^10*q2^2 - 1863323/839808*p1^10*
         p2^2 + 16364677/839808*p1^10*q1^2 + 16364677/5038848*p1^12 )

       + 1/2*q2^2 + 1/2*p2^2 + 1/2*q1^2 + 1/2*p1^2;

    *--------------------
    *   8. It is commutative with the perturbed Hamiltonian in eta,zeta variables
    *--------------------
    #call Lpq(Hpq,IGH0)
    B alpha;
    Print;
    .store

   Pb2 = 0;

    *--------------------
    *   9. The formal integral in  eta,zeta variables is:
    *--------------------
    G IGH0zetaeta=IGH0;
    #call etazetatopq()
    B alpha;
    Print;
    .store

   IGH0zetaeta =
       + alpha * (  - 1/3*q2^3 + q1^2*q2 )

       + alpha^2 * ( 5/12*q2^4 - 1/6*p2^2*q2^2 - 1/12*p2^4 + 5/6*q1^2*q2^2 - 1/
         2*q1^2*p2^2 + 5/12*q1^4 + 2/3*p1*q1*p2*q2 - 1/2*p1^2*q2^2 - 1/6*p1^2*
         p2^2 - 1/6*p1^2*q1^2 - 1/12*p1^4 )

       + alpha^3 * (  - 2/9*q2^5 + 1/9*p2^2*q2^3 + 4/9*q1^2*q2^3 - 5/3*q1^2*
         p2^2*q2 + 2/3*q1^4*q2 + 2/3*p1*q1*p2*q2^2 - 4/3*p1*q1*p2^3 + 2/3*p1*
         q1^3*p2 + 7/9*p1^2*q2^3 + 4/3*p1^2*p2^2*q2 - p1^2*q1^2*q2 + 4/9*p1^3*
         q1*p2 - 4/9*p1^4*q2 )

       + alpha^4 * ( 49/1080*q2^6 - 11/72*p2^2*q2^4 + 1/72*p2^4*q2^2 + 1/216*
         p2^6 + 5/72*q1^2*q2^4 - 19/12*q1^2*p2^2*q2^2 + 101/72*q1^2*p2^4 + 13/
         72*q1^4*q2^2 - 7/72*q1^4*p2^2 + 41/1080*q1^6 - 13/9*p1*q1*p2*q2^3 - 
         49/9*p1*q1*p2^3*q2 + 11/9*p1*q1^3*p2*q2 - 31/72*p1^2*q2^4 + 1/12*p1^2
         *p2^2*q2^2 - 95/72*p1^2*p2^4 + 5/12*p1^2*q1^2*q2^2 + 11/4*p1^2*q1^2*
         p2^2 - 35/72*p1^2*q1^4 - 17/9*p1^3*q1*p2*q2 + 133/72*p1^4*q2^2 + 65/
         72*p1^4*p2^2 - 31/72*p1^4*q1^2 - 31/216*p1^6 )

       + alpha^5 * ( 43/540*q2^7 + 5/54*p2^2*q2^5 - 1/108*p2^4*q2^3 - 43/540*
         q1^2*q2^5 + 8/9*q1^2*p2^2*q2^3 + 67/12*q1^2*p2^4*q2 - 43/108*q1^4*
         q2^3 + 49/18*q1^4*p2^2*q2 - 43/180*q1^6*q2 + 5/27*p1*q1*p2*q2^4 + 1/9
         *p1*q1*p2^3*q2^2 + 50/9*p1*q1*p2^5 - 40/9*p1*q1^3*p2*q2^2 + 1/9*p1*
         q1^3*p2^3 - 7/9*p1*q1^5*p2 - 7/6*p1^2*q2^5 - 307/54*p1^2*p2^2*q2^3 - 
         50/9*p1^2*p2^4*q2 + 34/27*p1^2*q1^2*q2^3 + 11/2*p1^2*q1^2*p2^2*q2 + 1/
         2*p1^2*q1^4*q2 - 101/27*p1^3*q1*p2*q2^2 + 100/27*p1^3*q1*p2^3 - 101/
         27*p1^3*q1^3*p2 - 197/108*p1^4*q2^3 - 100/27*p1^4*p2^2*q2 + 407/108*
         p1^4*q1^2*q2 - 50/27*p1^5*q1*p2 + 50/27*p1^6*q2 )

       + alpha^6 * (  - 4171/54432*q2^8 + 2413/9720*p2^2*q2^6 + 593/1296*p2^4*
         q2^4 + 575/1944*p2^6*q2^2 + 575/7776*p2^8 + 407/1944*q1^2*q2^6 + 493/
         216*q1^2*p2^2*q2^4 + 2893/648*q1^2*p2^4*q2^2 - 6775/1944*q1^2*p2^6 - 
         373/1296*q1^4*q2^4 + 8437/648*q1^4*p2^2*q2^2 - 15821/3888*q1^4*p2^4
          - 1153/1944*q1^6*q2^2 + 12511/9720*q1^6*p2^2 - 1051/54432*q1^8 + 
         1667/810*p1*q1*p2*q2^5 + 1231/81*p1*q1*p2^3*q2^3 + 3025/162*p1*q1*
         p2^5*q2 - 533/81*p1*q1^3*p2*q2^3 + 6179/243*p1*q1^3*p2^3*q2 - 6997/
         810*p1*q1^5*p2*q2 + 31399/9720*p1^2*q2^6 + 4753/648*p1^2*p2^2*q2^4 + 
         1775/216*p1^2*p2^4*q2^2 + 11375/1944*p1^2*p2^6 - 1787/648*p1^2*q1^2*
         q2^4 - 827/36*p1^2*q1^2*p2^2*q2^2 - 4325/648*p1^2*q1^2*p2^4 + 1013/
         216*p1^2*q1^4*q2^2 - 2543/648*p1^2*q1^4*p2^2 + 9517/9720*p1^2*q1^6 + 
         4319/243*p1^3*q1*p2*q2^3 + 1825/81*p1^3*q1*p2^3*q2 - 581/81*p1^3*q1^3
         *p2*q2 - 19541/3888*p1^4*q2^4 - 4325/648*p1^4*p2^2*q2^2 + 2975/1296*
         p1^4*p2^4 - 683/648*p1^4*q1^2*q2^2 - 2225/216*p1^4*q1^2*p2^2 + 4217/
         1296*p1^4*q1^4 + 625/162*p1^5*q1*p2*q2 - 9175/1944*p1^6*q2^2 - 5425/
         1944*p1^6*p2^2 + 5375/1944*p1^6*q1^2 + 5375/7776*p1^8 )

       + alpha^7 * (  - 79/1701*q2^9 - 2839/4860*p2^2*q2^7 - 146/243*p2^4*q2^5
          - 575/2916*p2^6*q2^3 - 181/2835*q1^2*q2^7 - 11/36*q1^2*p2^2*q2^5 - 
         2233/243*q1^2*p2^4*q2^3 - 14125/972*q1^2*p2^6*q2 + 623/1215*q1^4*q2^5
          + 16415/972*q1^4*p2^2*q2^3 - 10087/243*q1^4*p2^4*q2 + 863/3645*q1^6*
         q2^3 + 167/36*q1^6*p2^2*q2 + 1366/8505*q1^8*q2 - 9113/2430*p1*q1*p2*
         q2^6 - 1541/243*p1*q1*p2^3*q2^4 - 625/54*p1*q1*p2^5*q2^2 - 1225/81*p1
         *q1*p2^7 + 3761/486*p1*q1^3*p2*q2^4 + 25054/243*p1*q1^3*p2^3*q2^2 - 
         15425/486*p1*q1^3*p2^5 - 11017/810*p1*q1^5*p2*q2^2 + 20431/1215*p1*
         q1^5*p2^3 - 931/810*p1*q1^7*p2 - 13013/4860*p1^2*q2^7 + 2222/405*p1^2
         *p2^2*q2^5 + 21775/972*p1^2*p2^4*q2^3 + 1225/81*p1^2*p2^6*q2 + 5779/
         1620*p1^2*q1^2*q2^5 - 926/27*p1^2*q1^2*p2^2*q2^3 + 17725/324*p1^2*
         q1^2*p2^4*q2 - 563/972*p1^2*q1^4*q2^3 - 5392/81*p1^2*q1^4*p2^2*q2 + 
         2779/540*p1^2*q1^6*q2 - 601/81*p1^3*q1*p2*q2^4 - 14125/243*p1^3*q1*
         p2^3*q2^2 - 6125/243*p1^3*q1*p2^5 + 13682/243*p1^3*q1^3*p2*q2^2 + 
         6625/729*p1^3*q1^3*p2^3 + 8273/1215*p1^3*q1^5*p2 + 8326/405*p1^4*q2^5
          + 16175/324*p1^4*p2^2*q2^3 + 6125/243*p1^4*p2^4*q2 - 1859/81*p1^4*
         q1^2*q2^3 - 4675/108*p1^4*q1^2*p2^2*q2 - 403/243*p1^4*q1^4*q2 + 5525/
         162*p1^5*q1*p2*q2^2 - 1225/243*p1^5*q1*p2^3 + 6775/486*p1^5*q1^3*p2
          - 5975/972*p1^6*q2^3 + 1225/243*p1^6*p2^2*q2 - 3925/324*p1^6*q1^2*q2
          + 1225/243*p1^7*q1*p2 - 1225/243*p1^8*q2 )

       + alpha^8 * ( 1017409/5443200*q2^10 + 133067/362880*p2^2*q2^8 - 60097/
         77760*p2^4*q2^6 - 73175/46656*p2^6*q2^4 - 86975/93312*p2^8*q2^2 - 
         17395/93312*p2^10 - 57811/217728*q1^2*q2^8 - 103771/38880*q1^2*p2^2*
         q2^6 - 220531/15552*q1^2*p2^4*q2^4 - 242225/23328*q1^2*p2^6*q2^2 + 
         23275/3456*q1^2*p2^8 + 6973/25920*q1^4*q2^6 - 44521/5184*q1^4*p2^2*
         q2^4 - 6171829/46656*q1^4*p2^4*q2^2 + 493375/15552*q1^4*p2^6 + 99649/
         46656*q1^6*q2^4 - 1808317/116640*q1^6*p2^2*q2^2 - 127493/77760*q1^6*
         p2^4 + 4794179/3265920*q1^8*q2^2 - 682589/362880*q1^8*p2^2 + 874787/
         16329600*q1^10 + 170543/68040*p1*q1*p2*q2^7 - 57727/3240*p1*q1*p2^3*
         q2^5 - 124025/1944*p1*q1*p2^5*q2^3 - 265825/5832*p1*q1*p2^7*q2 + 
         53579/9720*p1*q1^3*p2*q2^5 + 139507/2916*p1*q1^3*p2^3*q2^3 - 1878175/
         5832*p1*q1^3*p2^5*q2 + 269387/9720*p1*q1^5*p2*q2^3 + 1914613/29160*p1
         *q1^5*p2^3*q2 + 1749133/204120*p1*q1^7*p2*q2 - 3851959/1088640*p1^2*
         q2^8 - 393277/12960*p1^2*p2^2*q2^6 - 798275/15552*p1^2*p2^4*q2^4 - 
         322175/7776*p1^2*p2^6*q2^2 - 1498175/93312*p1^2*p2^8 - 1649/2592*p1^2
         *q1^2*q2^6 + 8551/96*p1^2*q1^2*p2^2*q2^4 + 307375/864*p1^2*q1^2*p2^4*
         q2^2 - 1314425/23328*p1^2*q1^2*p2^6 - 113755/15552*p1^2*q1^4*q2^4 - 
         119473/864*p1^2*q1^4*p2^2*q2^2 + 5052875/46656*p1^2*q1^4*p2^4 - 18623/
         7776*p1^2*q1^6*q2^2 - 2708821/116640*p1^2*q1^6*p2^2 - 162137/653184*
         p1^2*q1^8 - 210691/3240*p1^3*q1*p2*q2^5 - 180175/972*p1^3*q1*p2^3*
         q2^3 + 15925/648*p1^3*q1*p2^5*q2 + 26977/972*p1^3*q1^3*p2*q2^3 - 
         727325/2916*p1^3*q1^3*p2^3*q2 + 901843/9720*p1^3*q1^5*p2*q2 - 655847/
         25920*p1^4*q2^6 - 30325/576*p1^4*p2^2*q2^4 - 1218875/15552*p1^4*p2^4*
         q2^2 - 1027775/46656*p1^4*p2^6 + 268387/5184*p1^4*q1^2*q2^4 + 550525/
         2592*p1^4*q1^2*p2^2*q2^2 + 1133125/15552*p1^4*q1^2*p2^4 - 9107/192*
         p1^4*q1^4*q2^2 - 26675/15552*p1^4*q1^4*p2^2 - 1696051/233280*p1^4*
         q1^6 - 78775/648*p1^5*q1*p2*q2^3 - 265825/1944*p1^5*q1*p2^3*q2 + 
         141175/1944*p1^5*q1^3*p2*q2 + 944975/15552*p1^6*q2^4 + 184975/2592*
         p1^6*p2^2*q2^2 + 23275/15552*p1^6*p2^4 - 205675/7776*p1^6*q1^2*q2^2
          + 148225/7776*p1^6*q1^2*p2^2 - 227725/15552*p1^6*q1^4 + 15925/1944*
         p1^7*q1*p2*q2 + 52675/31104*p1^8*q2^2 + 60025/10368*p1^8*p2^2 - 96775/
         10368*p1^8*q1^2 - 19355/10368*p1^10 )

       + alpha^9 * (  - 13234013/73483200*q2^11 + 439615/734832*p2^2*q2^9 + 
         296443/116640*p2^4*q2^7 + 80075/34992*p2^6*q2^5 + 86975/139968*p2^8*
         q2^3 + 7666823/14696640*q1^2*q2^9 - 2461/22680*q1^2*p2^2*q2^7 + 
         595957/116640*q1^2*p2^4*q2^5 + 138925/4374*q1^2*p2^6*q2^3 + 1343825/
         46656*q1^2*p2^8*q2 - 645677/816480*q1^4*q2^7 - 251909/7290*q1^4*p2^2*
         q2^5 - 7688729/69984*q1^4*p2^4*q2^3 + 3195575/11664*q1^4*p2^6*q2 + 
         2501407/1749600*q1^6*q2^5 - 8908591/87480*q1^6*p2^2*q2^3 + 9088871/
         116640*q1^6*p2^4*q2 + 15816721/4898880*q1^8*q2^3 - 9875099/408240*
         q1^8*p2^2*q2 + 2501407/8164800*q1^10*q2 + 198059/40824*p1*q1*p2*q2^8
          + 923519/29160*p1*q1*p2^3*q2^6 + 248225/5832*p1*q1*p2^5*q2^4 + 
         270725/5832*p1*q1*p2^7*q2^2 + 89425/2916*p1*q1*p2^9 - 6427/2916*p1*
         q1^3*p2*q2^6 - 4658629/17496*p1*q1^3*p2^3*q2^4 - 424075/486*p1*q1^3*
         p2^5*q2^2 + 1456525/5832*p1*q1^3*p2^7 + 49639/729*p1*q1^5*p2*q2^4 - 
         7600987/29160*p1*q1^5*p2^3*q2^2 - 202445/5832*p1*q1^5*p2^5 + 1628821/
         20412*p1*q1^7*p2*q2^2 - 7527487/204120*p1*q1^7*p2^3 + 189821/40824*p1
         *q1^9*p2 + 1351309/104976*p1^2*q2^9 + 15881267/408240*p1^2*p2^2*q2^7
          + 205/432*p1^2*p2^4*q2^5 - 1904875/34992*p1^2*p2^6*q2^3 - 89425/2916
         *p1^2*p2^8*q2 - 2492219/204120*p1^2*q1^2*q2^7 + 340627/6480*p1^2*q1^2
         *p2^2*q2^5 + 70825/2916*p1^2*q1^2*p2^4*q2^3 - 1133125/1296*p1^2*q1^2*
         p2^6*q2 - 1787/1620*p1^2*q1^4*q2^5 + 4173043/11664*p1^2*q1^4*p2^2*
         q2^3 + 7695325/11664*p1^2*q1^4*p2^4*q2 - 2793721/87480*p1^2*q1^6*q2^3
          + 2189929/58320*p1^2*q1^6*p2^2*q2 - 1648873/136080*p1^2*q1^8*q2 + 
         12445081/87480*p1^3*q1*p2*q2^6 + 1618075/2916*p1^3*q1*p2^3*q2^4 + 
         4594975/5832*p1^3*q1*p2^5*q2^2 + 2450/2187*p1^3*q1*p2^7 - 1838419/
         5832*p1^3*q1^3*p2*q2^4 - 2001100/2187*p1^3*q1^3*p2^3*q2^2 + 5484325/
         17496*p1^3*q1^3*p2^5 + 1265729/29160*p1^3*q1^5*p2*q2^2 - 2020345/8748
         *p1^3*q1^5*p2^3 + 11024687/612360*p1^3*q1^7*p2 - 70998829/2449440*
         p1^4*q2^7 - 2188885/11664*p1^4*p2^2*q2^5 - 5151125/23328*p1^4*p2^4*
         q2^3 - 2450/2187*p1^4*p2^6*q2 - 1067767/116640*p1^4*q1^2*q2^5 + 80575/
         243*p1^4*q1^2*p2^2*q2^3 - 8458625/23328*p1^4*q1^2*p2^4*q2 + 1352833/
         23328*p1^4*q1^4*q2^3 + 6248525/11664*p1^4*q1^4*p2^2*q2 - 17498903/
         349920*p1^4*q1^6*q2 - 344075/5832*p1^5*q1*p2*q2^4 + 64925/216*p1^5*q1
         *p2^3*q2^2 + 207025/1458*p1^5*q1*p2^5 - 68575/162*p1^5*q1^3*p2*q2^2
          - 3041675/17496*p1^5*q1^3*p2^3 - 33785/5832*p1^5*q1^5*p2 - 4459985/
         34992*p1^6*q2^5 - 10200575/34992*p1^6*p2^2*q2^3 - 207025/1458*p1^6*
         p2^4*q2 + 1944475/8748*p1^6*q1^2*q2^3 + 439775/1296*p1^6*q1^2*p2^2*q2
          - 294425/11664*p1^6*q1^4*q2 - 1316875/5832*p1^7*q1*p2*q2^2 - 19600/
         729*p1^7*q1*p2^3 - 131075/5832*p1^7*q1^3*p2 + 12503575/139968*p1^8*
         q2^3 + 19600/729*p1^8*p2^2*q2 + 648025/46656*p1^8*q1^2*q2 - 189875/
         26244*p1^9*q1*p2 + 189875/26244*p1^10*q2 )

       + alpha^10 * (  - 18227027/277136640*q2^12 - 81139307/48988800*p2^2*
         q2^10 - 33941723/19595520*p2^4*q2^8 + 987065/419904*p2^6*q2^6 + 
         2317945/559872*p2^8*q2^4 + 567959/279936*p2^10*q2^2 + 567959/1679616*
         p2^12 - 9604039/29393280*q1^2*q2^10 + 1086053/362880*q1^2*p2^2*q2^8
          + 16942739/699840*q1^2*p2^4*q2^6 + 8026115/139968*q1^2*p2^6*q2^4 + 
         2622235/93312*q1^2*p2^8*q2^2 - 2337251/279936*q1^2*p2^10 + 6310903/
         19595520*q1^4*q2^8 - 4095169/699840*q1^4*p2^2*q2^6 + 67826317/279936*
         q1^4*p2^4*q2^4 + 12281005/15552*q1^4*p2^6*q2^2 - 27971405/186624*q1^4
         *p2^8 - 5823239/2099520*q1^6*q2^6 - 110550307/699840*q1^6*p2^2*q2^4
          + 55143139/77760*q1^6*p2^4*q2^2 - 12529547/139968*q1^6*p2^6 - 
         5192153/19595520*q1^8*q2^4 - 254413921/3265920*q1^8*p2^2*q2^2 + 
         233153351/6531840*q1^8*p2^4 - 5757581/9797760*q1^10*q2^2 - 3726503/
         6998400*q1^10*p2^2 - 28470439/646652160*q1^12 - 39121333/2449440*p1*
         q1*p2*q2^9 - 3427723/87480*p1*q1*p2^3*q2^7 + 592295/11664*p1*q1*p2^5*
         q2^5 + 2709455/17496*p1*q1*p2^7*q2^3 + 5745005/69984*p1*q1*p2^9*q2 + 
         105803/612360*p1*q1^3*p2*q2^7 - 19498283/87480*p1*q1^3*p2^3*q2^5 + 
         2521285/17496*p1*q1^3*p2^5*q2^3 + 1355095/648*p1*q1^3*p2^7*q2 - 
         1236197/97200*p1*q1^5*p2*q2^5 - 138996949/87480*p1*q1^5*p2^3*q2^3 + 
         10084831/11664*p1*q1^5*p2^5*q2 + 86090827/612360*p1*q1^7*p2*q2^3 - 
         16468007/29160*p1*q1^7*p2^3*q2 + 71662027/2449440*p1*q1^9*p2*q2 - 
         658647601/48988800*p1^2*q2^10 + 6458191/362880*p1^2*p2^2*q2^8 + 
         20960435/139968*p1^2*p2^4*q2^6 + 28450625/139968*p1^2*p2^6*q2^4 + 
         11424595/93312*p1^2*p2^8*q2^2 + 9152759/279936*p1^2*p2^10 + 101519279/
         3265920*p1^2*q1^2*q2^8 - 8595421/38880*p1^2*q1^2*p2^2*q2^6 - 9171775/
         5184*p1^2*q1^2*p2^4*q2^4 - 58945285/23328*p1^2*q1^2*p2^6*q2^2 + 
         59714585/93312*p1^2*q1^2*p2^8 + 665437/699840*p1^2*q1^4*q2^6 + 
         41559311/46656*p1^2*q1^4*p2^2*q2^4 - 16783075/15552*p1^2*q1^4*p2^4*
         q2^2 - 25742885/46656*p1^2*q1^4*p2^6 - 12175889/699840*p1^2*q1^6*q2^4
          + 133934033/116640*p1^2*q1^6*p2^2*q2^2 - 2910715/15552*p1^2*q1^6*
         p2^4 - 151243667/3265920*p1^2*q1^8*q2^2 + 301729399/3265920*p1^2*q1^8
         *p2^2 - 16745581/6998400*p1^2*q1^10 - 11413663/612360*p1^3*q1*p2*q2^7
          + 5284045/17496*p1^3*q1*p2^3*q2^5 - 1353625/17496*p1^3*q1*p2^5*q2^3
          - 19852595/17496*p1^3*q1*p2^7*q2 + 21790511/87480*p1^3*q1^3*p2*q2^5
          + 58773775/26244*p1^3*q1^3*p2^3*q2^3 + 55466285/17496*p1^3*q1^3*p2^5
         *q2 - 74714567/87480*p1^3*q1^5*p2*q2^3 - 11082875/17496*p1^3*q1^5*
         p2^3*q2 - 112075801/612360*p1^3*q1^7*p2*q2 + 456124451/2799360*p1^4*
         q2^8 + 90855125/139968*p1^4*p2^2*q2^6 + 286585075/279936*p1^4*p2^4*
         q2^4 + 99733375/139968*p1^4*p2^6*q2^2 + 20322995/559872*p1^4*p2^8 - 
         137927309/699840*p1^4*q1^2*q2^6 - 30108275/15552*p1^4*q1^2*p2^2*q2^4
          - 51750125/15552*p1^4*q1^2*p2^4*q2^2 + 39596165/139968*p1^4*q1^2*
         p2^6 + 44392573/279936*p1^4*q1^4*q2^4 + 54635425/46656*p1^4*q1^4*p2^2
         *q2^2 - 265350925/279936*p1^4*q1^4*p2^4 + 59525819/699840*p1^4*q1^6*
         q2^2 + 44759795/139968*p1^4*q1^6*p2^2 - 20220443/19595520*p1^4*q1^8
          + 3975557/3888*p1^5*q1*p2*q2^5 + 34793185/17496*p1^5*q1*p2^3*q2^3 + 
         21805/11664*p1^5*q1*p2^5*q2 - 8320115/17496*p1^5*q1^3*p2*q2^3 + 
         24219475/17496*p1^5*q1^3*p2^3*q2 - 941905/1296*p1^5*q1^5*p2*q2 - 
         22226161/419904*p1^6*q2^6 - 3232285/46656*p1^6*p2^2*q2^4 + 39596165/
         139968*p1^6*p2^4*q2^2 + 39726995/419904*p1^6*p2^6 - 45870355/139968*
         p1^6*q1^2*q2^4 - 2885365/2592*p1^6*q1^2*p2^2*q2^2 - 73138625/139968*
         p1^6*q1^2*p2^4 + 57694115/139968*p1^6*q1^4*q2^2 + 35457625/139968*
         p1^6*q1^4*p2^2 + 9828545/419904*p1^6*q1^6 + 2812355/5832*p1^7*q1*p2*
         q2^3 + 12369805/17496*p1^7*q1*p2^3*q2 - 10025645/17496*p1^7*q1^3*p2*
         q2 - 21599935/62208*p1^8*q2^4 - 13624205/31104*p1^8*p2^2*q2^2 - 
         23659405/559872*p1^8*p2^4 + 28435435/93312*p1^8*q1^2*q2^2 + 1665265/
         31104*p1^8*q1^2*p2^2 + 21035945/559872*p1^8*q1^4 - 27139385/209952*
         p1^9*q1*p2*q2 + 52415447/839808*p1^10*q2^2 - 1863323/839808*p1^10*
         p2^2 + 16364677/839808*p1^10*q1^2 + 16364677/5038848*p1^12 )

       + 1/2*q2^2 + 1/2*p2^2 + 1/2*q1^2 + 1/2*p1^2;

    *--------------------
    *   10. Its nontrivial part 
    *--------------------
    G Ipq=(H-IGH0)/alpha^2;
    B alpha;
    Print;
    .end

   Ipq =
       + alpha * (  - 1/9*q2^5 - 1/9*p2^2*q2^3 + 2/9*q1^2*q2^3 + 5/3*q1^2*p2^2
         *q2 + 1/3*q1^4*q2 - 2/3*p1*q1*p2*q2^2 + 4/3*p1*q1*p2^3 - 2/3*p1*q1^3*
         p2 - 7/9*p1^2*q2^3 - 4/3*p1^2*p2^2*q2 + p1^2*q1^2*q2 - 4/9*p1^3*q1*p2
          + 4/9*p1^4*q2 )

       + alpha^2 * ( 43/216*q2^6 + 11/72*p2^2*q2^4 - 1/72*p2^4*q2^2 - 1/216*
         p2^6 + 19/72*q1^2*q2^4 + 19/12*q1^2*p2^2*q2^2 - 101/72*q1^2*p2^4 + 59/
         72*q1^4*q2^2 + 7/72*q1^4*p2^2 + 35/216*q1^6 + 13/9*p1*q1*p2*q2^3 + 49/
         9*p1*q1*p2^3*q2 - 11/9*p1*q1^3*p2*q2 + 31/72*p1^2*q2^4 - 1/12*p1^2*
         p2^2*q2^2 + 95/72*p1^2*p2^4 - 5/12*p1^2*q1^2*q2^2 - 11/4*p1^2*q1^2*
         p2^2 + 35/72*p1^2*q1^4 + 17/9*p1^3*q1*p2*q2 - 133/72*p1^4*q2^2 - 65/
         72*p1^4*p2^2 + 31/72*p1^4*q1^2 + 31/216*p1^6 )

       + alpha^3 * (  - 23/108*q2^7 - 5/54*p2^2*q2^5 + 1/108*p2^4*q2^3 + 23/
         108*q1^2*q2^5 - 8/9*q1^2*p2^2*q2^3 - 67/12*q1^2*p2^4*q2 + 115/108*
         q1^4*q2^3 - 49/18*q1^4*p2^2*q2 + 23/36*q1^6*q2 - 5/27*p1*q1*p2*q2^4
          - 1/9*p1*q1*p2^3*q2^2 - 50/9*p1*q1*p2^5 + 40/9*p1*q1^3*p2*q2^2 - 1/9
         *p1*q1^3*p2^3 + 7/9*p1*q1^5*p2 + 7/6*p1^2*q2^5 + 307/54*p1^2*p2^2*
         q2^3 + 50/9*p1^2*p2^4*q2 - 34/27*p1^2*q1^2*q2^3 - 11/2*p1^2*q1^2*p2^2
         *q2 - 1/2*p1^2*q1^4*q2 + 101/27*p1^3*q1*p2*q2^2 - 100/27*p1^3*q1*p2^3
          + 101/27*p1^3*q1^3*p2 + 197/108*p1^4*q2^3 + 100/27*p1^4*p2^2*q2 - 
         407/108*p1^4*q1^2*q2 + 50/27*p1^5*q1*p2 - 50/27*p1^6*q2 )

       + alpha^4 * ( 5633/38880*q2^8 - 2413/9720*p2^2*q2^6 - 593/1296*p2^4*
         q2^4 - 575/1944*p2^6*q2^2 - 575/7776*p2^8 - 1603/9720*q1^2*q2^6 - 493/
         216*q1^2*p2^2*q2^4 - 2893/648*q1^2*p2^4*q2^2 + 6775/1944*q1^2*p2^6 + 
         805/1296*q1^4*q2^4 - 8437/648*q1^4*p2^2*q2^2 + 15821/3888*q1^4*p2^4
          + 9653/9720*q1^6*q2^2 - 12511/9720*q1^6*p2^2 + 2417/38880*q1^8 - 
         1667/810*p1*q1*p2*q2^5 - 1231/81*p1*q1*p2^3*q2^3 - 3025/162*p1*q1*
         p2^5*q2 + 533/81*p1*q1^3*p2*q2^3 - 6179/243*p1*q1^3*p2^3*q2 + 6997/
         810*p1*q1^5*p2*q2 - 31399/9720*p1^2*q2^6 - 4753/648*p1^2*p2^2*q2^4 - 
         1775/216*p1^2*p2^4*q2^2 - 11375/1944*p1^2*p2^6 + 1787/648*p1^2*q1^2*
         q2^4 + 827/36*p1^2*q1^2*p2^2*q2^2 + 4325/648*p1^2*q1^2*p2^4 - 1013/
         216*p1^2*q1^4*q2^2 + 2543/648*p1^2*q1^4*p2^2 - 9517/9720*p1^2*q1^6 - 
         4319/243*p1^3*q1*p2*q2^3 - 1825/81*p1^3*q1*p2^3*q2 + 581/81*p1^3*q1^3
         *p2*q2 + 19541/3888*p1^4*q2^4 + 4325/648*p1^4*p2^2*q2^2 - 2975/1296*
         p1^4*p2^4 + 683/648*p1^4*q1^2*q2^2 + 2225/216*p1^4*q1^2*p2^2 - 4217/
         1296*p1^4*q1^4 - 625/162*p1^5*q1*p2*q2 + 9175/1944*p1^6*q2^2 + 5425/
         1944*p1^6*p2^2 - 5375/1944*p1^6*q1^2 - 5375/7776*p1^8 )

       + alpha^5 * ( 4/243*q2^9 + 2839/4860*p2^2*q2^7 + 146/243*p2^4*q2^5 + 
         575/2916*p2^6*q2^3 + 31/405*q1^2*q2^7 + 11/36*q1^2*p2^2*q2^5 + 2233/
         243*q1^2*p2^4*q2^3 + 14125/972*q1^2*p2^6*q2 - 461/1215*q1^4*q2^5 - 
         16415/972*q1^4*p2^2*q2^3 + 10087/243*q1^4*p2^4*q2 + 109/3645*q1^6*
         q2^3 - 167/36*q1^6*p2^2*q2 - 91/1215*q1^8*q2 + 9113/2430*p1*q1*p2*
         q2^6 + 1541/243*p1*q1*p2^3*q2^4 + 625/54*p1*q1*p2^5*q2^2 + 1225/81*p1
         *q1*p2^7 - 3761/486*p1*q1^3*p2*q2^4 - 25054/243*p1*q1^3*p2^3*q2^2 + 
         15425/486*p1*q1^3*p2^5 + 11017/810*p1*q1^5*p2*q2^2 - 20431/1215*p1*
         q1^5*p2^3 + 931/810*p1*q1^7*p2 + 13013/4860*p1^2*q2^7 - 2222/405*p1^2
         *p2^2*q2^5 - 21775/972*p1^2*p2^4*q2^3 - 1225/81*p1^2*p2^6*q2 - 5779/
         1620*p1^2*q1^2*q2^5 + 926/27*p1^2*q1^2*p2^2*q2^3 - 17725/324*p1^2*
         q1^2*p2^4*q2 + 563/972*p1^2*q1^4*q2^3 + 5392/81*p1^2*q1^4*p2^2*q2 - 
         2779/540*p1^2*q1^6*q2 + 601/81*p1^3*q1*p2*q2^4 + 14125/243*p1^3*q1*
         p2^3*q2^2 + 6125/243*p1^3*q1*p2^5 - 13682/243*p1^3*q1^3*p2*q2^2 - 
         6625/729*p1^3*q1^3*p2^3 - 8273/1215*p1^3*q1^5*p2 - 8326/405*p1^4*q2^5
          - 16175/324*p1^4*p2^2*q2^3 - 6125/243*p1^4*p2^4*q2 + 1859/81*p1^4*
         q1^2*q2^3 + 4675/108*p1^4*q1^2*p2^2*q2 + 403/243*p1^4*q1^4*q2 - 5525/
         162*p1^5*q1*p2*q2^2 + 1225/243*p1^5*q1*p2^3 - 6775/486*p1^5*q1^3*p2
          + 5975/972*p1^6*q2^3 - 1225/243*p1^6*p2^2*q2 + 3925/324*p1^6*q1^2*q2
          - 1225/243*p1^7*q1*p2 + 1225/243*p1^8*q2 )

       + alpha^6 * (  - 190349/1088640*q2^10 - 133067/362880*p2^2*q2^8 + 60097/
         77760*p2^4*q2^6 + 73175/46656*p2^6*q2^4 + 86975/93312*p2^8*q2^2 + 
         17395/93312*p2^10 + 292511/1088640*q1^2*q2^8 + 103771/38880*q1^2*p2^2
         *q2^6 + 220531/15552*q1^2*p2^4*q2^4 + 242225/23328*q1^2*p2^6*q2^2 - 
         23275/3456*q1^2*p2^8 - 5821/25920*q1^4*q2^6 + 44521/5184*q1^4*p2^2*
         q2^4 + 6171829/46656*q1^4*p2^4*q2^2 - 493375/15552*q1^4*p2^6 - 467141/
         233280*q1^6*q2^4 + 1808317/116640*q1^6*p2^2*q2^2 + 127493/77760*q1^6*
         p2^4 - 4514243/3265920*q1^8*q2^2 + 682589/362880*q1^8*p2^2 - 31259/
         653184*q1^10 - 170543/68040*p1*q1*p2*q2^7 + 57727/3240*p1*q1*p2^3*
         q2^5 + 124025/1944*p1*q1*p2^5*q2^3 + 265825/5832*p1*q1*p2^7*q2 - 
         53579/9720*p1*q1^3*p2*q2^5 - 139507/2916*p1*q1^3*p2^3*q2^3 + 1878175/
         5832*p1*q1^3*p2^5*q2 - 269387/9720*p1*q1^5*p2*q2^3 - 1914613/29160*p1
         *q1^5*p2^3*q2 - 1749133/204120*p1*q1^7*p2*q2 + 3851959/1088640*p1^2*
         q2^8 + 393277/12960*p1^2*p2^2*q2^6 + 798275/15552*p1^2*p2^4*q2^4 + 
         322175/7776*p1^2*p2^6*q2^2 + 1498175/93312*p1^2*p2^8 + 1649/2592*p1^2
         *q1^2*q2^6 - 8551/96*p1^2*q1^2*p2^2*q2^4 - 307375/864*p1^2*q1^2*p2^4*
         q2^2 + 1314425/23328*p1^2*q1^2*p2^6 + 113755/15552*p1^2*q1^4*q2^4 + 
         119473/864*p1^2*q1^4*p2^2*q2^2 - 5052875/46656*p1^2*q1^4*p2^4 + 18623/
         7776*p1^2*q1^6*q2^2 + 2708821/116640*p1^2*q1^6*p2^2 + 162137/653184*
         p1^2*q1^8 + 210691/3240*p1^3*q1*p2*q2^5 + 180175/972*p1^3*q1*p2^3*
         q2^3 - 15925/648*p1^3*q1*p2^5*q2 - 26977/972*p1^3*q1^3*p2*q2^3 + 
         727325/2916*p1^3*q1^3*p2^3*q2 - 901843/9720*p1^3*q1^5*p2*q2 + 655847/
         25920*p1^4*q2^6 + 30325/576*p1^4*p2^2*q2^4 + 1218875/15552*p1^4*p2^4*
         q2^2 + 1027775/46656*p1^4*p2^6 - 268387/5184*p1^4*q1^2*q2^4 - 550525/
         2592*p1^4*q1^2*p2^2*q2^2 - 1133125/15552*p1^4*q1^2*p2^4 + 9107/192*
         p1^4*q1^4*q2^2 + 26675/15552*p1^4*q1^4*p2^2 + 1696051/233280*p1^4*
         q1^6 + 78775/648*p1^5*q1*p2*q2^3 + 265825/1944*p1^5*q1*p2^3*q2 - 
         141175/1944*p1^5*q1^3*p2*q2 - 944975/15552*p1^6*q2^4 - 184975/2592*
         p1^6*p2^2*q2^2 - 23275/15552*p1^6*p2^4 + 205675/7776*p1^6*q1^2*q2^2
          - 148225/7776*p1^6*q1^2*p2^2 + 227725/15552*p1^6*q1^4 - 15925/1944*
         p1^7*q1*p2*q2 - 52675/31104*p1^8*q2^2 - 60025/10368*p1^8*p2^2 + 96775/
         10368*p1^8*q1^2 + 19355/10368*p1^10 )

       + alpha^7 * ( 2582521/14696640*q2^11 - 439615/734832*p2^2*q2^9 - 296443/
         116640*p2^4*q2^7 - 80075/34992*p2^6*q2^5 - 86975/139968*p2^8*q2^3 - 
         1531291/2939328*q1^2*q2^9 + 2461/22680*q1^2*p2^2*q2^7 - 595957/116640
         *q1^2*p2^4*q2^5 - 138925/4374*q1^2*p2^6*q2^3 - 1343825/46656*q1^2*
         p2^8*q2 + 131209/163296*q1^4*q2^7 + 251909/7290*q1^4*p2^2*q2^5 + 
         7688729/69984*q1^4*p2^4*q2^3 - 3195575/11664*q1^4*p2^6*q2 - 481619/
         349920*q1^6*q2^5 + 8908591/87480*q1^6*p2^2*q2^3 - 9088871/116640*q1^6
         *p2^4*q2 - 3107357/979776*q1^8*q2^3 + 9875099/408240*q1^8*p2^2*q2 - 
         481619/1632960*q1^10*q2 - 198059/40824*p1*q1*p2*q2^8 - 923519/29160*
         p1*q1*p2^3*q2^6 - 248225/5832*p1*q1*p2^5*q2^4 - 270725/5832*p1*q1*
         p2^7*q2^2 - 89425/2916*p1*q1*p2^9 + 6427/2916*p1*q1^3*p2*q2^6 + 
         4658629/17496*p1*q1^3*p2^3*q2^4 + 424075/486*p1*q1^3*p2^5*q2^2 - 
         1456525/5832*p1*q1^3*p2^7 - 49639/729*p1*q1^5*p2*q2^4 + 7600987/29160
         *p1*q1^5*p2^3*q2^2 + 202445/5832*p1*q1^5*p2^5 - 1628821/20412*p1*q1^7
         *p2*q2^2 + 7527487/204120*p1*q1^7*p2^3 - 189821/40824*p1*q1^9*p2 - 
         1351309/104976*p1^2*q2^9 - 15881267/408240*p1^2*p2^2*q2^7 - 205/432*
         p1^2*p2^4*q2^5 + 1904875/34992*p1^2*p2^6*q2^3 + 89425/2916*p1^2*p2^8*
         q2 + 2492219/204120*p1^2*q1^2*q2^7 - 340627/6480*p1^2*q1^2*p2^2*q2^5
          - 70825/2916*p1^2*q1^2*p2^4*q2^3 + 1133125/1296*p1^2*q1^2*p2^6*q2 + 
         1787/1620*p1^2*q1^4*q2^5 - 4173043/11664*p1^2*q1^4*p2^2*q2^3 - 
         7695325/11664*p1^2*q1^4*p2^4*q2 + 2793721/87480*p1^2*q1^6*q2^3 - 
         2189929/58320*p1^2*q1^6*p2^2*q2 + 1648873/136080*p1^2*q1^8*q2 - 
         12445081/87480*p1^3*q1*p2*q2^6 - 1618075/2916*p1^3*q1*p2^3*q2^4 - 
         4594975/5832*p1^3*q1*p2^5*q2^2 - 2450/2187*p1^3*q1*p2^7 + 1838419/
         5832*p1^3*q1^3*p2*q2^4 + 2001100/2187*p1^3*q1^3*p2^3*q2^2 - 5484325/
         17496*p1^3*q1^3*p2^5 - 1265729/29160*p1^3*q1^5*p2*q2^2 + 2020345/8748
         *p1^3*q1^5*p2^3 - 11024687/612360*p1^3*q1^7*p2 + 70998829/2449440*
         p1^4*q2^7 + 2188885/11664*p1^4*p2^2*q2^5 + 5151125/23328*p1^4*p2^4*
         q2^3 + 2450/2187*p1^4*p2^6*q2 + 1067767/116640*p1^4*q1^2*q2^5 - 80575/
         243*p1^4*q1^2*p2^2*q2^3 + 8458625/23328*p1^4*q1^2*p2^4*q2 - 1352833/
         23328*p1^4*q1^4*q2^3 - 6248525/11664*p1^4*q1^4*p2^2*q2 + 17498903/
         349920*p1^4*q1^6*q2 + 344075/5832*p1^5*q1*p2*q2^4 - 64925/216*p1^5*q1
         *p2^3*q2^2 - 207025/1458*p1^5*q1*p2^5 + 68575/162*p1^5*q1^3*p2*q2^2
          + 3041675/17496*p1^5*q1^3*p2^3 + 33785/5832*p1^5*q1^5*p2 + 4459985/
         34992*p1^6*q2^5 + 10200575/34992*p1^6*p2^2*q2^3 + 207025/1458*p1^6*
         p2^4*q2 - 1944475/8748*p1^6*q1^2*q2^3 - 439775/1296*p1^6*q1^2*p2^2*q2
          + 294425/11664*p1^6*q1^4*q2 + 1316875/5832*p1^7*q1*p2*q2^2 + 19600/
         729*p1^7*q1*p2^3 + 131075/5832*p1^7*q1^3*p2 - 12503575/139968*p1^8*
         q2^3 - 19600/729*p1^8*p2^2*q2 - 648025/46656*p1^8*q1^2*q2 + 189875/
         26244*p1^9*q1*p2 - 189875/26244*p1^10*q2 )

       + alpha^8 * ( 59282603/881798400*q2^12 + 81139307/48988800*p2^2*q2^10
          + 33941723/19595520*p2^4*q2^8 - 987065/419904*p2^6*q2^6 - 2317945/
         559872*p2^8*q2^4 - 567959/279936*p2^10*q2^2 - 567959/1679616*p2^12 + 
         48040931/146966400*q1^2*q2^10 - 1086053/362880*q1^2*p2^2*q2^8 - 
         16942739/699840*q1^2*p2^4*q2^6 - 8026115/139968*q1^2*p2^6*q2^4 - 
         2622235/93312*q1^2*p2^8*q2^2 + 2337251/279936*q1^2*p2^10 - 1249739/
         3919104*q1^4*q2^8 + 4095169/699840*q1^4*p2^2*q2^6 - 67826317/279936*
         q1^4*p2^4*q2^4 - 12281005/15552*q1^4*p2^6*q2^2 + 27971405/186624*q1^4
         *p2^8 + 29302819/10497600*q1^6*q2^6 + 110550307/699840*q1^6*p2^2*q2^4
          - 55143139/77760*q1^6*p2^4*q2^2 + 12529547/139968*q1^6*p2^6 + 
         1150405/3919104*q1^8*q2^4 + 254413921/3265920*q1^8*p2^2*q2^2 - 
         233153351/6531840*q1^8*p2^4 + 29347777/48988800*q1^10*q2^2 + 3726503/
         6998400*q1^10*p2^2 + 1870543/41990400*q1^12 + 39121333/2449440*p1*q1*
         p2*q2^9 + 3427723/87480*p1*q1*p2^3*q2^7 - 592295/11664*p1*q1*p2^5*
         q2^5 - 2709455/17496*p1*q1*p2^7*q2^3 - 5745005/69984*p1*q1*p2^9*q2 - 
         105803/612360*p1*q1^3*p2*q2^7 + 19498283/87480*p1*q1^3*p2^3*q2^5 - 
         2521285/17496*p1*q1^3*p2^5*q2^3 - 1355095/648*p1*q1^3*p2^7*q2 + 
         1236197/97200*p1*q1^5*p2*q2^5 + 138996949/87480*p1*q1^5*p2^3*q2^3 - 
         10084831/11664*p1*q1^5*p2^5*q2 - 86090827/612360*p1*q1^7*p2*q2^3 + 
         16468007/29160*p1*q1^7*p2^3*q2 - 71662027/2449440*p1*q1^9*p2*q2 + 
         658647601/48988800*p1^2*q2^10 - 6458191/362880*p1^2*p2^2*q2^8 - 
         20960435/139968*p1^2*p2^4*q2^6 - 28450625/139968*p1^2*p2^6*q2^4 - 
         11424595/93312*p1^2*p2^8*q2^2 - 9152759/279936*p1^2*p2^10 - 101519279/
         3265920*p1^2*q1^2*q2^8 + 8595421/38880*p1^2*q1^2*p2^2*q2^6 + 9171775/
         5184*p1^2*q1^2*p2^4*q2^4 + 58945285/23328*p1^2*q1^2*p2^6*q2^2 - 
         59714585/93312*p1^2*q1^2*p2^8 - 665437/699840*p1^2*q1^4*q2^6 - 
         41559311/46656*p1^2*q1^4*p2^2*q2^4 + 16783075/15552*p1^2*q1^4*p2^4*
         q2^2 + 25742885/46656*p1^2*q1^4*p2^6 + 12175889/699840*p1^2*q1^6*q2^4
          - 133934033/116640*p1^2*q1^6*p2^2*q2^2 + 2910715/15552*p1^2*q1^6*
         p2^4 + 151243667/3265920*p1^2*q1^8*q2^2 - 301729399/3265920*p1^2*q1^8
         *p2^2 + 16745581/6998400*p1^2*q1^10 + 11413663/612360*p1^3*q1*p2*q2^7
          - 5284045/17496*p1^3*q1*p2^3*q2^5 + 1353625/17496*p1^3*q1*p2^5*q2^3
          + 19852595/17496*p1^3*q1*p2^7*q2 - 21790511/87480*p1^3*q1^3*p2*q2^5
          - 58773775/26244*p1^3*q1^3*p2^3*q2^3 - 55466285/17496*p1^3*q1^3*p2^5
         *q2 + 74714567/87480*p1^3*q1^5*p2*q2^3 + 11082875/17496*p1^3*q1^5*
         p2^3*q2 + 112075801/612360*p1^3*q1^7*p2*q2 - 456124451/2799360*p1^4*
         q2^8 - 90855125/139968*p1^4*p2^2*q2^6 - 286585075/279936*p1^4*p2^4*
         q2^4 - 99733375/139968*p1^4*p2^6*q2^2 - 20322995/559872*p1^4*p2^8 + 
         137927309/699840*p1^4*q1^2*q2^6 + 30108275/15552*p1^4*q1^2*p2^2*q2^4
          + 51750125/15552*p1^4*q1^2*p2^4*q2^2 - 39596165/139968*p1^4*q1^2*
         p2^6 - 44392573/279936*p1^4*q1^4*q2^4 - 54635425/46656*p1^4*q1^4*p2^2
         *q2^2 + 265350925/279936*p1^4*q1^4*p2^4 - 59525819/699840*p1^4*q1^6*
         q2^2 - 44759795/139968*p1^4*q1^6*p2^2 + 20220443/19595520*p1^4*q1^8
          - 3975557/3888*p1^5*q1*p2*q2^5 - 34793185/17496*p1^5*q1*p2^3*q2^3 - 
         21805/11664*p1^5*q1*p2^5*q2 + 8320115/17496*p1^5*q1^3*p2*q2^3 - 
         24219475/17496*p1^5*q1^3*p2^3*q2 + 941905/1296*p1^5*q1^5*p2*q2 + 
         22226161/419904*p1^6*q2^6 + 3232285/46656*p1^6*p2^2*q2^4 - 39596165/
         139968*p1^6*p2^4*q2^2 - 39726995/419904*p1^6*p2^6 + 45870355/139968*
         p1^6*q1^2*q2^4 + 2885365/2592*p1^6*q1^2*p2^2*q2^2 + 73138625/139968*
         p1^6*q1^2*p2^4 - 57694115/139968*p1^6*q1^4*q2^2 - 35457625/139968*
         p1^6*q1^4*p2^2 - 9828545/419904*p1^6*q1^6 - 2812355/5832*p1^7*q1*p2*
         q2^3 - 12369805/17496*p1^7*q1*p2^3*q2 + 10025645/17496*p1^7*q1^3*p2*
         q2 + 21599935/62208*p1^8*q2^4 + 13624205/31104*p1^8*p2^2*q2^2 + 
         23659405/559872*p1^8*p2^4 - 28435435/93312*p1^8*q1^2*q2^2 - 1665265/
         31104*p1^8*q1^2*p2^2 - 21035945/559872*p1^8*q1^4 + 27139385/209952*
         p1^9*q1*p2*q2 - 52415447/839808*p1^10*q2^2 + 1863323/839808*p1^10*
         p2^2 - 16364677/839808*p1^10*q1^2 - 16364677/5038848*p1^12 )

       + 1/12*q2^4 + 1/6*p2^2*q2^2 + 1/12*p2^4 + 1/6*q1^2*q2^2 + 1/2*q1^2*p2^2
          + 1/12*q1^4 - 2/3*p1*q1*p2*q2 + 1/2*p1^2*q2^2 + 1/6*p1^2*p2^2 + 1/6*
         p1^2*q1^2 + 1/12*p1^4;

  4.21 sec out of 7.69 sec
