FORM by J.Vermaseren,version 3.3(Jul  9 2009) Run at: Tue Jan 10 11:39:26 2017
    *==========================================================================
    *   This file is part of the demos for 
    *    "Generalization of the explicit expression for the Deprit generator 
    *       to  Hamiltonians nonlinearly dependent on small parameter"
    *     Andrey Nikolaev, ICPT, RDTeX, Russia, 2016, Andrey.Nikolaev@rdtex.ru
    *==========================================================================
    *  Comparison of the Gustavson [1], Hori [2], Deprit [3], Henrard [4],
    *    Dragt-Finn [5] and the explicit [6]  algorihms for the Toda 2D system
    *  1. Gustavson FG (1966), Astron J 71:670
    *  2. Hori G (1966), Publ Astron Soc Japan 18:287
    *  3. Deprit A (1969), Celestial Mech 1:12–30
    *  4. Henrard, J., in "Recent advances in dynamical astronomy" ed. Szebehely, p.
     248, 	
    *  5. Dragt AJ, Finn JM (1976), J. Math. Phys. 17:2215–2227
    *  6. Nikolaev A.S., arXiv:1612.05207
    *==========================================================================
    *          MAXORDER - maximum order in alpha,
    *          NDIM - number of dimensions
    *-------------------- 
    #define MAXORDER	"10"
    #define NDIM    	"2"
    CFunctions sqrt,qurt,asqrt,aqurt,exp; 
    Symbols l,m,n,k,alpha(:{'MAXORDER'}),z
    *-------------------- 
    *			The following are the canonical variables:
    *-------------------- 
    #do j=1,'NDIM'
    	zeta'j',eta'j',P'j',Q'j',p'j',q'j'
    #enddo
    ;
    Off statistics;
    .global
    *-------------------- 
    *	The Hamiltonian in P,Q  variables is:
    *-------------------- 
    #define NAME "Toda2d"
    Global HPQ=1/2*(P1^2 + P2^2)+ 1/24*(exp(2*Q2+2*sqrt(3)*Q1)+exp(2*Q2-2*sqrt(3)*Q1
    )+exp(-4*Q2))-1/8;
    B alpha;
    Print;
    .sort

   HPQ =
       - 1/8 + 1/2*P2^2 + 1/2*P1^2 + 1/24*exp( - 4*Q2) + 1/24*exp(2*Q2 - 2*
         sqrt(3)*Q1) + 1/24*exp(2*Q2 + 2*sqrt(3)*Q1);

    id exp(m?)=sum_(n,0,{'MAXORDER'+2},m^n*invfac_(n));
    #call eidentities()
    B alpha;
    Print;
    .store

   HPQ =
       + 1/2*Q2^2 - 1/3*Q2^3 + 1/2*Q2^4 - 1/3*Q2^5 + 11/45*Q2^6 - 2/15*Q2^7 + 
         43/630*Q2^8 - 17/567*Q2^9 + 19/1575*Q2^10 - 62/14175*Q2^11 + 683/
         467775*Q2^12 + 1/2*P2^2 + 1/2*Q1^2 + Q1^2*Q2 + Q1^2*Q2^2 + 2/3*Q1^2*
         Q2^3 + 1/3*Q1^2*Q2^4 + 2/15*Q1^2*Q2^5 + 2/45*Q1^2*Q2^6 + 4/315*Q1^2*
         Q2^7 + 1/315*Q1^2*Q2^8 + 2/2835*Q1^2*Q2^9 + 2/14175*Q1^2*Q2^10 + 1/2*
         Q1^4 + Q1^4*Q2 + Q1^4*Q2^2 + 2/3*Q1^4*Q2^3 + 1/3*Q1^4*Q2^4 + 2/15*
         Q1^4*Q2^5 + 2/45*Q1^4*Q2^6 + 4/315*Q1^4*Q2^7 + 1/315*Q1^4*Q2^8 + 1/5*
         Q1^6 + 2/5*Q1^6*Q2 + 2/5*Q1^6*Q2^2 + 4/15*Q1^6*Q2^3 + 2/15*Q1^6*Q2^4
          + 4/75*Q1^6*Q2^5 + 4/225*Q1^6*Q2^6 + 3/70*Q1^8 + 3/35*Q1^8*Q2 + 3/35
         *Q1^8*Q2^2 + 2/35*Q1^8*Q2^3 + 1/35*Q1^8*Q2^4 + 1/175*Q1^10 + 2/175*
         Q1^10*Q2 + 2/175*Q1^10*Q2^2 + 1/1925*Q1^12 + 1/2*P1^2;

    *-------------------- 
    *	A scaling transform introduces a small parameter:
    *-------------------- 
    G H=HPQ/alpha^2;
    #do j=1,'NDIM'
    id P'j'=alpha*p'j';
    id Q'j'=alpha*q'j';
    #enddo
    .sort
    #call eidentities()
    B alpha;
    Print;
    .store

   H =
       + alpha * (  - 1/3*q2^3 + q1^2*q2 )

       + alpha^2 * ( 1/2*q2^4 + q1^2*q2^2 + 1/2*q1^4 )

       + alpha^3 * (  - 1/3*q2^5 + 2/3*q1^2*q2^3 + q1^4*q2 )

       + alpha^4 * ( 11/45*q2^6 + 1/3*q1^2*q2^4 + q1^4*q2^2 + 1/5*q1^6 )

       + alpha^5 * (  - 2/15*q2^7 + 2/15*q1^2*q2^5 + 2/3*q1^4*q2^3 + 2/5*q1^6*
         q2 )

       + alpha^6 * ( 43/630*q2^8 + 2/45*q1^2*q2^6 + 1/3*q1^4*q2^4 + 2/5*q1^6*
         q2^2 + 3/70*q1^8 )

       + alpha^7 * (  - 17/567*q2^9 + 4/315*q1^2*q2^7 + 2/15*q1^4*q2^5 + 4/15*
         q1^6*q2^3 + 3/35*q1^8*q2 )

       + alpha^8 * ( 19/1575*q2^10 + 1/315*q1^2*q2^8 + 2/45*q1^4*q2^6 + 2/15*
         q1^6*q2^4 + 3/35*q1^8*q2^2 + 1/175*q1^10 )

       + alpha^9 * (  - 62/14175*q2^11 + 2/2835*q1^2*q2^9 + 4/315*q1^4*q2^7 + 
         4/75*q1^6*q2^5 + 2/35*q1^8*q2^3 + 2/175*q1^10*q2 )

       + alpha^10 * ( 683/467775*q2^12 + 2/14175*q1^2*q2^10 + 1/315*q1^4*q2^8
          + 4/225*q1^6*q2^6 + 1/35*q1^8*q2^4 + 2/175*q1^10*q2^2 + 1/1925*q1^12
          )

       + 1/2*q2^2 + 1/2*p2^2 + 1/2*q1^2 + 1/2*p1^2;

    #call frequencies()

   Omega1 =
      1;


   Omega2 =
      1;

    Global Hpq = H;
    B alpha;
    Print;
    .store

   Hpq =
       + alpha * (  - 1/3*q2^3 + q1^2*q2 )

       + alpha^2 * ( 1/2*q2^4 + q1^2*q2^2 + 1/2*q1^4 )

       + alpha^3 * (  - 1/3*q2^5 + 2/3*q1^2*q2^3 + q1^4*q2 )

       + alpha^4 * ( 11/45*q2^6 + 1/3*q1^2*q2^4 + q1^4*q2^2 + 1/5*q1^6 )

       + alpha^5 * (  - 2/15*q2^7 + 2/15*q1^2*q2^5 + 2/3*q1^4*q2^3 + 2/5*q1^6*
         q2 )

       + alpha^6 * ( 43/630*q2^8 + 2/45*q1^2*q2^6 + 1/3*q1^4*q2^4 + 2/5*q1^6*
         q2^2 + 3/70*q1^8 )

       + alpha^7 * (  - 17/567*q2^9 + 4/315*q1^2*q2^7 + 2/15*q1^4*q2^5 + 4/15*
         q1^6*q2^3 + 3/35*q1^8*q2 )

       + alpha^8 * ( 19/1575*q2^10 + 1/315*q1^2*q2^8 + 2/45*q1^4*q2^6 + 2/15*
         q1^6*q2^4 + 3/35*q1^8*q2^2 + 1/175*q1^10 )

       + alpha^9 * (  - 62/14175*q2^11 + 2/2835*q1^2*q2^9 + 4/315*q1^4*q2^7 + 
         4/75*q1^6*q2^5 + 2/35*q1^8*q2^3 + 2/175*q1^10*q2 )

       + alpha^10 * ( 683/467775*q2^12 + 2/14175*q1^2*q2^10 + 1/315*q1^4*q2^8
          + 4/225*q1^6*q2^6 + 1/35*q1^8*q2^4 + 2/175*q1^10*q2^2 + 1/1925*q1^12
          )

       + 1/2*q2^2 + 1/2*p2^2 + 1/2*q1^2 + 1/2*p1^2;

    *-------------------- 
    *	The unperturbed part is as follows:
    *-------------------- 
    Global H0 = Hpq[alpha^0];
    Print;
    .store

   H0 =
      1/2*q2^2 + 1/2*p2^2 + 1/2*q1^2 + 1/2*p1^2;

    *------------------------------------------------------------------------------ 
    *     1. The explicit expression for the generator: 
    *        Nikolaev A.S., arXiv:1612.05207
    *------------------------------------------------------------------------------ 
    #call Wpq(e)

Time =     142.81 sec    Generated terms =       3417
             eSH         Terms in output =        445
                         Bytes used      =      10350
    Global W = eSH;
    .store
    *--------------------
    *         The transformed Hamiltonian U_W H:
    *--------------------
    #call Upq(W,Hpq,e)

Time =     142.99 sec    Generated terms =        279
            eU10         Terms in output =        279
                         Bytes used      =       5834
    .store
    Global HtExplicit=eU'MAXORDER';
    .store
    *--------------------
    *        The Gustavson-Hori integral U_G^-1 H0 :
    *--------------------
    #call Uinversepq(W,H0,ei)

Time =     143.09 sec    Generated terms =        467
        eiUinv10         Terms in output =        467
                         Bytes used      =      10388
    G IGH0Explicit= eiUinv'MAXORDER';
    .store
    *------------------------------------------------------------------------------ 
    *     2. The Henrard normalisation.
    *     Henrard, J., in "Recent advances in dynamical astronomy" ed. Szebehely, p.
     248	
    *     Algorithm by Koseleff PV (1994), Cel. Mech. 58:17-36
    *------------------------------------------------------------------------------ 
    #call HenrardNormalizationpq(hk)
    Global HtHenrard=hkHt'MAXORDER';
    .store
    #call HenrardInversepq(hkW'MAXORDER',H0,hki)

Time =     146.12 sec    Generated terms =        467
       hkiHinv10         Terms in output =        467
                         Bytes used      =      10388
    Global IGH0Henrard= hkiHinv'MAXORDER';
    .store
    *------------------------------------------------------------------------------ 
    *     The comparison of the Explicit and Henrard normalisations.
    *------------------------------------------------------------------------------ 
    *      1) The Gustavson integrals are identical:
    *-----------------
    write statistics;
    Local dGustavsonIntegrals=IGH0Henrard-IGH0Explicit;
    B alpha;
    Print;
    .store

Time =     146.12 sec    Generated terms =        934
stavsonIntegrals         Terms in output =          0
                         Bytes used      =          2

   dGustavsonIntegrals = 0;

    *      2) The Hamiltonians normalised by the Henrard and Explicit methods are id
    entical:
    *-----------------
    write statistics;
    L dHt=HtHenrard-HtExplicit;
    B alpha;
    Print;
    .store

Time =     146.12 sec    Generated terms =        558
             dHt         Terms in output =          0
                         Bytes used      =          2

   dHt = 0;

    *------------------------------------------------------------------------------ 
    *     3. The Deprit triangular normalisation. 
    *        Deprit A (1969), Celestial Mech 1:12–30 
    *------------------------------------------------------------------------------ 
    #call Deprit3Normalizationpq(dt)

Time =     148.57 sec    Generated terms =        445
             dtW         Terms in output =        445
                         Bytes used      =      10402

Time =     148.57 sec    Generated terms =        279
          dtHt10         Terms in output =        279
                         Bytes used      =       5906
    Global HtDeprit3=dtHt'MAXORDER';
    .store
    #call Deprit3Inversepq(dtW,H0,dti)

Time =     149.04 sec    Generated terms =        467
       dtiUinv10         Terms in output =        467
                         Bytes used      =      10388
    Global IGH0Deprit3=dtiUinv'MAXORDER'; 
    .store
    *      1) The Gustavson integrals are identical:
    *-----------------
    write statistics;
    Local dGustavsonIntegrals=IGH0Henrard-IGH0Deprit3;
    B alpha;
    Print;
    .store

Time =     149.04 sec    Generated terms =        934
stavsonIntegrals         Terms in output =          0
                         Bytes used      =          2

   dGustavsonIntegrals = 0;

    *-------------------- 
    *     2) The normalised Hamiltonians differ starting from the 8th order:
    *-------------------- 
    Local dHtDeprit3vsHenrard=HtHenrard-HtDeprit3;
    B alpha;
    Print;
    .store

   dHtDeprit3vsHenrard =
       + alpha^8 * ( 1283/3888*q1^2*p2^2*q2^6 + 1283/1296*q1^2*p2^4*q2^4 + 
         1283/1296*q1^2*p2^6*q2^2 + 1283/3888*q1^2*p2^8 - 6415/1296*q1^4*p2^2*
         q2^4 - 1283/216*q1^4*p2^4*q2^2 - 1283/1296*q1^4*p2^6 + 6415/1296*q1^6
         *p2^2*q2^2 + 1283/1296*q1^6*p2^4 - 1283/3888*q1^8*p2^2 - 1283/1944*p1
         *q1*p2*q2^7 - 1283/648*p1*q1*p2^3*q2^5 - 1283/648*p1*q1*p2^5*q2^3 - 
         1283/1944*p1*q1*p2^7*q2 + 6415/648*p1*q1^3*p2*q2^5 + 1283/324*p1*q1^3
         *p2^3*q2^3 - 1283/216*p1*q1^3*p2^5*q2 - 6415/648*p1*q1^5*p2*q2^3 + 
         1283/216*p1*q1^5*p2^3*q2 + 1283/1944*p1*q1^7*p2*q2 + 1283/3888*p1^2*
         q2^8 + 1283/1296*p1^2*p2^2*q2^6 + 1283/1296*p1^2*p2^4*q2^4 + 1283/
         3888*p1^2*p2^6*q2^2 - 6415/1296*p1^2*q1^2*q2^6 + 1283/144*p1^2*q1^2*
         p2^2*q2^4 + 1283/144*p1^2*q1^2*p2^4*q2^2 - 6415/1296*p1^2*q1^2*p2^6
          + 6415/1296*p1^2*q1^4*q2^4 - 1283/144*p1^2*q1^4*p2^2*q2^2 + 1283/216
         *p1^2*q1^4*p2^4 - 1283/3888*p1^2*q1^6*q2^2 - 1283/1296*p1^2*q1^6*p2^2
          - 1283/216*p1^3*q1*p2*q2^5 + 1283/324*p1^3*q1*p2^3*q2^3 + 6415/648*
         p1^3*q1*p2^5*q2 - 1283/324*p1^3*q1^3*p2*q2^3 - 1283/324*p1^3*q1^3*
         p2^3*q2 + 1283/648*p1^3*q1^5*p2*q2 - 1283/1296*p1^4*q2^6 - 1283/216*
         p1^4*p2^2*q2^4 - 6415/1296*p1^4*p2^4*q2^2 + 1283/216*p1^4*q1^2*q2^4
          - 1283/144*p1^4*q1^2*p2^2*q2^2 + 6415/1296*p1^4*q1^2*p2^4 - 1283/
         1296*p1^4*q1^4*q2^2 - 1283/1296*p1^4*q1^4*p2^2 + 1283/216*p1^5*q1*p2*
         q2^3 - 6415/648*p1^5*q1*p2^3*q2 + 1283/648*p1^5*q1^3*p2*q2 + 1283/
         1296*p1^6*q2^4 + 6415/1296*p1^6*p2^2*q2^2 - 1283/1296*p1^6*q1^2*q2^2
          - 1283/3888*p1^6*q1^2*p2^2 + 1283/1944*p1^7*q1*p2*q2 - 1283/3888*
         p1^8*q2^2 )

       + alpha^10 * (  - 1979399/933120*q1^2*p2^2*q2^8 - 1979399/233280*q1^2*
         p2^4*q2^6 - 1979399/155520*q1^2*p2^6*q2^4 - 1979399/233280*q1^2*p2^8*
         q2^2 - 1979399/933120*q1^2*p2^10 + 13855793/466560*q1^4*p2^2*q2^6 + 
         1979399/31104*q1^4*p2^4*q2^4 + 1979399/51840*q1^4*p2^6*q2^2 + 1979399/
         466560*q1^4*p2^8 - 13855793/466560*q1^8*p2^2*q2^2 - 1979399/466560*
         q1^8*p2^4 + 1979399/933120*q1^10*p2^2 + 1979399/466560*p1*q1*p2*q2^9
          + 1979399/116640*p1*q1*p2^3*q2^7 + 1979399/77760*p1*q1*p2^5*q2^5 + 
         1979399/116640*p1*q1*p2^7*q2^3 + 1979399/466560*p1*q1*p2^9*q2 - 
         13855793/233280*p1*q1^3*p2*q2^7 - 1979399/25920*p1*q1^3*p2^3*q2^5 + 
         1979399/77760*p1*q1^3*p2^5*q2^3 + 1979399/46656*p1*q1^3*p2^7*q2 + 
         13855793/233280*p1*q1^7*p2*q2^3 - 1979399/46656*p1*q1^7*p2^3*q2 - 
         1979399/466560*p1*q1^9*p2*q2 - 1979399/933120*p1^2*q2^10 - 1979399/
         233280*p1^2*p2^2*q2^8 - 1979399/155520*p1^2*p2^4*q2^6 - 1979399/
         233280*p1^2*p2^6*q2^4 - 1979399/933120*p1^2*p2^8*q2^2 + 13855793/
         466560*p1^2*q1^2*q2^8 - 1979399/58320*p1^2*q1^2*p2^2*q2^6 - 1979399/
         15552*p1^2*q1^2*p2^4*q2^4 - 1979399/58320*p1^2*q1^2*p2^6*q2^2 + 
         13855793/466560*p1^2*q1^2*p2^8 - 13855793/466560*p1^2*q1^6*q2^4 + 
         1979399/58320*p1^2*q1^6*p2^2*q2^2 - 1979399/51840*p1^2*q1^6*p2^4 + 
         1979399/933120*p1^2*q1^8*q2^2 + 1979399/233280*p1^2*q1^8*p2^2 + 
         1979399/46656*p1^3*q1*p2*q2^7 + 1979399/77760*p1^3*q1*p2^3*q2^5 - 
         1979399/25920*p1^3*q1*p2^5*q2^3 - 13855793/233280*p1^3*q1*p2^7*q2 + 
         1979399/25920*p1^3*q1^5*p2*q2^3 - 1979399/77760*p1^3*q1^5*p2^3*q2 - 
         1979399/116640*p1^3*q1^7*p2*q2 + 1979399/466560*p1^4*q2^8 + 1979399/
         51840*p1^4*p2^2*q2^6 + 1979399/31104*p1^4*p2^4*q2^4 + 13855793/466560
         *p1^4*p2^6*q2^2 - 1979399/31104*p1^4*q1^4*q2^4 + 1979399/15552*p1^4*
         q1^4*p2^2*q2^2 - 1979399/31104*p1^4*q1^4*p2^4 + 1979399/233280*p1^4*
         q1^6*q2^2 + 1979399/155520*p1^4*q1^6*p2^2 - 1979399/77760*p1^5*q1^3*
         p2*q2^3 + 1979399/25920*p1^5*q1^3*p2^3*q2 - 1979399/77760*p1^5*q1^5*
         p2*q2 - 1979399/51840*p1^6*q1^2*q2^4 + 1979399/58320*p1^6*q1^2*p2^2*
         q2^2 - 13855793/466560*p1^6*q1^2*p2^4 + 1979399/155520*p1^6*q1^4*q2^2
          + 1979399/233280*p1^6*q1^4*p2^2 - 1979399/46656*p1^7*q1*p2*q2^3 + 
         13855793/233280*p1^7*q1*p2^3*q2 - 1979399/116640*p1^7*q1^3*p2*q2 - 
         1979399/466560*p1^8*q2^4 - 13855793/466560*p1^8*p2^2*q2^2 + 1979399/
         233280*p1^8*q1^2*q2^2 + 1979399/933120*p1^8*q1^2*p2^2 - 1979399/
         466560*p1^9*q1*p2*q2 + 1979399/933120*p1^10*q2^2 );

    *------------------------------------------------------------------------------ 
    *     4. The Hori normalisation. 
    *       Hori G (1966), Publ Astron Soc Japan 18:287
    *       Algorithm by Mersman W.A., Celest. Mech. 3 (1970) 81–89.
    *------------------------------------------------------------------------------ 
    #call HoriMersmanNormalizationpq(hm)
    Global HtHori=hmHt'MAXORDER';
    .store
    #call HoriMersmanInversepq(hmG'MAXORDER',H0,h)

Time =     152.53 sec    Generated terms =        467
        hHMinv10         Terms in output =        467
                         Bytes used      =      10388
    Global IGH0Hori=hHMinv'MAXORDER'; 
    .store
    *      1) The Gustavson integrals are identical:
    *-----------------
    write statistics;
    Local dGustavsonIntegrals=IGH0Hori-IGH0Deprit3;
    B alpha;
    Print;
    .store

Time =     152.53 sec    Generated terms =        934
stavsonIntegrals         Terms in output =          0
                         Bytes used      =          2

   dGustavsonIntegrals = 0;

    *-------------------- 
    *     3) The normalised Hamiltonians differ starting from the 8th order:
    *-------------------- 
    Local dHtHorivsDeprit3=HtHori-HtDeprit3;
    Local dHtHorivsHenrard=HtHori-HtHenrard;
    B alpha;
    Print;
    .store

   dHtHorivsDeprit3 =
       + alpha^8 * ( 4351/25920*q1^2*p2^2*q2^6 + 4351/8640*q1^2*p2^4*q2^4 + 
         4351/8640*q1^2*p2^6*q2^2 + 4351/25920*q1^2*p2^8 - 4351/1728*q1^4*p2^2
         *q2^4 - 4351/1440*q1^4*p2^4*q2^2 - 4351/8640*q1^4*p2^6 + 4351/1728*
         q1^6*p2^2*q2^2 + 4351/8640*q1^6*p2^4 - 4351/25920*q1^8*p2^2 - 4351/
         12960*p1*q1*p2*q2^7 - 4351/4320*p1*q1*p2^3*q2^5 - 4351/4320*p1*q1*
         p2^5*q2^3 - 4351/12960*p1*q1*p2^7*q2 + 4351/864*p1*q1^3*p2*q2^5 + 
         4351/2160*p1*q1^3*p2^3*q2^3 - 4351/1440*p1*q1^3*p2^5*q2 - 4351/864*p1
         *q1^5*p2*q2^3 + 4351/1440*p1*q1^5*p2^3*q2 + 4351/12960*p1*q1^7*p2*q2
          + 4351/25920*p1^2*q2^8 + 4351/8640*p1^2*p2^2*q2^6 + 4351/8640*p1^2*
         p2^4*q2^4 + 4351/25920*p1^2*p2^6*q2^2 - 4351/1728*p1^2*q1^2*q2^6 + 
         4351/960*p1^2*q1^2*p2^2*q2^4 + 4351/960*p1^2*q1^2*p2^4*q2^2 - 4351/
         1728*p1^2*q1^2*p2^6 + 4351/1728*p1^2*q1^4*q2^4 - 4351/960*p1^2*q1^4*
         p2^2*q2^2 + 4351/1440*p1^2*q1^4*p2^4 - 4351/25920*p1^2*q1^6*q2^2 - 
         4351/8640*p1^2*q1^6*p2^2 - 4351/1440*p1^3*q1*p2*q2^5 + 4351/2160*p1^3
         *q1*p2^3*q2^3 + 4351/864*p1^3*q1*p2^5*q2 - 4351/2160*p1^3*q1^3*p2*
         q2^3 - 4351/2160*p1^3*q1^3*p2^3*q2 + 4351/4320*p1^3*q1^5*p2*q2 - 4351/
         8640*p1^4*q2^6 - 4351/1440*p1^4*p2^2*q2^4 - 4351/1728*p1^4*p2^4*q2^2
          + 4351/1440*p1^4*q1^2*q2^4 - 4351/960*p1^4*q1^2*p2^2*q2^2 + 4351/
         1728*p1^4*q1^2*p2^4 - 4351/8640*p1^4*q1^4*q2^2 - 4351/8640*p1^4*q1^4*
         p2^2 + 4351/1440*p1^5*q1*p2*q2^3 - 4351/864*p1^5*q1*p2^3*q2 + 4351/
         4320*p1^5*q1^3*p2*q2 + 4351/8640*p1^6*q2^4 + 4351/1728*p1^6*p2^2*q2^2
          - 4351/8640*p1^6*q1^2*q2^2 - 4351/25920*p1^6*q1^2*p2^2 + 4351/12960*
         p1^7*q1*p2*q2 - 4351/25920*p1^8*q2^2 )

       + alpha^10 * (  - 1654483/1451520*q1^2*p2^2*q2^8 - 1654483/362880*q1^2*
         p2^4*q2^6 - 1654483/241920*q1^2*p2^6*q2^4 - 1654483/362880*q1^2*p2^8*
         q2^2 - 1654483/1451520*q1^2*p2^10 + 1654483/103680*q1^4*p2^2*q2^6 + 
         1654483/48384*q1^4*p2^4*q2^4 + 1654483/80640*q1^4*p2^6*q2^2 + 1654483/
         725760*q1^4*p2^8 - 1654483/103680*q1^8*p2^2*q2^2 - 1654483/725760*
         q1^8*p2^4 + 1654483/1451520*q1^10*p2^2 + 1654483/725760*p1*q1*p2*q2^9
          + 1654483/181440*p1*q1*p2^3*q2^7 + 1654483/120960*p1*q1*p2^5*q2^5 + 
         1654483/181440*p1*q1*p2^7*q2^3 + 1654483/725760*p1*q1*p2^9*q2 - 
         1654483/51840*p1*q1^3*p2*q2^7 - 1654483/40320*p1*q1^3*p2^3*q2^5 + 
         1654483/120960*p1*q1^3*p2^5*q2^3 + 1654483/72576*p1*q1^3*p2^7*q2 + 
         1654483/51840*p1*q1^7*p2*q2^3 - 1654483/72576*p1*q1^7*p2^3*q2 - 
         1654483/725760*p1*q1^9*p2*q2 - 1654483/1451520*p1^2*q2^10 - 1654483/
         362880*p1^2*p2^2*q2^8 - 1654483/241920*p1^2*p2^4*q2^6 - 1654483/
         362880*p1^2*p2^6*q2^4 - 1654483/1451520*p1^2*p2^8*q2^2 + 1654483/
         103680*p1^2*q1^2*q2^8 - 1654483/90720*p1^2*q1^2*p2^2*q2^6 - 1654483/
         24192*p1^2*q1^2*p2^4*q2^4 - 1654483/90720*p1^2*q1^2*p2^6*q2^2 + 
         1654483/103680*p1^2*q1^2*p2^8 - 1654483/103680*p1^2*q1^6*q2^4 + 
         1654483/90720*p1^2*q1^6*p2^2*q2^2 - 1654483/80640*p1^2*q1^6*p2^4 + 
         1654483/1451520*p1^2*q1^8*q2^2 + 1654483/362880*p1^2*q1^8*p2^2 + 
         1654483/72576*p1^3*q1*p2*q2^7 + 1654483/120960*p1^3*q1*p2^3*q2^5 - 
         1654483/40320*p1^3*q1*p2^5*q2^3 - 1654483/51840*p1^3*q1*p2^7*q2 + 
         1654483/40320*p1^3*q1^5*p2*q2^3 - 1654483/120960*p1^3*q1^5*p2^3*q2 - 
         1654483/181440*p1^3*q1^7*p2*q2 + 1654483/725760*p1^4*q2^8 + 1654483/
         80640*p1^4*p2^2*q2^6 + 1654483/48384*p1^4*p2^4*q2^4 + 1654483/103680*
         p1^4*p2^6*q2^2 - 1654483/48384*p1^4*q1^4*q2^4 + 1654483/24192*p1^4*
         q1^4*p2^2*q2^2 - 1654483/48384*p1^4*q1^4*p2^4 + 1654483/362880*p1^4*
         q1^6*q2^2 + 1654483/241920*p1^4*q1^6*p2^2 - 1654483/120960*p1^5*q1^3*
         p2*q2^3 + 1654483/40320*p1^5*q1^3*p2^3*q2 - 1654483/120960*p1^5*q1^5*
         p2*q2 - 1654483/80640*p1^6*q1^2*q2^4 + 1654483/90720*p1^6*q1^2*p2^2*
         q2^2 - 1654483/103680*p1^6*q1^2*p2^4 + 1654483/241920*p1^6*q1^4*q2^2
          + 1654483/362880*p1^6*q1^4*p2^2 - 1654483/72576*p1^7*q1*p2*q2^3 + 
         1654483/51840*p1^7*q1*p2^3*q2 - 1654483/181440*p1^7*q1^3*p2*q2 - 
         1654483/725760*p1^8*q2^4 - 1654483/103680*p1^8*p2^2*q2^2 + 1654483/
         362880*p1^8*q1^2*q2^2 + 1654483/1451520*p1^8*q1^2*p2^2 - 1654483/
         725760*p1^9*q1*p2*q2 + 1654483/1451520*p1^10*q2^2 );

   dHtHorivsHenrard =
       + alpha^8 * (  - 12607/77760*q1^2*p2^2*q2^6 - 12607/25920*q1^2*p2^4*
         q2^4 - 12607/25920*q1^2*p2^6*q2^2 - 12607/77760*q1^2*p2^8 + 12607/
         5184*q1^4*p2^2*q2^4 + 12607/4320*q1^4*p2^4*q2^2 + 12607/25920*q1^4*
         p2^6 - 12607/5184*q1^6*p2^2*q2^2 - 12607/25920*q1^6*p2^4 + 12607/
         77760*q1^8*p2^2 + 12607/38880*p1*q1*p2*q2^7 + 12607/12960*p1*q1*p2^3*
         q2^5 + 12607/12960*p1*q1*p2^5*q2^3 + 12607/38880*p1*q1*p2^7*q2 - 
         12607/2592*p1*q1^3*p2*q2^5 - 12607/6480*p1*q1^3*p2^3*q2^3 + 12607/
         4320*p1*q1^3*p2^5*q2 + 12607/2592*p1*q1^5*p2*q2^3 - 12607/4320*p1*
         q1^5*p2^3*q2 - 12607/38880*p1*q1^7*p2*q2 - 12607/77760*p1^2*q2^8 - 
         12607/25920*p1^2*p2^2*q2^6 - 12607/25920*p1^2*p2^4*q2^4 - 12607/77760
         *p1^2*p2^6*q2^2 + 12607/5184*p1^2*q1^2*q2^6 - 12607/2880*p1^2*q1^2*
         p2^2*q2^4 - 12607/2880*p1^2*q1^2*p2^4*q2^2 + 12607/5184*p1^2*q1^2*
         p2^6 - 12607/5184*p1^2*q1^4*q2^4 + 12607/2880*p1^2*q1^4*p2^2*q2^2 - 
         12607/4320*p1^2*q1^4*p2^4 + 12607/77760*p1^2*q1^6*q2^2 + 12607/25920*
         p1^2*q1^6*p2^2 + 12607/4320*p1^3*q1*p2*q2^5 - 12607/6480*p1^3*q1*p2^3
         *q2^3 - 12607/2592*p1^3*q1*p2^5*q2 + 12607/6480*p1^3*q1^3*p2*q2^3 + 
         12607/6480*p1^3*q1^3*p2^3*q2 - 12607/12960*p1^3*q1^5*p2*q2 + 12607/
         25920*p1^4*q2^6 + 12607/4320*p1^4*p2^2*q2^4 + 12607/5184*p1^4*p2^4*
         q2^2 - 12607/4320*p1^4*q1^2*q2^4 + 12607/2880*p1^4*q1^2*p2^2*q2^2 - 
         12607/5184*p1^4*q1^2*p2^4 + 12607/25920*p1^4*q1^4*q2^2 + 12607/25920*
         p1^4*q1^4*p2^2 - 12607/4320*p1^5*q1*p2*q2^3 + 12607/2592*p1^5*q1*p2^3
         *q2 - 12607/12960*p1^5*q1^3*p2*q2 - 12607/25920*p1^6*q2^4 - 12607/
         5184*p1^6*p2^2*q2^2 + 12607/25920*p1^6*q1^2*q2^2 + 12607/77760*p1^6*
         q1^2*p2^2 - 12607/38880*p1^7*q1*p2*q2 + 12607/77760*p1^8*q2^2 )

       + alpha^10 * ( 12821239/13063680*q1^2*p2^2*q2^8 + 12821239/3265920*q1^2
         *p2^4*q2^6 + 12821239/2177280*q1^2*p2^6*q2^4 + 12821239/3265920*q1^2*
         p2^8*q2^2 + 12821239/13063680*q1^2*p2^10 - 12821239/933120*q1^4*p2^2*
         q2^6 - 12821239/435456*q1^4*p2^4*q2^4 - 12821239/725760*q1^4*p2^6*
         q2^2 - 12821239/6531840*q1^4*p2^8 + 12821239/933120*q1^8*p2^2*q2^2 + 
         12821239/6531840*q1^8*p2^4 - 12821239/13063680*q1^10*p2^2 - 12821239/
         6531840*p1*q1*p2*q2^9 - 12821239/1632960*p1*q1*p2^3*q2^7 - 12821239/
         1088640*p1*q1*p2^5*q2^5 - 12821239/1632960*p1*q1*p2^7*q2^3 - 12821239/
         6531840*p1*q1*p2^9*q2 + 12821239/466560*p1*q1^3*p2*q2^7 + 12821239/
         362880*p1*q1^3*p2^3*q2^5 - 12821239/1088640*p1*q1^3*p2^5*q2^3 - 
         12821239/653184*p1*q1^3*p2^7*q2 - 12821239/466560*p1*q1^7*p2*q2^3 + 
         12821239/653184*p1*q1^7*p2^3*q2 + 12821239/6531840*p1*q1^9*p2*q2 + 
         12821239/13063680*p1^2*q2^10 + 12821239/3265920*p1^2*p2^2*q2^8 + 
         12821239/2177280*p1^2*p2^4*q2^6 + 12821239/3265920*p1^2*p2^6*q2^4 + 
         12821239/13063680*p1^2*p2^8*q2^2 - 12821239/933120*p1^2*q1^2*q2^8 + 
         12821239/816480*p1^2*q1^2*p2^2*q2^6 + 12821239/217728*p1^2*q1^2*p2^4*
         q2^4 + 12821239/816480*p1^2*q1^2*p2^6*q2^2 - 12821239/933120*p1^2*
         q1^2*p2^8 + 12821239/933120*p1^2*q1^6*q2^4 - 12821239/816480*p1^2*
         q1^6*p2^2*q2^2 + 12821239/725760*p1^2*q1^6*p2^4 - 12821239/13063680*
         p1^2*q1^8*q2^2 - 12821239/3265920*p1^2*q1^8*p2^2 - 12821239/653184*
         p1^3*q1*p2*q2^7 - 12821239/1088640*p1^3*q1*p2^3*q2^5 + 12821239/
         362880*p1^3*q1*p2^5*q2^3 + 12821239/466560*p1^3*q1*p2^7*q2 - 12821239/
         362880*p1^3*q1^5*p2*q2^3 + 12821239/1088640*p1^3*q1^5*p2^3*q2 + 
         12821239/1632960*p1^3*q1^7*p2*q2 - 12821239/6531840*p1^4*q2^8 - 
         12821239/725760*p1^4*p2^2*q2^6 - 12821239/435456*p1^4*p2^4*q2^4 - 
         12821239/933120*p1^4*p2^6*q2^2 + 12821239/435456*p1^4*q1^4*q2^4 - 
         12821239/217728*p1^4*q1^4*p2^2*q2^2 + 12821239/435456*p1^4*q1^4*p2^4
          - 12821239/3265920*p1^4*q1^6*q2^2 - 12821239/2177280*p1^4*q1^6*p2^2
          + 12821239/1088640*p1^5*q1^3*p2*q2^3 - 12821239/362880*p1^5*q1^3*
         p2^3*q2 + 12821239/1088640*p1^5*q1^5*p2*q2 + 12821239/725760*p1^6*
         q1^2*q2^4 - 12821239/816480*p1^6*q1^2*p2^2*q2^2 + 12821239/933120*
         p1^6*q1^2*p2^4 - 12821239/2177280*p1^6*q1^4*q2^2 - 12821239/3265920*
         p1^6*q1^4*p2^2 + 12821239/653184*p1^7*q1*p2*q2^3 - 12821239/466560*
         p1^7*q1*p2^3*q2 + 12821239/1632960*p1^7*q1^3*p2*q2 + 12821239/6531840
         *p1^8*q2^4 + 12821239/933120*p1^8*p2^2*q2^2 - 12821239/3265920*p1^8*
         q1^2*q2^2 - 12821239/13063680*p1^8*q1^2*p2^2 + 12821239/6531840*p1^9*
         q1*p2*q2 - 12821239/13063680*p1^10*q2^2 );

    *------------------------------------------------------------------------------ 
    *     5. The Dragt-Finn normalisation. 
    *       Dragt AJ, Finn JM (1976), J. Math. Phys. 17:2215–2227
    *       Algorithm by Koseleff PV (1994), Cel. Mech. 58:17–36.
    *------------------------------------------------------------------------------ 
    #call DragtFinnNormalizationpq(df)

Time =     154.76 sec    Generated terms =        444
           dfG10         Terms in output =        444
                         Bytes used      =      10418

Time =     154.76 sec    Generated terms =        279
          dfHt10         Terms in output =        279
                         Bytes used      =       5890
    Global HtDragtFinn=dfHt'MAXORDER';
    .store
    #call DragtFinnInversepq(dfG'MAXORDER',H0,dfi)

Time =     155.20 sec    Generated terms =        467
      dfiDFinv10         Terms in output =        467
                         Bytes used      =      10388
    Global IGH0DragtFinn=dfiDFinv'MAXORDER';
    .store
    *      1) The Gustavson integrals are identical:
    *-----------------
    write statistics;
    Local dGustavsonIntegrals=IGH0DragtFinn-IGH0Deprit3;
    B alpha;
    Print;
    .store

Time =     155.20 sec    Generated terms =        934
stavsonIntegrals         Terms in output =          0
                         Bytes used      =          2

   dGustavsonIntegrals = 0;

    *-------------------- 
    *     3) The normalised Hamiltonians differ starting from the 8th order:
    *-------------------- 
    Local dHtDragtFinnvsDeprit3=HtDragtFinn-HtDeprit3;
    Local dHtDragtFinnvsHenrard=HtDragtFinn-HtHenrard;
    Local dHtDragtFinnvsHori   =HtDragtFinn-HtHori;
    B alpha;
    Print;
    .store

   dHtDragtFinnvsDeprit3 =
       + alpha^8 * ( 71/162*q1^2*p2^2*q2^6 + 71/54*q1^2*p2^4*q2^4 + 71/54*q1^2
         *p2^6*q2^2 + 71/162*q1^2*p2^8 - 355/54*q1^4*p2^2*q2^4 - 71/9*q1^4*
         p2^4*q2^2 - 71/54*q1^4*p2^6 + 355/54*q1^6*p2^2*q2^2 + 71/54*q1^6*p2^4
          - 71/162*q1^8*p2^2 - 71/81*p1*q1*p2*q2^7 - 71/27*p1*q1*p2^3*q2^5 - 
         71/27*p1*q1*p2^5*q2^3 - 71/81*p1*q1*p2^7*q2 + 355/27*p1*q1^3*p2*q2^5
          + 142/27*p1*q1^3*p2^3*q2^3 - 71/9*p1*q1^3*p2^5*q2 - 355/27*p1*q1^5*
         p2*q2^3 + 71/9*p1*q1^5*p2^3*q2 + 71/81*p1*q1^7*p2*q2 + 71/162*p1^2*
         q2^8 + 71/54*p1^2*p2^2*q2^6 + 71/54*p1^2*p2^4*q2^4 + 71/162*p1^2*p2^6
         *q2^2 - 355/54*p1^2*q1^2*q2^6 + 71/6*p1^2*q1^2*p2^2*q2^4 + 71/6*p1^2*
         q1^2*p2^4*q2^2 - 355/54*p1^2*q1^2*p2^6 + 355/54*p1^2*q1^4*q2^4 - 71/6
         *p1^2*q1^4*p2^2*q2^2 + 71/9*p1^2*q1^4*p2^4 - 71/162*p1^2*q1^6*q2^2 - 
         71/54*p1^2*q1^6*p2^2 - 71/9*p1^3*q1*p2*q2^5 + 142/27*p1^3*q1*p2^3*
         q2^3 + 355/27*p1^3*q1*p2^5*q2 - 142/27*p1^3*q1^3*p2*q2^3 - 142/27*
         p1^3*q1^3*p2^3*q2 + 71/27*p1^3*q1^5*p2*q2 - 71/54*p1^4*q2^6 - 71/9*
         p1^4*p2^2*q2^4 - 355/54*p1^4*p2^4*q2^2 + 71/9*p1^4*q1^2*q2^4 - 71/6*
         p1^4*q1^2*p2^2*q2^2 + 355/54*p1^4*q1^2*p2^4 - 71/54*p1^4*q1^4*q2^2 - 
         71/54*p1^4*q1^4*p2^2 + 71/9*p1^5*q1*p2*q2^3 - 355/27*p1^5*q1*p2^3*q2
          + 71/27*p1^5*q1^3*p2*q2 + 71/54*p1^6*q2^4 + 355/54*p1^6*p2^2*q2^2 - 
         71/54*p1^6*q1^2*q2^2 - 71/162*p1^6*q1^2*p2^2 + 71/81*p1^7*q1*p2*q2 - 
         71/162*p1^8*q2^2 )

       + alpha^10 * (  - 1502525/559872*q1^2*p2^2*q2^8 - 1502525/139968*q1^2*
         p2^4*q2^6 - 1502525/93312*q1^2*p2^6*q2^4 - 1502525/139968*q1^2*p2^8*
         q2^2 - 1502525/559872*q1^2*p2^10 + 10517675/279936*q1^4*p2^2*q2^6 + 
         7512625/93312*q1^4*p2^4*q2^4 + 1502525/31104*q1^4*p2^6*q2^2 + 1502525/
         279936*q1^4*p2^8 - 10517675/279936*q1^8*p2^2*q2^2 - 1502525/279936*
         q1^8*p2^4 + 1502525/559872*q1^10*p2^2 + 1502525/279936*p1*q1*p2*q2^9
          + 1502525/69984*p1*q1*p2^3*q2^7 + 1502525/46656*p1*q1*p2^5*q2^5 + 
         1502525/69984*p1*q1*p2^7*q2^3 + 1502525/279936*p1*q1*p2^9*q2 - 
         10517675/139968*p1*q1^3*p2*q2^7 - 1502525/15552*p1*q1^3*p2^3*q2^5 + 
         1502525/46656*p1*q1^3*p2^5*q2^3 + 7512625/139968*p1*q1^3*p2^7*q2 + 
         10517675/139968*p1*q1^7*p2*q2^3 - 7512625/139968*p1*q1^7*p2^3*q2 - 
         1502525/279936*p1*q1^9*p2*q2 - 1502525/559872*p1^2*q2^10 - 1502525/
         139968*p1^2*p2^2*q2^8 - 1502525/93312*p1^2*p2^4*q2^6 - 1502525/139968
         *p1^2*p2^6*q2^4 - 1502525/559872*p1^2*p2^8*q2^2 + 10517675/279936*
         p1^2*q1^2*q2^8 - 1502525/34992*p1^2*q1^2*p2^2*q2^6 - 7512625/46656*
         p1^2*q1^2*p2^4*q2^4 - 1502525/34992*p1^2*q1^2*p2^6*q2^2 + 10517675/
         279936*p1^2*q1^2*p2^8 - 10517675/279936*p1^2*q1^6*q2^4 + 1502525/
         34992*p1^2*q1^6*p2^2*q2^2 - 1502525/31104*p1^2*q1^6*p2^4 + 1502525/
         559872*p1^2*q1^8*q2^2 + 1502525/139968*p1^2*q1^8*p2^2 + 7512625/
         139968*p1^3*q1*p2*q2^7 + 1502525/46656*p1^3*q1*p2^3*q2^5 - 1502525/
         15552*p1^3*q1*p2^5*q2^3 - 10517675/139968*p1^3*q1*p2^7*q2 + 1502525/
         15552*p1^3*q1^5*p2*q2^3 - 1502525/46656*p1^3*q1^5*p2^3*q2 - 1502525/
         69984*p1^3*q1^7*p2*q2 + 1502525/279936*p1^4*q2^8 + 1502525/31104*p1^4
         *p2^2*q2^6 + 7512625/93312*p1^4*p2^4*q2^4 + 10517675/279936*p1^4*p2^6
         *q2^2 - 7512625/93312*p1^4*q1^4*q2^4 + 7512625/46656*p1^4*q1^4*p2^2*
         q2^2 - 7512625/93312*p1^4*q1^4*p2^4 + 1502525/139968*p1^4*q1^6*q2^2
          + 1502525/93312*p1^4*q1^6*p2^2 - 1502525/46656*p1^5*q1^3*p2*q2^3 + 
         1502525/15552*p1^5*q1^3*p2^3*q2 - 1502525/46656*p1^5*q1^5*p2*q2 - 
         1502525/31104*p1^6*q1^2*q2^4 + 1502525/34992*p1^6*q1^2*p2^2*q2^2 - 
         10517675/279936*p1^6*q1^2*p2^4 + 1502525/93312*p1^6*q1^4*q2^2 + 
         1502525/139968*p1^6*q1^4*p2^2 - 7512625/139968*p1^7*q1*p2*q2^3 + 
         10517675/139968*p1^7*q1*p2^3*q2 - 1502525/69984*p1^7*q1^3*p2*q2 - 
         1502525/279936*p1^8*q2^4 - 10517675/279936*p1^8*p2^2*q2^2 + 1502525/
         139968*p1^8*q1^2*q2^2 + 1502525/559872*p1^8*q1^2*p2^2 - 1502525/
         279936*p1^9*q1*p2*q2 + 1502525/559872*p1^10*q2^2 );

   dHtDragtFinnvsHenrard =
       + alpha^8 * ( 421/3888*q1^2*p2^2*q2^6 + 421/1296*q1^2*p2^4*q2^4 + 421/
         1296*q1^2*p2^6*q2^2 + 421/3888*q1^2*p2^8 - 2105/1296*q1^4*p2^2*q2^4
          - 421/216*q1^4*p2^4*q2^2 - 421/1296*q1^4*p2^6 + 2105/1296*q1^6*p2^2*
         q2^2 + 421/1296*q1^6*p2^4 - 421/3888*q1^8*p2^2 - 421/1944*p1*q1*p2*
         q2^7 - 421/648*p1*q1*p2^3*q2^5 - 421/648*p1*q1*p2^5*q2^3 - 421/1944*
         p1*q1*p2^7*q2 + 2105/648*p1*q1^3*p2*q2^5 + 421/324*p1*q1^3*p2^3*q2^3
          - 421/216*p1*q1^3*p2^5*q2 - 2105/648*p1*q1^5*p2*q2^3 + 421/216*p1*
         q1^5*p2^3*q2 + 421/1944*p1*q1^7*p2*q2 + 421/3888*p1^2*q2^8 + 421/1296
         *p1^2*p2^2*q2^6 + 421/1296*p1^2*p2^4*q2^4 + 421/3888*p1^2*p2^6*q2^2
          - 2105/1296*p1^2*q1^2*q2^6 + 421/144*p1^2*q1^2*p2^2*q2^4 + 421/144*
         p1^2*q1^2*p2^4*q2^2 - 2105/1296*p1^2*q1^2*p2^6 + 2105/1296*p1^2*q1^4*
         q2^4 - 421/144*p1^2*q1^4*p2^2*q2^2 + 421/216*p1^2*q1^4*p2^4 - 421/
         3888*p1^2*q1^6*q2^2 - 421/1296*p1^2*q1^6*p2^2 - 421/216*p1^3*q1*p2*
         q2^5 + 421/324*p1^3*q1*p2^3*q2^3 + 2105/648*p1^3*q1*p2^5*q2 - 421/324
         *p1^3*q1^3*p2*q2^3 - 421/324*p1^3*q1^3*p2^3*q2 + 421/648*p1^3*q1^5*p2
         *q2 - 421/1296*p1^4*q2^6 - 421/216*p1^4*p2^2*q2^4 - 2105/1296*p1^4*
         p2^4*q2^2 + 421/216*p1^4*q1^2*q2^4 - 421/144*p1^4*q1^2*p2^2*q2^2 + 
         2105/1296*p1^4*q1^2*p2^4 - 421/1296*p1^4*q1^4*q2^2 - 421/1296*p1^4*
         q1^4*p2^2 + 421/216*p1^5*q1*p2*q2^3 - 2105/648*p1^5*q1*p2^3*q2 + 421/
         648*p1^5*q1^3*p2*q2 + 421/1296*p1^6*q2^4 + 2105/1296*p1^6*p2^2*q2^2
          - 421/1296*p1^6*q1^2*q2^2 - 421/3888*p1^6*q1^2*p2^2 + 421/1944*p1^7*
         q1*p2*q2 - 421/3888*p1^8*q2^2 )

       + alpha^10 * (  - 393607/699840*q1^2*p2^2*q2^8 - 393607/174960*q1^2*
         p2^4*q2^6 - 393607/116640*q1^2*p2^6*q2^4 - 393607/174960*q1^2*p2^8*
         q2^2 - 393607/699840*q1^2*p2^10 + 2755249/349920*q1^4*p2^2*q2^6 + 
         393607/23328*q1^4*p2^4*q2^4 + 393607/38880*q1^4*p2^6*q2^2 + 393607/
         349920*q1^4*p2^8 - 2755249/349920*q1^8*p2^2*q2^2 - 393607/349920*q1^8
         *p2^4 + 393607/699840*q1^10*p2^2 + 393607/349920*p1*q1*p2*q2^9 + 
         393607/87480*p1*q1*p2^3*q2^7 + 393607/58320*p1*q1*p2^5*q2^5 + 393607/
         87480*p1*q1*p2^7*q2^3 + 393607/349920*p1*q1*p2^9*q2 - 2755249/174960*
         p1*q1^3*p2*q2^7 - 393607/19440*p1*q1^3*p2^3*q2^5 + 393607/58320*p1*
         q1^3*p2^5*q2^3 + 393607/34992*p1*q1^3*p2^7*q2 + 2755249/174960*p1*
         q1^7*p2*q2^3 - 393607/34992*p1*q1^7*p2^3*q2 - 393607/349920*p1*q1^9*
         p2*q2 - 393607/699840*p1^2*q2^10 - 393607/174960*p1^2*p2^2*q2^8 - 
         393607/116640*p1^2*p2^4*q2^6 - 393607/174960*p1^2*p2^6*q2^4 - 393607/
         699840*p1^2*p2^8*q2^2 + 2755249/349920*p1^2*q1^2*q2^8 - 393607/43740*
         p1^2*q1^2*p2^2*q2^6 - 393607/11664*p1^2*q1^2*p2^4*q2^4 - 393607/43740
         *p1^2*q1^2*p2^6*q2^2 + 2755249/349920*p1^2*q1^2*p2^8 - 2755249/349920
         *p1^2*q1^6*q2^4 + 393607/43740*p1^2*q1^6*p2^2*q2^2 - 393607/38880*
         p1^2*q1^6*p2^4 + 393607/699840*p1^2*q1^8*q2^2 + 393607/174960*p1^2*
         q1^8*p2^2 + 393607/34992*p1^3*q1*p2*q2^7 + 393607/58320*p1^3*q1*p2^3*
         q2^5 - 393607/19440*p1^3*q1*p2^5*q2^3 - 2755249/174960*p1^3*q1*p2^7*
         q2 + 393607/19440*p1^3*q1^5*p2*q2^3 - 393607/58320*p1^3*q1^5*p2^3*q2
          - 393607/87480*p1^3*q1^7*p2*q2 + 393607/349920*p1^4*q2^8 + 393607/
         38880*p1^4*p2^2*q2^6 + 393607/23328*p1^4*p2^4*q2^4 + 2755249/349920*
         p1^4*p2^6*q2^2 - 393607/23328*p1^4*q1^4*q2^4 + 393607/11664*p1^4*q1^4
         *p2^2*q2^2 - 393607/23328*p1^4*q1^4*p2^4 + 393607/174960*p1^4*q1^6*
         q2^2 + 393607/116640*p1^4*q1^6*p2^2 - 393607/58320*p1^5*q1^3*p2*q2^3
          + 393607/19440*p1^5*q1^3*p2^3*q2 - 393607/58320*p1^5*q1^5*p2*q2 - 
         393607/38880*p1^6*q1^2*q2^4 + 393607/43740*p1^6*q1^2*p2^2*q2^2 - 
         2755249/349920*p1^6*q1^2*p2^4 + 393607/116640*p1^6*q1^4*q2^2 + 393607/
         174960*p1^6*q1^4*p2^2 - 393607/34992*p1^7*q1*p2*q2^3 + 2755249/174960
         *p1^7*q1*p2^3*q2 - 393607/87480*p1^7*q1^3*p2*q2 - 393607/349920*p1^8*
         q2^4 - 2755249/349920*p1^8*p2^2*q2^2 + 393607/174960*p1^8*q1^2*q2^2
          + 393607/699840*p1^8*q1^2*p2^2 - 393607/349920*p1^9*q1*p2*q2 + 
         393607/699840*p1^10*q2^2 );

   dHtDragtFinnvsHori =
       + alpha^8 * ( 7009/25920*q1^2*p2^2*q2^6 + 7009/8640*q1^2*p2^4*q2^4 + 
         7009/8640*q1^2*p2^6*q2^2 + 7009/25920*q1^2*p2^8 - 7009/1728*q1^4*p2^2
         *q2^4 - 7009/1440*q1^4*p2^4*q2^2 - 7009/8640*q1^4*p2^6 + 7009/1728*
         q1^6*p2^2*q2^2 + 7009/8640*q1^6*p2^4 - 7009/25920*q1^8*p2^2 - 7009/
         12960*p1*q1*p2*q2^7 - 7009/4320*p1*q1*p2^3*q2^5 - 7009/4320*p1*q1*
         p2^5*q2^3 - 7009/12960*p1*q1*p2^7*q2 + 7009/864*p1*q1^3*p2*q2^5 + 
         7009/2160*p1*q1^3*p2^3*q2^3 - 7009/1440*p1*q1^3*p2^5*q2 - 7009/864*p1
         *q1^5*p2*q2^3 + 7009/1440*p1*q1^5*p2^3*q2 + 7009/12960*p1*q1^7*p2*q2
          + 7009/25920*p1^2*q2^8 + 7009/8640*p1^2*p2^2*q2^6 + 7009/8640*p1^2*
         p2^4*q2^4 + 7009/25920*p1^2*p2^6*q2^2 - 7009/1728*p1^2*q1^2*q2^6 + 
         7009/960*p1^2*q1^2*p2^2*q2^4 + 7009/960*p1^2*q1^2*p2^4*q2^2 - 7009/
         1728*p1^2*q1^2*p2^6 + 7009/1728*p1^2*q1^4*q2^4 - 7009/960*p1^2*q1^4*
         p2^2*q2^2 + 7009/1440*p1^2*q1^4*p2^4 - 7009/25920*p1^2*q1^6*q2^2 - 
         7009/8640*p1^2*q1^6*p2^2 - 7009/1440*p1^3*q1*p2*q2^5 + 7009/2160*p1^3
         *q1*p2^3*q2^3 + 7009/864*p1^3*q1*p2^5*q2 - 7009/2160*p1^3*q1^3*p2*
         q2^3 - 7009/2160*p1^3*q1^3*p2^3*q2 + 7009/4320*p1^3*q1^5*p2*q2 - 7009/
         8640*p1^4*q2^6 - 7009/1440*p1^4*p2^2*q2^4 - 7009/1728*p1^4*p2^4*q2^2
          + 7009/1440*p1^4*q1^2*q2^4 - 7009/960*p1^4*q1^2*p2^2*q2^2 + 7009/
         1728*p1^4*q1^2*p2^4 - 7009/8640*p1^4*q1^4*q2^2 - 7009/8640*p1^4*q1^4*
         p2^2 + 7009/1440*p1^5*q1*p2*q2^3 - 7009/864*p1^5*q1*p2^3*q2 + 7009/
         4320*p1^5*q1^3*p2*q2 + 7009/8640*p1^6*q2^4 + 7009/1728*p1^6*p2^2*q2^2
          - 7009/8640*p1^6*q1^2*q2^2 - 7009/25920*p1^6*q1^2*p2^2 + 7009/12960*
         p1^7*q1*p2*q2 - 7009/25920*p1^8*q2^2 )

       + alpha^10 * (  - 60505709/39191040*q1^2*p2^2*q2^8 - 60505709/9797760*
         q1^2*p2^4*q2^6 - 60505709/6531840*q1^2*p2^6*q2^4 - 60505709/9797760*
         q1^2*p2^8*q2^2 - 60505709/39191040*q1^2*p2^10 + 60505709/2799360*q1^4
         *p2^2*q2^6 + 60505709/1306368*q1^4*p2^4*q2^4 + 60505709/2177280*q1^4*
         p2^6*q2^2 + 60505709/19595520*q1^4*p2^8 - 60505709/2799360*q1^8*p2^2*
         q2^2 - 60505709/19595520*q1^8*p2^4 + 60505709/39191040*q1^10*p2^2 + 
         60505709/19595520*p1*q1*p2*q2^9 + 60505709/4898880*p1*q1*p2^3*q2^7 + 
         60505709/3265920*p1*q1*p2^5*q2^5 + 60505709/4898880*p1*q1*p2^7*q2^3
          + 60505709/19595520*p1*q1*p2^9*q2 - 60505709/1399680*p1*q1^3*p2*q2^7
          - 60505709/1088640*p1*q1^3*p2^3*q2^5 + 60505709/3265920*p1*q1^3*p2^5
         *q2^3 + 60505709/1959552*p1*q1^3*p2^7*q2 + 60505709/1399680*p1*q1^7*
         p2*q2^3 - 60505709/1959552*p1*q1^7*p2^3*q2 - 60505709/19595520*p1*
         q1^9*p2*q2 - 60505709/39191040*p1^2*q2^10 - 60505709/9797760*p1^2*
         p2^2*q2^8 - 60505709/6531840*p1^2*p2^4*q2^6 - 60505709/9797760*p1^2*
         p2^6*q2^4 - 60505709/39191040*p1^2*p2^8*q2^2 + 60505709/2799360*p1^2*
         q1^2*q2^8 - 60505709/2449440*p1^2*q1^2*p2^2*q2^6 - 60505709/653184*
         p1^2*q1^2*p2^4*q2^4 - 60505709/2449440*p1^2*q1^2*p2^6*q2^2 + 60505709/
         2799360*p1^2*q1^2*p2^8 - 60505709/2799360*p1^2*q1^6*q2^4 + 60505709/
         2449440*p1^2*q1^6*p2^2*q2^2 - 60505709/2177280*p1^2*q1^6*p2^4 + 
         60505709/39191040*p1^2*q1^8*q2^2 + 60505709/9797760*p1^2*q1^8*p2^2 + 
         60505709/1959552*p1^3*q1*p2*q2^7 + 60505709/3265920*p1^3*q1*p2^3*q2^5
          - 60505709/1088640*p1^3*q1*p2^5*q2^3 - 60505709/1399680*p1^3*q1*p2^7
         *q2 + 60505709/1088640*p1^3*q1^5*p2*q2^3 - 60505709/3265920*p1^3*q1^5
         *p2^3*q2 - 60505709/4898880*p1^3*q1^7*p2*q2 + 60505709/19595520*p1^4*
         q2^8 + 60505709/2177280*p1^4*p2^2*q2^6 + 60505709/1306368*p1^4*p2^4*
         q2^4 + 60505709/2799360*p1^4*p2^6*q2^2 - 60505709/1306368*p1^4*q1^4*
         q2^4 + 60505709/653184*p1^4*q1^4*p2^2*q2^2 - 60505709/1306368*p1^4*
         q1^4*p2^4 + 60505709/9797760*p1^4*q1^6*q2^2 + 60505709/6531840*p1^4*
         q1^6*p2^2 - 60505709/3265920*p1^5*q1^3*p2*q2^3 + 60505709/1088640*
         p1^5*q1^3*p2^3*q2 - 60505709/3265920*p1^5*q1^5*p2*q2 - 60505709/
         2177280*p1^6*q1^2*q2^4 + 60505709/2449440*p1^6*q1^2*p2^2*q2^2 - 
         60505709/2799360*p1^6*q1^2*p2^4 + 60505709/6531840*p1^6*q1^4*q2^2 + 
         60505709/9797760*p1^6*q1^4*p2^2 - 60505709/1959552*p1^7*q1*p2*q2^3 + 
         60505709/1399680*p1^7*q1*p2^3*q2 - 60505709/4898880*p1^7*q1^3*p2*q2
          - 60505709/19595520*p1^8*q2^4 - 60505709/2799360*p1^8*p2^2*q2^2 + 
         60505709/9797760*p1^8*q1^2*q2^2 + 60505709/39191040*p1^8*q1^2*p2^2 - 
         60505709/19595520*p1^9*q1*p2*q2 + 60505709/39191040*p1^10*q2^2 );

    *------------------------------------------------------------------------------ 
    *     6. The Gustavson normalisation. 
    *       Gustavson FG (1966), Astron J 71:670
    *------------------------------------------------------------------------------ 
    #call GustavsonNormalization2dpq(g)

Time =     157.56 sec    Generated terms =        445
            gG10         Terms in output =        445
                         Bytes used      =      10414

Time =     157.56 sec    Generated terms =        279
           gHt10         Terms in output =        279
                         Bytes used      =       5934
    Global HtGustavson=gHt'MAXORDER';
    .store
    #call GustavsonInversepq(gG'MAXORDER',H0,gh)

Time =     162.84 sec    Generated terms =        467
        ghGinv10         Terms in output =        467
                         Bytes used      =      10388
    Global IGH0Gustavson=ghGinv'MAXORDER';
    .store
    *      1) The Gustavson integrals are identical:
    *-----------------
    write statistics;
    Local dGustavsonIntegrals=IGH0Gustavson-IGH0Deprit3;
    B alpha;
    Print;
    .store

Time =     162.84 sec    Generated terms =        934
stavsonIntegrals         Terms in output =          0
                         Bytes used      =          2

   dGustavsonIntegrals = 0;

    *-------------------- 
    *     3) The normalised Hamiltonians differ starting from the 8th order:
    *-------------------- 
    Local dHtGustavsonvsDeprit3  =HtGustavson-HtDeprit3;
    Local dHtGustavsonvsHenrard  =HtGustavson-HtHenrard;
    Local dHtGustavsonvsHori     =HtGustavson-HtHori;
    Local dHtGustavsonvsDragtFinn=HtGustavson-HtDragtFinn;
    B alpha;
    Print;
    .store

   dHtGustavsonvsDeprit3 =
       + alpha^8 * ( 9413/11664*q1^2*p2^2*q2^6 + 9413/3888*q1^2*p2^4*q2^4 + 
         9413/3888*q1^2*p2^6*q2^2 + 9413/11664*q1^2*p2^8 - 47065/3888*q1^4*
         p2^2*q2^4 - 9413/648*q1^4*p2^4*q2^2 - 9413/3888*q1^4*p2^6 + 47065/
         3888*q1^6*p2^2*q2^2 + 9413/3888*q1^6*p2^4 - 9413/11664*q1^8*p2^2 - 
         9413/5832*p1*q1*p2*q2^7 - 9413/1944*p1*q1*p2^3*q2^5 - 9413/1944*p1*q1
         *p2^5*q2^3 - 9413/5832*p1*q1*p2^7*q2 + 47065/1944*p1*q1^3*p2*q2^5 + 
         9413/972*p1*q1^3*p2^3*q2^3 - 9413/648*p1*q1^3*p2^5*q2 - 47065/1944*p1
         *q1^5*p2*q2^3 + 9413/648*p1*q1^5*p2^3*q2 + 9413/5832*p1*q1^7*p2*q2 + 
         9413/11664*p1^2*q2^8 + 9413/3888*p1^2*p2^2*q2^6 + 9413/3888*p1^2*p2^4
         *q2^4 + 9413/11664*p1^2*p2^6*q2^2 - 47065/3888*p1^2*q1^2*q2^6 + 9413/
         432*p1^2*q1^2*p2^2*q2^4 + 9413/432*p1^2*q1^2*p2^4*q2^2 - 47065/3888*
         p1^2*q1^2*p2^6 + 47065/3888*p1^2*q1^4*q2^4 - 9413/432*p1^2*q1^4*p2^2*
         q2^2 + 9413/648*p1^2*q1^4*p2^4 - 9413/11664*p1^2*q1^6*q2^2 - 9413/
         3888*p1^2*q1^6*p2^2 - 9413/648*p1^3*q1*p2*q2^5 + 9413/972*p1^3*q1*
         p2^3*q2^3 + 47065/1944*p1^3*q1*p2^5*q2 - 9413/972*p1^3*q1^3*p2*q2^3
          - 9413/972*p1^3*q1^3*p2^3*q2 + 9413/1944*p1^3*q1^5*p2*q2 - 9413/3888
         *p1^4*q2^6 - 9413/648*p1^4*p2^2*q2^4 - 47065/3888*p1^4*p2^4*q2^2 + 
         9413/648*p1^4*q1^2*q2^4 - 9413/432*p1^4*q1^2*p2^2*q2^2 + 47065/3888*
         p1^4*q1^2*p2^4 - 9413/3888*p1^4*q1^4*q2^2 - 9413/3888*p1^4*q1^4*p2^2
          + 9413/648*p1^5*q1*p2*q2^3 - 47065/1944*p1^5*q1*p2^3*q2 + 9413/1944*
         p1^5*q1^3*p2*q2 + 9413/3888*p1^6*q2^4 + 47065/3888*p1^6*p2^2*q2^2 - 
         9413/3888*p1^6*q1^2*q2^2 - 9413/11664*p1^6*q1^2*p2^2 + 9413/5832*p1^7
         *q1*p2*q2 - 9413/11664*p1^8*q2^2 )

       + alpha^10 * (  - 25600751/8398080*q1^2*p2^2*q2^8 - 25600751/2099520*
         q1^2*p2^4*q2^6 - 25600751/1399680*q1^2*p2^6*q2^4 - 25600751/2099520*
         q1^2*p2^8*q2^2 - 25600751/8398080*q1^2*p2^10 + 179205257/4199040*q1^4
         *p2^2*q2^6 + 25600751/279936*q1^4*p2^4*q2^4 + 25600751/466560*q1^4*
         p2^6*q2^2 + 25600751/4199040*q1^4*p2^8 - 179205257/4199040*q1^8*p2^2*
         q2^2 - 25600751/4199040*q1^8*p2^4 + 25600751/8398080*q1^10*p2^2 + 
         25600751/4199040*p1*q1*p2*q2^9 + 25600751/1049760*p1*q1*p2^3*q2^7 + 
         25600751/699840*p1*q1*p2^5*q2^5 + 25600751/1049760*p1*q1*p2^7*q2^3 + 
         25600751/4199040*p1*q1*p2^9*q2 - 179205257/2099520*p1*q1^3*p2*q2^7 - 
         25600751/233280*p1*q1^3*p2^3*q2^5 + 25600751/699840*p1*q1^3*p2^5*q2^3
          + 25600751/419904*p1*q1^3*p2^7*q2 + 179205257/2099520*p1*q1^7*p2*
         q2^3 - 25600751/419904*p1*q1^7*p2^3*q2 - 25600751/4199040*p1*q1^9*p2*
         q2 - 25600751/8398080*p1^2*q2^10 - 25600751/2099520*p1^2*p2^2*q2^8 - 
         25600751/1399680*p1^2*p2^4*q2^6 - 25600751/2099520*p1^2*p2^6*q2^4 - 
         25600751/8398080*p1^2*p2^8*q2^2 + 179205257/4199040*p1^2*q1^2*q2^8 - 
         25600751/524880*p1^2*q1^2*p2^2*q2^6 - 25600751/139968*p1^2*q1^2*p2^4*
         q2^4 - 25600751/524880*p1^2*q1^2*p2^6*q2^2 + 179205257/4199040*p1^2*
         q1^2*p2^8 - 179205257/4199040*p1^2*q1^6*q2^4 + 25600751/524880*p1^2*
         q1^6*p2^2*q2^2 - 25600751/466560*p1^2*q1^6*p2^4 + 25600751/8398080*
         p1^2*q1^8*q2^2 + 25600751/2099520*p1^2*q1^8*p2^2 + 25600751/419904*
         p1^3*q1*p2*q2^7 + 25600751/699840*p1^3*q1*p2^3*q2^5 - 25600751/233280
         *p1^3*q1*p2^5*q2^3 - 179205257/2099520*p1^3*q1*p2^7*q2 + 25600751/
         233280*p1^3*q1^5*p2*q2^3 - 25600751/699840*p1^3*q1^5*p2^3*q2 - 
         25600751/1049760*p1^3*q1^7*p2*q2 + 25600751/4199040*p1^4*q2^8 + 
         25600751/466560*p1^4*p2^2*q2^6 + 25600751/279936*p1^4*p2^4*q2^4 + 
         179205257/4199040*p1^4*p2^6*q2^2 - 25600751/279936*p1^4*q1^4*q2^4 + 
         25600751/139968*p1^4*q1^4*p2^2*q2^2 - 25600751/279936*p1^4*q1^4*p2^4
          + 25600751/2099520*p1^4*q1^6*q2^2 + 25600751/1399680*p1^4*q1^6*p2^2
          - 25600751/699840*p1^5*q1^3*p2*q2^3 + 25600751/233280*p1^5*q1^3*p2^3
         *q2 - 25600751/699840*p1^5*q1^5*p2*q2 - 25600751/466560*p1^6*q1^2*
         q2^4 + 25600751/524880*p1^6*q1^2*p2^2*q2^2 - 179205257/4199040*p1^6*
         q1^2*p2^4 + 25600751/1399680*p1^6*q1^4*q2^2 + 25600751/2099520*p1^6*
         q1^4*p2^2 - 25600751/419904*p1^7*q1*p2*q2^3 + 179205257/2099520*p1^7*
         q1*p2^3*q2 - 25600751/1049760*p1^7*q1^3*p2*q2 - 25600751/4199040*p1^8
         *q2^4 - 179205257/4199040*p1^8*p2^2*q2^2 + 25600751/2099520*p1^8*q1^2
         *q2^2 + 25600751/8398080*p1^8*q1^2*p2^2 - 25600751/4199040*p1^9*q1*p2
         *q2 + 25600751/8398080*p1^10*q2^2 );

   dHtGustavsonvsHenrard =
       + alpha^8 * ( 1391/2916*q1^2*p2^2*q2^6 + 1391/972*q1^2*p2^4*q2^4 + 1391/
         972*q1^2*p2^6*q2^2 + 1391/2916*q1^2*p2^8 - 6955/972*q1^4*p2^2*q2^4 - 
         1391/162*q1^4*p2^4*q2^2 - 1391/972*q1^4*p2^6 + 6955/972*q1^6*p2^2*
         q2^2 + 1391/972*q1^6*p2^4 - 1391/2916*q1^8*p2^2 - 1391/1458*p1*q1*p2*
         q2^7 - 1391/486*p1*q1*p2^3*q2^5 - 1391/486*p1*q1*p2^5*q2^3 - 1391/
         1458*p1*q1*p2^7*q2 + 6955/486*p1*q1^3*p2*q2^5 + 1391/243*p1*q1^3*p2^3
         *q2^3 - 1391/162*p1*q1^3*p2^5*q2 - 6955/486*p1*q1^5*p2*q2^3 + 1391/
         162*p1*q1^5*p2^3*q2 + 1391/1458*p1*q1^7*p2*q2 + 1391/2916*p1^2*q2^8
          + 1391/972*p1^2*p2^2*q2^6 + 1391/972*p1^2*p2^4*q2^4 + 1391/2916*p1^2
         *p2^6*q2^2 - 6955/972*p1^2*q1^2*q2^6 + 1391/108*p1^2*q1^2*p2^2*q2^4
          + 1391/108*p1^2*q1^2*p2^4*q2^2 - 6955/972*p1^2*q1^2*p2^6 + 6955/972*
         p1^2*q1^4*q2^4 - 1391/108*p1^2*q1^4*p2^2*q2^2 + 1391/162*p1^2*q1^4*
         p2^4 - 1391/2916*p1^2*q1^6*q2^2 - 1391/972*p1^2*q1^6*p2^2 - 1391/162*
         p1^3*q1*p2*q2^5 + 1391/243*p1^3*q1*p2^3*q2^3 + 6955/486*p1^3*q1*p2^5*
         q2 - 1391/243*p1^3*q1^3*p2*q2^3 - 1391/243*p1^3*q1^3*p2^3*q2 + 1391/
         486*p1^3*q1^5*p2*q2 - 1391/972*p1^4*q2^6 - 1391/162*p1^4*p2^2*q2^4 - 
         6955/972*p1^4*p2^4*q2^2 + 1391/162*p1^4*q1^2*q2^4 - 1391/108*p1^4*
         q1^2*p2^2*q2^2 + 6955/972*p1^4*q1^2*p2^4 - 1391/972*p1^4*q1^4*q2^2 - 
         1391/972*p1^4*q1^4*p2^2 + 1391/162*p1^5*q1*p2*q2^3 - 6955/486*p1^5*q1
         *p2^3*q2 + 1391/486*p1^5*q1^3*p2*q2 + 1391/972*p1^6*q2^4 + 6955/972*
         p1^6*p2^2*q2^2 - 1391/972*p1^6*q1^2*q2^2 - 1391/2916*p1^6*q1^2*p2^2
          + 1391/1458*p1^7*q1*p2*q2 - 1391/2916*p1^8*q2^2 )

       + alpha^10 * (  - 97327/104976*q1^2*p2^2*q2^8 - 97327/26244*q1^2*p2^4*
         q2^6 - 97327/17496*q1^2*p2^6*q2^4 - 97327/26244*q1^2*p2^8*q2^2 - 
         97327/104976*q1^2*p2^10 + 681289/52488*q1^4*p2^2*q2^6 + 486635/17496*
         q1^4*p2^4*q2^4 + 97327/5832*q1^4*p2^6*q2^2 + 97327/52488*q1^4*p2^8 - 
         681289/52488*q1^8*p2^2*q2^2 - 97327/52488*q1^8*p2^4 + 97327/104976*
         q1^10*p2^2 + 97327/52488*p1*q1*p2*q2^9 + 97327/13122*p1*q1*p2^3*q2^7
          + 97327/8748*p1*q1*p2^5*q2^5 + 97327/13122*p1*q1*p2^7*q2^3 + 97327/
         52488*p1*q1*p2^9*q2 - 681289/26244*p1*q1^3*p2*q2^7 - 97327/2916*p1*
         q1^3*p2^3*q2^5 + 97327/8748*p1*q1^3*p2^5*q2^3 + 486635/26244*p1*q1^3*
         p2^7*q2 + 681289/26244*p1*q1^7*p2*q2^3 - 486635/26244*p1*q1^7*p2^3*q2
          - 97327/52488*p1*q1^9*p2*q2 - 97327/104976*p1^2*q2^10 - 97327/26244*
         p1^2*p2^2*q2^8 - 97327/17496*p1^2*p2^4*q2^6 - 97327/26244*p1^2*p2^6*
         q2^4 - 97327/104976*p1^2*p2^8*q2^2 + 681289/52488*p1^2*q1^2*q2^8 - 
         97327/6561*p1^2*q1^2*p2^2*q2^6 - 486635/8748*p1^2*q1^2*p2^4*q2^4 - 
         97327/6561*p1^2*q1^2*p2^6*q2^2 + 681289/52488*p1^2*q1^2*p2^8 - 681289/
         52488*p1^2*q1^6*q2^4 + 97327/6561*p1^2*q1^6*p2^2*q2^2 - 97327/5832*
         p1^2*q1^6*p2^4 + 97327/104976*p1^2*q1^8*q2^2 + 97327/26244*p1^2*q1^8*
         p2^2 + 486635/26244*p1^3*q1*p2*q2^7 + 97327/8748*p1^3*q1*p2^3*q2^5 - 
         97327/2916*p1^3*q1*p2^5*q2^3 - 681289/26244*p1^3*q1*p2^7*q2 + 97327/
         2916*p1^3*q1^5*p2*q2^3 - 97327/8748*p1^3*q1^5*p2^3*q2 - 97327/13122*
         p1^3*q1^7*p2*q2 + 97327/52488*p1^4*q2^8 + 97327/5832*p1^4*p2^2*q2^6
          + 486635/17496*p1^4*p2^4*q2^4 + 681289/52488*p1^4*p2^6*q2^2 - 486635/
         17496*p1^4*q1^4*q2^4 + 486635/8748*p1^4*q1^4*p2^2*q2^2 - 486635/17496
         *p1^4*q1^4*p2^4 + 97327/26244*p1^4*q1^6*q2^2 + 97327/17496*p1^4*q1^6*
         p2^2 - 97327/8748*p1^5*q1^3*p2*q2^3 + 97327/2916*p1^5*q1^3*p2^3*q2 - 
         97327/8748*p1^5*q1^5*p2*q2 - 97327/5832*p1^6*q1^2*q2^4 + 97327/6561*
         p1^6*q1^2*p2^2*q2^2 - 681289/52488*p1^6*q1^2*p2^4 + 97327/17496*p1^6*
         q1^4*q2^2 + 97327/26244*p1^6*q1^4*p2^2 - 486635/26244*p1^7*q1*p2*q2^3
          + 681289/26244*p1^7*q1*p2^3*q2 - 97327/13122*p1^7*q1^3*p2*q2 - 97327/
         52488*p1^8*q2^4 - 681289/52488*p1^8*p2^2*q2^2 + 97327/26244*p1^8*q1^2
         *q2^2 + 97327/104976*p1^8*q1^2*p2^2 - 97327/52488*p1^9*q1*p2*q2 + 
         97327/104976*p1^10*q2^2 );

   dHtGustavsonvsHori =
       + alpha^8 * ( 149101/233280*q1^2*p2^2*q2^6 + 149101/77760*q1^2*p2^4*
         q2^4 + 149101/77760*q1^2*p2^6*q2^2 + 149101/233280*q1^2*p2^8 - 149101/
         15552*q1^4*p2^2*q2^4 - 149101/12960*q1^4*p2^4*q2^2 - 149101/77760*
         q1^4*p2^6 + 149101/15552*q1^6*p2^2*q2^2 + 149101/77760*q1^6*p2^4 - 
         149101/233280*q1^8*p2^2 - 149101/116640*p1*q1*p2*q2^7 - 149101/38880*
         p1*q1*p2^3*q2^5 - 149101/38880*p1*q1*p2^5*q2^3 - 149101/116640*p1*q1*
         p2^7*q2 + 149101/7776*p1*q1^3*p2*q2^5 + 149101/19440*p1*q1^3*p2^3*
         q2^3 - 149101/12960*p1*q1^3*p2^5*q2 - 149101/7776*p1*q1^5*p2*q2^3 + 
         149101/12960*p1*q1^5*p2^3*q2 + 149101/116640*p1*q1^7*p2*q2 + 149101/
         233280*p1^2*q2^8 + 149101/77760*p1^2*p2^2*q2^6 + 149101/77760*p1^2*
         p2^4*q2^4 + 149101/233280*p1^2*p2^6*q2^2 - 149101/15552*p1^2*q1^2*
         q2^6 + 149101/8640*p1^2*q1^2*p2^2*q2^4 + 149101/8640*p1^2*q1^2*p2^4*
         q2^2 - 149101/15552*p1^2*q1^2*p2^6 + 149101/15552*p1^2*q1^4*q2^4 - 
         149101/8640*p1^2*q1^4*p2^2*q2^2 + 149101/12960*p1^2*q1^4*p2^4 - 
         149101/233280*p1^2*q1^6*q2^2 - 149101/77760*p1^2*q1^6*p2^2 - 149101/
         12960*p1^3*q1*p2*q2^5 + 149101/19440*p1^3*q1*p2^3*q2^3 + 149101/7776*
         p1^3*q1*p2^5*q2 - 149101/19440*p1^3*q1^3*p2*q2^3 - 149101/19440*p1^3*
         q1^3*p2^3*q2 + 149101/38880*p1^3*q1^5*p2*q2 - 149101/77760*p1^4*q2^6
          - 149101/12960*p1^4*p2^2*q2^4 - 149101/15552*p1^4*p2^4*q2^2 + 149101/
         12960*p1^4*q1^2*q2^4 - 149101/8640*p1^4*q1^2*p2^2*q2^2 + 149101/15552
         *p1^4*q1^2*p2^4 - 149101/77760*p1^4*q1^4*q2^2 - 149101/77760*p1^4*
         q1^4*p2^2 + 149101/12960*p1^5*q1*p2*q2^3 - 149101/7776*p1^5*q1*p2^3*
         q2 + 149101/38880*p1^5*q1^3*p2*q2 + 149101/77760*p1^6*q2^4 + 149101/
         15552*p1^6*p2^2*q2^2 - 149101/77760*p1^6*q1^2*q2^2 - 149101/233280*
         p1^6*q1^2*p2^2 + 149101/116640*p1^7*q1*p2*q2 - 149101/233280*p1^8*
         q2^2 )

       + alpha^10 * (  - 224397391/117573120*q1^2*p2^2*q2^8 - 224397391/
         29393280*q1^2*p2^4*q2^6 - 224397391/19595520*q1^2*p2^6*q2^4 - 
         224397391/29393280*q1^2*p2^8*q2^2 - 224397391/117573120*q1^2*p2^10 + 
         224397391/8398080*q1^4*p2^2*q2^6 + 224397391/3919104*q1^4*p2^4*q2^4
          + 224397391/6531840*q1^4*p2^6*q2^2 + 224397391/58786560*q1^4*p2^8 - 
         224397391/8398080*q1^8*p2^2*q2^2 - 224397391/58786560*q1^8*p2^4 + 
         224397391/117573120*q1^10*p2^2 + 224397391/58786560*p1*q1*p2*q2^9 + 
         224397391/14696640*p1*q1*p2^3*q2^7 + 224397391/9797760*p1*q1*p2^5*
         q2^5 + 224397391/14696640*p1*q1*p2^7*q2^3 + 224397391/58786560*p1*q1*
         p2^9*q2 - 224397391/4199040*p1*q1^3*p2*q2^7 - 224397391/3265920*p1*
         q1^3*p2^3*q2^5 + 224397391/9797760*p1*q1^3*p2^5*q2^3 + 224397391/
         5878656*p1*q1^3*p2^7*q2 + 224397391/4199040*p1*q1^7*p2*q2^3 - 
         224397391/5878656*p1*q1^7*p2^3*q2 - 224397391/58786560*p1*q1^9*p2*q2
          - 224397391/117573120*p1^2*q2^10 - 224397391/29393280*p1^2*p2^2*q2^8
          - 224397391/19595520*p1^2*p2^4*q2^6 - 224397391/29393280*p1^2*p2^6*
         q2^4 - 224397391/117573120*p1^2*p2^8*q2^2 + 224397391/8398080*p1^2*
         q1^2*q2^8 - 224397391/7348320*p1^2*q1^2*p2^2*q2^6 - 224397391/1959552
         *p1^2*q1^2*p2^4*q2^4 - 224397391/7348320*p1^2*q1^2*p2^6*q2^2 + 
         224397391/8398080*p1^2*q1^2*p2^8 - 224397391/8398080*p1^2*q1^6*q2^4
          + 224397391/7348320*p1^2*q1^6*p2^2*q2^2 - 224397391/6531840*p1^2*
         q1^6*p2^4 + 224397391/117573120*p1^2*q1^8*q2^2 + 224397391/29393280*
         p1^2*q1^8*p2^2 + 224397391/5878656*p1^3*q1*p2*q2^7 + 224397391/
         9797760*p1^3*q1*p2^3*q2^5 - 224397391/3265920*p1^3*q1*p2^5*q2^3 - 
         224397391/4199040*p1^3*q1*p2^7*q2 + 224397391/3265920*p1^3*q1^5*p2*
         q2^3 - 224397391/9797760*p1^3*q1^5*p2^3*q2 - 224397391/14696640*p1^3*
         q1^7*p2*q2 + 224397391/58786560*p1^4*q2^8 + 224397391/6531840*p1^4*
         p2^2*q2^6 + 224397391/3919104*p1^4*p2^4*q2^4 + 224397391/8398080*p1^4
         *p2^6*q2^2 - 224397391/3919104*p1^4*q1^4*q2^4 + 224397391/1959552*
         p1^4*q1^4*p2^2*q2^2 - 224397391/3919104*p1^4*q1^4*p2^4 + 224397391/
         29393280*p1^4*q1^6*q2^2 + 224397391/19595520*p1^4*q1^6*p2^2 - 
         224397391/9797760*p1^5*q1^3*p2*q2^3 + 224397391/3265920*p1^5*q1^3*
         p2^3*q2 - 224397391/9797760*p1^5*q1^5*p2*q2 - 224397391/6531840*p1^6*
         q1^2*q2^4 + 224397391/7348320*p1^6*q1^2*p2^2*q2^2 - 224397391/8398080
         *p1^6*q1^2*p2^4 + 224397391/19595520*p1^6*q1^4*q2^2 + 224397391/
         29393280*p1^6*q1^4*p2^2 - 224397391/5878656*p1^7*q1*p2*q2^3 + 
         224397391/4199040*p1^7*q1*p2^3*q2 - 224397391/14696640*p1^7*q1^3*p2*
         q2 - 224397391/58786560*p1^8*q2^4 - 224397391/8398080*p1^8*p2^2*q2^2
          + 224397391/29393280*p1^8*q1^2*q2^2 + 224397391/117573120*p1^8*q1^2*
         p2^2 - 224397391/58786560*p1^9*q1*p2*q2 + 224397391/117573120*p1^10*
         q2^2 );

   dHtGustavsonvsDragtFinn =
       + alpha^8 * ( 4301/11664*q1^2*p2^2*q2^6 + 4301/3888*q1^2*p2^4*q2^4 + 
         4301/3888*q1^2*p2^6*q2^2 + 4301/11664*q1^2*p2^8 - 21505/3888*q1^4*
         p2^2*q2^4 - 4301/648*q1^4*p2^4*q2^2 - 4301/3888*q1^4*p2^6 + 21505/
         3888*q1^6*p2^2*q2^2 + 4301/3888*q1^6*p2^4 - 4301/11664*q1^8*p2^2 - 
         4301/5832*p1*q1*p2*q2^7 - 4301/1944*p1*q1*p2^3*q2^5 - 4301/1944*p1*q1
         *p2^5*q2^3 - 4301/5832*p1*q1*p2^7*q2 + 21505/1944*p1*q1^3*p2*q2^5 + 
         4301/972*p1*q1^3*p2^3*q2^3 - 4301/648*p1*q1^3*p2^5*q2 - 21505/1944*p1
         *q1^5*p2*q2^3 + 4301/648*p1*q1^5*p2^3*q2 + 4301/5832*p1*q1^7*p2*q2 + 
         4301/11664*p1^2*q2^8 + 4301/3888*p1^2*p2^2*q2^6 + 4301/3888*p1^2*p2^4
         *q2^4 + 4301/11664*p1^2*p2^6*q2^2 - 21505/3888*p1^2*q1^2*q2^6 + 4301/
         432*p1^2*q1^2*p2^2*q2^4 + 4301/432*p1^2*q1^2*p2^4*q2^2 - 21505/3888*
         p1^2*q1^2*p2^6 + 21505/3888*p1^2*q1^4*q2^4 - 4301/432*p1^2*q1^4*p2^2*
         q2^2 + 4301/648*p1^2*q1^4*p2^4 - 4301/11664*p1^2*q1^6*q2^2 - 4301/
         3888*p1^2*q1^6*p2^2 - 4301/648*p1^3*q1*p2*q2^5 + 4301/972*p1^3*q1*
         p2^3*q2^3 + 21505/1944*p1^3*q1*p2^5*q2 - 4301/972*p1^3*q1^3*p2*q2^3
          - 4301/972*p1^3*q1^3*p2^3*q2 + 4301/1944*p1^3*q1^5*p2*q2 - 4301/3888
         *p1^4*q2^6 - 4301/648*p1^4*p2^2*q2^4 - 21505/3888*p1^4*p2^4*q2^2 + 
         4301/648*p1^4*q1^2*q2^4 - 4301/432*p1^4*q1^2*p2^2*q2^2 + 21505/3888*
         p1^4*q1^2*p2^4 - 4301/3888*p1^4*q1^4*q2^2 - 4301/3888*p1^4*q1^4*p2^2
          + 4301/648*p1^5*q1*p2*q2^3 - 21505/1944*p1^5*q1*p2^3*q2 + 4301/1944*
         p1^5*q1^3*p2*q2 + 4301/3888*p1^6*q2^4 + 21505/3888*p1^6*p2^2*q2^2 - 
         4301/3888*p1^6*q1^2*q2^2 - 4301/11664*p1^6*q1^2*p2^2 + 4301/5832*p1^7
         *q1*p2*q2 - 4301/11664*p1^8*q2^2 )

       + alpha^10 * (  - 765719/2099520*q1^2*p2^2*q2^8 - 765719/524880*q1^2*
         p2^4*q2^6 - 765719/349920*q1^2*p2^6*q2^4 - 765719/524880*q1^2*p2^8*
         q2^2 - 765719/2099520*q1^2*p2^10 + 5360033/1049760*q1^4*p2^2*q2^6 + 
         765719/69984*q1^4*p2^4*q2^4 + 765719/116640*q1^4*p2^6*q2^2 + 765719/
         1049760*q1^4*p2^8 - 5360033/1049760*q1^8*p2^2*q2^2 - 765719/1049760*
         q1^8*p2^4 + 765719/2099520*q1^10*p2^2 + 765719/1049760*p1*q1*p2*q2^9
          + 765719/262440*p1*q1*p2^3*q2^7 + 765719/174960*p1*q1*p2^5*q2^5 + 
         765719/262440*p1*q1*p2^7*q2^3 + 765719/1049760*p1*q1*p2^9*q2 - 
         5360033/524880*p1*q1^3*p2*q2^7 - 765719/58320*p1*q1^3*p2^3*q2^5 + 
         765719/174960*p1*q1^3*p2^5*q2^3 + 765719/104976*p1*q1^3*p2^7*q2 + 
         5360033/524880*p1*q1^7*p2*q2^3 - 765719/104976*p1*q1^7*p2^3*q2 - 
         765719/1049760*p1*q1^9*p2*q2 - 765719/2099520*p1^2*q2^10 - 765719/
         524880*p1^2*p2^2*q2^8 - 765719/349920*p1^2*p2^4*q2^6 - 765719/524880*
         p1^2*p2^6*q2^4 - 765719/2099520*p1^2*p2^8*q2^2 + 5360033/1049760*p1^2
         *q1^2*q2^8 - 765719/131220*p1^2*q1^2*p2^2*q2^6 - 765719/34992*p1^2*
         q1^2*p2^4*q2^4 - 765719/131220*p1^2*q1^2*p2^6*q2^2 + 5360033/1049760*
         p1^2*q1^2*p2^8 - 5360033/1049760*p1^2*q1^6*q2^4 + 765719/131220*p1^2*
         q1^6*p2^2*q2^2 - 765719/116640*p1^2*q1^6*p2^4 + 765719/2099520*p1^2*
         q1^8*q2^2 + 765719/524880*p1^2*q1^8*p2^2 + 765719/104976*p1^3*q1*p2*
         q2^7 + 765719/174960*p1^3*q1*p2^3*q2^5 - 765719/58320*p1^3*q1*p2^5*
         q2^3 - 5360033/524880*p1^3*q1*p2^7*q2 + 765719/58320*p1^3*q1^5*p2*
         q2^3 - 765719/174960*p1^3*q1^5*p2^3*q2 - 765719/262440*p1^3*q1^7*p2*
         q2 + 765719/1049760*p1^4*q2^8 + 765719/116640*p1^4*p2^2*q2^6 + 765719/
         69984*p1^4*p2^4*q2^4 + 5360033/1049760*p1^4*p2^6*q2^2 - 765719/69984*
         p1^4*q1^4*q2^4 + 765719/34992*p1^4*q1^4*p2^2*q2^2 - 765719/69984*p1^4
         *q1^4*p2^4 + 765719/524880*p1^4*q1^6*q2^2 + 765719/349920*p1^4*q1^6*
         p2^2 - 765719/174960*p1^5*q1^3*p2*q2^3 + 765719/58320*p1^5*q1^3*p2^3*
         q2 - 765719/174960*p1^5*q1^5*p2*q2 - 765719/116640*p1^6*q1^2*q2^4 + 
         765719/131220*p1^6*q1^2*p2^2*q2^2 - 5360033/1049760*p1^6*q1^2*p2^4 + 
         765719/349920*p1^6*q1^4*q2^2 + 765719/524880*p1^6*q1^4*p2^2 - 765719/
         104976*p1^7*q1*p2*q2^3 + 5360033/524880*p1^7*q1*p2^3*q2 - 765719/
         262440*p1^7*q1^3*p2*q2 - 765719/1049760*p1^8*q2^4 - 5360033/1049760*
         p1^8*p2^2*q2^2 + 765719/524880*p1^8*q1^2*q2^2 + 765719/2099520*p1^8*
         q1^2*p2^2 - 765719/1049760*p1^9*q1*p2*q2 + 765719/2099520*p1^10*q2^2
          );

    .end
  162.84 sec out of 280.43 sec
