FORM by J.Vermaseren,version 3.3(Jul  9 2009) Run at: Tue Jan 10 13:48:36 2017
    #:TermsInSmall   200000
    *==========================================================================
    *   This file is part of the demos for 
    *    "Generalization of the explicit expression for the Deprit generator 
    *       to  Hamiltonians nonlinearly dependent on small parameter"
    *     Andrey Nikolaev, ICPT, RDTeX, Russia, 2016, Andrey.Nikolaev@rdtex.ru
    *==========================================================================
    *	The normal form and the Gustavson integral
    *       for the Toda2d Hamiltonian (Ford 1973),
    *       using the Gustavson algorithm.
    *       Gustavson FG (1966), Astron J 71:670
    *       Normalisation in p,q variables.
    *===================================================================
    *          MAXORDER - maximum order in alpha,
    *          NDIM - number of dimensions
    *-------------------- 
    #define MAXORDER	"10"
    #define NDIM    	"2"
    CFunctions sqrt,qurt,asqrt,aqurt,exp,dummy; 
    Symbols l,m,n,k,alpha(:{'MAXORDER'}),
    *-------------------- 
    *			The following are the canonical variables:
    *-------------------- 
    #do j=1,'NDIM'
    	zeta'j',eta'j',P'j',Q'j',p'j',q'j'
    #enddo
    ;
    Off statistics;
    .global
    *-------------------- 
    *	1. The Hamiltonian in P,Q and eta,zeta variables is:
    *-------------------- 
    #define NAME "Toda2d"
    Global HPQ=1/2*(P1^2 + P2^2)+ 1/24*(exp(2*Q2+2*sqrt(3)*Q1)+exp(2*Q2-2*sqrt(3)*Q1
    )+exp(-4*Q2))-1/8;
    B alpha;
    Print;
    .sort

   HPQ =
       - 1/8 + 1/2*P2^2 + 1/2*P1^2 + 1/24*exp( - 4*Q2) + 1/24*exp(2*Q2 - 2*
         sqrt(3)*Q1) + 1/24*exp(2*Q2 + 2*sqrt(3)*Q1);

    id exp(m?)=sum_(n,0,{'MAXORDER'+2},m^n*invfac_(n));
    #call eidentities()
    B alpha;
    Print;
    .store

   HPQ =
       + 1/2*Q2^2 - 1/3*Q2^3 + 1/2*Q2^4 - 1/3*Q2^5 + 11/45*Q2^6 - 2/15*Q2^7 + 
         43/630*Q2^8 - 17/567*Q2^9 + 19/1575*Q2^10 - 62/14175*Q2^11 + 683/
         467775*Q2^12 + 1/2*P2^2 + 1/2*Q1^2 + Q1^2*Q2 + Q1^2*Q2^2 + 2/3*Q1^2*
         Q2^3 + 1/3*Q1^2*Q2^4 + 2/15*Q1^2*Q2^5 + 2/45*Q1^2*Q2^6 + 4/315*Q1^2*
         Q2^7 + 1/315*Q1^2*Q2^8 + 2/2835*Q1^2*Q2^9 + 2/14175*Q1^2*Q2^10 + 1/2*
         Q1^4 + Q1^4*Q2 + Q1^4*Q2^2 + 2/3*Q1^4*Q2^3 + 1/3*Q1^4*Q2^4 + 2/15*
         Q1^4*Q2^5 + 2/45*Q1^4*Q2^6 + 4/315*Q1^4*Q2^7 + 1/315*Q1^4*Q2^8 + 1/5*
         Q1^6 + 2/5*Q1^6*Q2 + 2/5*Q1^6*Q2^2 + 4/15*Q1^6*Q2^3 + 2/15*Q1^6*Q2^4
          + 4/75*Q1^6*Q2^5 + 4/225*Q1^6*Q2^6 + 3/70*Q1^8 + 3/35*Q1^8*Q2 + 3/35
         *Q1^8*Q2^2 + 2/35*Q1^8*Q2^3 + 1/35*Q1^8*Q2^4 + 1/175*Q1^10 + 2/175*
         Q1^10*Q2 + 2/175*Q1^10*Q2^2 + 1/1925*Q1^12 + 1/2*P1^2;

    *-------------------- 
    *	2. A scaling transform introduces a small parameter:
    *-------------------- 
    G H=HPQ/alpha^2;
    #do j=1,'NDIM'
    id P'j'=alpha*p'j';
    id Q'j'=alpha*q'j';
    #enddo
    .sort
    #call eidentities()
    B alpha;
    Print;
    .store

   H =
       + alpha * (  - 1/3*q2^3 + q1^2*q2 )

       + alpha^2 * ( 1/2*q2^4 + q1^2*q2^2 + 1/2*q1^4 )

       + alpha^3 * (  - 1/3*q2^5 + 2/3*q1^2*q2^3 + q1^4*q2 )

       + alpha^4 * ( 11/45*q2^6 + 1/3*q1^2*q2^4 + q1^4*q2^2 + 1/5*q1^6 )

       + alpha^5 * (  - 2/15*q2^7 + 2/15*q1^2*q2^5 + 2/3*q1^4*q2^3 + 2/5*q1^6*
         q2 )

       + alpha^6 * ( 43/630*q2^8 + 2/45*q1^2*q2^6 + 1/3*q1^4*q2^4 + 2/5*q1^6*
         q2^2 + 3/70*q1^8 )

       + alpha^7 * (  - 17/567*q2^9 + 4/315*q1^2*q2^7 + 2/15*q1^4*q2^5 + 4/15*
         q1^6*q2^3 + 3/35*q1^8*q2 )

       + alpha^8 * ( 19/1575*q2^10 + 1/315*q1^2*q2^8 + 2/45*q1^4*q2^6 + 2/15*
         q1^6*q2^4 + 3/35*q1^8*q2^2 + 1/175*q1^10 )

       + alpha^9 * (  - 62/14175*q2^11 + 2/2835*q1^2*q2^9 + 4/315*q1^4*q2^7 + 
         4/75*q1^6*q2^5 + 2/35*q1^8*q2^3 + 2/175*q1^10*q2 )

       + alpha^10 * ( 683/467775*q2^12 + 2/14175*q1^2*q2^10 + 1/315*q1^4*q2^8
          + 4/225*q1^6*q2^6 + 1/35*q1^8*q2^4 + 2/175*q1^10*q2^2 + 1/1925*q1^12
          )

       + 1/2*q2^2 + 1/2*p2^2 + 1/2*q1^2 + 1/2*p1^2;

    #call frequencies()

   Omega1 =
      1;


   Omega2 =
      1;

    Global Hpq = H;
    B alpha;
    .store
    *-------------------- 
    *	The unperturbed part is as follows:
    *-------------------- 
    Global H0 = Hpq[alpha^0];
    Print;
    .store

   H0 =
      1/2*q2^2 + 1/2*p2^2 + 1/2*q1^2 + 1/2*p1^2;

    *-------------------- 
    *   3. Gustavson algorithm:
    *--------------------
    #call GustavsonNormalization2dpq(g)

Time =       2.26 sec    Generated terms =        445
            gG10         Terms in output =        445
                         Bytes used      =      10414

Time =       2.26 sec    Generated terms =        279
           gHt10         Terms in output =        279
                         Bytes used      =       5934
    .store
    on statistics;
    G W=gG'MAXORDER';
    G Htpq=gHt'MAXORDER';
    B alpha;
    Print;
    .store

Time =       2.26 sec    Generated terms =        445
               W         Terms in output =        445
                         Bytes used      =      10414

Time =       2.26 sec    Generated terms =        279
            Htpq         Terms in output =        279
                         Bytes used      =       5934

   W =
       + alpha * (  - 1/3*p2*q2^2 - 2/9*p2^3 + 1/3*q1^2*p2 + 2/3*p1*q1*q2 + 2/
         3*p1^2*p2 )

       + alpha^2 * ( 13/36*p2*q2^3 + 11/36*p2^3*q2 + 13/36*q1^2*p2*q2 + 13/36*
         p1*q1*q2^2 + 11/36*p1*q1*p2^2 + 13/36*p1*q1^3 + 11/36*p1^2*p2*q2 + 11/
         36*p1^3*q1 )

       + alpha^3 * ( 7/27*p2*q2^4 + 20/27*p2^3*q2^2 + 8/27*p2^5 + 2/9*q1^2*p2*
         q2^2 + 4/9*q1^2*p2^3 - 1/3*q1^4*p2 - 20/27*p1*q1*q2^3 - 8/27*p1*q1*
         p2^2*q2 - 4/9*p1*q1^3*q2 - 44/27*p1^2*p2*q2^2 - 16/27*p1^2*p2^3 - 52/
         27*p1^2*q1^2*p2 - 8/27*p1^3*q1*q2 - 8/9*p1^4*p2 )

       + alpha^4 * ( 247/1440*p2*q2^5 + 1921/3888*p2^3*q2^3 + 643/2592*p2^5*q2
          + 97/432*q1^2*p2*q2^3 - 161/432*q1^2*p2^3*q2 + 547/2592*q1^4*p2*q2
          + 97/864*p1*q1*q2^4 + 1351/1296*p1*q1*p2^2*q2^2 - 893/2592*p1*q1*
         p2^4 + 547/1296*p1*q1^3*q2^2 + 29/1296*p1*q1^3*p2^2 + 1967/12960*p1*
         q1^5 - 161/432*p1^2*p2*q2^3 - 893/1296*p1^2*p2^3*q2 + 2887/1296*p1^2*
         q1^2*p2*q2 + 29/1296*p1^3*q1*q2^2 + 1667/1296*p1^3*q1*p2^2 + 1409/
         3888*p1^3*q1^3 + 1667/2592*p1^4*p2*q2 + 131/2592*p1^5*q1 )

       + alpha^5 * (  - 727/4860*p2*q2^6 + 77/972*p2^3*q2^4 - 71/243*p2^5*q2^2
          - 2/243*p2^7 - 1271/972*q1^2*p2*q2^4 - 185/162*q1^2*p2^3*q2^2 - 245/
         243*q1^2*p2^5 - 605/972*q1^4*p2*q2^2 + 581/972*q1^4*p2^3 + 2603/4860*
         q1^6*p2 + 3541/2430*p1*q1*q2^5 + 347/243*p1*q1*p2^2*q2^3 + 94/81*p1*
         q1*p2^4*q2 + 37/27*p1*q1^3*q2^3 - 95/243*p1*q1^3*p2^2*q2 - 211/2430*
         p1*q1^5*q2 - 355/972*p1^2*p2*q2^4 + 34/243*p1^2*p2^3*q2^2 + 2/243*
         p1^2*p2^5 - 329/162*p1^2*q1^2*p2*q2^2 + 598/243*p1^2*q1^2*p2^3 + 149/
         972*p1^2*q1^4*p2 + 347/243*p1^3*q1*q2^3 - 956/243*p1^3*q1*p2^2*q2 - 
         95/243*p1^3*q1^3*q2 + 713/243*p1^4*p2*q2^2 + 10/243*p1^4*p2^3 + 235/
         243*p1^4*q1^2*p2 - 22/243*p1^5*q1*q2 + 2/81*p1^6*p2 )

       + alpha^6 * (  - 68017/1632960*p2*q2^7 + 26935/23328*p2^3*q2^5 + 37079/
         15552*p2^5*q2^3 + 11491/11664*p2^7*q2 - 13703/8640*q1^2*p2*q2^5 - 
         11003/11664*q1^2*p2^3*q2^3 + 83569/46656*q1^2*p2^5*q2 + 86047/46656*
         q1^4*p2*q2^3 + 40931/23328*q1^4*p2^3*q2 - 24995/46656*q1^6*p2*q2 + 
         15469/46656*p1*q1*q2^6 - 164045/23328*p1*q1*p2^2*q2^4 - 486635/46656*
         p1*q1*p2^4*q2^2 - 14015/11664*p1*q1*p2^6 - 114625/46656*p1*q1^3*q2^4
          - 4435/11664*p1*q1^3*p2^2*q2^2 - 3575/46656*p1*q1^3*p2^4 + 75697/
         77760*p1*q1^5*q2^2 + 65303/23328*p1*q1^5*p2^2 - 265393/1632960*p1*
         q1^7 + 18463/23328*p1^2*p2*q2^5 - 131257/23328*p1^2*p2^3*q2^3 - 11879/
         3888*p1^2*p2^5*q2 - 2531/11664*p1^2*q1^2*p2*q2^3 - 103589/23328*p1^2*
         q1^2*p2^3*q2 + 66347/23328*p1^2*q1^4*p2*q2 + 42835/23328*p1^3*q1*q2^4
          + 135995/23328*p1^3*q1*p2^2*q2^2 + 2653/1296*p1^3*q1*p2^4 + 64525/
         11664*p1^3*q1^3*q2^2 + 99005/7776*p1^3*q1^3*p2^2 - 1219/7776*p1^3*
         q1^5 + 236009/46656*p1^4*p2*q2^3 + 4399/3888*p1^4*p2^3*q2 + 319013/
         46656*p1^4*q1^2*p2*q2 + 148865/46656*p1^5*q1*q2^2 + 2693/432*p1^5*q1*
         p2^2 - 12155/46656*p1^5*q1^3 + 8791/3888*p1^6*p2*q2 + 289/3888*p1^7*
         q1 )

       + alpha^7 * ( 319/2835*p2*q2^8 + 104503/262440*p2^3*q2^6 - 13379/17496*
         p2^5*q2^4 - 184/2187*p2^7*q2^2 - 797/6561*p2^9 + 36287/14580*q1^2*p2*
         q2^6 + 68375/17496*q1^2*p2^3*q2^4 + 8753/2916*q1^2*p2^5*q2^2 + 5233/
         2187*q1^2*p2^7 + 39095/8748*q1^4*p2*q2^4 + 66043/17496*q1^4*p2^3*q2^2
          + 36857/17496*q1^4*p2^5 + 19103/43740*q1^6*p2*q2^2 - 951181/262440*
         q1^6*p2^3 - 279701/306180*q1^8*p2 - 275321/102060*p1*q1*q2^7 - 20047/
         2430*p1*q1*p2^2*q2^5 - 59615/4374*p1*q1*p2^4*q2^3 - 19828/2187*p1*q1*
         p2^6*q2 - 38303/8748*p1*q1^3*q2^5 - 15584/2187*p1*q1^3*p2^2*q2^3 - 
         10883/4374*p1*q1^3*p2^4*q2 - 77759/43740*p1*q1^5*q2^3 + 349/810*p1*
         q1^5*p2^2*q2 + 197657/306180*p1*q1^7*q2 + 35413/17496*p1^2*p2*q2^6 + 
         30763/8748*p1^2*p2^3*q2^4 + 257/729*p1^2*p2^5*q2^2 + 448/729*p1^2*
         p2^7 + 34091/1944*p1^2*q1^2*p2*q2^4 + 19243/1458*p1^2*q1^2*p2^3*q2^2
          - 1940/729*p1^2*q1^2*p2^5 + 5479/1944*p1^2*q1^4*p2*q2^2 - 110233/
         8748*p1^2*q1^4*p2^3 - 89771/87480*p1^2*q1^6*p2 - 176633/21870*p1^3*q1
         *q2^5 + 54625/2187*p1^3*q1*p2^2*q2^3 + 17438/729*p1^3*q1*p2^4*q2 - 
         50542/6561*p1^3*q1^3*q2^3 + 34237/2187*p1^3*q1^3*p2^2*q2 + 13213/
         21870*p1^3*q1^5*q2 - 124775/17496*p1^4*p2*q2^4 + 1766/729*p1^4*p2^3*
         q2^2 - 3334/2187*p1^4*p2^5 - 8521/972*p1^4*q1^2*p2*q2^2 - 10181/729*
         p1^4*q1^2*p2^3 + 52949/17496*p1^4*q1^4*p2 - 13919/4374*p1^5*q1*q2^3
          + 7688/729*p1^5*q1*p2^2*q2 + 7165/4374*p1^5*q1^3*q2 - 20233/2187*
         p1^6*p2*q2^2 + 14888/6561*p1^6*p2^3 + 5086/2187*p1^6*q1^2*p2 + 74/
         2187*p1^7*q1*q2 + 349/2187*p1^8*p2 )

       + alpha^8 * ( 6762043/17418240*p2*q2^9 + 373763461/117573120*p2^3*q2^7
          + 91445093/33592320*p2^5*q2^5 + 727183/3359232*p2^7*q2^3 + 13621091/
         13436928*p2^9*q2 + 3145639/1866240*q1^2*p2*q2^7 + 134142803/16796160*
         q1^2*p2^3*q2^5 + 2021429/3359232*q1^2*p2^5*q2^3 - 3167461/1119744*
         q1^2*p2^7*q2 + 1913651/2239488*q1^4*p2*q2^5 + 17460169/3359232*q1^4*
         p2^3*q2^3 - 25110943/6718464*q1^4*p2^5*q2 + 2611637/5598720*q1^6*p2*
         q2^3 + 1060567/622080*q1^6*p2^3*q2 + 1055893/1161216*q1^8*p2*q2 - 
         9479887/52254720*p1*q1*q2^8 - 2668879/1119744*p1*q1*p2^2*q2^6 + 
         7832777/746496*p1*q1*p2^4*q2^4 + 9284057/1119744*p1*q1*p2^6*q2^2 - 
         15173149/13436928*p1*q1*p2^8 + 2737841/1119744*p1*q1^3*q2^6 + 3278959/
         3359232*p1*q1^3*p2^2*q2^4 + 33878429/3359232*p1*q1^3*p2^4*q2^2 + 
         473947/1119744*p1*q1^3*p2^6 + 39334271/11197440*p1*q1^5*q2^4 + 
         7162807/1119744*p1*q1^5*p2^2*q2^2 - 57992987/33592320*p1*q1^5*p2^4 + 
         457595/373248*p1*q1^7*q2^2 + 170558761/39191040*p1*q1^7*p2^2 + 
         17749169/52254720*p1*q1^9 + 56406761/39191040*p1^2*p2*q2^7 + 2075977/
         16796160*p1^2*p2^3*q2^5 + 16546799/3359232*p1^2*p2^5*q2^3 - 6070333/
         3359232*p1^2*p2^7*q2 + 6050491/622080*p1^2*q1^2*p2*q2^5 + 17434405/
         1679616*p1^2*q1^2*p2^3*q2^3 + 8925455/1119744*p1^2*q1^2*p2^5*q2 + 
         46680623/3359232*p1^2*q1^4*p2*q2^3 + 43314077/3359232*p1^2*q1^4*p2^3*
         q2 + 38765557/5598720*p1^2*q1^6*p2*q2 + 7626181/1866240*p1^3*q1*q2^6
          + 36555485/3359232*p1^3*q1*p2^2*q2^4 + 29136295/3359232*p1^3*q1*p2^4
         *q2^2 + 3527747/3359232*p1^3*q1*p2^6 + 13167299/1119744*p1^3*q1^3*
         q2^4 + 2498231/559872*p1^3*q1^3*p2^2*q2^2 - 14914255/3359232*p1^3*
         q1^3*p2^4 + 143665043/16796160*p1^3*q1^5*q2^2 + 4081411/5598720*p1^3*
         q1^5*p2^2 + 258115717/117573120*p1^3*q1^7 - 120200603/33592320*p1^4*
         p2*q2^5 - 2793925/1119744*p1^4*p2^3*q2^3 - 3552221/2239488*p1^4*p2^5*
         q2 + 45991133/3359232*p1^4*q1^2*p2*q2^3 + 42766055/3359232*p1^4*q1^2*
         p2^3*q2 + 3407683/248832*p1^4*q1^4*p2*q2 - 10527775/6718464*p1^5*q1*
         q2^4 - 3997681/1119744*p1^5*q1*p2^2*q2^2 + 18843299/2239488*p1^5*q1*
         p2^4 + 280871/1119744*p1^5*q1^3*q2^2 - 20803153/3359232*p1^5*q1^3*
         p2^2 + 27504503/11197440*p1^5*q1^5 - 15533743/3359232*p1^6*p2*q2^3 + 
         11763331/3359232*p1^6*p2^3*q2 + 15154955/3359232*p1^6*q1^2*p2*q2 - 
         4609519/3359232*p1^7*q1*q2^2 + 21361411/3359232*p1^7*q1*p2^2 + 
         1400197/1119744*p1^7*q1^3 + 30464227/13436928*p1^8*p2*q2 + 1669987/
         13436928*p1^9*q1 )

       + alpha^9 * (  - 50775379/440899200*p2*q2^10 + 4234129/88179840*p2^3*
         q2^8 - 26478497/4199040*p2^5*q2^6 - 27281299/2519424*p2^7*q2^4 - 
         4046399/629856*p2^9*q2^2 - 1417517/1574640*p2^11 - 16340681/4199040*
         q1^2*p2*q2^8 - 32704843/3149280*q1^2*p2^3*q2^6 - 44232239/2519424*
         q1^2*p2^5*q2^4 - 8189281/419904*q1^2*p2^7*q2^2 - 1692455/209952*q1^2*
         p2^9 - 52084721/6298560*q1^4*p2*q2^6 - 3417419/139968*q1^4*p2^3*q2^4
          - 18919187/839808*q1^4*p2^5*q2^2 - 1481617/93312*q1^4*p2^7 - 
         38481943/6298560*q1^6*p2*q2^4 - 1456649/209952*q1^6*p2^3*q2^2 + 
         113835019/12597120*q1^6*p2^5 + 831761/4199040*q1^8*p2*q2^2 + 17382605/
         1959552*q1^8*p2^3 + 533601659/440899200*q1^10*p2 + 151128707/44089920
         *p1*q1*q2^9 + 3427979/393660*p1*q1*p2^2*q2^7 + 219458269/6298560*p1*
         q1*p2^4*q2^5 + 36325343/629856*p1*q1*p2^6*q2^3 + 9418777/314928*p1*q1
         *p2^8*q2 + 109011839/11022480*p1*q1^3*q2^7 + 17305151/262440*p1*q1^3*
         p2^2*q2^5 + 61918945/629856*p1*q1^3*p2^4*q2^3 + 12514327/209952*p1*
         q1^3*p2^6*q2 + 43377313/5248800*p1*q1^5*q2^5 + 418804/10935*p1*q1^5*
         p2^2*q2^3 + 10931263/2099520*p1*q1^5*p2^4*q2 + 4948343/11022480*p1*
         q1^7*q2^3 - 31425467/1837080*p1*q1^7*p2^2*q2 - 33003917/44089920*p1*
         q1^9*q2 - 51785311/17635968*p1^2*p2*q2^8 - 23890885/1259712*p1^2*p2^3
         *q2^6 - 1962563/839808*p1^2*p2^5*q2^4 + 2127425/157464*p1^2*p2^7*q2^2
          + 1210871/314928*p1^2*p2^9 - 170908231/3149280*p1^2*q1^2*p2*q2^6 - 
         97156157/1259712*p1^2*q1^2*p2^3*q2^4 - 6015985/139968*p1^2*q1^2*p2^5*
         q2^2 + 1867711/157464*p1^2*q1^2*p2^7 - 2471405/46656*p1^2*q1^4*p2*
         q2^4 + 9598423/419904*p1^2*q1^4*p2^3*q2^2 + 1551199/31104*p1^2*q1^4*
         p2^5 - 1183409/1049760*p1^2*q1^6*p2*q2^2 + 50881117/1259712*p1^2*q1^6
         *p2^3 + 68683583/29393280*p1^2*q1^8*p2 + 6857957/275562*p1^3*q1*q2^7
          + 59321923/3149280*p1^3*q1*p2^2*q2^5 - 36084451/629856*p1^3*q1*p2^4*
         q2^3 - 3441277/78732*p1^3*q1*p2^6*q2 + 4438595/157464*p1^3*q1^3*q2^5
          + 11200447/314928*p1^3*q1^3*p2^2*q2^3 - 3161123/23328*p1^3*q1^3*p2^4
         *q2 + 43141/78732*p1^3*q1^5*q2^3 - 69629917/3149280*p1^3*q1^5*p2^2*q2
          - 189221/204120*p1^3*q1^7*q2 + 20175421/2519424*p1^4*p2*q2^6 - 
         7346393/2519424*p1^4*p2^3*q2^4 - 12919501/314928*p1^4*p2^5*q2^2 - 
         380663/52488*p1^4*p2^7 - 70307915/2519424*p1^4*q1^2*p2*q2^4 + 
         78210685/419904*p1^4*q1^2*p2^3*q2^2 + 10993129/314928*p1^4*q1^2*p2^5
          + 80746051/2519424*p1^4*q1^4*p2*q2^2 + 3323983/31104*p1^4*q1^4*p2^3
          + 17691115/2519424*p1^4*q1^6*p2 + 228791209/6298560*p1^5*q1*q2^5 - 
         2009177/23328*p1^5*q1*p2^2*q2^3 - 11223625/157464*p1^5*q1*p2^4*q2 + 
         17169053/629856*p1^5*q1^3*q2^3 + 1780037/209952*p1^5*q1^3*p2^2*q2 + 
         13042357/1259712*p1^5*q1^5*q2 + 162549341/2519424*p1^6*p2*q2^4 + 
         9655345/157464*p1^6*p2^3*q2^2 + 4111163/787320*p1^6*p2^5 + 3466039/
         46656*p1^6*q1^2*p2*q2^2 + 5675453/52488*p1^6*q1^2*p2^3 + 26052517/
         2519424*p1^6*q1^4*p2 + 7829855/629856*p1^7*q1*q2^3 + 374087/78732*
         p1^7*q1*p2^2*q2 + 4151237/629856*p1^7*q1^3*q2 + 20196769/629856*p1^8*
         p2*q2^2 + 5775203/314928*p1^8*p2^3 + 1847675/629856*p1^8*q1^2*p2 + 
         759713/314928*p1^9*q1*q2 + 587309/524880*p1^10*p2 )

       + alpha^10 * (  - 17213500487/38799129600*p2*q2^11 - 9682039099/
         6348948480*p2^3*q2^9 - 377692855/105815808*p2^5*q2^7 + 124879/58320*
         p2^7*q2^5 + 5763269/746496*p2^9*q2^3 - 28165243/100776960*p2^11*q2 - 
         5050894253/705438720*q1^2*p2*q2^9 - 1179476999/33067440*q1^2*p2^3*
         q2^7 - 1053304409/37791360*q1^2*p2^5*q2^5 + 223108531/75582720*q1^2*
         p2^7*q2^3 + 456496421/302330880*q1^2*p2^9*q2 + 3475354193/1058158080*
         q1^4*p2*q2^7 - 815850113/50388480*q1^4*p2^3*q2^5 + 1652347979/
         75582720*q1^4*p2^5*q2^3 + 2774236963/75582720*q1^4*p2^7*q2 + 
         4534983001/251942400*q1^6*p2*q2^5 - 886112371/113374080*q1^6*p2^3*
         q2^3 + 5127763/3149280*q1^6*p2^5*q2 + 1116457849/235146240*q1^8*p2*
         q2^3 - 12575687/8709120*q1^8*p2^3*q2 - 8289369697/1511654400*q1^10*p2
         *q2 + 16117096867/3527193600*p1*q1*q2^10 + 7988157659/423263232*p1*q1
         *p2^2*q2^8 - 142946521/25194240*p1*q1*p2^4*q2^6 - 233452681/37791360*
         p1*q1*p2^6*q2^4 + 3074273273/302330880*p1*q1*p2^8*q2^2 + 62440025/
         20155392*p1*q1*p2^10 - 2527519561/302330880*p1*q1^3*q2^8 + 286672609/
         12597120*p1*q1^3*p2^2*q2^6 - 824923105/7558272*p1*q1^3*p2^4*q2^4 - 
         4850685139/75582720*p1*q1^3*p2^6*q2^2 + 210903679/100776960*p1*q1^3*
         p2^8 - 21675036197/755827200*p1*q1^5*q2^6 + 7093813553/151165440*p1*
         q1^5*p2^2*q2^4 - 435956621/5038848*p1*q1^5*p2^4*q2^2 + 1417911439/
         75582720*p1*q1^5*p2^6 - 3706623493/352719360*p1*q1^7*q2^4 + 22908593/
         16533720*p1*q1^7*p2^2*q2^2 + 160228651/44089920*p1*q1^7*p2^4 + 
         5478385481/2116316160*p1*q1^9*q2^2 - 8719967983/705438720*p1*q1^9*
         p2^2 - 48687425621/116397388800*p1*q1^11 - 5341958269/2116316160*p1^2
         *p2*q2^9 - 14654271239/529079040*p1^2*p2^3*q2^7 - 3528823169/75582720
         *p1^2*p2^5*q2^5 - 1316025893/37791360*p1^2*p2^7*q2^3 + 101422433/
         100776960*p1^2*p2^9*q2 - 727030571/33067440*p1^2*q1^2*p2*q2^7 + 
         425816191/15116544*p1^2*q1^2*p2^3*q2^5 - 426577225/15116544*p1^2*q1^2
         *p2^5*q2^3 - 192433345/7558272*p1^2*q1^2*p2^7*q2 - 9125152031/
         151165440*p1^2*q1^4*p2*q2^5 - 5692129/559872*p1^2*q1^4*p2^3*q2^3 - 
         43051543/419904*p1^2*q1^4*p2^5*q2 + 1098333403/37791360*p1^2*q1^6*p2*
         q2^3 - 2334571553/25194240*p1^2*q1^6*p2^3*q2 - 6364246697/2116316160*
         p1^2*q1^8*p2*q2 - 3857383987/302330880*p1^3*q1*q2^8 - 1223617201/
         25194240*p1^3*q1*p2^2*q2^6 - 691142647/5038848*p1^3*q1*p2^4*q2^4 - 
         1289588173/9447840*p1^3*q1*p2^6*q2^2 - 4976463893/302330880*p1^3*q1*
         p2^8 - 5114824427/113374080*p1^3*q1^3*q2^6 - 579325643/15116544*p1^3*
         q1^3*p2^2*q2^4 - 354526391/15116544*p1^3*q1^3*p2^4*q2^2 + 16562965/
         2834352*p1^3*q1^3*p2^6 - 1653502657/50388480*p1^3*q1^5*q2^4 + 
         10462859051/75582720*p1^3*q1^5*p2^2*q2^2 - 1063912037/37791360*p1^3*
         q1^5*p2^4 + 22746067/3306744*p1^3*q1^7*q2^2 - 147708767/58786560*p1^3
         *q1^7*p2^2 - 3082459327/1269789696*p1^3*q1^9 + 122516351/8817984*p1^4
         *p2*q2^7 + 3111095827/37791360*p1^4*p2^3*q2^5 + 591566899/50388480*
         p1^4*p2^5*q2^3 - 3516885701/151165440*p1^4*p2^7*q2 - 558073379/
         8398080*p1^4*q1^2*p2*q2^5 + 1011340729/15116544*p1^4*q1^2*p2^3*q2^3
          + 443529761/30233088*p1^4*q1^2*p2^5*q2 - 99970121/7558272*p1^4*q1^4*
         p2*q2^3 - 280639175/5038848*p1^4*q1^4*p2^3*q2 + 26765177/15116544*
         p1^4*q1^6*p2*q2 + 4392781/314928*p1^5*q1*q2^6 - 25049239/1259712*p1^5
         *q1*p2^2*q2^4 + 4749236881/30233088*p1^5*q1*p2^4*q2^2 + 660111527/
         30233088*p1^5*q1*p2^6 - 706431703/25194240*p1^5*q1^3*q2^4 + 
         3827029319/15116544*p1^5*q1^3*p2^2*q2^2 - 128428261/5598720*p1^5*q1^3
         *p2^4 - 574561973/37791360*p1^5*q1^5*q2^2 + 3814653943/75582720*p1^5*
         q1^5*p2^2 - 3885626323/529079040*p1^5*q1^7 + 2134152119/75582720*p1^6
         *p2*q2^5 + 50175421/1417176*p1^6*p2^3*q2^3 + 745137787/16796160*p1^6*
         p2^5*q2 - 7804974851/75582720*p1^6*q1^2*p2*q2^3 + 990668693/9447840*
         p1^6*q1^2*p2^3*q2 - 789012509/37791360*p1^6*q1^4*p2*q2 + 788443427/
         75582720*p1^7*q1*q2^4 + 36634541/2519424*p1^7*q1*p2^2*q2^2 - 
         510110141/16796160*p1^7*q1*p2^4 + 91063073/25194240*p1^7*q1^3*q2^2 + 
         871288961/12597120*p1^7*q1^3*p2^2 - 22605833/4723920*p1^7*q1^5 - 
         674978947/302330880*p1^8*p2*q2^3 - 1043804359/100776960*p1^8*p2^3*q2
          + 1338093059/100776960*p1^8*q1^2*p2*q2 + 213854023/100776960*p1^9*q1
         *q2^2 + 61169033/11197440*p1^9*q1*p2^2 - 75912107/60466176*p1^9*q1^3
          - 60603793/33592320*p1^10*p2*q2 - 8140841/33592320*p1^11*q1 );

   Htpq =
       + alpha^2 * ( 1/12*q2^4 + 1/6*p2^2*q2^2 + 1/12*p2^4 + 1/6*q1^2*q2^2 + 1/
         2*q1^2*p2^2 + 1/12*q1^4 - 2/3*p1*q1*p2*q2 + 1/2*p1^2*q2^2 + 1/6*p1^2*
         p2^2 + 1/6*p1^2*q1^2 + 1/12*p1^4 )

       + alpha^4 * ( 5/216*q2^6 + 5/72*p2^2*q2^4 + 5/72*p2^4*q2^2 + 5/216*p2^6
          + 5/72*q1^2*q2^4 - 1/4*q1^2*p2^2*q2^2 - 23/72*q1^2*p2^4 + 5/72*q1^4*
         q2^2 - 23/72*q1^4*p2^2 + 5/216*q1^6 + 7/9*p1*q1*p2*q2^3 + 7/9*p1*q1*
         p2^3*q2 + 7/9*p1*q1^3*p2*q2 - 23/72*p1^2*q2^4 - 1/4*p1^2*p2^2*q2^2 + 
         5/72*p1^2*p2^4 - 1/4*p1^2*q1^2*q2^2 - 1/4*p1^2*q1^2*p2^2 + 5/72*p1^2*
         q1^4 + 7/9*p1^3*q1*p2*q2 - 23/72*p1^4*q2^2 + 5/72*p1^4*p2^2 + 5/72*
         p1^4*q1^2 + 5/216*p1^6 )

       + alpha^6 * (  - 515/7776*q2^8 - 515/1944*p2^2*q2^6 - 515/1296*p2^4*
         q2^4 - 515/1944*p2^6*q2^2 - 515/7776*p2^8 - 515/1944*q1^2*q2^6 - 71/
         216*q1^2*p2^2*q2^4 + 89/648*q1^2*p2^4*q2^2 + 391/1944*q1^2*p2^6 - 515/
         1296*q1^4*q2^4 + 89/648*q1^4*p2^2*q2^2 + 4583/3888*q1^4*p2^4 - 515/
         1944*q1^6*q2^2 + 391/1944*q1^6*p2^2 - 515/7776*q1^8 - 151/162*p1*q1*
         p2*q2^5 - 151/81*p1*q1*p2^3*q2^3 - 151/162*p1*q1*p2^5*q2 - 151/81*p1*
         q1^3*p2*q2^3 - 1079/243*p1*q1^3*p2^3*q2 - 151/162*p1*q1^5*p2*q2 + 391/
         1944*p1^2*q2^6 + 89/648*p1^2*p2^2*q2^4 - 71/216*p1^2*p2^4*q2^2 - 515/
         1944*p1^2*p2^6 + 89/648*p1^2*q1^2*q2^4 + 149/36*p1^2*q1^2*p2^2*q2^2
          + 89/648*p1^2*q1^2*p2^4 - 71/216*p1^2*q1^4*q2^2 + 89/648*p1^2*q1^4*
         p2^2 - 515/1944*p1^2*q1^6 - 1079/243*p1^3*q1*p2*q2^3 - 151/81*p1^3*q1
         *p2^3*q2 - 151/81*p1^3*q1^3*p2*q2 + 4583/3888*p1^4*q2^4 + 89/648*p1^4
         *p2^2*q2^2 - 515/1296*p1^4*p2^4 + 89/648*p1^4*q1^2*q2^2 - 71/216*p1^4
         *q1^2*p2^2 - 515/1296*p1^4*q1^4 - 151/162*p1^5*q1*p2*q2 + 391/1944*
         p1^6*q2^2 - 515/1944*p1^6*p2^2 - 515/1944*p1^6*q1^2 - 515/7776*p1^8 )

       + alpha^8 * ( 10759/93312*q2^10 + 53795/93312*p2^2*q2^8 + 53795/46656*
         p2^4*q2^6 + 53795/46656*p2^6*q2^4 + 53795/93312*p2^8*q2^2 + 10759/
         93312*p2^10 + 53795/93312*q1^2*q2^8 + 58297/23328*q1^2*p2^2*q2^6 + 
         20933/5184*q1^2*p2^4*q2^4 + 67301/23328*q1^2*p2^6*q2^2 + 71803/93312*
         q1^2*p2^8 + 53795/46656*q1^4*q2^6 - 20891/5184*q1^4*p2^2*q2^4 - 
         439607/46656*q1^4*p2^4*q2^2 - 21977/5184*q1^4*p2^6 + 53795/46656*q1^6
         *q2^4 + 192773/23328*q1^6*p2^2*q2^2 - 24107/15552*q1^6*p2^4 + 53795/
         93312*q1^8*q2^2 - 11845/93312*q1^8*p2^2 + 10759/93312*q1^10 - 2251/
         5832*p1*q1*p2*q2^7 - 2251/1944*p1*q1*p2^3*q2^5 - 2251/1944*p1*q1*p2^5
         *q2^3 - 2251/5832*p1*q1*p2^7*q2 + 29117/1944*p1*q1^3*p2*q2^5 + 62897/
         2916*p1*q1^3*p2^3*q2^3 + 38443/5832*p1*q1^3*p2^5*q2 - 7721/648*p1*
         q1^5*p2*q2^3 + 132547/5832*p1*q1^5*p2^3*q2 + 2735/1944*p1*q1^7*p2*q2
          + 71803/93312*p1^2*q2^8 + 67301/23328*p1^2*p2^2*q2^6 + 20933/5184*
         p1^2*p2^4*q2^4 + 58297/23328*p1^2*p2^6*q2^2 + 53795/93312*p1^2*p2^8
          - 120907/23328*p1^2*q1^2*q2^6 - 7697/2592*p1^2*q1^2*p2^2*q2^4 - 7697/
         2592*p1^2*q1^2*p2^4*q2^2 - 120907/23328*p1^2*q1^2*p2^6 + 146447/15552
         *p1^2*q1^4*q2^4 - 70433/2592*p1^2*q1^4*p2^2*q2^2 + 313225/46656*p1^2*
         q1^4*p2^4 + 37385/23328*p1^2*q1^6*q2^2 + 4565/23328*p1^2*q1^6*p2^2 + 
         53795/93312*p1^2*q1^8 + 38443/5832*p1^3*q1*p2*q2^5 + 62897/2916*p1^3*
         q1*p2^3*q2^3 + 29117/1944*p1^3*q1*p2^5*q2 + 31529/2916*p1^3*q1^3*p2*
         q2^3 + 31529/2916*p1^3*q1^3*p2^3*q2 + 2735/648*p1^3*q1^5*p2*q2 - 
         21977/5184*p1^4*q2^6 - 439607/46656*p1^4*p2^2*q2^4 - 20891/5184*p1^4*
         p2^4*q2^2 + 53795/46656*p1^4*p2^6 + 313225/46656*p1^4*q1^2*q2^4 - 
         70433/2592*p1^4*q1^2*p2^2*q2^2 + 146447/15552*p1^4*q1^2*p2^4 + 20975/
         15552*p1^4*q1^4*q2^2 + 20975/15552*p1^4*q1^4*p2^2 + 53795/46656*p1^4*
         q1^6 + 132547/5832*p1^5*q1*p2*q2^3 - 7721/648*p1^5*q1*p2^3*q2 + 2735/
         648*p1^5*q1^3*p2*q2 - 24107/15552*p1^6*q2^4 + 192773/23328*p1^6*p2^2*
         q2^2 + 53795/46656*p1^6*p2^4 + 4565/23328*p1^6*q1^2*q2^2 + 37385/
         23328*p1^6*q1^2*p2^2 + 53795/46656*p1^6*q1^4 + 2735/1944*p1^7*q1*p2*
         q2 - 11845/93312*p1^8*q2^2 + 53795/93312*p1^8*p2^2 + 53795/93312*p1^8
         *q1^2 + 10759/93312*p1^10 )

       + alpha^10 * (  - 144683/839808*q2^12 - 144683/139968*p2^2*q2^10 - 
         723415/279936*p2^4*q2^8 - 723415/209952*p2^6*q2^6 - 723415/279936*
         p2^8*q2^4 - 144683/139968*p2^10*q2^2 - 144683/839808*p2^12 - 144683/
         139968*q1^2*q2^10 - 2828749/419904*q1^2*p2^2*q2^8 - 3487253/209952*
         q1^2*p2^4*q2^6 - 1381919/69984*q1^2*p2^6*q2^4 - 4804261/419904*q1^2*
         p2^8*q2^2 - 1092553/419904*q1^2*p2^10 - 723415/279936*q1^4*q2^8 - 
         609125/209952*q1^4*p2^2*q2^6 + 1017203/139968*q1^4*p2^4*q2^4 + 300971/
         23328*q1^4*p2^6*q2^2 + 4465483/839808*q1^4*p2^8 - 723415/209952*q1^6*
         q2^6 - 1062127/69984*q1^6*p2^2*q2^4 - 18821/23328*q1^6*p2^4*q2^2 + 
         1137827/69984*q1^6*p2^6 - 723415/279936*q1^8*q2^4 - 8002181/419904*
         q1^8*p2^2*q2^2 + 1907147/839808*q1^8*p2^4 - 144683/139968*q1^10*q2^2
          - 452969/419904*q1^10*p2^2 - 144683/839808*q1^12 + 82313/26244*p1*q1
         *p2*q2^9 + 82313/6561*p1*q1*p2^3*q2^7 + 82313/4374*p1*q1*p2^5*q2^5 + 
         82313/6561*p1*q1*p2^7*q2^3 + 82313/26244*p1*q1*p2^9*q2 - 97570/6561*
         p1*q1^3*p2*q2^7 - 203291/4374*p1*q1^3*p2^3*q2^5 - 105721/2187*p1*q1^3
         *p2^5*q2^3 - 219593/13122*p1*q1^3*p2^7*q2 + 14113/1458*p1*q1^5*p2*
         q2^5 - 125708/2187*p1*q1^5*p2^3*q2^3 - 144581/1458*p1*q1^5*p2^5*q2 + 
         182248/6561*p1*q1^7*p2*q2^3 - 619333/13122*p1*q1^7*p2^3*q2 + 2365/
         26244*p1*q1^9*p2*q2 - 1092553/419904*p1^2*q2^10 - 4804261/419904*p1^2
         *p2^2*q2^8 - 1381919/69984*p1^2*p2^4*q2^6 - 3487253/209952*p1^2*p2^6*
         q2^4 - 2828749/419904*p1^2*p2^8*q2^2 - 144683/139968*p1^2*p2^10 + 
         951995/419904*p1^2*q1^2*q2^8 + 1245431/104976*p1^2*q1^2*p2^2*q2^6 + 
         1343243/69984*p1^2*q1^2*p2^4*q2^4 + 1245431/104976*p1^2*q1^2*p2^6*
         q2^2 + 951995/419904*p1^2*q1^2*p2^8 - 1062127/69984*p1^2*q1^4*q2^6 + 
         1513721/23328*p1^2*q1^4*p2^2*q2^4 + 1238483/7776*p1^2*q1^4*p2^4*q2^2
          - 18821/23328*p1^2*q1^4*p2^6 - 5086213/209952*p1^2*q1^6*q2^4 + 
         3803767/104976*p1^2*q1^6*p2^2*q2^2 - 112871/7776*p1^2*q1^6*p2^4 - 
         2189165/419904*p1^2*q1^8*q2^2 - 2245925/419904*p1^2*q1^8*p2^2 - 
         144683/139968*p1^2*q1^10 - 219593/13122*p1^3*q1*p2*q2^7 - 105721/2187
         *p1^3*q1*p2^3*q2^5 - 203291/4374*p1^3*q1*p2^5*q2^3 - 97570/6561*p1^3*
         q1*p2^7*q2 - 125708/2187*p1^3*q1^3*p2*q2^5 - 1454188/6561*p1^3*q1^3*
         p2^3*q2^3 - 125708/2187*p1^3*q1^3*p2^5*q2 + 36553/4374*p1^3*q1^5*p2*
         q2^3 - 48565/729*p1^3*q1^5*p2^3*q2 + 2365/6561*p1^3*q1^7*p2*q2 + 
         4465483/839808*p1^4*q2^8 + 300971/23328*p1^4*p2^2*q2^6 + 1017203/
         139968*p1^4*p2^4*q2^4 - 609125/209952*p1^4*p2^6*q2^2 - 723415/279936*
         p1^4*p2^8 - 18821/23328*p1^4*q1^2*q2^6 + 1238483/7776*p1^4*q1^2*p2^2*
         q2^4 + 1513721/23328*p1^4*q1^2*p2^4*q2^2 - 1062127/69984*p1^4*q1^2*
         p2^6 - 1792879/46656*p1^4*q1^4*q2^4 + 7739083/69984*p1^4*q1^4*p2^2*
         q2^2 - 1792879/46656*p1^4*q1^4*p2^4 - 2208085/209952*p1^4*q1^6*q2^2
          - 247445/23328*p1^4*q1^6*p2^2 - 723415/279936*p1^4*q1^8 - 144581/
         1458*p1^5*q1*p2*q2^5 - 125708/2187*p1^5*q1*p2^3*q2^3 + 14113/1458*
         p1^5*q1*p2^5*q2 - 48565/729*p1^5*q1^3*p2*q2^3 + 36553/4374*p1^5*q1^3*
         p2^3*q2 + 2365/4374*p1^5*q1^5*p2*q2 + 1137827/69984*p1^6*q2^6 - 18821/
         23328*p1^6*p2^2*q2^4 - 1062127/69984*p1^6*p2^4*q2^2 - 723415/209952*
         p1^6*p2^6 - 112871/7776*p1^6*q1^2*q2^4 + 3803767/104976*p1^6*q1^2*
         p2^2*q2^2 - 5086213/209952*p1^6*q1^2*p2^4 - 247445/23328*p1^6*q1^4*
         q2^2 - 2208085/209952*p1^6*q1^4*p2^2 - 723415/209952*p1^6*q1^6 - 
         619333/13122*p1^7*q1*p2*q2^3 + 182248/6561*p1^7*q1*p2^3*q2 + 2365/
         6561*p1^7*q1^3*p2*q2 + 1907147/839808*p1^8*q2^4 - 8002181/419904*p1^8
         *p2^2*q2^2 - 723415/279936*p1^8*p2^4 - 2245925/419904*p1^8*q1^2*q2^2
          - 2189165/419904*p1^8*q1^2*p2^2 - 723415/279936*p1^8*q1^4 + 2365/
         26244*p1^9*q1*p2*q2 - 452969/419904*p1^10*q2^2 - 144683/139968*p1^10*
         p2^2 - 144683/139968*p1^10*q1^2 - 144683/839808*p1^12 )

       + 1/2*q2^2 + 1/2*p2^2 + 1/2*q1^2 + 1/2*p1^2;

    *--------------------
    *   5. The  transformed Hamiltonian
    *      in eta,zeta variables is as follows:
    *--------------------
    G Htzetaeta=Htpq;
    #call pqtoetazeta()
    B alpha;
    Print;
    .store

   Htzetaeta =
       + alpha^2 * (  - 1/3*zeta2^2*eta2^2 + 1/3*eta1^2*zeta2^2 - 4/3*zeta1*
         eta1*zeta2*eta2 + 1/3*zeta1^2*eta2^2 - 1/3*zeta1^2*eta1^2 )

       + alpha^4 * (  - 5/27*i_*zeta2^3*eta2^3 - 7/9*i_*eta1^2*zeta2^3*eta2 + 
         i_*zeta1*eta1*zeta2^2*eta2^2 - 7/9*i_*zeta1*eta1^3*zeta2^2 - 7/9*i_*
         zeta1^2*zeta2*eta2^3 + i_*zeta1^2*eta1^2*zeta2*eta2 - 7/9*i_*zeta1^3*
         eta1*eta2^2 - 5/27*i_*zeta1^3*eta1^3 )

       + alpha^6 * (  - 515/486*zeta2^4*eta2^4 - 151/81*eta1^2*zeta2^4*eta2^2
          + 313/486*eta1^4*zeta2^4 - 124/243*zeta1*eta1*zeta2^3*eta2^3 - 1532/
         243*zeta1*eta1^3*zeta2^3*eta2 - 151/81*zeta1^2*zeta2^2*eta2^4 + 134/
         27*zeta1^2*eta1^2*zeta2^2*eta2^2 - 151/81*zeta1^2*eta1^4*zeta2^2 - 
         1532/243*zeta1^3*eta1*zeta2*eta2^3 - 124/243*zeta1^3*eta1^3*zeta2*
         eta2 + 313/486*zeta1^4*eta2^4 - 151/81*zeta1^4*eta1^2*eta2^2 - 515/
         486*zeta1^4*eta1^4 )

       + alpha^8 * ( 10759/2916*i_*zeta2^5*eta2^5 - 2251/1458*i_*eta1^2*
         zeta2^5*eta2^3 + 12227/2916*i_*eta1^4*zeta2^5*eta2 + 20933/972*i_*
         zeta1*eta1*zeta2^4*eta2^4 + 62897/1458*i_*zeta1*eta1^3*zeta2^4*eta2^2
          - 50509/2916*i_*zeta1*eta1^5*zeta2^4 - 2251/1458*i_*zeta1^2*zeta2^3*
         eta2^5 - 42113/729*i_*zeta1^2*eta1^2*zeta2^3*eta2^3 + 31529/1458*i_*
         zeta1^2*eta1^4*zeta2^3*eta2 + 62897/1458*i_*zeta1^3*eta1*zeta2^2*
         eta2^4 + 20623/729*i_*zeta1^3*eta1^3*zeta2^2*eta2^2 + 2735/486*i_*
         zeta1^3*eta1^5*zeta2^2 + 12227/2916*i_*zeta1^4*zeta2*eta2^5 + 31529/
         1458*i_*zeta1^4*eta1^2*zeta2*eta2^3 + 20975/2916*i_*zeta1^4*eta1^4*
         zeta2*eta2 - 50509/2916*i_*zeta1^5*eta1*eta2^4 + 2735/486*i_*zeta1^5*
         eta1^3*eta2^2 + 10759/2916*i_*zeta1^5*eta1^5 )

       + alpha^10 * ( 144683/13122*zeta2^6*eta2^6 - 164626/6561*eta1^2*zeta2^6
         *eta2^4 - 2717/1458*eta1^4*zeta2^6*eta2^2 + 34997/6561*eta1^6*zeta2^6
          + 763301/6561*zeta1*eta1*zeta2^5*eta2^5 + 829466/6561*zeta1*eta1^3*
         zeta2^5*eta2^3 - 26449/243*zeta1*eta1^5*zeta2^5*eta2 - 164626/6561*
         zeta1^2*zeta2^4*eta2^6 - 1098713/13122*zeta1^2*eta1^2*zeta2^4*eta2^4
          + 75313/243*zeta1^2*eta1^4*zeta2^4*eta2^2 - 327943/4374*zeta1^2*
         eta1^6*zeta2^4 + 829466/6561*zeta1^3*eta1*zeta2^3*eta2^5 - 1261820/
         6561*zeta1^3*eta1^3*zeta2^3*eta2^3 + 509674/6561*zeta1^3*eta1^5*
         zeta2^3*eta2 - 2717/1458*zeta1^4*zeta2^2*eta2^6 + 75313/243*zeta1^4*
         eta1^2*zeta2^2*eta2^4 + 2099207/13122*zeta1^4*eta1^4*zeta2^2*eta2^2
          - 4730/6561*zeta1^4*eta1^6*zeta2^2 - 26449/243*zeta1^5*eta1*zeta2*
         eta2^5 + 509674/6561*zeta1^5*eta1^3*zeta2*eta2^3 + 443509/6561*
         zeta1^5*eta1^5*zeta2*eta2 + 34997/6561*zeta1^6*eta2^6 - 327943/4374*
         zeta1^6*eta1^2*eta2^4 - 4730/6561*zeta1^6*eta1^4*eta2^2 + 144683/
         13122*zeta1^6*eta1^6 )

       + i_*zeta2*eta2 + i_*zeta1*eta1;

    *--------------------
    *   6. The normalized Hamiltonian is commutative with H0
    *--------------------
    #call Lpq(H0,Htpq)
    Drop Pb'NDIM';
    L delta=Pb'NDIM';
    B alpha;
    Print;
    .store

   delta = 0;

    *--------------------
    *  7. The Gustavson-Hori first integral I_G=U_G^-1 H0
    *--------------------
    G IGH=H0;
    B alpha;
    *Print;
    .store
    #call GustavsonInversepq(gG'MAXORDER',IGH,gh)

Time =       8.43 sec    Generated terms =        467
        ghGinv10         Terms in output =        467
                         Bytes used      =      10388
    G IGH0= ghGinv'MAXORDER';
    B alpha;
    Print;
    .store

   IGH0 =
       + alpha * (  - 1/3*q2^3 + q1^2*q2 )

       + alpha^2 * ( 5/12*q2^4 - 1/6*p2^2*q2^2 - 1/12*p2^4 + 5/6*q1^2*q2^2 - 1/
         2*q1^2*p2^2 + 5/12*q1^4 + 2/3*p1*q1*p2*q2 - 1/2*p1^2*q2^2 - 1/6*p1^2*
         p2^2 - 1/6*p1^2*q1^2 - 1/12*p1^4 )

       + alpha^3 * (  - 2/9*q2^5 + 1/9*p2^2*q2^3 + 4/9*q1^2*q2^3 - 5/3*q1^2*
         p2^2*q2 + 2/3*q1^4*q2 + 2/3*p1*q1*p2*q2^2 - 4/3*p1*q1*p2^3 + 2/3*p1*
         q1^3*p2 + 7/9*p1^2*q2^3 + 4/3*p1^2*p2^2*q2 - p1^2*q1^2*q2 + 4/9*p1^3*
         q1*p2 - 4/9*p1^4*q2 )

       + alpha^4 * ( 49/1080*q2^6 - 11/72*p2^2*q2^4 + 1/72*p2^4*q2^2 + 1/216*
         p2^6 + 5/72*q1^2*q2^4 - 19/12*q1^2*p2^2*q2^2 + 101/72*q1^2*p2^4 + 13/
         72*q1^4*q2^2 - 7/72*q1^4*p2^2 + 41/1080*q1^6 - 13/9*p1*q1*p2*q2^3 - 
         49/9*p1*q1*p2^3*q2 + 11/9*p1*q1^3*p2*q2 - 31/72*p1^2*q2^4 + 1/12*p1^2
         *p2^2*q2^2 - 95/72*p1^2*p2^4 + 5/12*p1^2*q1^2*q2^2 + 11/4*p1^2*q1^2*
         p2^2 - 35/72*p1^2*q1^4 - 17/9*p1^3*q1*p2*q2 + 133/72*p1^4*q2^2 + 65/
         72*p1^4*p2^2 - 31/72*p1^4*q1^2 - 31/216*p1^6 )

       + alpha^5 * ( 43/540*q2^7 + 5/54*p2^2*q2^5 - 1/108*p2^4*q2^3 - 43/540*
         q1^2*q2^5 + 8/9*q1^2*p2^2*q2^3 + 67/12*q1^2*p2^4*q2 - 43/108*q1^4*
         q2^3 + 49/18*q1^4*p2^2*q2 - 43/180*q1^6*q2 + 5/27*p1*q1*p2*q2^4 + 1/9
         *p1*q1*p2^3*q2^2 + 50/9*p1*q1*p2^5 - 40/9*p1*q1^3*p2*q2^2 + 1/9*p1*
         q1^3*p2^3 - 7/9*p1*q1^5*p2 - 7/6*p1^2*q2^5 - 307/54*p1^2*p2^2*q2^3 - 
         50/9*p1^2*p2^4*q2 + 34/27*p1^2*q1^2*q2^3 + 11/2*p1^2*q1^2*p2^2*q2 + 1/
         2*p1^2*q1^4*q2 - 101/27*p1^3*q1*p2*q2^2 + 100/27*p1^3*q1*p2^3 - 101/
         27*p1^3*q1^3*p2 - 197/108*p1^4*q2^3 - 100/27*p1^4*p2^2*q2 + 407/108*
         p1^4*q1^2*q2 - 50/27*p1^5*q1*p2 + 50/27*p1^6*q2 )

       + alpha^6 * (  - 4171/54432*q2^8 + 2413/9720*p2^2*q2^6 + 593/1296*p2^4*
         q2^4 + 575/1944*p2^6*q2^2 + 575/7776*p2^8 + 407/1944*q1^2*q2^6 + 493/
         216*q1^2*p2^2*q2^4 + 2893/648*q1^2*p2^4*q2^2 - 6775/1944*q1^2*p2^6 - 
         373/1296*q1^4*q2^4 + 8437/648*q1^4*p2^2*q2^2 - 15821/3888*q1^4*p2^4
          - 1153/1944*q1^6*q2^2 + 12511/9720*q1^6*p2^2 - 1051/54432*q1^8 + 
         1667/810*p1*q1*p2*q2^5 + 1231/81*p1*q1*p2^3*q2^3 + 3025/162*p1*q1*
         p2^5*q2 - 533/81*p1*q1^3*p2*q2^3 + 6179/243*p1*q1^3*p2^3*q2 - 6997/
         810*p1*q1^5*p2*q2 + 31399/9720*p1^2*q2^6 + 4753/648*p1^2*p2^2*q2^4 + 
         1775/216*p1^2*p2^4*q2^2 + 11375/1944*p1^2*p2^6 - 1787/648*p1^2*q1^2*
         q2^4 - 827/36*p1^2*q1^2*p2^2*q2^2 - 4325/648*p1^2*q1^2*p2^4 + 1013/
         216*p1^2*q1^4*q2^2 - 2543/648*p1^2*q1^4*p2^2 + 9517/9720*p1^2*q1^6 + 
         4319/243*p1^3*q1*p2*q2^3 + 1825/81*p1^3*q1*p2^3*q2 - 581/81*p1^3*q1^3
         *p2*q2 - 19541/3888*p1^4*q2^4 - 4325/648*p1^4*p2^2*q2^2 + 2975/1296*
         p1^4*p2^4 - 683/648*p1^4*q1^2*q2^2 - 2225/216*p1^4*q1^2*p2^2 + 4217/
         1296*p1^4*q1^4 + 625/162*p1^5*q1*p2*q2 - 9175/1944*p1^6*q2^2 - 5425/
         1944*p1^6*p2^2 + 5375/1944*p1^6*q1^2 + 5375/7776*p1^8 )

       + alpha^7 * (  - 79/1701*q2^9 - 2839/4860*p2^2*q2^7 - 146/243*p2^4*q2^5
          - 575/2916*p2^6*q2^3 - 181/2835*q1^2*q2^7 - 11/36*q1^2*p2^2*q2^5 - 
         2233/243*q1^2*p2^4*q2^3 - 14125/972*q1^2*p2^6*q2 + 623/1215*q1^4*q2^5
          + 16415/972*q1^4*p2^2*q2^3 - 10087/243*q1^4*p2^4*q2 + 863/3645*q1^6*
         q2^3 + 167/36*q1^6*p2^2*q2 + 1366/8505*q1^8*q2 - 9113/2430*p1*q1*p2*
         q2^6 - 1541/243*p1*q1*p2^3*q2^4 - 625/54*p1*q1*p2^5*q2^2 - 1225/81*p1
         *q1*p2^7 + 3761/486*p1*q1^3*p2*q2^4 + 25054/243*p1*q1^3*p2^3*q2^2 - 
         15425/486*p1*q1^3*p2^5 - 11017/810*p1*q1^5*p2*q2^2 + 20431/1215*p1*
         q1^5*p2^3 - 931/810*p1*q1^7*p2 - 13013/4860*p1^2*q2^7 + 2222/405*p1^2
         *p2^2*q2^5 + 21775/972*p1^2*p2^4*q2^3 + 1225/81*p1^2*p2^6*q2 + 5779/
         1620*p1^2*q1^2*q2^5 - 926/27*p1^2*q1^2*p2^2*q2^3 + 17725/324*p1^2*
         q1^2*p2^4*q2 - 563/972*p1^2*q1^4*q2^3 - 5392/81*p1^2*q1^4*p2^2*q2 + 
         2779/540*p1^2*q1^6*q2 - 601/81*p1^3*q1*p2*q2^4 - 14125/243*p1^3*q1*
         p2^3*q2^2 - 6125/243*p1^3*q1*p2^5 + 13682/243*p1^3*q1^3*p2*q2^2 + 
         6625/729*p1^3*q1^3*p2^3 + 8273/1215*p1^3*q1^5*p2 + 8326/405*p1^4*q2^5
          + 16175/324*p1^4*p2^2*q2^3 + 6125/243*p1^4*p2^4*q2 - 1859/81*p1^4*
         q1^2*q2^3 - 4675/108*p1^4*q1^2*p2^2*q2 - 403/243*p1^4*q1^4*q2 + 5525/
         162*p1^5*q1*p2*q2^2 - 1225/243*p1^5*q1*p2^3 + 6775/486*p1^5*q1^3*p2
          - 5975/972*p1^6*q2^3 + 1225/243*p1^6*p2^2*q2 - 3925/324*p1^6*q1^2*q2
          + 1225/243*p1^7*q1*p2 - 1225/243*p1^8*q2 )

       + alpha^8 * ( 1017409/5443200*q2^10 + 133067/362880*p2^2*q2^8 - 60097/
         77760*p2^4*q2^6 - 73175/46656*p2^6*q2^4 - 86975/93312*p2^8*q2^2 - 
         17395/93312*p2^10 - 57811/217728*q1^2*q2^8 - 103771/38880*q1^2*p2^2*
         q2^6 - 220531/15552*q1^2*p2^4*q2^4 - 242225/23328*q1^2*p2^6*q2^2 + 
         23275/3456*q1^2*p2^8 + 6973/25920*q1^4*q2^6 - 44521/5184*q1^4*p2^2*
         q2^4 - 6171829/46656*q1^4*p2^4*q2^2 + 493375/15552*q1^4*p2^6 + 99649/
         46656*q1^6*q2^4 - 1808317/116640*q1^6*p2^2*q2^2 - 127493/77760*q1^6*
         p2^4 + 4794179/3265920*q1^8*q2^2 - 682589/362880*q1^8*p2^2 + 874787/
         16329600*q1^10 + 170543/68040*p1*q1*p2*q2^7 - 57727/3240*p1*q1*p2^3*
         q2^5 - 124025/1944*p1*q1*p2^5*q2^3 - 265825/5832*p1*q1*p2^7*q2 + 
         53579/9720*p1*q1^3*p2*q2^5 + 139507/2916*p1*q1^3*p2^3*q2^3 - 1878175/
         5832*p1*q1^3*p2^5*q2 + 269387/9720*p1*q1^5*p2*q2^3 + 1914613/29160*p1
         *q1^5*p2^3*q2 + 1749133/204120*p1*q1^7*p2*q2 - 3851959/1088640*p1^2*
         q2^8 - 393277/12960*p1^2*p2^2*q2^6 - 798275/15552*p1^2*p2^4*q2^4 - 
         322175/7776*p1^2*p2^6*q2^2 - 1498175/93312*p1^2*p2^8 - 1649/2592*p1^2
         *q1^2*q2^6 + 8551/96*p1^2*q1^2*p2^2*q2^4 + 307375/864*p1^2*q1^2*p2^4*
         q2^2 - 1314425/23328*p1^2*q1^2*p2^6 - 113755/15552*p1^2*q1^4*q2^4 - 
         119473/864*p1^2*q1^4*p2^2*q2^2 + 5052875/46656*p1^2*q1^4*p2^4 - 18623/
         7776*p1^2*q1^6*q2^2 - 2708821/116640*p1^2*q1^6*p2^2 - 162137/653184*
         p1^2*q1^8 - 210691/3240*p1^3*q1*p2*q2^5 - 180175/972*p1^3*q1*p2^3*
         q2^3 + 15925/648*p1^3*q1*p2^5*q2 + 26977/972*p1^3*q1^3*p2*q2^3 - 
         727325/2916*p1^3*q1^3*p2^3*q2 + 901843/9720*p1^3*q1^5*p2*q2 - 655847/
         25920*p1^4*q2^6 - 30325/576*p1^4*p2^2*q2^4 - 1218875/15552*p1^4*p2^4*
         q2^2 - 1027775/46656*p1^4*p2^6 + 268387/5184*p1^4*q1^2*q2^4 + 550525/
         2592*p1^4*q1^2*p2^2*q2^2 + 1133125/15552*p1^4*q1^2*p2^4 - 9107/192*
         p1^4*q1^4*q2^2 - 26675/15552*p1^4*q1^4*p2^2 - 1696051/233280*p1^4*
         q1^6 - 78775/648*p1^5*q1*p2*q2^3 - 265825/1944*p1^5*q1*p2^3*q2 + 
         141175/1944*p1^5*q1^3*p2*q2 + 944975/15552*p1^6*q2^4 + 184975/2592*
         p1^6*p2^2*q2^2 + 23275/15552*p1^6*p2^4 - 205675/7776*p1^6*q1^2*q2^2
          + 148225/7776*p1^6*q1^2*p2^2 - 227725/15552*p1^6*q1^4 + 15925/1944*
         p1^7*q1*p2*q2 + 52675/31104*p1^8*q2^2 + 60025/10368*p1^8*p2^2 - 96775/
         10368*p1^8*q1^2 - 19355/10368*p1^10 )

       + alpha^9 * (  - 13234013/73483200*q2^11 + 439615/734832*p2^2*q2^9 + 
         296443/116640*p2^4*q2^7 + 80075/34992*p2^6*q2^5 + 86975/139968*p2^8*
         q2^3 + 7666823/14696640*q1^2*q2^9 - 2461/22680*q1^2*p2^2*q2^7 + 
         595957/116640*q1^2*p2^4*q2^5 + 138925/4374*q1^2*p2^6*q2^3 + 1343825/
         46656*q1^2*p2^8*q2 - 645677/816480*q1^4*q2^7 - 251909/7290*q1^4*p2^2*
         q2^5 - 7688729/69984*q1^4*p2^4*q2^3 + 3195575/11664*q1^4*p2^6*q2 + 
         2501407/1749600*q1^6*q2^5 - 8908591/87480*q1^6*p2^2*q2^3 + 9088871/
         116640*q1^6*p2^4*q2 + 15816721/4898880*q1^8*q2^3 - 9875099/408240*
         q1^8*p2^2*q2 + 2501407/8164800*q1^10*q2 + 198059/40824*p1*q1*p2*q2^8
          + 923519/29160*p1*q1*p2^3*q2^6 + 248225/5832*p1*q1*p2^5*q2^4 + 
         270725/5832*p1*q1*p2^7*q2^2 + 89425/2916*p1*q1*p2^9 - 6427/2916*p1*
         q1^3*p2*q2^6 - 4658629/17496*p1*q1^3*p2^3*q2^4 - 424075/486*p1*q1^3*
         p2^5*q2^2 + 1456525/5832*p1*q1^3*p2^7 + 49639/729*p1*q1^5*p2*q2^4 - 
         7600987/29160*p1*q1^5*p2^3*q2^2 - 202445/5832*p1*q1^5*p2^5 + 1628821/
         20412*p1*q1^7*p2*q2^2 - 7527487/204120*p1*q1^7*p2^3 + 189821/40824*p1
         *q1^9*p2 + 1351309/104976*p1^2*q2^9 + 15881267/408240*p1^2*p2^2*q2^7
          + 205/432*p1^2*p2^4*q2^5 - 1904875/34992*p1^2*p2^6*q2^3 - 89425/2916
         *p1^2*p2^8*q2 - 2492219/204120*p1^2*q1^2*q2^7 + 340627/6480*p1^2*q1^2
         *p2^2*q2^5 + 70825/2916*p1^2*q1^2*p2^4*q2^3 - 1133125/1296*p1^2*q1^2*
         p2^6*q2 - 1787/1620*p1^2*q1^4*q2^5 + 4173043/11664*p1^2*q1^4*p2^2*
         q2^3 + 7695325/11664*p1^2*q1^4*p2^4*q2 - 2793721/87480*p1^2*q1^6*q2^3
          + 2189929/58320*p1^2*q1^6*p2^2*q2 - 1648873/136080*p1^2*q1^8*q2 + 
         12445081/87480*p1^3*q1*p2*q2^6 + 1618075/2916*p1^3*q1*p2^3*q2^4 + 
         4594975/5832*p1^3*q1*p2^5*q2^2 + 2450/2187*p1^3*q1*p2^7 - 1838419/
         5832*p1^3*q1^3*p2*q2^4 - 2001100/2187*p1^3*q1^3*p2^3*q2^2 + 5484325/
         17496*p1^3*q1^3*p2^5 + 1265729/29160*p1^3*q1^5*p2*q2^2 - 2020345/8748
         *p1^3*q1^5*p2^3 + 11024687/612360*p1^3*q1^7*p2 - 70998829/2449440*
         p1^4*q2^7 - 2188885/11664*p1^4*p2^2*q2^5 - 5151125/23328*p1^4*p2^4*
         q2^3 - 2450/2187*p1^4*p2^6*q2 - 1067767/116640*p1^4*q1^2*q2^5 + 80575/
         243*p1^4*q1^2*p2^2*q2^3 - 8458625/23328*p1^4*q1^2*p2^4*q2 + 1352833/
         23328*p1^4*q1^4*q2^3 + 6248525/11664*p1^4*q1^4*p2^2*q2 - 17498903/
         349920*p1^4*q1^6*q2 - 344075/5832*p1^5*q1*p2*q2^4 + 64925/216*p1^5*q1
         *p2^3*q2^2 + 207025/1458*p1^5*q1*p2^5 - 68575/162*p1^5*q1^3*p2*q2^2
          - 3041675/17496*p1^5*q1^3*p2^3 - 33785/5832*p1^5*q1^5*p2 - 4459985/
         34992*p1^6*q2^5 - 10200575/34992*p1^6*p2^2*q2^3 - 207025/1458*p1^6*
         p2^4*q2 + 1944475/8748*p1^6*q1^2*q2^3 + 439775/1296*p1^6*q1^2*p2^2*q2
          - 294425/11664*p1^6*q1^4*q2 - 1316875/5832*p1^7*q1*p2*q2^2 - 19600/
         729*p1^7*q1*p2^3 - 131075/5832*p1^7*q1^3*p2 + 12503575/139968*p1^8*
         q2^3 + 19600/729*p1^8*p2^2*q2 + 648025/46656*p1^8*q1^2*q2 - 189875/
         26244*p1^9*q1*p2 + 189875/26244*p1^10*q2 )

       + alpha^10 * (  - 18227027/277136640*q2^12 - 81139307/48988800*p2^2*
         q2^10 - 33941723/19595520*p2^4*q2^8 + 987065/419904*p2^6*q2^6 + 
         2317945/559872*p2^8*q2^4 + 567959/279936*p2^10*q2^2 + 567959/1679616*
         p2^12 - 9604039/29393280*q1^2*q2^10 + 1086053/362880*q1^2*p2^2*q2^8
          + 16942739/699840*q1^2*p2^4*q2^6 + 8026115/139968*q1^2*p2^6*q2^4 + 
         2622235/93312*q1^2*p2^8*q2^2 - 2337251/279936*q1^2*p2^10 + 6310903/
         19595520*q1^4*q2^8 - 4095169/699840*q1^4*p2^2*q2^6 + 67826317/279936*
         q1^4*p2^4*q2^4 + 12281005/15552*q1^4*p2^6*q2^2 - 27971405/186624*q1^4
         *p2^8 - 5823239/2099520*q1^6*q2^6 - 110550307/699840*q1^6*p2^2*q2^4
          + 55143139/77760*q1^6*p2^4*q2^2 - 12529547/139968*q1^6*p2^6 - 
         5192153/19595520*q1^8*q2^4 - 254413921/3265920*q1^8*p2^2*q2^2 + 
         233153351/6531840*q1^8*p2^4 - 5757581/9797760*q1^10*q2^2 - 3726503/
         6998400*q1^10*p2^2 - 28470439/646652160*q1^12 - 39121333/2449440*p1*
         q1*p2*q2^9 - 3427723/87480*p1*q1*p2^3*q2^7 + 592295/11664*p1*q1*p2^5*
         q2^5 + 2709455/17496*p1*q1*p2^7*q2^3 + 5745005/69984*p1*q1*p2^9*q2 + 
         105803/612360*p1*q1^3*p2*q2^7 - 19498283/87480*p1*q1^3*p2^3*q2^5 + 
         2521285/17496*p1*q1^3*p2^5*q2^3 + 1355095/648*p1*q1^3*p2^7*q2 - 
         1236197/97200*p1*q1^5*p2*q2^5 - 138996949/87480*p1*q1^5*p2^3*q2^3 + 
         10084831/11664*p1*q1^5*p2^5*q2 + 86090827/612360*p1*q1^7*p2*q2^3 - 
         16468007/29160*p1*q1^7*p2^3*q2 + 71662027/2449440*p1*q1^9*p2*q2 - 
         658647601/48988800*p1^2*q2^10 + 6458191/362880*p1^2*p2^2*q2^8 + 
         20960435/139968*p1^2*p2^4*q2^6 + 28450625/139968*p1^2*p2^6*q2^4 + 
         11424595/93312*p1^2*p2^8*q2^2 + 9152759/279936*p1^2*p2^10 + 101519279/
         3265920*p1^2*q1^2*q2^8 - 8595421/38880*p1^2*q1^2*p2^2*q2^6 - 9171775/
         5184*p1^2*q1^2*p2^4*q2^4 - 58945285/23328*p1^2*q1^2*p2^6*q2^2 + 
         59714585/93312*p1^2*q1^2*p2^8 + 665437/699840*p1^2*q1^4*q2^6 + 
         41559311/46656*p1^2*q1^4*p2^2*q2^4 - 16783075/15552*p1^2*q1^4*p2^4*
         q2^2 - 25742885/46656*p1^2*q1^4*p2^6 - 12175889/699840*p1^2*q1^6*q2^4
          + 133934033/116640*p1^2*q1^6*p2^2*q2^2 - 2910715/15552*p1^2*q1^6*
         p2^4 - 151243667/3265920*p1^2*q1^8*q2^2 + 301729399/3265920*p1^2*q1^8
         *p2^2 - 16745581/6998400*p1^2*q1^10 - 11413663/612360*p1^3*q1*p2*q2^7
          + 5284045/17496*p1^3*q1*p2^3*q2^5 - 1353625/17496*p1^3*q1*p2^5*q2^3
          - 19852595/17496*p1^3*q1*p2^7*q2 + 21790511/87480*p1^3*q1^3*p2*q2^5
          + 58773775/26244*p1^3*q1^3*p2^3*q2^3 + 55466285/17496*p1^3*q1^3*p2^5
         *q2 - 74714567/87480*p1^3*q1^5*p2*q2^3 - 11082875/17496*p1^3*q1^5*
         p2^3*q2 - 112075801/612360*p1^3*q1^7*p2*q2 + 456124451/2799360*p1^4*
         q2^8 + 90855125/139968*p1^4*p2^2*q2^6 + 286585075/279936*p1^4*p2^4*
         q2^4 + 99733375/139968*p1^4*p2^6*q2^2 + 20322995/559872*p1^4*p2^8 - 
         137927309/699840*p1^4*q1^2*q2^6 - 30108275/15552*p1^4*q1^2*p2^2*q2^4
          - 51750125/15552*p1^4*q1^2*p2^4*q2^2 + 39596165/139968*p1^4*q1^2*
         p2^6 + 44392573/279936*p1^4*q1^4*q2^4 + 54635425/46656*p1^4*q1^4*p2^2
         *q2^2 - 265350925/279936*p1^4*q1^4*p2^4 + 59525819/699840*p1^4*q1^6*
         q2^2 + 44759795/139968*p1^4*q1^6*p2^2 - 20220443/19595520*p1^4*q1^8
          + 3975557/3888*p1^5*q1*p2*q2^5 + 34793185/17496*p1^5*q1*p2^3*q2^3 + 
         21805/11664*p1^5*q1*p2^5*q2 - 8320115/17496*p1^5*q1^3*p2*q2^3 + 
         24219475/17496*p1^5*q1^3*p2^3*q2 - 941905/1296*p1^5*q1^5*p2*q2 - 
         22226161/419904*p1^6*q2^6 - 3232285/46656*p1^6*p2^2*q2^4 + 39596165/
         139968*p1^6*p2^4*q2^2 + 39726995/419904*p1^6*p2^6 - 45870355/139968*
         p1^6*q1^2*q2^4 - 2885365/2592*p1^6*q1^2*p2^2*q2^2 - 73138625/139968*
         p1^6*q1^2*p2^4 + 57694115/139968*p1^6*q1^4*q2^2 + 35457625/139968*
         p1^6*q1^4*p2^2 + 9828545/419904*p1^6*q1^6 + 2812355/5832*p1^7*q1*p2*
         q2^3 + 12369805/17496*p1^7*q1*p2^3*q2 - 10025645/17496*p1^7*q1^3*p2*
         q2 - 21599935/62208*p1^8*q2^4 - 13624205/31104*p1^8*p2^2*q2^2 - 
         23659405/559872*p1^8*p2^4 + 28435435/93312*p1^8*q1^2*q2^2 + 1665265/
         31104*p1^8*q1^2*p2^2 + 21035945/559872*p1^8*q1^4 - 27139385/209952*
         p1^9*q1*p2*q2 + 52415447/839808*p1^10*q2^2 - 1863323/839808*p1^10*
         p2^2 + 16364677/839808*p1^10*q1^2 + 16364677/5038848*p1^12 )

       + 1/2*q2^2 + 1/2*p2^2 + 1/2*q1^2 + 1/2*p1^2;

    *--------------------
    *   8. It is commutative with the perturbed Hamiltonian in eta,zeta variables
    *--------------------
    #call Lpq(H,IGH0)
    B alpha;
    Print;
    .store

   Pb2 = 0;

    *--------------------
    *   10. Its nontrivial part 
    *--------------------
    G Ipq=(H-IGH0)/alpha^2;
    B alpha;
    Print;
    .end

   Ipq =
       + alpha * (  - 1/9*q2^5 - 1/9*p2^2*q2^3 + 2/9*q1^2*q2^3 + 5/3*q1^2*p2^2
         *q2 + 1/3*q1^4*q2 - 2/3*p1*q1*p2*q2^2 + 4/3*p1*q1*p2^3 - 2/3*p1*q1^3*
         p2 - 7/9*p1^2*q2^3 - 4/3*p1^2*p2^2*q2 + p1^2*q1^2*q2 - 4/9*p1^3*q1*p2
          + 4/9*p1^4*q2 )

       + alpha^2 * ( 43/216*q2^6 + 11/72*p2^2*q2^4 - 1/72*p2^4*q2^2 - 1/216*
         p2^6 + 19/72*q1^2*q2^4 + 19/12*q1^2*p2^2*q2^2 - 101/72*q1^2*p2^4 + 59/
         72*q1^4*q2^2 + 7/72*q1^4*p2^2 + 35/216*q1^6 + 13/9*p1*q1*p2*q2^3 + 49/
         9*p1*q1*p2^3*q2 - 11/9*p1*q1^3*p2*q2 + 31/72*p1^2*q2^4 - 1/12*p1^2*
         p2^2*q2^2 + 95/72*p1^2*p2^4 - 5/12*p1^2*q1^2*q2^2 - 11/4*p1^2*q1^2*
         p2^2 + 35/72*p1^2*q1^4 + 17/9*p1^3*q1*p2*q2 - 133/72*p1^4*q2^2 - 65/
         72*p1^4*p2^2 + 31/72*p1^4*q1^2 + 31/216*p1^6 )

       + alpha^3 * (  - 23/108*q2^7 - 5/54*p2^2*q2^5 + 1/108*p2^4*q2^3 + 23/
         108*q1^2*q2^5 - 8/9*q1^2*p2^2*q2^3 - 67/12*q1^2*p2^4*q2 + 115/108*
         q1^4*q2^3 - 49/18*q1^4*p2^2*q2 + 23/36*q1^6*q2 - 5/27*p1*q1*p2*q2^4
          - 1/9*p1*q1*p2^3*q2^2 - 50/9*p1*q1*p2^5 + 40/9*p1*q1^3*p2*q2^2 - 1/9
         *p1*q1^3*p2^3 + 7/9*p1*q1^5*p2 + 7/6*p1^2*q2^5 + 307/54*p1^2*p2^2*
         q2^3 + 50/9*p1^2*p2^4*q2 - 34/27*p1^2*q1^2*q2^3 - 11/2*p1^2*q1^2*p2^2
         *q2 - 1/2*p1^2*q1^4*q2 + 101/27*p1^3*q1*p2*q2^2 - 100/27*p1^3*q1*p2^3
          + 101/27*p1^3*q1^3*p2 + 197/108*p1^4*q2^3 + 100/27*p1^4*p2^2*q2 - 
         407/108*p1^4*q1^2*q2 + 50/27*p1^5*q1*p2 - 50/27*p1^6*q2 )

       + alpha^4 * ( 5633/38880*q2^8 - 2413/9720*p2^2*q2^6 - 593/1296*p2^4*
         q2^4 - 575/1944*p2^6*q2^2 - 575/7776*p2^8 - 1603/9720*q1^2*q2^6 - 493/
         216*q1^2*p2^2*q2^4 - 2893/648*q1^2*p2^4*q2^2 + 6775/1944*q1^2*p2^6 + 
         805/1296*q1^4*q2^4 - 8437/648*q1^4*p2^2*q2^2 + 15821/3888*q1^4*p2^4
          + 9653/9720*q1^6*q2^2 - 12511/9720*q1^6*p2^2 + 2417/38880*q1^8 - 
         1667/810*p1*q1*p2*q2^5 - 1231/81*p1*q1*p2^3*q2^3 - 3025/162*p1*q1*
         p2^5*q2 + 533/81*p1*q1^3*p2*q2^3 - 6179/243*p1*q1^3*p2^3*q2 + 6997/
         810*p1*q1^5*p2*q2 - 31399/9720*p1^2*q2^6 - 4753/648*p1^2*p2^2*q2^4 - 
         1775/216*p1^2*p2^4*q2^2 - 11375/1944*p1^2*p2^6 + 1787/648*p1^2*q1^2*
         q2^4 + 827/36*p1^2*q1^2*p2^2*q2^2 + 4325/648*p1^2*q1^2*p2^4 - 1013/
         216*p1^2*q1^4*q2^2 + 2543/648*p1^2*q1^4*p2^2 - 9517/9720*p1^2*q1^6 - 
         4319/243*p1^3*q1*p2*q2^3 - 1825/81*p1^3*q1*p2^3*q2 + 581/81*p1^3*q1^3
         *p2*q2 + 19541/3888*p1^4*q2^4 + 4325/648*p1^4*p2^2*q2^2 - 2975/1296*
         p1^4*p2^4 + 683/648*p1^4*q1^2*q2^2 + 2225/216*p1^4*q1^2*p2^2 - 4217/
         1296*p1^4*q1^4 - 625/162*p1^5*q1*p2*q2 + 9175/1944*p1^6*q2^2 + 5425/
         1944*p1^6*p2^2 - 5375/1944*p1^6*q1^2 - 5375/7776*p1^8 )

       + alpha^5 * ( 4/243*q2^9 + 2839/4860*p2^2*q2^7 + 146/243*p2^4*q2^5 + 
         575/2916*p2^6*q2^3 + 31/405*q1^2*q2^7 + 11/36*q1^2*p2^2*q2^5 + 2233/
         243*q1^2*p2^4*q2^3 + 14125/972*q1^2*p2^6*q2 - 461/1215*q1^4*q2^5 - 
         16415/972*q1^4*p2^2*q2^3 + 10087/243*q1^4*p2^4*q2 + 109/3645*q1^6*
         q2^3 - 167/36*q1^6*p2^2*q2 - 91/1215*q1^8*q2 + 9113/2430*p1*q1*p2*
         q2^6 + 1541/243*p1*q1*p2^3*q2^4 + 625/54*p1*q1*p2^5*q2^2 + 1225/81*p1
         *q1*p2^7 - 3761/486*p1*q1^3*p2*q2^4 - 25054/243*p1*q1^3*p2^3*q2^2 + 
         15425/486*p1*q1^3*p2^5 + 11017/810*p1*q1^5*p2*q2^2 - 20431/1215*p1*
         q1^5*p2^3 + 931/810*p1*q1^7*p2 + 13013/4860*p1^2*q2^7 - 2222/405*p1^2
         *p2^2*q2^5 - 21775/972*p1^2*p2^4*q2^3 - 1225/81*p1^2*p2^6*q2 - 5779/
         1620*p1^2*q1^2*q2^5 + 926/27*p1^2*q1^2*p2^2*q2^3 - 17725/324*p1^2*
         q1^2*p2^4*q2 + 563/972*p1^2*q1^4*q2^3 + 5392/81*p1^2*q1^4*p2^2*q2 - 
         2779/540*p1^2*q1^6*q2 + 601/81*p1^3*q1*p2*q2^4 + 14125/243*p1^3*q1*
         p2^3*q2^2 + 6125/243*p1^3*q1*p2^5 - 13682/243*p1^3*q1^3*p2*q2^2 - 
         6625/729*p1^3*q1^3*p2^3 - 8273/1215*p1^3*q1^5*p2 - 8326/405*p1^4*q2^5
          - 16175/324*p1^4*p2^2*q2^3 - 6125/243*p1^4*p2^4*q2 + 1859/81*p1^4*
         q1^2*q2^3 + 4675/108*p1^4*q1^2*p2^2*q2 + 403/243*p1^4*q1^4*q2 - 5525/
         162*p1^5*q1*p2*q2^2 + 1225/243*p1^5*q1*p2^3 - 6775/486*p1^5*q1^3*p2
          + 5975/972*p1^6*q2^3 - 1225/243*p1^6*p2^2*q2 + 3925/324*p1^6*q1^2*q2
          - 1225/243*p1^7*q1*p2 + 1225/243*p1^8*q2 )

       + alpha^6 * (  - 190349/1088640*q2^10 - 133067/362880*p2^2*q2^8 + 60097/
         77760*p2^4*q2^6 + 73175/46656*p2^6*q2^4 + 86975/93312*p2^8*q2^2 + 
         17395/93312*p2^10 + 292511/1088640*q1^2*q2^8 + 103771/38880*q1^2*p2^2
         *q2^6 + 220531/15552*q1^2*p2^4*q2^4 + 242225/23328*q1^2*p2^6*q2^2 - 
         23275/3456*q1^2*p2^8 - 5821/25920*q1^4*q2^6 + 44521/5184*q1^4*p2^2*
         q2^4 + 6171829/46656*q1^4*p2^4*q2^2 - 493375/15552*q1^4*p2^6 - 467141/
         233280*q1^6*q2^4 + 1808317/116640*q1^6*p2^2*q2^2 + 127493/77760*q1^6*
         p2^4 - 4514243/3265920*q1^8*q2^2 + 682589/362880*q1^8*p2^2 - 31259/
         653184*q1^10 - 170543/68040*p1*q1*p2*q2^7 + 57727/3240*p1*q1*p2^3*
         q2^5 + 124025/1944*p1*q1*p2^5*q2^3 + 265825/5832*p1*q1*p2^7*q2 - 
         53579/9720*p1*q1^3*p2*q2^5 - 139507/2916*p1*q1^3*p2^3*q2^3 + 1878175/
         5832*p1*q1^3*p2^5*q2 - 269387/9720*p1*q1^5*p2*q2^3 - 1914613/29160*p1
         *q1^5*p2^3*q2 - 1749133/204120*p1*q1^7*p2*q2 + 3851959/1088640*p1^2*
         q2^8 + 393277/12960*p1^2*p2^2*q2^6 + 798275/15552*p1^2*p2^4*q2^4 + 
         322175/7776*p1^2*p2^6*q2^2 + 1498175/93312*p1^2*p2^8 + 1649/2592*p1^2
         *q1^2*q2^6 - 8551/96*p1^2*q1^2*p2^2*q2^4 - 307375/864*p1^2*q1^2*p2^4*
         q2^2 + 1314425/23328*p1^2*q1^2*p2^6 + 113755/15552*p1^2*q1^4*q2^4 + 
         119473/864*p1^2*q1^4*p2^2*q2^2 - 5052875/46656*p1^2*q1^4*p2^4 + 18623/
         7776*p1^2*q1^6*q2^2 + 2708821/116640*p1^2*q1^6*p2^2 + 162137/653184*
         p1^2*q1^8 + 210691/3240*p1^3*q1*p2*q2^5 + 180175/972*p1^3*q1*p2^3*
         q2^3 - 15925/648*p1^3*q1*p2^5*q2 - 26977/972*p1^3*q1^3*p2*q2^3 + 
         727325/2916*p1^3*q1^3*p2^3*q2 - 901843/9720*p1^3*q1^5*p2*q2 + 655847/
         25920*p1^4*q2^6 + 30325/576*p1^4*p2^2*q2^4 + 1218875/15552*p1^4*p2^4*
         q2^2 + 1027775/46656*p1^4*p2^6 - 268387/5184*p1^4*q1^2*q2^4 - 550525/
         2592*p1^4*q1^2*p2^2*q2^2 - 1133125/15552*p1^4*q1^2*p2^4 + 9107/192*
         p1^4*q1^4*q2^2 + 26675/15552*p1^4*q1^4*p2^2 + 1696051/233280*p1^4*
         q1^6 + 78775/648*p1^5*q1*p2*q2^3 + 265825/1944*p1^5*q1*p2^3*q2 - 
         141175/1944*p1^5*q1^3*p2*q2 - 944975/15552*p1^6*q2^4 - 184975/2592*
         p1^6*p2^2*q2^2 - 23275/15552*p1^6*p2^4 + 205675/7776*p1^6*q1^2*q2^2
          - 148225/7776*p1^6*q1^2*p2^2 + 227725/15552*p1^6*q1^4 - 15925/1944*
         p1^7*q1*p2*q2 - 52675/31104*p1^8*q2^2 - 60025/10368*p1^8*p2^2 + 96775/
         10368*p1^8*q1^2 + 19355/10368*p1^10 )

       + alpha^7 * ( 2582521/14696640*q2^11 - 439615/734832*p2^2*q2^9 - 296443/
         116640*p2^4*q2^7 - 80075/34992*p2^6*q2^5 - 86975/139968*p2^8*q2^3 - 
         1531291/2939328*q1^2*q2^9 + 2461/22680*q1^2*p2^2*q2^7 - 595957/116640
         *q1^2*p2^4*q2^5 - 138925/4374*q1^2*p2^6*q2^3 - 1343825/46656*q1^2*
         p2^8*q2 + 131209/163296*q1^4*q2^7 + 251909/7290*q1^4*p2^2*q2^5 + 
         7688729/69984*q1^4*p2^4*q2^3 - 3195575/11664*q1^4*p2^6*q2 - 481619/
         349920*q1^6*q2^5 + 8908591/87480*q1^6*p2^2*q2^3 - 9088871/116640*q1^6
         *p2^4*q2 - 3107357/979776*q1^8*q2^3 + 9875099/408240*q1^8*p2^2*q2 - 
         481619/1632960*q1^10*q2 - 198059/40824*p1*q1*p2*q2^8 - 923519/29160*
         p1*q1*p2^3*q2^6 - 248225/5832*p1*q1*p2^5*q2^4 - 270725/5832*p1*q1*
         p2^7*q2^2 - 89425/2916*p1*q1*p2^9 + 6427/2916*p1*q1^3*p2*q2^6 + 
         4658629/17496*p1*q1^3*p2^3*q2^4 + 424075/486*p1*q1^3*p2^5*q2^2 - 
         1456525/5832*p1*q1^3*p2^7 - 49639/729*p1*q1^5*p2*q2^4 + 7600987/29160
         *p1*q1^5*p2^3*q2^2 + 202445/5832*p1*q1^5*p2^5 - 1628821/20412*p1*q1^7
         *p2*q2^2 + 7527487/204120*p1*q1^7*p2^3 - 189821/40824*p1*q1^9*p2 - 
         1351309/104976*p1^2*q2^9 - 15881267/408240*p1^2*p2^2*q2^7 - 205/432*
         p1^2*p2^4*q2^5 + 1904875/34992*p1^2*p2^6*q2^3 + 89425/2916*p1^2*p2^8*
         q2 + 2492219/204120*p1^2*q1^2*q2^7 - 340627/6480*p1^2*q1^2*p2^2*q2^5
          - 70825/2916*p1^2*q1^2*p2^4*q2^3 + 1133125/1296*p1^2*q1^2*p2^6*q2 + 
         1787/1620*p1^2*q1^4*q2^5 - 4173043/11664*p1^2*q1^4*p2^2*q2^3 - 
         7695325/11664*p1^2*q1^4*p2^4*q2 + 2793721/87480*p1^2*q1^6*q2^3 - 
         2189929/58320*p1^2*q1^6*p2^2*q2 + 1648873/136080*p1^2*q1^8*q2 - 
         12445081/87480*p1^3*q1*p2*q2^6 - 1618075/2916*p1^3*q1*p2^3*q2^4 - 
         4594975/5832*p1^3*q1*p2^5*q2^2 - 2450/2187*p1^3*q1*p2^7 + 1838419/
         5832*p1^3*q1^3*p2*q2^4 + 2001100/2187*p1^3*q1^3*p2^3*q2^2 - 5484325/
         17496*p1^3*q1^3*p2^5 - 1265729/29160*p1^3*q1^5*p2*q2^2 + 2020345/8748
         *p1^3*q1^5*p2^3 - 11024687/612360*p1^3*q1^7*p2 + 70998829/2449440*
         p1^4*q2^7 + 2188885/11664*p1^4*p2^2*q2^5 + 5151125/23328*p1^4*p2^4*
         q2^3 + 2450/2187*p1^4*p2^6*q2 + 1067767/116640*p1^4*q1^2*q2^5 - 80575/
         243*p1^4*q1^2*p2^2*q2^3 + 8458625/23328*p1^4*q1^2*p2^4*q2 - 1352833/
         23328*p1^4*q1^4*q2^3 - 6248525/11664*p1^4*q1^4*p2^2*q2 + 17498903/
         349920*p1^4*q1^6*q2 + 344075/5832*p1^5*q1*p2*q2^4 - 64925/216*p1^5*q1
         *p2^3*q2^2 - 207025/1458*p1^5*q1*p2^5 + 68575/162*p1^5*q1^3*p2*q2^2
          + 3041675/17496*p1^5*q1^3*p2^3 + 33785/5832*p1^5*q1^5*p2 + 4459985/
         34992*p1^6*q2^5 + 10200575/34992*p1^6*p2^2*q2^3 + 207025/1458*p1^6*
         p2^4*q2 - 1944475/8748*p1^6*q1^2*q2^3 - 439775/1296*p1^6*q1^2*p2^2*q2
          + 294425/11664*p1^6*q1^4*q2 + 1316875/5832*p1^7*q1*p2*q2^2 + 19600/
         729*p1^7*q1*p2^3 + 131075/5832*p1^7*q1^3*p2 - 12503575/139968*p1^8*
         q2^3 - 19600/729*p1^8*p2^2*q2 - 648025/46656*p1^8*q1^2*q2 + 189875/
         26244*p1^9*q1*p2 - 189875/26244*p1^10*q2 )

       + alpha^8 * ( 59282603/881798400*q2^12 + 81139307/48988800*p2^2*q2^10
          + 33941723/19595520*p2^4*q2^8 - 987065/419904*p2^6*q2^6 - 2317945/
         559872*p2^8*q2^4 - 567959/279936*p2^10*q2^2 - 567959/1679616*p2^12 + 
         48040931/146966400*q1^2*q2^10 - 1086053/362880*q1^2*p2^2*q2^8 - 
         16942739/699840*q1^2*p2^4*q2^6 - 8026115/139968*q1^2*p2^6*q2^4 - 
         2622235/93312*q1^2*p2^8*q2^2 + 2337251/279936*q1^2*p2^10 - 1249739/
         3919104*q1^4*q2^8 + 4095169/699840*q1^4*p2^2*q2^6 - 67826317/279936*
         q1^4*p2^4*q2^4 - 12281005/15552*q1^4*p2^6*q2^2 + 27971405/186624*q1^4
         *p2^8 + 29302819/10497600*q1^6*q2^6 + 110550307/699840*q1^6*p2^2*q2^4
          - 55143139/77760*q1^6*p2^4*q2^2 + 12529547/139968*q1^6*p2^6 + 
         1150405/3919104*q1^8*q2^4 + 254413921/3265920*q1^8*p2^2*q2^2 - 
         233153351/6531840*q1^8*p2^4 + 29347777/48988800*q1^10*q2^2 + 3726503/
         6998400*q1^10*p2^2 + 1870543/41990400*q1^12 + 39121333/2449440*p1*q1*
         p2*q2^9 + 3427723/87480*p1*q1*p2^3*q2^7 - 592295/11664*p1*q1*p2^5*
         q2^5 - 2709455/17496*p1*q1*p2^7*q2^3 - 5745005/69984*p1*q1*p2^9*q2 - 
         105803/612360*p1*q1^3*p2*q2^7 + 19498283/87480*p1*q1^3*p2^3*q2^5 - 
         2521285/17496*p1*q1^3*p2^5*q2^3 - 1355095/648*p1*q1^3*p2^7*q2 + 
         1236197/97200*p1*q1^5*p2*q2^5 + 138996949/87480*p1*q1^5*p2^3*q2^3 - 
         10084831/11664*p1*q1^5*p2^5*q2 - 86090827/612360*p1*q1^7*p2*q2^3 + 
         16468007/29160*p1*q1^7*p2^3*q2 - 71662027/2449440*p1*q1^9*p2*q2 + 
         658647601/48988800*p1^2*q2^10 - 6458191/362880*p1^2*p2^2*q2^8 - 
         20960435/139968*p1^2*p2^4*q2^6 - 28450625/139968*p1^2*p2^6*q2^4 - 
         11424595/93312*p1^2*p2^8*q2^2 - 9152759/279936*p1^2*p2^10 - 101519279/
         3265920*p1^2*q1^2*q2^8 + 8595421/38880*p1^2*q1^2*p2^2*q2^6 + 9171775/
         5184*p1^2*q1^2*p2^4*q2^4 + 58945285/23328*p1^2*q1^2*p2^6*q2^2 - 
         59714585/93312*p1^2*q1^2*p2^8 - 665437/699840*p1^2*q1^4*q2^6 - 
         41559311/46656*p1^2*q1^4*p2^2*q2^4 + 16783075/15552*p1^2*q1^4*p2^4*
         q2^2 + 25742885/46656*p1^2*q1^4*p2^6 + 12175889/699840*p1^2*q1^6*q2^4
          - 133934033/116640*p1^2*q1^6*p2^2*q2^2 + 2910715/15552*p1^2*q1^6*
         p2^4 + 151243667/3265920*p1^2*q1^8*q2^2 - 301729399/3265920*p1^2*q1^8
         *p2^2 + 16745581/6998400*p1^2*q1^10 + 11413663/612360*p1^3*q1*p2*q2^7
          - 5284045/17496*p1^3*q1*p2^3*q2^5 + 1353625/17496*p1^3*q1*p2^5*q2^3
          + 19852595/17496*p1^3*q1*p2^7*q2 - 21790511/87480*p1^3*q1^3*p2*q2^5
          - 58773775/26244*p1^3*q1^3*p2^3*q2^3 - 55466285/17496*p1^3*q1^3*p2^5
         *q2 + 74714567/87480*p1^3*q1^5*p2*q2^3 + 11082875/17496*p1^3*q1^5*
         p2^3*q2 + 112075801/612360*p1^3*q1^7*p2*q2 - 456124451/2799360*p1^4*
         q2^8 - 90855125/139968*p1^4*p2^2*q2^6 - 286585075/279936*p1^4*p2^4*
         q2^4 - 99733375/139968*p1^4*p2^6*q2^2 - 20322995/559872*p1^4*p2^8 + 
         137927309/699840*p1^4*q1^2*q2^6 + 30108275/15552*p1^4*q1^2*p2^2*q2^4
          + 51750125/15552*p1^4*q1^2*p2^4*q2^2 - 39596165/139968*p1^4*q1^2*
         p2^6 - 44392573/279936*p1^4*q1^4*q2^4 - 54635425/46656*p1^4*q1^4*p2^2
         *q2^2 + 265350925/279936*p1^4*q1^4*p2^4 - 59525819/699840*p1^4*q1^6*
         q2^2 - 44759795/139968*p1^4*q1^6*p2^2 + 20220443/19595520*p1^4*q1^8
          - 3975557/3888*p1^5*q1*p2*q2^5 - 34793185/17496*p1^5*q1*p2^3*q2^3 - 
         21805/11664*p1^5*q1*p2^5*q2 + 8320115/17496*p1^5*q1^3*p2*q2^3 - 
         24219475/17496*p1^5*q1^3*p2^3*q2 + 941905/1296*p1^5*q1^5*p2*q2 + 
         22226161/419904*p1^6*q2^6 + 3232285/46656*p1^6*p2^2*q2^4 - 39596165/
         139968*p1^6*p2^4*q2^2 - 39726995/419904*p1^6*p2^6 + 45870355/139968*
         p1^6*q1^2*q2^4 + 2885365/2592*p1^6*q1^2*p2^2*q2^2 + 73138625/139968*
         p1^6*q1^2*p2^4 - 57694115/139968*p1^6*q1^4*q2^2 - 35457625/139968*
         p1^6*q1^4*p2^2 - 9828545/419904*p1^6*q1^6 - 2812355/5832*p1^7*q1*p2*
         q2^3 - 12369805/17496*p1^7*q1*p2^3*q2 + 10025645/17496*p1^7*q1^3*p2*
         q2 + 21599935/62208*p1^8*q2^4 + 13624205/31104*p1^8*p2^2*q2^2 + 
         23659405/559872*p1^8*p2^4 - 28435435/93312*p1^8*q1^2*q2^2 - 1665265/
         31104*p1^8*q1^2*p2^2 - 21035945/559872*p1^8*q1^4 + 27139385/209952*
         p1^9*q1*p2*q2 - 52415447/839808*p1^10*q2^2 + 1863323/839808*p1^10*
         p2^2 - 16364677/839808*p1^10*q1^2 - 16364677/5038848*p1^12 )

       + 1/12*q2^4 + 1/6*p2^2*q2^2 + 1/12*p2^4 + 1/6*q1^2*q2^2 + 1/2*q1^2*p2^2
          + 1/12*q1^4 - 2/3*p1*q1*p2*q2 + 1/2*p1^2*q2^2 + 1/6*p1^2*p2^2 + 1/6*
         p1^2*q1^2 + 1/12*p1^4;

  8.47 sec out of 11.91 sec
